[0.198s] Invoking command in '/home/bgb_6342/manipulator_ws/build/moveit_config': AMENT_PREFIX_PATH=/home/bgb_6342/manipulator_ws/install/manipulator:${AMENT_PREFIX_PATH} CMAKE_PREFIX_PATH=/home/bgb_6342/manipulator_ws/install/manipulator:/opt/ros/humble /usr/bin/cmake --build /home/bgb_6342/manipulator_ws/build/moveit_config -- -j4 -l4
[0.312s] Invoked command in '/home/bgb_6342/manipulator_ws/build/moveit_config' returned '0': AMENT_PREFIX_PATH=/home/bgb_6342/manipulator_ws/install/manipulator:${AMENT_PREFIX_PATH} CMAKE_PREFIX_PATH=/home/bgb_6342/manipulator_ws/install/manipulator:/opt/ros/humble /usr/bin/cmake --build /home/bgb_6342/manipulator_ws/build/moveit_config -- -j4 -l4
[0.318s] Invoking command in '/home/bgb_6342/manipulator_ws/build/moveit_config': AMENT_PREFIX_PATH=/home/bgb_6342/manipulator_ws/install/manipulator:${AMENT_PREFIX_PATH} CMAKE_PREFIX_PATH=/home/bgb_6342/manipulator_ws/install/manipulator:/opt/ros/humble /usr/bin/cmake --install /home/bgb_6342/manipulator_ws/build/moveit_config
[0.337s] -- Install configuration: ""
[0.339s] -- Execute custom install script
[0.340s] -- Up-to-date symlink: /home/bgb_6342/manipulator_ws/install/moveit_config/share/ament_index/resource_index/package_run_dependencies/moveit_config
[0.340s] -- Up-to-date symlink: /home/bgb_6342/manipulator_ws/install/moveit_config/share/ament_index/resource_index/parent_prefix_path/moveit_config
[0.340s] -- Up-to-date symlink: /home/bgb_6342/manipulator_ws/install/moveit_config/share/moveit_config/environment/ament_prefix_path.sh
[0.341s] -- Up-to-date symlink: /home/bgb_6342/manipulator_ws/install/moveit_config/share/moveit_config/environment/ament_prefix_path.dsv
[0.341s] -- Up-to-date symlink: /home/bgb_6342/manipulator_ws/install/moveit_config/share/moveit_config/environment/path.sh
[0.341s] -- Up-to-date symlink: /home/bgb_6342/manipulator_ws/install/moveit_config/share/moveit_config/environment/path.dsv
[0.341s] -- Up-to-date symlink: /home/bgb_6342/manipulator_ws/install/moveit_config/share/moveit_config/local_setup.bash
[0.341s] -- Up-to-date symlink: /home/bgb_6342/manipulator_ws/install/moveit_config/share/moveit_config/local_setup.sh
[0.341s] -- Up-to-date symlink: /home/bgb_6342/manipulator_ws/install/moveit_config/share/moveit_config/local_setup.zsh
[0.341s] -- Up-to-date symlink: /home/bgb_6342/manipulator_ws/install/moveit_config/share/moveit_config/local_setup.dsv
[0.341s] -- Symlinking: /home/bgb_6342/manipulator_ws/install/moveit_config/share/moveit_config/package.dsv
[0.356s] -- Up-to-date symlink: /home/bgb_6342/manipulator_ws/install/moveit_config/share/ament_index/resource_index/packages/moveit_config
[0.356s] -- Up-to-date symlink: /home/bgb_6342/manipulator_ws/install/moveit_config/share/moveit_config/cmake/moveit_configConfig.cmake
[0.356s] -- Up-to-date symlink: /home/bgb_6342/manipulator_ws/install/moveit_config/share/moveit_config/cmake/moveit_configConfig-version.cmake
[0.356s] -- Up-to-date symlink: /home/bgb_6342/manipulator_ws/install/moveit_config/share/moveit_config/package.xml
[0.357s] -- Up-to-date symlink: /home/bgb_6342/manipulator_ws/install/moveit_config/share/moveit_config/launch/demo.launch.py
[0.357s] -- Up-to-date symlink: /home/bgb_6342/manipulator_ws/install/moveit_config/share/moveit_config/launch/move_group.launch.py
[0.358s] -- Up-to-date symlink: /home/bgb_6342/manipulator_ws/install/moveit_config/share/moveit_config/launch/moveit_rviz.launch.py
[0.358s] -- Up-to-date symlink: /home/bgb_6342/manipulator_ws/install/moveit_config/share/moveit_config/launch/rsp.launch.py
[0.361s] -- Up-to-date symlink: /home/bgb_6342/manipulator_ws/install/moveit_config/share/moveit_config/launch/setup_assistant.launch.py
[0.361s] -- Up-to-date symlink: /home/bgb_6342/manipulator_ws/install/moveit_config/share/moveit_config/launch/spawn_controllers.launch.py
[0.361s] -- Up-to-date symlink: /home/bgb_6342/manipulator_ws/install/moveit_config/share/moveit_config/launch/static_virtual_joint_tfs.launch.py
[0.361s] -- Up-to-date symlink: /home/bgb_6342/manipulator_ws/install/moveit_config/share/moveit_config/launch/warehouse_db.launch.py
[0.361s] -- Up-to-date symlink: /home/bgb_6342/manipulator_ws/install/moveit_config/share/moveit_config/config/chomp_planning.yaml
[0.361s] -- Up-to-date symlink: /home/bgb_6342/manipulator_ws/install/moveit_config/share/moveit_config/config/five_dof_robot_manipulator.ros2_control.xacro
[0.361s] -- Up-to-date symlink: /home/bgb_6342/manipulator_ws/install/moveit_config/share/moveit_config/config/five_dof_robot_manipulator.srdf
[0.361s] -- Up-to-date symlink: /home/bgb_6342/manipulator_ws/install/moveit_config/share/moveit_config/config/five_dof_robot_manipulator.urdf.xacro
[0.361s] -- Up-to-date symlink: /home/bgb_6342/manipulator_ws/install/moveit_config/share/moveit_config/config/initial_positions.yaml
[0.361s] -- Up-to-date symlink: /home/bgb_6342/manipulator_ws/install/moveit_config/share/moveit_config/config/joint_limits.yaml
[0.362s] -- Up-to-date symlink: /home/bgb_6342/manipulator_ws/install/moveit_config/share/moveit_config/config/kinematics.yaml
[0.362s] -- Up-to-date symlink: /home/bgb_6342/manipulator_ws/install/moveit_config/share/moveit_config/config/moveit.rviz
[0.362s] -- Up-to-date symlink: /home/bgb_6342/manipulator_ws/install/moveit_config/share/moveit_config/config/moveit_controllers.yaml
[0.362s] -- Up-to-date symlink: /home/bgb_6342/manipulator_ws/install/moveit_config/share/moveit_config/config/ompl_planning.yaml
[0.362s] -- Up-to-date symlink: /home/bgb_6342/manipulator_ws/install/moveit_config/share/moveit_config/config/pilz_cartesian_limits.yaml
[0.362s] -- Up-to-date symlink: /home/bgb_6342/manipulator_ws/install/moveit_config/share/moveit_config/config/ros2_controllers.yaml
[0.362s] -- Up-to-date symlink: /home/bgb_6342/manipulator_ws/install/moveit_config/share/moveit_config/.setup_assistant
[0.366s] Invoked command in '/home/bgb_6342/manipulator_ws/build/moveit_config' returned '0': AMENT_PREFIX_PATH=/home/bgb_6342/manipulator_ws/install/manipulator:${AMENT_PREFIX_PATH} CMAKE_PREFIX_PATH=/home/bgb_6342/manipulator_ws/install/manipulator:/opt/ros/humble /usr/bin/cmake --install /home/bgb_6342/manipulator_ws/build/moveit_config
