[1.140s] Invoking command in '/home/bgb_6342/manipulator_ws/build/stm32_interface_pkg': PYTHONPATH=/home/bgb_6342/manipulator_ws/build/stm32_interface_pkg/prefix_override:/usr/lib/python3/dist-packages/colcon_core/task/python/colcon_distutils_commands:/home/bgb_6342/manipulator_ws/install/stm32_interface_pkg/lib/python3.10/site-packages:${PYTHONPATH} /usr/bin/python3 -W ignore:setup.py install is deprecated -W ignore:easy_install command is deprecated setup.py develop --uninstall --editable --build-directory /home/bgb_6342/manipulator_ws/build/stm32_interface_pkg/build
[1.653s] running develop
[1.960s] Removing /home/bgb_6342/manipulator_ws/install/stm32_interface_pkg/lib/python3.10/site-packages/stm32-interface-pkg.egg-link (link to .)
[2.014s] Invoked command in '/home/bgb_6342/manipulator_ws/build/stm32_interface_pkg' returned '0': PYTHONPATH=/home/bgb_6342/manipulator_ws/build/stm32_interface_pkg/prefix_override:/usr/lib/python3/dist-packages/colcon_core/task/python/colcon_distutils_commands:/home/bgb_6342/manipulator_ws/install/stm32_interface_pkg/lib/python3.10/site-packages:${PYTHONPATH} /usr/bin/python3 -W ignore:setup.py install is deprecated -W ignore:easy_install command is deprecated setup.py develop --uninstall --editable --build-directory /home/bgb_6342/manipulator_ws/build/stm32_interface_pkg/build
[2.024s] Invoking command in '/home/bgb_6342/manipulator_ws/src/stm32_interface_pkg': PYTHONPATH=/home/bgb_6342/manipulator_ws/build/stm32_interface_pkg/prefix_override:/usr/lib/python3/dist-packages/colcon_core/task/python/colcon_distutils_commands:/home/bgb_6342/manipulator_ws/install/stm32_interface_pkg/lib/python3.10/site-packages:${PYTHONPATH} /usr/bin/python3 -W ignore:setup.py install is deprecated -W ignore:easy_install command is deprecated setup.py egg_info --egg-base ../../build/stm32_interface_pkg build --build-base /home/bgb_6342/manipulator_ws/build/stm32_interface_pkg/build install --record /home/bgb_6342/manipulator_ws/build/stm32_interface_pkg/install.log --single-version-externally-managed install_data --force
[2.437s] running egg_info
[2.438s] writing ../../build/stm32_interface_pkg/stm32_interface_pkg.egg-info/PKG-INFO
[2.438s] writing dependency_links to ../../build/stm32_interface_pkg/stm32_interface_pkg.egg-info/dependency_links.txt
[2.438s] writing entry points to ../../build/stm32_interface_pkg/stm32_interface_pkg.egg-info/entry_points.txt
[2.438s] writing requirements to ../../build/stm32_interface_pkg/stm32_interface_pkg.egg-info/requires.txt
[2.439s] writing top-level names to ../../build/stm32_interface_pkg/stm32_interface_pkg.egg-info/top_level.txt
[2.441s] reading manifest file '../../build/stm32_interface_pkg/stm32_interface_pkg.egg-info/SOURCES.txt'
[2.444s] writing manifest file '../../build/stm32_interface_pkg/stm32_interface_pkg.egg-info/SOURCES.txt'
[2.444s] running build
[2.444s] running build_py
[2.444s] running install
[2.445s] running install_lib
[2.446s] creating /home/bgb_6342/manipulator_ws/install/stm32_interface_pkg/lib/python3.10/site-packages/stm32_interface_pkg
[2.446s] copying /home/bgb_6342/manipulator_ws/build/stm32_interface_pkg/build/lib/stm32_interface_pkg/__init__.py -> /home/bgb_6342/manipulator_ws/install/stm32_interface_pkg/lib/python3.10/site-packages/stm32_interface_pkg
[2.446s] copying /home/bgb_6342/manipulator_ws/build/stm32_interface_pkg/build/lib/stm32_interface_pkg/stm32_uart_node.py -> /home/bgb_6342/manipulator_ws/install/stm32_interface_pkg/lib/python3.10/site-packages/stm32_interface_pkg
[2.447s] byte-compiling /home/bgb_6342/manipulator_ws/install/stm32_interface_pkg/lib/python3.10/site-packages/stm32_interface_pkg/__init__.py to __init__.cpython-310.pyc
[2.448s] byte-compiling /home/bgb_6342/manipulator_ws/install/stm32_interface_pkg/lib/python3.10/site-packages/stm32_interface_pkg/stm32_uart_node.py to stm32_uart_node.cpython-310.pyc
[2.451s] running install_data
[2.451s] copying resource/stm32_interface_pkg -> /home/bgb_6342/manipulator_ws/install/stm32_interface_pkg/share/ament_index/resource_index/packages
[2.453s] copying package.xml -> /home/bgb_6342/manipulator_ws/install/stm32_interface_pkg/share/stm32_interface_pkg
[2.453s] copying launch/uart.launch.py -> /home/bgb_6342/manipulator_ws/install/stm32_interface_pkg/share/stm32_interface_pkg/launch
[2.453s] running install_egg_info
[2.457s] Copying ../../build/stm32_interface_pkg/stm32_interface_pkg.egg-info to /home/bgb_6342/manipulator_ws/install/stm32_interface_pkg/lib/python3.10/site-packages/stm32_interface_pkg-0.0.0-py3.10.egg-info
[2.460s] running install_scripts
[2.491s] Installing stm32_uart_node script to /home/bgb_6342/manipulator_ws/install/stm32_interface_pkg/lib/stm32_interface_pkg
[2.492s] writing list of installed files to '/home/bgb_6342/manipulator_ws/build/stm32_interface_pkg/install.log'
[2.532s] Invoked command in '/home/bgb_6342/manipulator_ws/src/stm32_interface_pkg' returned '0': PYTHONPATH=/home/bgb_6342/manipulator_ws/build/stm32_interface_pkg/prefix_override:/usr/lib/python3/dist-packages/colcon_core/task/python/colcon_distutils_commands:/home/bgb_6342/manipulator_ws/install/stm32_interface_pkg/lib/python3.10/site-packages:${PYTHONPATH} /usr/bin/python3 -W ignore:setup.py install is deprecated -W ignore:easy_install command is deprecated setup.py egg_info --egg-base ../../build/stm32_interface_pkg build --build-base /home/bgb_6342/manipulator_ws/build/stm32_interface_pkg/build install --record /home/bgb_6342/manipulator_ws/build/stm32_interface_pkg/install.log --single-version-externally-managed install_data --force
