[0.239s] DEBUG:colcon:Command line arguments: ['/usr/bin/colcon', 'build']
[0.239s] DEBUG:colcon:Parsed command line arguments: Namespace(log_base=None, log_level=None, verb_name='build', build_base='build', install_base='install', merge_install=False, symlink_install=False, test_result_base=None, continue_on_error=False, executor='parallel', parallel_workers=4, event_handlers=None, ignore_user_meta=False, metas=['./colcon.meta'], base_paths=['.'], packages_ignore=None, packages_ignore_regex=None, paths=None, packages_up_to=None, packages_up_to_regex=None, packages_above=None, packages_above_and_dependencies=None, packages_above_depth=None, packages_select_by_dep=None, packages_skip_by_dep=None, packages_skip_up_to=None, packages_select_build_failed=False, packages_skip_build_finished=False, packages_select_test_failures=False, packages_skip_test_passed=False, packages_select=None, packages_skip=None, packages_select_regex=None, packages_skip_regex=None, packages_start=None, packages_end=None, allow_overriding=[], cmake_args=None, cmake_target=None, cmake_target_skip_unavailable=False, cmake_clean_cache=False, cmake_clean_first=False, cmake_force_configure=False, ament_cmake_args=None, catkin_cmake_args=None, catkin_skip_building_tests=False, mixin_files=None, mixin=None, verb_parser=<colcon_mixin.mixin.mixin_argument.MixinArgumentDecorator object at 0x743698d53820>, verb_extension=<colcon_core.verb.build.BuildVerb object at 0x743698d532e0>, main=<bound method BuildVerb.main of <colcon_core.verb.build.BuildVerb object at 0x743698d532e0>>, mixin_verb=('build',))
[0.500s] Level 1:colcon.colcon_core.package_discovery:discover_packages(colcon_meta) check parameters
[0.501s] Level 1:colcon.colcon_core.package_discovery:discover_packages(recursive) check parameters
[0.501s] Level 1:colcon.colcon_core.package_discovery:discover_packages(ignore) check parameters
[0.501s] Level 1:colcon.colcon_core.package_discovery:discover_packages(path) check parameters
[0.501s] Level 1:colcon.colcon_core.package_discovery:discover_packages(colcon_meta) discover
[0.501s] Level 1:colcon.colcon_core.package_discovery:discover_packages(recursive) discover
[0.501s] INFO:colcon.colcon_core.package_discovery:Crawling recursively for packages in '/home/bgb_6342/manipulator_ws'
[0.502s] Level 1:colcon.colcon_core.package_identification:_identify(.) by extensions ['ignore', 'ignore_ament_install']
[0.502s] Level 1:colcon.colcon_core.package_identification:_identify(.) by extension 'ignore'
[0.502s] Level 1:colcon.colcon_core.package_identification:_identify(.) by extension 'ignore_ament_install'
[0.502s] Level 1:colcon.colcon_core.package_identification:_identify(.) by extensions ['colcon_pkg']
[0.502s] Level 1:colcon.colcon_core.package_identification:_identify(.) by extension 'colcon_pkg'
[0.502s] Level 1:colcon.colcon_core.package_identification:_identify(.) by extensions ['colcon_meta']
[0.502s] Level 1:colcon.colcon_core.package_identification:_identify(.) by extension 'colcon_meta'
[0.502s] Level 1:colcon.colcon_core.package_identification:_identify(.) by extensions ['ros']
[0.502s] Level 1:colcon.colcon_core.package_identification:_identify(.) by extension 'ros'
[0.518s] Level 1:colcon.colcon_core.package_identification:_identify(.) by extensions ['cmake', 'python']
[0.518s] Level 1:colcon.colcon_core.package_identification:_identify(.) by extension 'cmake'
[0.518s] Level 1:colcon.colcon_core.package_identification:_identify(.) by extension 'python'
[0.518s] Level 1:colcon.colcon_core.package_identification:_identify(.) by extensions ['python_setup_py']
[0.518s] Level 1:colcon.colcon_core.package_identification:_identify(.) by extension 'python_setup_py'
[0.518s] Level 1:colcon.colcon_core.package_identification:_identify(Robotic_Arm_Arduino) by extensions ['ignore', 'ignore_ament_install']
[0.519s] Level 1:colcon.colcon_core.package_identification:_identify(Robotic_Arm_Arduino) by extension 'ignore'
[0.519s] Level 1:colcon.colcon_core.package_identification:_identify(Robotic_Arm_Arduino) by extension 'ignore_ament_install'
[0.519s] Level 1:colcon.colcon_core.package_identification:_identify(Robotic_Arm_Arduino) by extensions ['colcon_pkg']
[0.519s] Level 1:colcon.colcon_core.package_identification:_identify(Robotic_Arm_Arduino) by extension 'colcon_pkg'
[0.519s] Level 1:colcon.colcon_core.package_identification:_identify(Robotic_Arm_Arduino) by extensions ['colcon_meta']
[0.519s] Level 1:colcon.colcon_core.package_identification:_identify(Robotic_Arm_Arduino) by extension 'colcon_meta'
[0.519s] Level 1:colcon.colcon_core.package_identification:_identify(Robotic_Arm_Arduino) by extensions ['ros']
[0.519s] Level 1:colcon.colcon_core.package_identification:_identify(Robotic_Arm_Arduino) by extension 'ros'
[0.519s] Level 1:colcon.colcon_core.package_identification:_identify(Robotic_Arm_Arduino) by extensions ['cmake', 'python']
[0.519s] Level 1:colcon.colcon_core.package_identification:_identify(Robotic_Arm_Arduino) by extension 'cmake'
[0.519s] Level 1:colcon.colcon_core.package_identification:_identify(Robotic_Arm_Arduino) by extension 'python'
[0.519s] Level 1:colcon.colcon_core.package_identification:_identify(Robotic_Arm_Arduino) by extensions ['python_setup_py']
[0.519s] Level 1:colcon.colcon_core.package_identification:_identify(Robotic_Arm_Arduino) by extension 'python_setup_py'
[0.519s] Level 1:colcon.colcon_core.package_identification:_identify(Robotic_Arm_Arduino/Joint_Level_Module) by extensions ['ignore', 'ignore_ament_install']
[0.520s] Level 1:colcon.colcon_core.package_identification:_identify(Robotic_Arm_Arduino/Joint_Level_Module) by extension 'ignore'
[0.520s] Level 1:colcon.colcon_core.package_identification:_identify(Robotic_Arm_Arduino/Joint_Level_Module) by extension 'ignore_ament_install'
[0.520s] Level 1:colcon.colcon_core.package_identification:_identify(Robotic_Arm_Arduino/Joint_Level_Module) by extensions ['colcon_pkg']
[0.520s] Level 1:colcon.colcon_core.package_identification:_identify(Robotic_Arm_Arduino/Joint_Level_Module) by extension 'colcon_pkg'
[0.520s] Level 1:colcon.colcon_core.package_identification:_identify(Robotic_Arm_Arduino/Joint_Level_Module) by extensions ['colcon_meta']
[0.520s] Level 1:colcon.colcon_core.package_identification:_identify(Robotic_Arm_Arduino/Joint_Level_Module) by extension 'colcon_meta'
[0.521s] Level 1:colcon.colcon_core.package_identification:_identify(Robotic_Arm_Arduino/Joint_Level_Module) by extensions ['ros']
[0.521s] Level 1:colcon.colcon_core.package_identification:_identify(Robotic_Arm_Arduino/Joint_Level_Module) by extension 'ros'
[0.522s] Level 1:colcon.colcon_core.package_identification:_identify(Robotic_Arm_Arduino/Joint_Level_Module) by extensions ['cmake', 'python']
[0.522s] Level 1:colcon.colcon_core.package_identification:_identify(Robotic_Arm_Arduino/Joint_Level_Module) by extension 'cmake'
[0.522s] Level 1:colcon.colcon_core.package_identification:_identify(Robotic_Arm_Arduino/Joint_Level_Module) by extension 'python'
[0.523s] Level 1:colcon.colcon_core.package_identification:_identify(Robotic_Arm_Arduino/Joint_Level_Module) by extensions ['python_setup_py']
[0.523s] Level 1:colcon.colcon_core.package_identification:_identify(Robotic_Arm_Arduino/Joint_Level_Module) by extension 'python_setup_py'
[0.523s] Level 1:colcon.colcon_core.package_identification:_identify(Robotic_Arm_Arduino/Joint_Level_Test_Master) by extensions ['ignore', 'ignore_ament_install']
[0.523s] Level 1:colcon.colcon_core.package_identification:_identify(Robotic_Arm_Arduino/Joint_Level_Test_Master) by extension 'ignore'
[0.524s] Level 1:colcon.colcon_core.package_identification:_identify(Robotic_Arm_Arduino/Joint_Level_Test_Master) by extension 'ignore_ament_install'
[0.524s] Level 1:colcon.colcon_core.package_identification:_identify(Robotic_Arm_Arduino/Joint_Level_Test_Master) by extensions ['colcon_pkg']
[0.524s] Level 1:colcon.colcon_core.package_identification:_identify(Robotic_Arm_Arduino/Joint_Level_Test_Master) by extension 'colcon_pkg'
[0.524s] Level 1:colcon.colcon_core.package_identification:_identify(Robotic_Arm_Arduino/Joint_Level_Test_Master) by extensions ['colcon_meta']
[0.524s] Level 1:colcon.colcon_core.package_identification:_identify(Robotic_Arm_Arduino/Joint_Level_Test_Master) by extension 'colcon_meta'
[0.524s] Level 1:colcon.colcon_core.package_identification:_identify(Robotic_Arm_Arduino/Joint_Level_Test_Master) by extensions ['ros']
[0.524s] Level 1:colcon.colcon_core.package_identification:_identify(Robotic_Arm_Arduino/Joint_Level_Test_Master) by extension 'ros'
[0.524s] Level 1:colcon.colcon_core.package_identification:_identify(Robotic_Arm_Arduino/Joint_Level_Test_Master) by extensions ['cmake', 'python']
[0.525s] Level 1:colcon.colcon_core.package_identification:_identify(Robotic_Arm_Arduino/Joint_Level_Test_Master) by extension 'cmake'
[0.525s] Level 1:colcon.colcon_core.package_identification:_identify(Robotic_Arm_Arduino/Joint_Level_Test_Master) by extension 'python'
[0.525s] Level 1:colcon.colcon_core.package_identification:_identify(Robotic_Arm_Arduino/Joint_Level_Test_Master) by extensions ['python_setup_py']
[0.525s] Level 1:colcon.colcon_core.package_identification:_identify(Robotic_Arm_Arduino/Joint_Level_Test_Master) by extension 'python_setup_py'
[0.525s] Level 1:colcon.colcon_core.package_identification:_identify(STM32) by extensions ['ignore', 'ignore_ament_install']
[0.525s] Level 1:colcon.colcon_core.package_identification:_identify(STM32) by extension 'ignore'
[0.525s] Level 1:colcon.colcon_core.package_identification:_identify(STM32) by extension 'ignore_ament_install'
[0.525s] Level 1:colcon.colcon_core.package_identification:_identify(STM32) by extensions ['colcon_pkg']
[0.525s] Level 1:colcon.colcon_core.package_identification:_identify(STM32) by extension 'colcon_pkg'
[0.526s] Level 1:colcon.colcon_core.package_identification:_identify(STM32) by extensions ['colcon_meta']
[0.526s] Level 1:colcon.colcon_core.package_identification:_identify(STM32) by extension 'colcon_meta'
[0.526s] Level 1:colcon.colcon_core.package_identification:_identify(STM32) by extensions ['ros']
[0.526s] Level 1:colcon.colcon_core.package_identification:_identify(STM32) by extension 'ros'
[0.526s] Level 1:colcon.colcon_core.package_identification:_identify(STM32) by extensions ['cmake', 'python']
[0.526s] Level 1:colcon.colcon_core.package_identification:_identify(STM32) by extension 'cmake'
[0.526s] Level 1:colcon.colcon_core.package_identification:_identify(STM32) by extension 'python'
[0.526s] Level 1:colcon.colcon_core.package_identification:_identify(STM32) by extensions ['python_setup_py']
[0.526s] Level 1:colcon.colcon_core.package_identification:_identify(STM32) by extension 'python_setup_py'
[0.526s] Level 1:colcon.colcon_core.package_identification:_identify(Teensy 4.1) by extensions ['ignore', 'ignore_ament_install']
[0.526s] Level 1:colcon.colcon_core.package_identification:_identify(Teensy 4.1) by extension 'ignore'
[0.526s] Level 1:colcon.colcon_core.package_identification:_identify(Teensy 4.1) by extension 'ignore_ament_install'
[0.526s] Level 1:colcon.colcon_core.package_identification:_identify(Teensy 4.1) by extensions ['colcon_pkg']
[0.527s] Level 1:colcon.colcon_core.package_identification:_identify(Teensy 4.1) by extension 'colcon_pkg'
[0.527s] Level 1:colcon.colcon_core.package_identification:_identify(Teensy 4.1) by extensions ['colcon_meta']
[0.527s] Level 1:colcon.colcon_core.package_identification:_identify(Teensy 4.1) by extension 'colcon_meta'
[0.527s] Level 1:colcon.colcon_core.package_identification:_identify(Teensy 4.1) by extensions ['ros']
[0.527s] Level 1:colcon.colcon_core.package_identification:_identify(Teensy 4.1) by extension 'ros'
[0.527s] Level 1:colcon.colcon_core.package_identification:_identify(Teensy 4.1) by extensions ['cmake', 'python']
[0.527s] Level 1:colcon.colcon_core.package_identification:_identify(Teensy 4.1) by extension 'cmake'
[0.527s] Level 1:colcon.colcon_core.package_identification:_identify(Teensy 4.1) by extension 'python'
[0.527s] Level 1:colcon.colcon_core.package_identification:_identify(Teensy 4.1) by extensions ['python_setup_py']
[0.527s] Level 1:colcon.colcon_core.package_identification:_identify(Teensy 4.1) by extension 'python_setup_py'
[0.527s] Level 1:colcon.colcon_core.package_identification:_identify(Teensy 4.1/Teensy_Controller) by extensions ['ignore', 'ignore_ament_install']
[0.527s] Level 1:colcon.colcon_core.package_identification:_identify(Teensy 4.1/Teensy_Controller) by extension 'ignore'
[0.527s] Level 1:colcon.colcon_core.package_identification:_identify(Teensy 4.1/Teensy_Controller) by extension 'ignore_ament_install'
[0.527s] Level 1:colcon.colcon_core.package_identification:_identify(Teensy 4.1/Teensy_Controller) by extensions ['colcon_pkg']
[0.527s] Level 1:colcon.colcon_core.package_identification:_identify(Teensy 4.1/Teensy_Controller) by extension 'colcon_pkg'
[0.528s] Level 1:colcon.colcon_core.package_identification:_identify(Teensy 4.1/Teensy_Controller) by extensions ['colcon_meta']
[0.528s] Level 1:colcon.colcon_core.package_identification:_identify(Teensy 4.1/Teensy_Controller) by extension 'colcon_meta'
[0.528s] Level 1:colcon.colcon_core.package_identification:_identify(Teensy 4.1/Teensy_Controller) by extensions ['ros']
[0.528s] Level 1:colcon.colcon_core.package_identification:_identify(Teensy 4.1/Teensy_Controller) by extension 'ros'
[0.528s] Level 1:colcon.colcon_core.package_identification:_identify(Teensy 4.1/Teensy_Controller) by extensions ['cmake', 'python']
[0.528s] Level 1:colcon.colcon_core.package_identification:_identify(Teensy 4.1/Teensy_Controller) by extension 'cmake'
[0.528s] Level 1:colcon.colcon_core.package_identification:_identify(Teensy 4.1/Teensy_Controller) by extension 'python'
[0.528s] Level 1:colcon.colcon_core.package_identification:_identify(Teensy 4.1/Teensy_Controller) by extensions ['python_setup_py']
[0.528s] Level 1:colcon.colcon_core.package_identification:_identify(Teensy 4.1/Teensy_Controller) by extension 'python_setup_py'
[0.528s] Level 1:colcon.colcon_core.package_identification:_identify(build) by extensions ['ignore', 'ignore_ament_install']
[0.528s] Level 1:colcon.colcon_core.package_identification:_identify(build) by extension 'ignore'
[0.528s] Level 1:colcon.colcon_core.package_identification:_identify(build) ignored
[0.528s] Level 1:colcon.colcon_core.package_identification:_identify(install) by extensions ['ignore', 'ignore_ament_install']
[0.529s] Level 1:colcon.colcon_core.package_identification:_identify(install) by extension 'ignore'
[0.529s] Level 1:colcon.colcon_core.package_identification:_identify(install) ignored
[0.529s] Level 1:colcon.colcon_core.package_identification:_identify(log) by extensions ['ignore', 'ignore_ament_install']
[0.529s] Level 1:colcon.colcon_core.package_identification:_identify(log) by extension 'ignore'
[0.529s] Level 1:colcon.colcon_core.package_identification:_identify(log) ignored
[0.529s] Level 1:colcon.colcon_core.package_identification:_identify(src) by extensions ['ignore', 'ignore_ament_install']
[0.529s] Level 1:colcon.colcon_core.package_identification:_identify(src) by extension 'ignore'
[0.529s] Level 1:colcon.colcon_core.package_identification:_identify(src) by extension 'ignore_ament_install'
[0.530s] Level 1:colcon.colcon_core.package_identification:_identify(src) by extensions ['colcon_pkg']
[0.530s] Level 1:colcon.colcon_core.package_identification:_identify(src) by extension 'colcon_pkg'
[0.530s] Level 1:colcon.colcon_core.package_identification:_identify(src) by extensions ['colcon_meta']
[0.530s] Level 1:colcon.colcon_core.package_identification:_identify(src) by extension 'colcon_meta'
[0.530s] Level 1:colcon.colcon_core.package_identification:_identify(src) by extensions ['ros']
[0.530s] Level 1:colcon.colcon_core.package_identification:_identify(src) by extension 'ros'
[0.530s] Level 1:colcon.colcon_core.package_identification:_identify(src) by extensions ['cmake', 'python']
[0.530s] Level 1:colcon.colcon_core.package_identification:_identify(src) by extension 'cmake'
[0.530s] Level 1:colcon.colcon_core.package_identification:_identify(src) by extension 'python'
[0.530s] Level 1:colcon.colcon_core.package_identification:_identify(src) by extensions ['python_setup_py']
[0.530s] Level 1:colcon.colcon_core.package_identification:_identify(src) by extension 'python_setup_py'
[0.530s] Level 1:colcon.colcon_core.package_identification:_identify(src/manipulator) by extensions ['ignore', 'ignore_ament_install']
[0.530s] Level 1:colcon.colcon_core.package_identification:_identify(src/manipulator) by extension 'ignore'
[0.530s] Level 1:colcon.colcon_core.package_identification:_identify(src/manipulator) by extension 'ignore_ament_install'
[0.530s] Level 1:colcon.colcon_core.package_identification:_identify(src/manipulator) by extensions ['colcon_pkg']
[0.531s] Level 1:colcon.colcon_core.package_identification:_identify(src/manipulator) by extension 'colcon_pkg'
[0.531s] Level 1:colcon.colcon_core.package_identification:_identify(src/manipulator) by extensions ['colcon_meta']
[0.531s] Level 1:colcon.colcon_core.package_identification:_identify(src/manipulator) by extension 'colcon_meta'
[0.531s] Level 1:colcon.colcon_core.package_identification:_identify(src/manipulator) by extensions ['ros']
[0.531s] Level 1:colcon.colcon_core.package_identification:_identify(src/manipulator) by extension 'ros'
[0.534s] DEBUG:colcon.colcon_core.package_identification:Package 'src/manipulator' with type 'ros.ament_cmake' and name 'manipulator'
[0.534s] Level 1:colcon.colcon_core.package_identification:_identify(src/manipulator_hardware) by extensions ['ignore', 'ignore_ament_install']
[0.534s] Level 1:colcon.colcon_core.package_identification:_identify(src/manipulator_hardware) by extension 'ignore'
[0.534s] Level 1:colcon.colcon_core.package_identification:_identify(src/manipulator_hardware) by extension 'ignore_ament_install'
[0.535s] Level 1:colcon.colcon_core.package_identification:_identify(src/manipulator_hardware) by extensions ['colcon_pkg']
[0.535s] Level 1:colcon.colcon_core.package_identification:_identify(src/manipulator_hardware) by extension 'colcon_pkg'
[0.535s] Level 1:colcon.colcon_core.package_identification:_identify(src/manipulator_hardware) by extensions ['colcon_meta']
[0.535s] Level 1:colcon.colcon_core.package_identification:_identify(src/manipulator_hardware) by extension 'colcon_meta'
[0.535s] Level 1:colcon.colcon_core.package_identification:_identify(src/manipulator_hardware) by extensions ['ros']
[0.535s] Level 1:colcon.colcon_core.package_identification:_identify(src/manipulator_hardware) by extension 'ros'
[0.536s] DEBUG:colcon.colcon_core.package_identification:Package 'src/manipulator_hardware' with type 'ros.ament_python' and name 'manipulator_hardware'
[0.536s] Level 1:colcon.colcon_core.package_identification:_identify(src/manipulator_test_manager) by extensions ['ignore', 'ignore_ament_install']
[0.537s] Level 1:colcon.colcon_core.package_identification:_identify(src/manipulator_test_manager) by extension 'ignore'
[0.537s] Level 1:colcon.colcon_core.package_identification:_identify(src/manipulator_test_manager) by extension 'ignore_ament_install'
[0.537s] Level 1:colcon.colcon_core.package_identification:_identify(src/manipulator_test_manager) by extensions ['colcon_pkg']
[0.538s] Level 1:colcon.colcon_core.package_identification:_identify(src/manipulator_test_manager) by extension 'colcon_pkg'
[0.538s] Level 1:colcon.colcon_core.package_identification:_identify(src/manipulator_test_manager) by extensions ['colcon_meta']
[0.538s] Level 1:colcon.colcon_core.package_identification:_identify(src/manipulator_test_manager) by extension 'colcon_meta'
[0.538s] Level 1:colcon.colcon_core.package_identification:_identify(src/manipulator_test_manager) by extensions ['ros']
[0.538s] Level 1:colcon.colcon_core.package_identification:_identify(src/manipulator_test_manager) by extension 'ros'
[0.540s] DEBUG:colcon.colcon_core.package_identification:Package 'src/manipulator_test_manager' with type 'ros.ament_python' and name 'manipulator_test_manager'
[0.540s] Level 1:colcon.colcon_core.package_identification:_identify(src/mimic_controller) by extensions ['ignore', 'ignore_ament_install']
[0.540s] Level 1:colcon.colcon_core.package_identification:_identify(src/mimic_controller) by extension 'ignore'
[0.540s] Level 1:colcon.colcon_core.package_identification:_identify(src/mimic_controller) by extension 'ignore_ament_install'
[0.540s] Level 1:colcon.colcon_core.package_identification:_identify(src/mimic_controller) by extensions ['colcon_pkg']
[0.541s] Level 1:colcon.colcon_core.package_identification:_identify(src/mimic_controller) by extension 'colcon_pkg'
[0.541s] Level 1:colcon.colcon_core.package_identification:_identify(src/mimic_controller) by extensions ['colcon_meta']
[0.541s] Level 1:colcon.colcon_core.package_identification:_identify(src/mimic_controller) by extension 'colcon_meta'
[0.541s] Level 1:colcon.colcon_core.package_identification:_identify(src/mimic_controller) by extensions ['ros']
[0.541s] Level 1:colcon.colcon_core.package_identification:_identify(src/mimic_controller) by extension 'ros'
[0.542s] DEBUG:colcon.colcon_core.package_identification:Package 'src/mimic_controller' with type 'ros.ament_python' and name 'mimic_controller'
[0.542s] Level 1:colcon.colcon_core.package_identification:_identify(src/moveit_config) by extensions ['ignore', 'ignore_ament_install']
[0.542s] Level 1:colcon.colcon_core.package_identification:_identify(src/moveit_config) by extension 'ignore'
[0.542s] Level 1:colcon.colcon_core.package_identification:_identify(src/moveit_config) by extension 'ignore_ament_install'
[0.543s] Level 1:colcon.colcon_core.package_identification:_identify(src/moveit_config) by extensions ['colcon_pkg']
[0.543s] Level 1:colcon.colcon_core.package_identification:_identify(src/moveit_config) by extension 'colcon_pkg'
[0.543s] Level 1:colcon.colcon_core.package_identification:_identify(src/moveit_config) by extensions ['colcon_meta']
[0.543s] Level 1:colcon.colcon_core.package_identification:_identify(src/moveit_config) by extension 'colcon_meta'
[0.543s] Level 1:colcon.colcon_core.package_identification:_identify(src/moveit_config) by extensions ['ros']
[0.543s] Level 1:colcon.colcon_core.package_identification:_identify(src/moveit_config) by extension 'ros'
[0.544s] DEBUG:colcon.colcon_core.package_identification:Package 'src/moveit_config' with type 'ros.ament_cmake' and name 'moveit_config'
[0.544s] Level 1:colcon.colcon_core.package_identification:_identify(src/stm32_interface_pkg) by extensions ['ignore', 'ignore_ament_install']
[0.544s] Level 1:colcon.colcon_core.package_identification:_identify(src/stm32_interface_pkg) by extension 'ignore'
[0.544s] Level 1:colcon.colcon_core.package_identification:_identify(src/stm32_interface_pkg) by extension 'ignore_ament_install'
[0.544s] Level 1:colcon.colcon_core.package_identification:_identify(src/stm32_interface_pkg) by extensions ['colcon_pkg']
[0.545s] Level 1:colcon.colcon_core.package_identification:_identify(src/stm32_interface_pkg) by extension 'colcon_pkg'
[0.545s] Level 1:colcon.colcon_core.package_identification:_identify(src/stm32_interface_pkg) by extensions ['colcon_meta']
[0.545s] Level 1:colcon.colcon_core.package_identification:_identify(src/stm32_interface_pkg) by extension 'colcon_meta'
[0.545s] Level 1:colcon.colcon_core.package_identification:_identify(src/stm32_interface_pkg) by extensions ['ros']
[0.545s] Level 1:colcon.colcon_core.package_identification:_identify(src/stm32_interface_pkg) by extension 'ros'
[0.546s] DEBUG:colcon.colcon_core.package_identification:Package 'src/stm32_interface_pkg' with type 'ros.ament_python' and name 'stm32_interface_pkg'
[0.546s] Level 1:colcon.colcon_core.package_discovery:discover_packages(recursive) using defaults
[0.546s] Level 1:colcon.colcon_core.package_discovery:discover_packages(ignore) discover
[0.546s] Level 1:colcon.colcon_core.package_discovery:discover_packages(ignore) using defaults
[0.546s] Level 1:colcon.colcon_core.package_discovery:discover_packages(path) discover
[0.546s] Level 1:colcon.colcon_core.package_discovery:discover_packages(path) using defaults
[0.589s] Level 1:colcon.colcon_core.package_discovery:discover_packages(prefix_path) check parameters
[0.589s] Level 1:colcon.colcon_core.package_discovery:discover_packages(prefix_path) discover
[0.591s] DEBUG:colcon.colcon_installed_package_information.package_discovery:Found 6 installed packages in /home/bgb_6342/manipulator_ws/install
[0.594s] DEBUG:colcon.colcon_installed_package_information.package_discovery:Found 365 installed packages in /opt/ros/humble
[0.596s] Level 1:colcon.colcon_core.package_discovery:discover_packages(prefix_path) using defaults
[0.656s] Level 5:colcon.colcon_core.verb:set package 'manipulator' build argument 'cmake_args' from command line to 'None'
[0.656s] Level 5:colcon.colcon_core.verb:set package 'manipulator' build argument 'cmake_target' from command line to 'None'
[0.656s] Level 5:colcon.colcon_core.verb:set package 'manipulator' build argument 'cmake_target_skip_unavailable' from command line to 'False'
[0.656s] Level 5:colcon.colcon_core.verb:set package 'manipulator' build argument 'cmake_clean_cache' from command line to 'False'
[0.656s] Level 5:colcon.colcon_core.verb:set package 'manipulator' build argument 'cmake_clean_first' from command line to 'False'
[0.656s] Level 5:colcon.colcon_core.verb:set package 'manipulator' build argument 'cmake_force_configure' from command line to 'False'
[0.656s] Level 5:colcon.colcon_core.verb:set package 'manipulator' build argument 'ament_cmake_args' from command line to 'None'
[0.656s] Level 5:colcon.colcon_core.verb:set package 'manipulator' build argument 'catkin_cmake_args' from command line to 'None'
[0.656s] Level 5:colcon.colcon_core.verb:set package 'manipulator' build argument 'catkin_skip_building_tests' from command line to 'False'
[0.656s] DEBUG:colcon.colcon_core.verb:Building package 'manipulator' with the following arguments: {'ament_cmake_args': None, 'build_base': '/home/bgb_6342/manipulator_ws/build/manipulator', 'catkin_cmake_args': None, 'catkin_skip_building_tests': False, 'cmake_args': None, 'cmake_clean_cache': False, 'cmake_clean_first': False, 'cmake_force_configure': False, 'cmake_target': None, 'cmake_target_skip_unavailable': False, 'install_base': '/home/bgb_6342/manipulator_ws/install/manipulator', 'merge_install': False, 'path': '/home/bgb_6342/manipulator_ws/src/manipulator', 'symlink_install': False, 'test_result_base': None}
[0.657s] Level 5:colcon.colcon_core.verb:set package 'manipulator_hardware' build argument 'cmake_args' from command line to 'None'
[0.657s] Level 5:colcon.colcon_core.verb:set package 'manipulator_hardware' build argument 'cmake_target' from command line to 'None'
[0.657s] Level 5:colcon.colcon_core.verb:set package 'manipulator_hardware' build argument 'cmake_target_skip_unavailable' from command line to 'False'
[0.657s] Level 5:colcon.colcon_core.verb:set package 'manipulator_hardware' build argument 'cmake_clean_cache' from command line to 'False'
[0.657s] Level 5:colcon.colcon_core.verb:set package 'manipulator_hardware' build argument 'cmake_clean_first' from command line to 'False'
[0.657s] Level 5:colcon.colcon_core.verb:set package 'manipulator_hardware' build argument 'cmake_force_configure' from command line to 'False'
[0.657s] Level 5:colcon.colcon_core.verb:set package 'manipulator_hardware' build argument 'ament_cmake_args' from command line to 'None'
[0.657s] Level 5:colcon.colcon_core.verb:set package 'manipulator_hardware' build argument 'catkin_cmake_args' from command line to 'None'
[0.657s] Level 5:colcon.colcon_core.verb:set package 'manipulator_hardware' build argument 'catkin_skip_building_tests' from command line to 'False'
[0.657s] DEBUG:colcon.colcon_core.verb:Building package 'manipulator_hardware' with the following arguments: {'ament_cmake_args': None, 'build_base': '/home/bgb_6342/manipulator_ws/build/manipulator_hardware', 'catkin_cmake_args': None, 'catkin_skip_building_tests': False, 'cmake_args': None, 'cmake_clean_cache': False, 'cmake_clean_first': False, 'cmake_force_configure': False, 'cmake_target': None, 'cmake_target_skip_unavailable': False, 'install_base': '/home/bgb_6342/manipulator_ws/install/manipulator_hardware', 'merge_install': False, 'path': '/home/bgb_6342/manipulator_ws/src/manipulator_hardware', 'symlink_install': False, 'test_result_base': None}
[0.657s] Level 5:colcon.colcon_core.verb:set package 'manipulator_test_manager' build argument 'cmake_args' from command line to 'None'
[0.658s] Level 5:colcon.colcon_core.verb:set package 'manipulator_test_manager' build argument 'cmake_target' from command line to 'None'
[0.658s] Level 5:colcon.colcon_core.verb:set package 'manipulator_test_manager' build argument 'cmake_target_skip_unavailable' from command line to 'False'
[0.658s] Level 5:colcon.colcon_core.verb:set package 'manipulator_test_manager' build argument 'cmake_clean_cache' from command line to 'False'
[0.658s] Level 5:colcon.colcon_core.verb:set package 'manipulator_test_manager' build argument 'cmake_clean_first' from command line to 'False'
[0.658s] Level 5:colcon.colcon_core.verb:set package 'manipulator_test_manager' build argument 'cmake_force_configure' from command line to 'False'
[0.658s] Level 5:colcon.colcon_core.verb:set package 'manipulator_test_manager' build argument 'ament_cmake_args' from command line to 'None'
[0.658s] Level 5:colcon.colcon_core.verb:set package 'manipulator_test_manager' build argument 'catkin_cmake_args' from command line to 'None'
[0.658s] Level 5:colcon.colcon_core.verb:set package 'manipulator_test_manager' build argument 'catkin_skip_building_tests' from command line to 'False'
[0.658s] DEBUG:colcon.colcon_core.verb:Building package 'manipulator_test_manager' with the following arguments: {'ament_cmake_args': None, 'build_base': '/home/bgb_6342/manipulator_ws/build/manipulator_test_manager', 'catkin_cmake_args': None, 'catkin_skip_building_tests': False, 'cmake_args': None, 'cmake_clean_cache': False, 'cmake_clean_first': False, 'cmake_force_configure': False, 'cmake_target': None, 'cmake_target_skip_unavailable': False, 'install_base': '/home/bgb_6342/manipulator_ws/install/manipulator_test_manager', 'merge_install': False, 'path': '/home/bgb_6342/manipulator_ws/src/manipulator_test_manager', 'symlink_install': False, 'test_result_base': None}
[0.658s] Level 5:colcon.colcon_core.verb:set package 'mimic_controller' build argument 'cmake_args' from command line to 'None'
[0.658s] Level 5:colcon.colcon_core.verb:set package 'mimic_controller' build argument 'cmake_target' from command line to 'None'
[0.658s] Level 5:colcon.colcon_core.verb:set package 'mimic_controller' build argument 'cmake_target_skip_unavailable' from command line to 'False'
[0.658s] Level 5:colcon.colcon_core.verb:set package 'mimic_controller' build argument 'cmake_clean_cache' from command line to 'False'
[0.658s] Level 5:colcon.colcon_core.verb:set package 'mimic_controller' build argument 'cmake_clean_first' from command line to 'False'
[0.658s] Level 5:colcon.colcon_core.verb:set package 'mimic_controller' build argument 'cmake_force_configure' from command line to 'False'
[0.658s] Level 5:colcon.colcon_core.verb:set package 'mimic_controller' build argument 'ament_cmake_args' from command line to 'None'
[0.658s] Level 5:colcon.colcon_core.verb:set package 'mimic_controller' build argument 'catkin_cmake_args' from command line to 'None'
[0.658s] Level 5:colcon.colcon_core.verb:set package 'mimic_controller' build argument 'catkin_skip_building_tests' from command line to 'False'
[0.659s] DEBUG:colcon.colcon_core.verb:Building package 'mimic_controller' with the following arguments: {'ament_cmake_args': None, 'build_base': '/home/bgb_6342/manipulator_ws/build/mimic_controller', 'catkin_cmake_args': None, 'catkin_skip_building_tests': False, 'cmake_args': None, 'cmake_clean_cache': False, 'cmake_clean_first': False, 'cmake_force_configure': False, 'cmake_target': None, 'cmake_target_skip_unavailable': False, 'install_base': '/home/bgb_6342/manipulator_ws/install/mimic_controller', 'merge_install': False, 'path': '/home/bgb_6342/manipulator_ws/src/mimic_controller', 'symlink_install': False, 'test_result_base': None}
[0.659s] Level 5:colcon.colcon_core.verb:set package 'stm32_interface_pkg' build argument 'cmake_args' from command line to 'None'
[0.659s] Level 5:colcon.colcon_core.verb:set package 'stm32_interface_pkg' build argument 'cmake_target' from command line to 'None'
[0.659s] Level 5:colcon.colcon_core.verb:set package 'stm32_interface_pkg' build argument 'cmake_target_skip_unavailable' from command line to 'False'
[0.659s] Level 5:colcon.colcon_core.verb:set package 'stm32_interface_pkg' build argument 'cmake_clean_cache' from command line to 'False'
[0.659s] Level 5:colcon.colcon_core.verb:set package 'stm32_interface_pkg' build argument 'cmake_clean_first' from command line to 'False'
[0.659s] Level 5:colcon.colcon_core.verb:set package 'stm32_interface_pkg' build argument 'cmake_force_configure' from command line to 'False'
[0.659s] Level 5:colcon.colcon_core.verb:set package 'stm32_interface_pkg' build argument 'ament_cmake_args' from command line to 'None'
[0.659s] Level 5:colcon.colcon_core.verb:set package 'stm32_interface_pkg' build argument 'catkin_cmake_args' from command line to 'None'
[0.659s] Level 5:colcon.colcon_core.verb:set package 'stm32_interface_pkg' build argument 'catkin_skip_building_tests' from command line to 'False'
[0.659s] DEBUG:colcon.colcon_core.verb:Building package 'stm32_interface_pkg' with the following arguments: {'ament_cmake_args': None, 'build_base': '/home/bgb_6342/manipulator_ws/build/stm32_interface_pkg', 'catkin_cmake_args': None, 'catkin_skip_building_tests': False, 'cmake_args': None, 'cmake_clean_cache': False, 'cmake_clean_first': False, 'cmake_force_configure': False, 'cmake_target': None, 'cmake_target_skip_unavailable': False, 'install_base': '/home/bgb_6342/manipulator_ws/install/stm32_interface_pkg', 'merge_install': False, 'path': '/home/bgb_6342/manipulator_ws/src/stm32_interface_pkg', 'symlink_install': False, 'test_result_base': None}
[0.660s] Level 5:colcon.colcon_core.verb:set package 'moveit_config' build argument 'cmake_args' from command line to 'None'
[0.660s] Level 5:colcon.colcon_core.verb:set package 'moveit_config' build argument 'cmake_target' from command line to 'None'
[0.660s] Level 5:colcon.colcon_core.verb:set package 'moveit_config' build argument 'cmake_target_skip_unavailable' from command line to 'False'
[0.660s] Level 5:colcon.colcon_core.verb:set package 'moveit_config' build argument 'cmake_clean_cache' from command line to 'False'
[0.660s] Level 5:colcon.colcon_core.verb:set package 'moveit_config' build argument 'cmake_clean_first' from command line to 'False'
[0.660s] Level 5:colcon.colcon_core.verb:set package 'moveit_config' build argument 'cmake_force_configure' from command line to 'False'
[0.660s] Level 5:colcon.colcon_core.verb:set package 'moveit_config' build argument 'ament_cmake_args' from command line to 'None'
[0.660s] Level 5:colcon.colcon_core.verb:set package 'moveit_config' build argument 'catkin_cmake_args' from command line to 'None'
[0.660s] Level 5:colcon.colcon_core.verb:set package 'moveit_config' build argument 'catkin_skip_building_tests' from command line to 'False'
[0.660s] DEBUG:colcon.colcon_core.verb:Building package 'moveit_config' with the following arguments: {'ament_cmake_args': None, 'build_base': '/home/bgb_6342/manipulator_ws/build/moveit_config', 'catkin_cmake_args': None, 'catkin_skip_building_tests': False, 'cmake_args': None, 'cmake_clean_cache': False, 'cmake_clean_first': False, 'cmake_force_configure': False, 'cmake_target': None, 'cmake_target_skip_unavailable': False, 'install_base': '/home/bgb_6342/manipulator_ws/install/moveit_config', 'merge_install': False, 'path': '/home/bgb_6342/manipulator_ws/src/moveit_config', 'symlink_install': False, 'test_result_base': None}
[0.661s] INFO:colcon.colcon_core.executor:Executing jobs using 'parallel' executor
[0.662s] DEBUG:colcon.colcon_parallel_executor.executor.parallel:run_until_complete
[0.663s] INFO:colcon.colcon_ros.task.ament_cmake.build:Building ROS package in '/home/bgb_6342/manipulator_ws/src/manipulator' with build type 'ament_cmake'
[0.663s] INFO:colcon.colcon_cmake.task.cmake.build:Building CMake package in '/home/bgb_6342/manipulator_ws/src/manipulator'
[0.667s] INFO:colcon.colcon_core.plugin_system:Skipping extension 'colcon_core.shell.bat': Not used on non-Windows systems
[0.667s] INFO:colcon.colcon_core.shell:Skip shell extension 'powershell' for command environment: Not usable outside of PowerShell
[0.668s] DEBUG:colcon.colcon_core.shell:Skip shell extension 'dsv' for command environment
[0.678s] INFO:colcon.colcon_ros.task.ament_python.build:Building ROS package in '/home/bgb_6342/manipulator_ws/src/manipulator_hardware' with build type 'ament_python'
[0.678s] Level 1:colcon.colcon_core.shell:create_environment_hook('manipulator_hardware', 'ament_prefix_path')
[0.678s] INFO:colcon.colcon_core.shell:Creating environment hook '/home/bgb_6342/manipulator_ws/install/manipulator_hardware/share/manipulator_hardware/hook/ament_prefix_path.ps1'
[0.679s] INFO:colcon.colcon_core.shell:Creating environment descriptor '/home/bgb_6342/manipulator_ws/install/manipulator_hardware/share/manipulator_hardware/hook/ament_prefix_path.dsv'
[0.680s] INFO:colcon.colcon_core.shell:Creating environment hook '/home/bgb_6342/manipulator_ws/install/manipulator_hardware/share/manipulator_hardware/hook/ament_prefix_path.sh'
[0.682s] INFO:colcon.colcon_core.shell:Skip shell extension 'powershell' for command environment: Not usable outside of PowerShell
[0.682s] DEBUG:colcon.colcon_core.shell:Skip shell extension 'dsv' for command environment
[0.766s] INFO:colcon.colcon_ros.task.ament_python.build:Building ROS package in '/home/bgb_6342/manipulator_ws/src/manipulator_test_manager' with build type 'ament_python'
[0.767s] Level 1:colcon.colcon_core.shell:create_environment_hook('manipulator_test_manager', 'ament_prefix_path')
[0.767s] INFO:colcon.colcon_core.shell:Creating environment hook '/home/bgb_6342/manipulator_ws/install/manipulator_test_manager/share/manipulator_test_manager/hook/ament_prefix_path.ps1'
[0.768s] INFO:colcon.colcon_core.shell:Creating environment descriptor '/home/bgb_6342/manipulator_ws/install/manipulator_test_manager/share/manipulator_test_manager/hook/ament_prefix_path.dsv'
[0.769s] INFO:colcon.colcon_core.shell:Creating environment hook '/home/bgb_6342/manipulator_ws/install/manipulator_test_manager/share/manipulator_test_manager/hook/ament_prefix_path.sh'
[0.770s] INFO:colcon.colcon_core.shell:Skip shell extension 'powershell' for command environment: Not usable outside of PowerShell
[0.770s] DEBUG:colcon.colcon_core.shell:Skip shell extension 'dsv' for command environment
[0.775s] INFO:colcon.colcon_ros.task.ament_python.build:Building ROS package in '/home/bgb_6342/manipulator_ws/src/mimic_controller' with build type 'ament_python'
[0.776s] Level 1:colcon.colcon_core.shell:create_environment_hook('mimic_controller', 'ament_prefix_path')
[0.776s] INFO:colcon.colcon_core.shell:Creating environment hook '/home/bgb_6342/manipulator_ws/install/mimic_controller/share/mimic_controller/hook/ament_prefix_path.ps1'
[0.777s] INFO:colcon.colcon_core.shell:Creating environment descriptor '/home/bgb_6342/manipulator_ws/install/mimic_controller/share/mimic_controller/hook/ament_prefix_path.dsv'
[0.778s] INFO:colcon.colcon_core.shell:Creating environment hook '/home/bgb_6342/manipulator_ws/install/mimic_controller/share/mimic_controller/hook/ament_prefix_path.sh'
[0.786s] INFO:colcon.colcon_core.shell:Skip shell extension 'powershell' for command environment: Not usable outside of PowerShell
[0.787s] DEBUG:colcon.colcon_core.shell:Skip shell extension 'dsv' for command environment
[0.819s] DEBUG:colcon.colcon_core.event_handler.log_command:Invoking command in '/home/bgb_6342/manipulator_ws/build/manipulator': CMAKE_PREFIX_PATH=${CMAKE_PREFIX_PATH}:/home/bgb_6342/manipulator_ws/install/stm32_interface_pkg:/home/bgb_6342/manipulator_ws/install/mimic_controller:/home/bgb_6342/manipulator_ws/install/manipulator_test_manager:/home/bgb_6342/manipulator_ws/install/manipulator_hardware:/opt/ros/humble /usr/bin/cmake --build /home/bgb_6342/manipulator_ws/build/manipulator -- -j4 -l4
[1.214s] INFO:colcon.colcon_core.task.python.build:Building Python package in '/home/bgb_6342/manipulator_ws/src/manipulator_hardware'
[1.214s] INFO:colcon.colcon_core.shell:Skip shell extension 'powershell' for command environment: Not usable outside of PowerShell
[1.214s] DEBUG:colcon.colcon_core.shell:Skip shell extension 'dsv' for command environment
[1.604s] INFO:colcon.colcon_core.task.python.build:Building Python package in '/home/bgb_6342/manipulator_ws/src/manipulator_test_manager'
[1.604s] INFO:colcon.colcon_core.shell:Skip shell extension 'powershell' for command environment: Not usable outside of PowerShell
[1.604s] DEBUG:colcon.colcon_core.shell:Skip shell extension 'dsv' for command environment
[1.996s] INFO:colcon.colcon_core.task.python.build:Building Python package in '/home/bgb_6342/manipulator_ws/src/mimic_controller'
[1.997s] INFO:colcon.colcon_core.shell:Skip shell extension 'powershell' for command environment: Not usable outside of PowerShell
[1.997s] DEBUG:colcon.colcon_core.shell:Skip shell extension 'dsv' for command environment
[2.004s] DEBUG:colcon.colcon_core.event_handler.log_command:Invoked command in '/home/bgb_6342/manipulator_ws/build/manipulator' returned '0': CMAKE_PREFIX_PATH=${CMAKE_PREFIX_PATH}:/home/bgb_6342/manipulator_ws/install/stm32_interface_pkg:/home/bgb_6342/manipulator_ws/install/mimic_controller:/home/bgb_6342/manipulator_ws/install/manipulator_test_manager:/home/bgb_6342/manipulator_ws/install/manipulator_hardware:/opt/ros/humble /usr/bin/cmake --build /home/bgb_6342/manipulator_ws/build/manipulator -- -j4 -l4
[2.020s] DEBUG:colcon.colcon_core.event_handler.log_command:Invoking command in '/home/bgb_6342/manipulator_ws/build/manipulator': CMAKE_PREFIX_PATH=${CMAKE_PREFIX_PATH}:/home/bgb_6342/manipulator_ws/install/stm32_interface_pkg:/home/bgb_6342/manipulator_ws/install/mimic_controller:/home/bgb_6342/manipulator_ws/install/manipulator_test_manager:/home/bgb_6342/manipulator_ws/install/manipulator_hardware:/opt/ros/humble /usr/bin/cmake --install /home/bgb_6342/manipulator_ws/build/manipulator
[2.062s] Level 1:colcon.colcon_core.environment:create_environment_scripts_only(manipulator)
[2.066s] DEBUG:colcon.colcon_core.event_handler.log_command:Invoked command in '/home/bgb_6342/manipulator_ws/build/manipulator' returned '0': CMAKE_PREFIX_PATH=${CMAKE_PREFIX_PATH}:/home/bgb_6342/manipulator_ws/install/stm32_interface_pkg:/home/bgb_6342/manipulator_ws/install/mimic_controller:/home/bgb_6342/manipulator_ws/install/manipulator_test_manager:/home/bgb_6342/manipulator_ws/install/manipulator_hardware:/opt/ros/humble /usr/bin/cmake --install /home/bgb_6342/manipulator_ws/build/manipulator
[2.068s] Level 1:colcon.colcon_core.environment:checking '/home/bgb_6342/manipulator_ws/install/manipulator' for CMake module files
[2.069s] Level 1:colcon.colcon_core.environment:checking '/home/bgb_6342/manipulator_ws/install/manipulator' for CMake config files
[2.069s] Level 1:colcon.colcon_core.shell:create_environment_hook('manipulator', 'cmake_prefix_path')
[2.070s] INFO:colcon.colcon_core.shell:Creating environment hook '/home/bgb_6342/manipulator_ws/install/manipulator/share/manipulator/hook/cmake_prefix_path.ps1'
[2.070s] INFO:colcon.colcon_core.shell:Creating environment descriptor '/home/bgb_6342/manipulator_ws/install/manipulator/share/manipulator/hook/cmake_prefix_path.dsv'
[2.071s] INFO:colcon.colcon_core.shell:Creating environment hook '/home/bgb_6342/manipulator_ws/install/manipulator/share/manipulator/hook/cmake_prefix_path.sh'
[2.072s] Level 1:colcon.colcon_core.environment:checking '/home/bgb_6342/manipulator_ws/install/manipulator/bin'
[2.073s] Level 1:colcon.colcon_core.environment:checking '/home/bgb_6342/manipulator_ws/install/manipulator/lib/pkgconfig/manipulator.pc'
[2.073s] Level 1:colcon.colcon_core.environment:checking '/home/bgb_6342/manipulator_ws/install/manipulator/lib/python3.10/site-packages'
[2.073s] Level 1:colcon.colcon_core.environment:checking '/home/bgb_6342/manipulator_ws/install/manipulator/bin'
[2.074s] INFO:colcon.colcon_core.shell:Creating package script '/home/bgb_6342/manipulator_ws/install/manipulator/share/manipulator/package.ps1'
[2.075s] INFO:colcon.colcon_core.shell:Creating package descriptor '/home/bgb_6342/manipulator_ws/install/manipulator/share/manipulator/package.dsv'
[2.076s] INFO:colcon.colcon_core.shell:Creating package script '/home/bgb_6342/manipulator_ws/install/manipulator/share/manipulator/package.sh'
[2.077s] INFO:colcon.colcon_core.shell:Creating package script '/home/bgb_6342/manipulator_ws/install/manipulator/share/manipulator/package.bash'
[2.078s] INFO:colcon.colcon_core.shell:Creating package script '/home/bgb_6342/manipulator_ws/install/manipulator/share/manipulator/package.zsh'
[2.079s] Level 1:colcon.colcon_core.environment:create_file_with_runtime_dependencies(/home/bgb_6342/manipulator_ws/install/manipulator/share/colcon-core/packages/manipulator)
[2.080s] Level 1:colcon.colcon_core.environment:create_environment_scripts_only(manipulator)
[2.080s] Level 1:colcon.colcon_core.environment:checking '/home/bgb_6342/manipulator_ws/install/manipulator' for CMake module files
[2.082s] Level 1:colcon.colcon_core.environment:checking '/home/bgb_6342/manipulator_ws/install/manipulator' for CMake config files
[2.085s] Level 1:colcon.colcon_core.shell:create_environment_hook('manipulator', 'cmake_prefix_path')
[2.086s] INFO:colcon.colcon_core.shell:Creating environment hook '/home/bgb_6342/manipulator_ws/install/manipulator/share/manipulator/hook/cmake_prefix_path.ps1'
[2.088s] INFO:colcon.colcon_core.shell:Creating environment descriptor '/home/bgb_6342/manipulator_ws/install/manipulator/share/manipulator/hook/cmake_prefix_path.dsv'
[2.088s] INFO:colcon.colcon_core.shell:Creating environment hook '/home/bgb_6342/manipulator_ws/install/manipulator/share/manipulator/hook/cmake_prefix_path.sh'
[2.090s] Level 1:colcon.colcon_core.environment:checking '/home/bgb_6342/manipulator_ws/install/manipulator/bin'
[2.090s] Level 1:colcon.colcon_core.environment:checking '/home/bgb_6342/manipulator_ws/install/manipulator/lib/pkgconfig/manipulator.pc'
[2.090s] Level 1:colcon.colcon_core.environment:checking '/home/bgb_6342/manipulator_ws/install/manipulator/lib/python3.10/site-packages'
[2.090s] Level 1:colcon.colcon_core.environment:checking '/home/bgb_6342/manipulator_ws/install/manipulator/bin'
[2.091s] INFO:colcon.colcon_core.shell:Creating package script '/home/bgb_6342/manipulator_ws/install/manipulator/share/manipulator/package.ps1'
[2.092s] INFO:colcon.colcon_core.shell:Creating package descriptor '/home/bgb_6342/manipulator_ws/install/manipulator/share/manipulator/package.dsv'
[2.092s] INFO:colcon.colcon_core.shell:Creating package script '/home/bgb_6342/manipulator_ws/install/manipulator/share/manipulator/package.sh'
[2.093s] INFO:colcon.colcon_core.shell:Creating package script '/home/bgb_6342/manipulator_ws/install/manipulator/share/manipulator/package.bash'
[2.094s] INFO:colcon.colcon_core.shell:Creating package script '/home/bgb_6342/manipulator_ws/install/manipulator/share/manipulator/package.zsh'
[2.094s] Level 1:colcon.colcon_core.environment:create_file_with_runtime_dependencies(/home/bgb_6342/manipulator_ws/install/manipulator/share/colcon-core/packages/manipulator)
[2.096s] INFO:colcon.colcon_ros.task.ament_python.build:Building ROS package in '/home/bgb_6342/manipulator_ws/src/stm32_interface_pkg' with build type 'ament_python'
[2.096s] Level 1:colcon.colcon_core.shell:create_environment_hook('stm32_interface_pkg', 'ament_prefix_path')
[2.096s] INFO:colcon.colcon_core.shell:Creating environment hook '/home/bgb_6342/manipulator_ws/install/stm32_interface_pkg/share/stm32_interface_pkg/hook/ament_prefix_path.ps1'
[2.097s] INFO:colcon.colcon_core.shell:Creating environment descriptor '/home/bgb_6342/manipulator_ws/install/stm32_interface_pkg/share/stm32_interface_pkg/hook/ament_prefix_path.dsv'
[2.098s] INFO:colcon.colcon_core.shell:Creating environment hook '/home/bgb_6342/manipulator_ws/install/stm32_interface_pkg/share/stm32_interface_pkg/hook/ament_prefix_path.sh'
[2.099s] INFO:colcon.colcon_core.shell:Skip shell extension 'powershell' for command environment: Not usable outside of PowerShell
[2.099s] DEBUG:colcon.colcon_core.shell:Skip shell extension 'dsv' for command environment
[2.643s] INFO:colcon.colcon_core.task.python.build:Building Python package in '/home/bgb_6342/manipulator_ws/src/stm32_interface_pkg'
[2.643s] INFO:colcon.colcon_core.shell:Skip shell extension 'powershell' for command environment: Not usable outside of PowerShell
[2.643s] DEBUG:colcon.colcon_core.shell:Skip shell extension 'dsv' for command environment
[2.706s] DEBUG:colcon.colcon_core.event_handler.log_command:Invoking command in '/home/bgb_6342/manipulator_ws/src/manipulator_test_manager': PYTHONPATH=/home/bgb_6342/manipulator_ws/build/manipulator_test_manager/prefix_override:/usr/lib/python3/dist-packages/colcon_core/task/python/colcon_distutils_commands:/home/bgb_6342/manipulator_ws/install/manipulator_test_manager/lib/python3.10/site-packages:${PYTHONPATH} /usr/bin/python3 -W ignore:setup.py install is deprecated -W ignore:easy_install command is deprecated setup.py egg_info --egg-base ../../build/manipulator_test_manager build --build-base /home/bgb_6342/manipulator_ws/build/manipulator_test_manager/build install --record /home/bgb_6342/manipulator_ws/build/manipulator_test_manager/install.log --single-version-externally-managed install_data
[2.719s] DEBUG:colcon.colcon_core.event_handler.log_command:Invoking command in '/home/bgb_6342/manipulator_ws/src/mimic_controller': PYTHONPATH=/home/bgb_6342/manipulator_ws/build/mimic_controller/prefix_override:/usr/lib/python3/dist-packages/colcon_core/task/python/colcon_distutils_commands:/home/bgb_6342/manipulator_ws/install/mimic_controller/lib/python3.10/site-packages:${PYTHONPATH} /usr/bin/python3 -W ignore:setup.py install is deprecated -W ignore:easy_install command is deprecated setup.py egg_info --egg-base ../../build/mimic_controller build --build-base /home/bgb_6342/manipulator_ws/build/mimic_controller/build install --record /home/bgb_6342/manipulator_ws/build/mimic_controller/install.log --single-version-externally-managed install_data
[2.763s] DEBUG:colcon.colcon_core.event_handler.log_command:Invoking command in '/home/bgb_6342/manipulator_ws/src/manipulator_hardware': PYTHONPATH=/home/bgb_6342/manipulator_ws/build/manipulator_hardware/prefix_override:/usr/lib/python3/dist-packages/colcon_core/task/python/colcon_distutils_commands:/home/bgb_6342/manipulator_ws/install/manipulator_hardware/lib/python3.10/site-packages:${PYTHONPATH} /usr/bin/python3 -W ignore:setup.py install is deprecated -W ignore:easy_install command is deprecated setup.py egg_info --egg-base ../../build/manipulator_hardware build --build-base /home/bgb_6342/manipulator_ws/build/manipulator_hardware/build install --record /home/bgb_6342/manipulator_ws/build/manipulator_hardware/install.log --single-version-externally-managed install_data
[3.241s] Level 1:colcon.colcon_core.environment:checking '/home/bgb_6342/manipulator_ws/install/manipulator_test_manager' for CMake module files
[3.242s] DEBUG:colcon.colcon_core.event_handler.log_command:Invoked command in '/home/bgb_6342/manipulator_ws/src/manipulator_test_manager' returned '0': PYTHONPATH=/home/bgb_6342/manipulator_ws/build/manipulator_test_manager/prefix_override:/usr/lib/python3/dist-packages/colcon_core/task/python/colcon_distutils_commands:/home/bgb_6342/manipulator_ws/install/manipulator_test_manager/lib/python3.10/site-packages:${PYTHONPATH} /usr/bin/python3 -W ignore:setup.py install is deprecated -W ignore:easy_install command is deprecated setup.py egg_info --egg-base ../../build/manipulator_test_manager build --build-base /home/bgb_6342/manipulator_ws/build/manipulator_test_manager/build install --record /home/bgb_6342/manipulator_ws/build/manipulator_test_manager/install.log --single-version-externally-managed install_data
[3.243s] Level 1:colcon.colcon_core.environment:checking '/home/bgb_6342/manipulator_ws/install/manipulator_test_manager' for CMake config files
[3.244s] Level 1:colcon.colcon_core.environment:checking '/home/bgb_6342/manipulator_ws/install/manipulator_test_manager/lib'
[3.244s] Level 1:colcon.colcon_core.environment:checking '/home/bgb_6342/manipulator_ws/install/manipulator_test_manager/bin'
[3.244s] Level 1:colcon.colcon_core.environment:checking '/home/bgb_6342/manipulator_ws/install/manipulator_test_manager/lib/pkgconfig/manipulator_test_manager.pc'
[3.245s] Level 1:colcon.colcon_core.environment:checking '/home/bgb_6342/manipulator_ws/install/manipulator_test_manager/lib/python3.10/site-packages'
[3.245s] Level 1:colcon.colcon_core.shell:create_environment_hook('manipulator_test_manager', 'pythonpath')
[3.245s] INFO:colcon.colcon_core.shell:Creating environment hook '/home/bgb_6342/manipulator_ws/install/manipulator_test_manager/share/manipulator_test_manager/hook/pythonpath.ps1'
[3.246s] INFO:colcon.colcon_core.shell:Creating environment descriptor '/home/bgb_6342/manipulator_ws/install/manipulator_test_manager/share/manipulator_test_manager/hook/pythonpath.dsv'
[3.247s] INFO:colcon.colcon_core.shell:Creating environment hook '/home/bgb_6342/manipulator_ws/install/manipulator_test_manager/share/manipulator_test_manager/hook/pythonpath.sh'
[3.248s] Level 1:colcon.colcon_core.environment:checking '/home/bgb_6342/manipulator_ws/install/manipulator_test_manager/bin'
[3.248s] Level 1:colcon.colcon_core.environment:create_environment_scripts_only(manipulator_test_manager)
[3.249s] INFO:colcon.colcon_core.shell:Creating package script '/home/bgb_6342/manipulator_ws/install/manipulator_test_manager/share/manipulator_test_manager/package.ps1'
[3.249s] INFO:colcon.colcon_core.shell:Creating package descriptor '/home/bgb_6342/manipulator_ws/install/manipulator_test_manager/share/manipulator_test_manager/package.dsv'
[3.250s] INFO:colcon.colcon_core.shell:Creating package script '/home/bgb_6342/manipulator_ws/install/manipulator_test_manager/share/manipulator_test_manager/package.sh'
[3.251s] INFO:colcon.colcon_core.shell:Creating package script '/home/bgb_6342/manipulator_ws/install/manipulator_test_manager/share/manipulator_test_manager/package.bash'
[3.252s] INFO:colcon.colcon_core.shell:Creating package script '/home/bgb_6342/manipulator_ws/install/manipulator_test_manager/share/manipulator_test_manager/package.zsh'
[3.252s] Level 1:colcon.colcon_core.environment:create_file_with_runtime_dependencies(/home/bgb_6342/manipulator_ws/install/manipulator_test_manager/share/colcon-core/packages/manipulator_test_manager)
[3.254s] INFO:colcon.colcon_ros.task.ament_cmake.build:Building ROS package in '/home/bgb_6342/manipulator_ws/src/moveit_config' with build type 'ament_cmake'
[3.254s] INFO:colcon.colcon_cmake.task.cmake.build:Building CMake package in '/home/bgb_6342/manipulator_ws/src/moveit_config'
[3.254s] INFO:colcon.colcon_core.shell:Skip shell extension 'powershell' for command environment: Not usable outside of PowerShell
[3.254s] DEBUG:colcon.colcon_core.shell:Skip shell extension 'dsv' for command environment
[3.266s] Level 1:colcon.colcon_core.environment:checking '/home/bgb_6342/manipulator_ws/install/mimic_controller' for CMake module files
[3.267s] Level 1:colcon.colcon_core.environment:checking '/home/bgb_6342/manipulator_ws/install/mimic_controller' for CMake config files
[3.267s] Level 1:colcon.colcon_core.environment:checking '/home/bgb_6342/manipulator_ws/install/mimic_controller/lib'
[3.268s] Level 1:colcon.colcon_core.environment:checking '/home/bgb_6342/manipulator_ws/install/mimic_controller/bin'
[3.268s] Level 1:colcon.colcon_core.environment:checking '/home/bgb_6342/manipulator_ws/install/mimic_controller/lib/pkgconfig/mimic_controller.pc'
[3.268s] Level 1:colcon.colcon_core.environment:checking '/home/bgb_6342/manipulator_ws/install/mimic_controller/lib/python3.10/site-packages'
[3.268s] Level 1:colcon.colcon_core.shell:create_environment_hook('mimic_controller', 'pythonpath')
[3.268s] INFO:colcon.colcon_core.shell:Creating environment hook '/home/bgb_6342/manipulator_ws/install/mimic_controller/share/mimic_controller/hook/pythonpath.ps1'
[3.269s] INFO:colcon.colcon_core.shell:Creating environment descriptor '/home/bgb_6342/manipulator_ws/install/mimic_controller/share/mimic_controller/hook/pythonpath.dsv'
[3.270s] DEBUG:colcon.colcon_core.event_handler.log_command:Invoked command in '/home/bgb_6342/manipulator_ws/src/mimic_controller' returned '0': PYTHONPATH=/home/bgb_6342/manipulator_ws/build/mimic_controller/prefix_override:/usr/lib/python3/dist-packages/colcon_core/task/python/colcon_distutils_commands:/home/bgb_6342/manipulator_ws/install/mimic_controller/lib/python3.10/site-packages:${PYTHONPATH} /usr/bin/python3 -W ignore:setup.py install is deprecated -W ignore:easy_install command is deprecated setup.py egg_info --egg-base ../../build/mimic_controller build --build-base /home/bgb_6342/manipulator_ws/build/mimic_controller/build install --record /home/bgb_6342/manipulator_ws/build/mimic_controller/install.log --single-version-externally-managed install_data
[3.271s] INFO:colcon.colcon_core.shell:Creating environment hook '/home/bgb_6342/manipulator_ws/install/mimic_controller/share/mimic_controller/hook/pythonpath.sh'
[3.272s] Level 1:colcon.colcon_core.environment:checking '/home/bgb_6342/manipulator_ws/install/mimic_controller/bin'
[3.272s] Level 1:colcon.colcon_core.environment:create_environment_scripts_only(mimic_controller)
[3.273s] INFO:colcon.colcon_core.shell:Creating package script '/home/bgb_6342/manipulator_ws/install/mimic_controller/share/mimic_controller/package.ps1'
[3.275s] INFO:colcon.colcon_core.shell:Creating package descriptor '/home/bgb_6342/manipulator_ws/install/mimic_controller/share/mimic_controller/package.dsv'
[3.276s] INFO:colcon.colcon_core.shell:Creating package script '/home/bgb_6342/manipulator_ws/install/mimic_controller/share/mimic_controller/package.sh'
[3.278s] INFO:colcon.colcon_core.shell:Creating package script '/home/bgb_6342/manipulator_ws/install/mimic_controller/share/mimic_controller/package.bash'
[3.279s] INFO:colcon.colcon_core.shell:Creating package script '/home/bgb_6342/manipulator_ws/install/mimic_controller/share/mimic_controller/package.zsh'
[3.284s] Level 1:colcon.colcon_core.environment:create_file_with_runtime_dependencies(/home/bgb_6342/manipulator_ws/install/mimic_controller/share/colcon-core/packages/mimic_controller)
[3.327s] Level 1:colcon.colcon_core.environment:checking '/home/bgb_6342/manipulator_ws/install/manipulator_hardware' for CMake module files
[3.327s] DEBUG:colcon.colcon_core.event_handler.log_command:Invoked command in '/home/bgb_6342/manipulator_ws/src/manipulator_hardware' returned '0': PYTHONPATH=/home/bgb_6342/manipulator_ws/build/manipulator_hardware/prefix_override:/usr/lib/python3/dist-packages/colcon_core/task/python/colcon_distutils_commands:/home/bgb_6342/manipulator_ws/install/manipulator_hardware/lib/python3.10/site-packages:${PYTHONPATH} /usr/bin/python3 -W ignore:setup.py install is deprecated -W ignore:easy_install command is deprecated setup.py egg_info --egg-base ../../build/manipulator_hardware build --build-base /home/bgb_6342/manipulator_ws/build/manipulator_hardware/build install --record /home/bgb_6342/manipulator_ws/build/manipulator_hardware/install.log --single-version-externally-managed install_data
[3.328s] Level 1:colcon.colcon_core.environment:checking '/home/bgb_6342/manipulator_ws/install/manipulator_hardware' for CMake config files
[3.329s] Level 1:colcon.colcon_core.environment:checking '/home/bgb_6342/manipulator_ws/install/manipulator_hardware/lib'
[3.329s] Level 1:colcon.colcon_core.environment:checking '/home/bgb_6342/manipulator_ws/install/manipulator_hardware/bin'
[3.329s] Level 1:colcon.colcon_core.environment:checking '/home/bgb_6342/manipulator_ws/install/manipulator_hardware/lib/pkgconfig/manipulator_hardware.pc'
[3.330s] Level 1:colcon.colcon_core.environment:checking '/home/bgb_6342/manipulator_ws/install/manipulator_hardware/lib/python3.10/site-packages'
[3.330s] Level 1:colcon.colcon_core.shell:create_environment_hook('manipulator_hardware', 'pythonpath')
[3.330s] INFO:colcon.colcon_core.shell:Creating environment hook '/home/bgb_6342/manipulator_ws/install/manipulator_hardware/share/manipulator_hardware/hook/pythonpath.ps1'
[3.331s] INFO:colcon.colcon_core.shell:Creating environment descriptor '/home/bgb_6342/manipulator_ws/install/manipulator_hardware/share/manipulator_hardware/hook/pythonpath.dsv'
[3.332s] INFO:colcon.colcon_core.shell:Creating environment hook '/home/bgb_6342/manipulator_ws/install/manipulator_hardware/share/manipulator_hardware/hook/pythonpath.sh'
[3.333s] Level 1:colcon.colcon_core.environment:checking '/home/bgb_6342/manipulator_ws/install/manipulator_hardware/bin'
[3.333s] Level 1:colcon.colcon_core.environment:create_environment_scripts_only(manipulator_hardware)
[3.334s] INFO:colcon.colcon_core.shell:Creating package script '/home/bgb_6342/manipulator_ws/install/manipulator_hardware/share/manipulator_hardware/package.ps1'
[3.335s] INFO:colcon.colcon_core.shell:Creating package descriptor '/home/bgb_6342/manipulator_ws/install/manipulator_hardware/share/manipulator_hardware/package.dsv'
[3.335s] INFO:colcon.colcon_core.shell:Creating package script '/home/bgb_6342/manipulator_ws/install/manipulator_hardware/share/manipulator_hardware/package.sh'
[3.336s] INFO:colcon.colcon_core.shell:Creating package script '/home/bgb_6342/manipulator_ws/install/manipulator_hardware/share/manipulator_hardware/package.bash'
[3.337s] INFO:colcon.colcon_core.shell:Creating package script '/home/bgb_6342/manipulator_ws/install/manipulator_hardware/share/manipulator_hardware/package.zsh'
[3.337s] Level 1:colcon.colcon_core.environment:create_file_with_runtime_dependencies(/home/bgb_6342/manipulator_ws/install/manipulator_hardware/share/colcon-core/packages/manipulator_hardware)
[3.347s] DEBUG:colcon.colcon_core.event_handler.log_command:Invoking command in '/home/bgb_6342/manipulator_ws/build/moveit_config': CMAKE_PREFIX_PATH=/home/bgb_6342/manipulator_ws/install/manipulator:/home/bgb_6342/manipulator_ws/install/moveit_config:/home/bgb_6342/manipulator_ws/install/stm32_interface_pkg:/home/bgb_6342/manipulator_ws/install/mimic_controller:/home/bgb_6342/manipulator_ws/install/manipulator_test_manager:/home/bgb_6342/manipulator_ws/install/manipulator_hardware:/opt/ros/humble /usr/bin/cmake --build /home/bgb_6342/manipulator_ws/build/moveit_config -- -j4 -l4
[3.354s] DEBUG:colcon.colcon_core.event_handler.log_command:Invoking command in '/home/bgb_6342/manipulator_ws/src/stm32_interface_pkg': PYTHONPATH=/home/bgb_6342/manipulator_ws/build/stm32_interface_pkg/prefix_override:/usr/lib/python3/dist-packages/colcon_core/task/python/colcon_distutils_commands:/home/bgb_6342/manipulator_ws/install/stm32_interface_pkg/lib/python3.10/site-packages:${PYTHONPATH} /usr/bin/python3 -W ignore:setup.py install is deprecated -W ignore:easy_install command is deprecated setup.py egg_info --egg-base ../../build/stm32_interface_pkg build --build-base /home/bgb_6342/manipulator_ws/build/stm32_interface_pkg/build install --record /home/bgb_6342/manipulator_ws/build/stm32_interface_pkg/install.log --single-version-externally-managed install_data
[3.408s] DEBUG:colcon.colcon_core.event_handler.log_command:Invoked command in '/home/bgb_6342/manipulator_ws/build/moveit_config' returned '0': CMAKE_PREFIX_PATH=/home/bgb_6342/manipulator_ws/install/manipulator:/home/bgb_6342/manipulator_ws/install/moveit_config:/home/bgb_6342/manipulator_ws/install/stm32_interface_pkg:/home/bgb_6342/manipulator_ws/install/mimic_controller:/home/bgb_6342/manipulator_ws/install/manipulator_test_manager:/home/bgb_6342/manipulator_ws/install/manipulator_hardware:/opt/ros/humble /usr/bin/cmake --build /home/bgb_6342/manipulator_ws/build/moveit_config -- -j4 -l4
[3.414s] DEBUG:colcon.colcon_core.event_handler.log_command:Invoking command in '/home/bgb_6342/manipulator_ws/build/moveit_config': CMAKE_PREFIX_PATH=/home/bgb_6342/manipulator_ws/install/manipulator:/home/bgb_6342/manipulator_ws/install/moveit_config:/home/bgb_6342/manipulator_ws/install/stm32_interface_pkg:/home/bgb_6342/manipulator_ws/install/mimic_controller:/home/bgb_6342/manipulator_ws/install/manipulator_test_manager:/home/bgb_6342/manipulator_ws/install/manipulator_hardware:/opt/ros/humble /usr/bin/cmake --install /home/bgb_6342/manipulator_ws/build/moveit_config
[3.452s] Level 1:colcon.colcon_core.environment:create_environment_scripts_only(moveit_config)
[3.453s] Level 1:colcon.colcon_core.environment:checking '/home/bgb_6342/manipulator_ws/install/moveit_config' for CMake module files
[3.454s] DEBUG:colcon.colcon_core.event_handler.log_command:Invoked command in '/home/bgb_6342/manipulator_ws/build/moveit_config' returned '0': CMAKE_PREFIX_PATH=/home/bgb_6342/manipulator_ws/install/manipulator:/home/bgb_6342/manipulator_ws/install/moveit_config:/home/bgb_6342/manipulator_ws/install/stm32_interface_pkg:/home/bgb_6342/manipulator_ws/install/mimic_controller:/home/bgb_6342/manipulator_ws/install/manipulator_test_manager:/home/bgb_6342/manipulator_ws/install/manipulator_hardware:/opt/ros/humble /usr/bin/cmake --install /home/bgb_6342/manipulator_ws/build/moveit_config
[3.454s] Level 1:colcon.colcon_core.environment:checking '/home/bgb_6342/manipulator_ws/install/moveit_config' for CMake config files
[3.455s] Level 1:colcon.colcon_core.shell:create_environment_hook('moveit_config', 'cmake_prefix_path')
[3.455s] INFO:colcon.colcon_core.shell:Creating environment hook '/home/bgb_6342/manipulator_ws/install/moveit_config/share/moveit_config/hook/cmake_prefix_path.ps1'
[3.456s] INFO:colcon.colcon_core.shell:Creating environment descriptor '/home/bgb_6342/manipulator_ws/install/moveit_config/share/moveit_config/hook/cmake_prefix_path.dsv'
[3.456s] INFO:colcon.colcon_core.shell:Creating environment hook '/home/bgb_6342/manipulator_ws/install/moveit_config/share/moveit_config/hook/cmake_prefix_path.sh'
[3.457s] Level 1:colcon.colcon_core.environment:checking '/home/bgb_6342/manipulator_ws/install/moveit_config/bin'
[3.457s] Level 1:colcon.colcon_core.environment:checking '/home/bgb_6342/manipulator_ws/install/moveit_config/lib/pkgconfig/moveit_config.pc'
[3.458s] Level 1:colcon.colcon_core.environment:checking '/home/bgb_6342/manipulator_ws/install/moveit_config/lib/python3.10/site-packages'
[3.458s] Level 1:colcon.colcon_core.environment:checking '/home/bgb_6342/manipulator_ws/install/moveit_config/bin'
[3.458s] INFO:colcon.colcon_core.shell:Creating package script '/home/bgb_6342/manipulator_ws/install/moveit_config/share/moveit_config/package.ps1'
[3.459s] INFO:colcon.colcon_core.shell:Creating package descriptor '/home/bgb_6342/manipulator_ws/install/moveit_config/share/moveit_config/package.dsv'
[3.460s] INFO:colcon.colcon_core.shell:Creating package script '/home/bgb_6342/manipulator_ws/install/moveit_config/share/moveit_config/package.sh'
[3.460s] INFO:colcon.colcon_core.shell:Creating package script '/home/bgb_6342/manipulator_ws/install/moveit_config/share/moveit_config/package.bash'
[3.461s] INFO:colcon.colcon_core.shell:Creating package script '/home/bgb_6342/manipulator_ws/install/moveit_config/share/moveit_config/package.zsh'
[3.461s] Level 1:colcon.colcon_core.environment:create_file_with_runtime_dependencies(/home/bgb_6342/manipulator_ws/install/moveit_config/share/colcon-core/packages/moveit_config)
[3.462s] Level 1:colcon.colcon_core.environment:create_environment_scripts_only(moveit_config)
[3.462s] Level 1:colcon.colcon_core.environment:checking '/home/bgb_6342/manipulator_ws/install/moveit_config' for CMake module files
[3.463s] Level 1:colcon.colcon_core.environment:checking '/home/bgb_6342/manipulator_ws/install/moveit_config' for CMake config files
[3.463s] Level 1:colcon.colcon_core.shell:create_environment_hook('moveit_config', 'cmake_prefix_path')
[3.464s] INFO:colcon.colcon_core.shell:Creating environment hook '/home/bgb_6342/manipulator_ws/install/moveit_config/share/moveit_config/hook/cmake_prefix_path.ps1'
[3.464s] INFO:colcon.colcon_core.shell:Creating environment descriptor '/home/bgb_6342/manipulator_ws/install/moveit_config/share/moveit_config/hook/cmake_prefix_path.dsv'
[3.465s] INFO:colcon.colcon_core.shell:Creating environment hook '/home/bgb_6342/manipulator_ws/install/moveit_config/share/moveit_config/hook/cmake_prefix_path.sh'
[3.466s] Level 1:colcon.colcon_core.environment:checking '/home/bgb_6342/manipulator_ws/install/moveit_config/bin'
[3.466s] Level 1:colcon.colcon_core.environment:checking '/home/bgb_6342/manipulator_ws/install/moveit_config/lib/pkgconfig/moveit_config.pc'
[3.467s] Level 1:colcon.colcon_core.environment:checking '/home/bgb_6342/manipulator_ws/install/moveit_config/lib/python3.10/site-packages'
[3.467s] Level 1:colcon.colcon_core.environment:checking '/home/bgb_6342/manipulator_ws/install/moveit_config/bin'
[3.467s] INFO:colcon.colcon_core.shell:Creating package script '/home/bgb_6342/manipulator_ws/install/moveit_config/share/moveit_config/package.ps1'
[3.468s] INFO:colcon.colcon_core.shell:Creating package descriptor '/home/bgb_6342/manipulator_ws/install/moveit_config/share/moveit_config/package.dsv'
[3.469s] INFO:colcon.colcon_core.shell:Creating package script '/home/bgb_6342/manipulator_ws/install/moveit_config/share/moveit_config/package.sh'
[3.470s] INFO:colcon.colcon_core.shell:Creating package script '/home/bgb_6342/manipulator_ws/install/moveit_config/share/moveit_config/package.bash'
[3.471s] INFO:colcon.colcon_core.shell:Creating package script '/home/bgb_6342/manipulator_ws/install/moveit_config/share/moveit_config/package.zsh'
[3.471s] Level 1:colcon.colcon_core.environment:create_file_with_runtime_dependencies(/home/bgb_6342/manipulator_ws/install/moveit_config/share/colcon-core/packages/moveit_config)
[3.794s] Level 1:colcon.colcon_core.environment:checking '/home/bgb_6342/manipulator_ws/install/stm32_interface_pkg' for CMake module files
[3.795s] DEBUG:colcon.colcon_core.event_handler.log_command:Invoked command in '/home/bgb_6342/manipulator_ws/src/stm32_interface_pkg' returned '0': PYTHONPATH=/home/bgb_6342/manipulator_ws/build/stm32_interface_pkg/prefix_override:/usr/lib/python3/dist-packages/colcon_core/task/python/colcon_distutils_commands:/home/bgb_6342/manipulator_ws/install/stm32_interface_pkg/lib/python3.10/site-packages:${PYTHONPATH} /usr/bin/python3 -W ignore:setup.py install is deprecated -W ignore:easy_install command is deprecated setup.py egg_info --egg-base ../../build/stm32_interface_pkg build --build-base /home/bgb_6342/manipulator_ws/build/stm32_interface_pkg/build install --record /home/bgb_6342/manipulator_ws/build/stm32_interface_pkg/install.log --single-version-externally-managed install_data
[3.795s] Level 1:colcon.colcon_core.environment:checking '/home/bgb_6342/manipulator_ws/install/stm32_interface_pkg' for CMake config files
[3.796s] Level 1:colcon.colcon_core.environment:checking '/home/bgb_6342/manipulator_ws/install/stm32_interface_pkg/lib'
[3.796s] Level 1:colcon.colcon_core.environment:checking '/home/bgb_6342/manipulator_ws/install/stm32_interface_pkg/bin'
[3.796s] Level 1:colcon.colcon_core.environment:checking '/home/bgb_6342/manipulator_ws/install/stm32_interface_pkg/lib/pkgconfig/stm32_interface_pkg.pc'
[3.796s] Level 1:colcon.colcon_core.environment:checking '/home/bgb_6342/manipulator_ws/install/stm32_interface_pkg/lib/python3.10/site-packages'
[3.797s] Level 1:colcon.colcon_core.shell:create_environment_hook('stm32_interface_pkg', 'pythonpath')
[3.797s] INFO:colcon.colcon_core.shell:Creating environment hook '/home/bgb_6342/manipulator_ws/install/stm32_interface_pkg/share/stm32_interface_pkg/hook/pythonpath.ps1'
[3.798s] INFO:colcon.colcon_core.shell:Creating environment descriptor '/home/bgb_6342/manipulator_ws/install/stm32_interface_pkg/share/stm32_interface_pkg/hook/pythonpath.dsv'
[3.799s] INFO:colcon.colcon_core.shell:Creating environment hook '/home/bgb_6342/manipulator_ws/install/stm32_interface_pkg/share/stm32_interface_pkg/hook/pythonpath.sh'
[3.800s] Level 1:colcon.colcon_core.environment:checking '/home/bgb_6342/manipulator_ws/install/stm32_interface_pkg/bin'
[3.800s] Level 1:colcon.colcon_core.environment:create_environment_scripts_only(stm32_interface_pkg)
[3.801s] INFO:colcon.colcon_core.shell:Creating package script '/home/bgb_6342/manipulator_ws/install/stm32_interface_pkg/share/stm32_interface_pkg/package.ps1'
[3.802s] INFO:colcon.colcon_core.shell:Creating package descriptor '/home/bgb_6342/manipulator_ws/install/stm32_interface_pkg/share/stm32_interface_pkg/package.dsv'
[3.803s] INFO:colcon.colcon_core.shell:Creating package script '/home/bgb_6342/manipulator_ws/install/stm32_interface_pkg/share/stm32_interface_pkg/package.sh'
[3.805s] INFO:colcon.colcon_core.shell:Creating package script '/home/bgb_6342/manipulator_ws/install/stm32_interface_pkg/share/stm32_interface_pkg/package.bash'
[3.806s] INFO:colcon.colcon_core.shell:Creating package script '/home/bgb_6342/manipulator_ws/install/stm32_interface_pkg/share/stm32_interface_pkg/package.zsh'
[3.806s] Level 1:colcon.colcon_core.environment:create_file_with_runtime_dependencies(/home/bgb_6342/manipulator_ws/install/stm32_interface_pkg/share/colcon-core/packages/stm32_interface_pkg)
[3.807s] DEBUG:colcon.colcon_parallel_executor.executor.parallel:closing loop
[3.808s] DEBUG:colcon.colcon_parallel_executor.executor.parallel:loop closed
[3.808s] DEBUG:colcon.colcon_parallel_executor.executor.parallel:run_until_complete finished with '0'
[3.808s] DEBUG:colcon.colcon_core.event_reactor:joining thread
[3.847s] INFO:colcon.colcon_core.plugin_system:Skipping extension 'colcon_notification.desktop_notification.notify_send': Could not find 'notify-send'
[3.847s] INFO:colcon.colcon_core.plugin_system:Skipping extension 'colcon_notification.desktop_notification.terminal_notifier': Not used on non-Darwin systems
[3.847s] INFO:colcon.colcon_core.plugin_system:Skipping extension 'colcon_notification.desktop_notification.win32': Not used on non-Windows systems
[3.847s] INFO:colcon.colcon_notification.desktop_notification:Sending desktop notification using 'notify2'
[3.849s] DEBUG:colcon.colcon_notification.desktop_notification.notify2:Failed to initialize notify2: org.freedesktop.DBus.Error.ServiceUnknown: The name org.freedesktop.Notifications was not provided by any .service files
[3.849s] DEBUG:colcon.colcon_core.event_reactor:joined thread
[3.850s] INFO:colcon.colcon_core.shell:Creating prefix script '/home/bgb_6342/manipulator_ws/install/local_setup.ps1'
[3.851s] INFO:colcon.colcon_core.shell:Creating prefix util module '/home/bgb_6342/manipulator_ws/install/_local_setup_util_ps1.py'
[3.852s] INFO:colcon.colcon_core.shell:Creating prefix chain script '/home/bgb_6342/manipulator_ws/install/setup.ps1'
[3.854s] INFO:colcon.colcon_core.shell:Creating prefix script '/home/bgb_6342/manipulator_ws/install/local_setup.sh'
[3.855s] INFO:colcon.colcon_core.shell:Creating prefix util module '/home/bgb_6342/manipulator_ws/install/_local_setup_util_sh.py'
[3.856s] INFO:colcon.colcon_core.shell:Creating prefix chain script '/home/bgb_6342/manipulator_ws/install/setup.sh'
[3.858s] INFO:colcon.colcon_core.shell:Creating prefix script '/home/bgb_6342/manipulator_ws/install/local_setup.bash'
[3.859s] INFO:colcon.colcon_core.shell:Creating prefix chain script '/home/bgb_6342/manipulator_ws/install/setup.bash'
[3.860s] INFO:colcon.colcon_core.shell:Creating prefix script '/home/bgb_6342/manipulator_ws/install/local_setup.zsh'
[3.861s] INFO:colcon.colcon_core.shell:Creating prefix chain script '/home/bgb_6342/manipulator_ws/install/setup.zsh'
