[0.064s] Invoking command in '/home/bgb_6342/manipulator_ws/build/manipulator': CMAKE_PREFIX_PATH=${CMAKE_PREFIX_PATH}:/home/bgb_6342/manipulator_ws/install/stm32_interface_pkg:/home/bgb_6342/manipulator_ws/install/mimic_controller:/home/bgb_6342/manipulator_ws/install/manipulator_test_manager:/home/bgb_6342/manipulator_ws/install/manipulator_hardware:/opt/ros/humble /usr/bin/cmake --build /home/bgb_6342/manipulator_ws/build/manipulator -- -j4 -l4
[1.257s] Invoked command in '/home/bgb_6342/manipulator_ws/build/manipulator' returned '0': CMAKE_PREFIX_PATH=${CMAKE_PREFIX_PATH}:/home/bgb_6342/manipulator_ws/install/stm32_interface_pkg:/home/bgb_6342/manipulator_ws/install/mimic_controller:/home/bgb_6342/manipulator_ws/install/manipulator_test_manager:/home/bgb_6342/manipulator_ws/install/manipulator_hardware:/opt/ros/humble /usr/bin/cmake --build /home/bgb_6342/manipulator_ws/build/manipulator -- -j4 -l4
[1.275s] Invoking command in '/home/bgb_6342/manipulator_ws/build/manipulator': CMAKE_PREFIX_PATH=${CMAKE_PREFIX_PATH}:/home/bgb_6342/manipulator_ws/install/stm32_interface_pkg:/home/bgb_6342/manipulator_ws/install/mimic_controller:/home/bgb_6342/manipulator_ws/install/manipulator_test_manager:/home/bgb_6342/manipulator_ws/install/manipulator_hardware:/opt/ros/humble /usr/bin/cmake --install /home/bgb_6342/manipulator_ws/build/manipulator
[1.285s] -- Install configuration: ""
[1.285s] -- Execute custom install script
[1.286s] -- Up-to-date symlink: /home/bgb_6342/manipulator_ws/install/manipulator/share/manipulator/launch/bringup_real.launch.py
[1.287s] -- Up-to-date symlink: /home/bgb_6342/manipulator_ws/install/manipulator/share/manipulator/launch/display.launch.py
[1.288s] -- Up-to-date symlink: /home/bgb_6342/manipulator_ws/install/manipulator/share/manipulator/launch/launch_sim.launch.py
[1.290s] -- Up-to-date symlink: /home/bgb_6342/manipulator_ws/install/manipulator/share/manipulator/urdf/inertial_macros.xacro
[1.290s] -- Up-to-date symlink: /home/bgb_6342/manipulator_ws/install/manipulator/share/manipulator/urdf/minimal_test.urdf
[1.291s] -- Up-to-date symlink: /home/bgb_6342/manipulator_ws/install/manipulator/share/manipulator/urdf/model.urdf
[1.295s] -- Up-to-date symlink: /home/bgb_6342/manipulator_ws/install/manipulator/share/manipulator/urdf/model.urdf.xacro
[1.295s] -- Up-to-date symlink: /home/bgb_6342/manipulator_ws/install/manipulator/share/manipulator/config/output.log
[1.295s] -- Up-to-date symlink: /home/bgb_6342/manipulator_ws/install/manipulator/share/manipulator/config/ros2_controllers.yaml
[1.296s] -- Up-to-date symlink: /home/bgb_6342/manipulator_ws/install/manipulator/lib/manipulator/teensy_executor.py
[1.296s] -- Up-to-date symlink: /home/bgb_6342/manipulator_ws/install/manipulator/share/ament_index/resource_index/package_run_dependencies/manipulator
[1.296s] -- Up-to-date symlink: /home/bgb_6342/manipulator_ws/install/manipulator/share/ament_index/resource_index/parent_prefix_path/manipulator
[1.296s] -- Up-to-date symlink: /home/bgb_6342/manipulator_ws/install/manipulator/share/manipulator/environment/ament_prefix_path.sh
[1.296s] -- Up-to-date symlink: /home/bgb_6342/manipulator_ws/install/manipulator/share/manipulator/environment/ament_prefix_path.dsv
[1.296s] -- Up-to-date symlink: /home/bgb_6342/manipulator_ws/install/manipulator/share/manipulator/environment/path.sh
[1.296s] -- Up-to-date symlink: /home/bgb_6342/manipulator_ws/install/manipulator/share/manipulator/environment/path.dsv
[1.296s] -- Up-to-date symlink: /home/bgb_6342/manipulator_ws/install/manipulator/share/manipulator/local_setup.bash
[1.296s] -- Up-to-date symlink: /home/bgb_6342/manipulator_ws/install/manipulator/share/manipulator/local_setup.sh
[1.296s] -- Up-to-date symlink: /home/bgb_6342/manipulator_ws/install/manipulator/share/manipulator/local_setup.zsh
[1.296s] -- Up-to-date symlink: /home/bgb_6342/manipulator_ws/install/manipulator/share/manipulator/local_setup.dsv
[1.296s] -- Symlinking: /home/bgb_6342/manipulator_ws/install/manipulator/share/manipulator/package.dsv
[1.311s] -- Up-to-date symlink: /home/bgb_6342/manipulator_ws/install/manipulator/share/ament_index/resource_index/packages/manipulator
[1.316s] -- Up-to-date symlink: /home/bgb_6342/manipulator_ws/install/manipulator/share/manipulator/cmake/manipulatorConfig.cmake
[1.317s] -- Up-to-date symlink: /home/bgb_6342/manipulator_ws/install/manipulator/share/manipulator/cmake/manipulatorConfig-version.cmake
[1.317s] -- Up-to-date symlink: /home/bgb_6342/manipulator_ws/install/manipulator/share/manipulator/package.xml
[1.322s] Invoked command in '/home/bgb_6342/manipulator_ws/build/manipulator' returned '0': CMAKE_PREFIX_PATH=${CMAKE_PREFIX_PATH}:/home/bgb_6342/manipulator_ws/install/stm32_interface_pkg:/home/bgb_6342/manipulator_ws/install/mimic_controller:/home/bgb_6342/manipulator_ws/install/manipulator_test_manager:/home/bgb_6342/manipulator_ws/install/manipulator_hardware:/opt/ros/humble /usr/bin/cmake --install /home/bgb_6342/manipulator_ws/build/manipulator
