[1.917s] DEBUG:colcon:Command line arguments: ['/usr/bin/colcon', 'build', '--symlink-install']
[1.917s] DEBUG:colcon:Parsed command line arguments: Namespace(log_base=None, log_level=None, verb_name='build', build_base='build', install_base='install', merge_install=False, symlink_install=True, test_result_base=None, continue_on_error=False, executor='parallel', parallel_workers=4, event_handlers=None, ignore_user_meta=False, metas=['./colcon.meta'], base_paths=['.'], packages_ignore=None, packages_ignore_regex=None, paths=None, packages_up_to=None, packages_up_to_regex=None, packages_above=None, packages_above_and_dependencies=None, packages_above_depth=None, packages_select_by_dep=None, packages_skip_by_dep=None, packages_skip_up_to=None, packages_select_build_failed=False, packages_skip_build_finished=False, packages_select_test_failures=False, packages_skip_test_passed=False, packages_select=None, packages_skip=None, packages_select_regex=None, packages_skip_regex=None, packages_start=None, packages_end=None, allow_overriding=[], cmake_args=None, cmake_target=None, cmake_target_skip_unavailable=False, cmake_clean_cache=False, cmake_clean_first=False, cmake_force_configure=False, ament_cmake_args=None, catkin_cmake_args=None, catkin_skip_building_tests=False, mixin_files=None, mixin=None, verb_parser=<colcon_mixin.mixin.mixin_argument.MixinArgumentDecorator object at 0x77751e33dc90>, verb_extension=<colcon_core.verb.build.BuildVerb object at 0x77751e33d750>, main=<bound method BuildVerb.main of <colcon_core.verb.build.BuildVerb object at 0x77751e33d750>>, mixin_verb=('build',))
[2.391s] Level 1:colcon.colcon_core.package_discovery:discover_packages(colcon_meta) check parameters
[2.391s] Level 1:colcon.colcon_core.package_discovery:discover_packages(recursive) check parameters
[2.391s] Level 1:colcon.colcon_core.package_discovery:discover_packages(ignore) check parameters
[2.391s] Level 1:colcon.colcon_core.package_discovery:discover_packages(path) check parameters
[2.391s] Level 1:colcon.colcon_core.package_discovery:discover_packages(colcon_meta) discover
[2.391s] Level 1:colcon.colcon_core.package_discovery:discover_packages(recursive) discover
[2.391s] INFO:colcon.colcon_core.package_discovery:Crawling recursively for packages in '/home/bgb_6342/manipulator_ws'
[2.392s] Level 1:colcon.colcon_core.package_identification:_identify(.) by extensions ['ignore', 'ignore_ament_install']
[2.392s] Level 1:colcon.colcon_core.package_identification:_identify(.) by extension 'ignore'
[2.392s] Level 1:colcon.colcon_core.package_identification:_identify(.) by extension 'ignore_ament_install'
[2.392s] Level 1:colcon.colcon_core.package_identification:_identify(.) by extensions ['colcon_pkg']
[2.392s] Level 1:colcon.colcon_core.package_identification:_identify(.) by extension 'colcon_pkg'
[2.392s] Level 1:colcon.colcon_core.package_identification:_identify(.) by extensions ['colcon_meta']
[2.392s] Level 1:colcon.colcon_core.package_identification:_identify(.) by extension 'colcon_meta'
[2.392s] Level 1:colcon.colcon_core.package_identification:_identify(.) by extensions ['ros']
[2.392s] Level 1:colcon.colcon_core.package_identification:_identify(.) by extension 'ros'
[2.414s] Level 1:colcon.colcon_core.package_identification:_identify(.) by extensions ['cmake', 'python']
[2.414s] Level 1:colcon.colcon_core.package_identification:_identify(.) by extension 'cmake'
[2.414s] Level 1:colcon.colcon_core.package_identification:_identify(.) by extension 'python'
[2.414s] Level 1:colcon.colcon_core.package_identification:_identify(.) by extensions ['python_setup_py']
[2.414s] Level 1:colcon.colcon_core.package_identification:_identify(.) by extension 'python_setup_py'
[2.414s] Level 1:colcon.colcon_core.package_identification:_identify(5 DOF Robotic Arm Details) by extensions ['ignore', 'ignore_ament_install']
[2.415s] Level 1:colcon.colcon_core.package_identification:_identify(5 DOF Robotic Arm Details) by extension 'ignore'
[2.415s] Level 1:colcon.colcon_core.package_identification:_identify(5 DOF Robotic Arm Details) by extension 'ignore_ament_install'
[2.415s] Level 1:colcon.colcon_core.package_identification:_identify(5 DOF Robotic Arm Details) by extensions ['colcon_pkg']
[2.415s] Level 1:colcon.colcon_core.package_identification:_identify(5 DOF Robotic Arm Details) by extension 'colcon_pkg'
[2.415s] Level 1:colcon.colcon_core.package_identification:_identify(5 DOF Robotic Arm Details) by extensions ['colcon_meta']
[2.415s] Level 1:colcon.colcon_core.package_identification:_identify(5 DOF Robotic Arm Details) by extension 'colcon_meta'
[2.415s] Level 1:colcon.colcon_core.package_identification:_identify(5 DOF Robotic Arm Details) by extensions ['ros']
[2.415s] Level 1:colcon.colcon_core.package_identification:_identify(5 DOF Robotic Arm Details) by extension 'ros'
[2.415s] Level 1:colcon.colcon_core.package_identification:_identify(5 DOF Robotic Arm Details) by extensions ['cmake', 'python']
[2.415s] Level 1:colcon.colcon_core.package_identification:_identify(5 DOF Robotic Arm Details) by extension 'cmake'
[2.415s] Level 1:colcon.colcon_core.package_identification:_identify(5 DOF Robotic Arm Details) by extension 'python'
[2.415s] Level 1:colcon.colcon_core.package_identification:_identify(5 DOF Robotic Arm Details) by extensions ['python_setup_py']
[2.415s] Level 1:colcon.colcon_core.package_identification:_identify(5 DOF Robotic Arm Details) by extension 'python_setup_py'
[2.416s] Level 1:colcon.colcon_core.package_identification:_identify(Robotic_Arm_Arduino) by extensions ['ignore', 'ignore_ament_install']
[2.416s] Level 1:colcon.colcon_core.package_identification:_identify(Robotic_Arm_Arduino) by extension 'ignore'
[2.416s] Level 1:colcon.colcon_core.package_identification:_identify(Robotic_Arm_Arduino) by extension 'ignore_ament_install'
[2.416s] Level 1:colcon.colcon_core.package_identification:_identify(Robotic_Arm_Arduino) by extensions ['colcon_pkg']
[2.416s] Level 1:colcon.colcon_core.package_identification:_identify(Robotic_Arm_Arduino) by extension 'colcon_pkg'
[2.416s] Level 1:colcon.colcon_core.package_identification:_identify(Robotic_Arm_Arduino) by extensions ['colcon_meta']
[2.416s] Level 1:colcon.colcon_core.package_identification:_identify(Robotic_Arm_Arduino) by extension 'colcon_meta'
[2.416s] Level 1:colcon.colcon_core.package_identification:_identify(Robotic_Arm_Arduino) by extensions ['ros']
[2.416s] Level 1:colcon.colcon_core.package_identification:_identify(Robotic_Arm_Arduino) by extension 'ros'
[2.416s] Level 1:colcon.colcon_core.package_identification:_identify(Robotic_Arm_Arduino) by extensions ['cmake', 'python']
[2.417s] Level 1:colcon.colcon_core.package_identification:_identify(Robotic_Arm_Arduino) by extension 'cmake'
[2.417s] Level 1:colcon.colcon_core.package_identification:_identify(Robotic_Arm_Arduino) by extension 'python'
[2.417s] Level 1:colcon.colcon_core.package_identification:_identify(Robotic_Arm_Arduino) by extensions ['python_setup_py']
[2.417s] Level 1:colcon.colcon_core.package_identification:_identify(Robotic_Arm_Arduino) by extension 'python_setup_py'
[2.417s] Level 1:colcon.colcon_core.package_identification:_identify(Robotic_Arm_Arduino/Joint_Level_Module) by extensions ['ignore', 'ignore_ament_install']
[2.417s] Level 1:colcon.colcon_core.package_identification:_identify(Robotic_Arm_Arduino/Joint_Level_Module) by extension 'ignore'
[2.417s] Level 1:colcon.colcon_core.package_identification:_identify(Robotic_Arm_Arduino/Joint_Level_Module) by extension 'ignore_ament_install'
[2.417s] Level 1:colcon.colcon_core.package_identification:_identify(Robotic_Arm_Arduino/Joint_Level_Module) by extensions ['colcon_pkg']
[2.417s] Level 1:colcon.colcon_core.package_identification:_identify(Robotic_Arm_Arduino/Joint_Level_Module) by extension 'colcon_pkg'
[2.418s] Level 1:colcon.colcon_core.package_identification:_identify(Robotic_Arm_Arduino/Joint_Level_Module) by extensions ['colcon_meta']
[2.418s] Level 1:colcon.colcon_core.package_identification:_identify(Robotic_Arm_Arduino/Joint_Level_Module) by extension 'colcon_meta'
[2.418s] Level 1:colcon.colcon_core.package_identification:_identify(Robotic_Arm_Arduino/Joint_Level_Module) by extensions ['ros']
[2.418s] Level 1:colcon.colcon_core.package_identification:_identify(Robotic_Arm_Arduino/Joint_Level_Module) by extension 'ros'
[2.418s] Level 1:colcon.colcon_core.package_identification:_identify(Robotic_Arm_Arduino/Joint_Level_Module) by extensions ['cmake', 'python']
[2.418s] Level 1:colcon.colcon_core.package_identification:_identify(Robotic_Arm_Arduino/Joint_Level_Module) by extension 'cmake'
[2.419s] Level 1:colcon.colcon_core.package_identification:_identify(Robotic_Arm_Arduino/Joint_Level_Module) by extension 'python'
[2.419s] Level 1:colcon.colcon_core.package_identification:_identify(Robotic_Arm_Arduino/Joint_Level_Module) by extensions ['python_setup_py']
[2.419s] Level 1:colcon.colcon_core.package_identification:_identify(Robotic_Arm_Arduino/Joint_Level_Module) by extension 'python_setup_py'
[2.419s] Level 1:colcon.colcon_core.package_identification:_identify(Robotic_Arm_Arduino/Joint_Level_Test_Master) by extensions ['ignore', 'ignore_ament_install']
[2.420s] Level 1:colcon.colcon_core.package_identification:_identify(Robotic_Arm_Arduino/Joint_Level_Test_Master) by extension 'ignore'
[2.420s] Level 1:colcon.colcon_core.package_identification:_identify(Robotic_Arm_Arduino/Joint_Level_Test_Master) by extension 'ignore_ament_install'
[2.421s] Level 1:colcon.colcon_core.package_identification:_identify(Robotic_Arm_Arduino/Joint_Level_Test_Master) by extensions ['colcon_pkg']
[2.421s] Level 1:colcon.colcon_core.package_identification:_identify(Robotic_Arm_Arduino/Joint_Level_Test_Master) by extension 'colcon_pkg'
[2.421s] Level 1:colcon.colcon_core.package_identification:_identify(Robotic_Arm_Arduino/Joint_Level_Test_Master) by extensions ['colcon_meta']
[2.421s] Level 1:colcon.colcon_core.package_identification:_identify(Robotic_Arm_Arduino/Joint_Level_Test_Master) by extension 'colcon_meta'
[2.421s] Level 1:colcon.colcon_core.package_identification:_identify(Robotic_Arm_Arduino/Joint_Level_Test_Master) by extensions ['ros']
[2.421s] Level 1:colcon.colcon_core.package_identification:_identify(Robotic_Arm_Arduino/Joint_Level_Test_Master) by extension 'ros'
[2.422s] Level 1:colcon.colcon_core.package_identification:_identify(Robotic_Arm_Arduino/Joint_Level_Test_Master) by extensions ['cmake', 'python']
[2.422s] Level 1:colcon.colcon_core.package_identification:_identify(Robotic_Arm_Arduino/Joint_Level_Test_Master) by extension 'cmake'
[2.422s] Level 1:colcon.colcon_core.package_identification:_identify(Robotic_Arm_Arduino/Joint_Level_Test_Master) by extension 'python'
[2.422s] Level 1:colcon.colcon_core.package_identification:_identify(Robotic_Arm_Arduino/Joint_Level_Test_Master) by extensions ['python_setup_py']
[2.422s] Level 1:colcon.colcon_core.package_identification:_identify(Robotic_Arm_Arduino/Joint_Level_Test_Master) by extension 'python_setup_py'
[2.422s] Level 1:colcon.colcon_core.package_identification:_identify(STM32) by extensions ['ignore', 'ignore_ament_install']
[2.422s] Level 1:colcon.colcon_core.package_identification:_identify(STM32) by extension 'ignore'
[2.423s] Level 1:colcon.colcon_core.package_identification:_identify(STM32) by extension 'ignore_ament_install'
[2.423s] Level 1:colcon.colcon_core.package_identification:_identify(STM32) by extensions ['colcon_pkg']
[2.423s] Level 1:colcon.colcon_core.package_identification:_identify(STM32) by extension 'colcon_pkg'
[2.423s] Level 1:colcon.colcon_core.package_identification:_identify(STM32) by extensions ['colcon_meta']
[2.423s] Level 1:colcon.colcon_core.package_identification:_identify(STM32) by extension 'colcon_meta'
[2.423s] Level 1:colcon.colcon_core.package_identification:_identify(STM32) by extensions ['ros']
[2.423s] Level 1:colcon.colcon_core.package_identification:_identify(STM32) by extension 'ros'
[2.423s] Level 1:colcon.colcon_core.package_identification:_identify(STM32) by extensions ['cmake', 'python']
[2.423s] Level 1:colcon.colcon_core.package_identification:_identify(STM32) by extension 'cmake'
[2.423s] Level 1:colcon.colcon_core.package_identification:_identify(STM32) by extension 'python'
[2.423s] Level 1:colcon.colcon_core.package_identification:_identify(STM32) by extensions ['python_setup_py']
[2.423s] Level 1:colcon.colcon_core.package_identification:_identify(STM32) by extension 'python_setup_py'
[2.423s] Level 1:colcon.colcon_core.package_identification:_identify(Teensy 4.1) by extensions ['ignore', 'ignore_ament_install']
[2.424s] Level 1:colcon.colcon_core.package_identification:_identify(Teensy 4.1) by extension 'ignore'
[2.424s] Level 1:colcon.colcon_core.package_identification:_identify(Teensy 4.1) by extension 'ignore_ament_install'
[2.424s] Level 1:colcon.colcon_core.package_identification:_identify(Teensy 4.1) by extensions ['colcon_pkg']
[2.424s] Level 1:colcon.colcon_core.package_identification:_identify(Teensy 4.1) by extension 'colcon_pkg'
[2.424s] Level 1:colcon.colcon_core.package_identification:_identify(Teensy 4.1) by extensions ['colcon_meta']
[2.424s] Level 1:colcon.colcon_core.package_identification:_identify(Teensy 4.1) by extension 'colcon_meta'
[2.424s] Level 1:colcon.colcon_core.package_identification:_identify(Teensy 4.1) by extensions ['ros']
[2.424s] Level 1:colcon.colcon_core.package_identification:_identify(Teensy 4.1) by extension 'ros'
[2.424s] Level 1:colcon.colcon_core.package_identification:_identify(Teensy 4.1) by extensions ['cmake', 'python']
[2.425s] Level 1:colcon.colcon_core.package_identification:_identify(Teensy 4.1) by extension 'cmake'
[2.425s] Level 1:colcon.colcon_core.package_identification:_identify(Teensy 4.1) by extension 'python'
[2.425s] Level 1:colcon.colcon_core.package_identification:_identify(Teensy 4.1) by extensions ['python_setup_py']
[2.425s] Level 1:colcon.colcon_core.package_identification:_identify(Teensy 4.1) by extension 'python_setup_py'
[2.425s] Level 1:colcon.colcon_core.package_identification:_identify(Teensy 4.1/Teensy_Controller) by extensions ['ignore', 'ignore_ament_install']
[2.425s] Level 1:colcon.colcon_core.package_identification:_identify(Teensy 4.1/Teensy_Controller) by extension 'ignore'
[2.425s] Level 1:colcon.colcon_core.package_identification:_identify(Teensy 4.1/Teensy_Controller) by extension 'ignore_ament_install'
[2.425s] Level 1:colcon.colcon_core.package_identification:_identify(Teensy 4.1/Teensy_Controller) by extensions ['colcon_pkg']
[2.425s] Level 1:colcon.colcon_core.package_identification:_identify(Teensy 4.1/Teensy_Controller) by extension 'colcon_pkg'
[2.425s] Level 1:colcon.colcon_core.package_identification:_identify(Teensy 4.1/Teensy_Controller) by extensions ['colcon_meta']
[2.425s] Level 1:colcon.colcon_core.package_identification:_identify(Teensy 4.1/Teensy_Controller) by extension 'colcon_meta'
[2.425s] Level 1:colcon.colcon_core.package_identification:_identify(Teensy 4.1/Teensy_Controller) by extensions ['ros']
[2.426s] Level 1:colcon.colcon_core.package_identification:_identify(Teensy 4.1/Teensy_Controller) by extension 'ros'
[2.426s] Level 1:colcon.colcon_core.package_identification:_identify(Teensy 4.1/Teensy_Controller) by extensions ['cmake', 'python']
[2.426s] Level 1:colcon.colcon_core.package_identification:_identify(Teensy 4.1/Teensy_Controller) by extension 'cmake'
[2.426s] Level 1:colcon.colcon_core.package_identification:_identify(Teensy 4.1/Teensy_Controller) by extension 'python'
[2.426s] Level 1:colcon.colcon_core.package_identification:_identify(Teensy 4.1/Teensy_Controller) by extensions ['python_setup_py']
[2.426s] Level 1:colcon.colcon_core.package_identification:_identify(Teensy 4.1/Teensy_Controller) by extension 'python_setup_py'
[2.426s] Level 1:colcon.colcon_core.package_identification:_identify(Teensy 4.1/Teensy_Slave_V3) by extensions ['ignore', 'ignore_ament_install']
[2.426s] Level 1:colcon.colcon_core.package_identification:_identify(Teensy 4.1/Teensy_Slave_V3) by extension 'ignore'
[2.426s] Level 1:colcon.colcon_core.package_identification:_identify(Teensy 4.1/Teensy_Slave_V3) by extension 'ignore_ament_install'
[2.426s] Level 1:colcon.colcon_core.package_identification:_identify(Teensy 4.1/Teensy_Slave_V3) by extensions ['colcon_pkg']
[2.426s] Level 1:colcon.colcon_core.package_identification:_identify(Teensy 4.1/Teensy_Slave_V3) by extension 'colcon_pkg'
[2.427s] Level 1:colcon.colcon_core.package_identification:_identify(Teensy 4.1/Teensy_Slave_V3) by extensions ['colcon_meta']
[2.427s] Level 1:colcon.colcon_core.package_identification:_identify(Teensy 4.1/Teensy_Slave_V3) by extension 'colcon_meta'
[2.427s] Level 1:colcon.colcon_core.package_identification:_identify(Teensy 4.1/Teensy_Slave_V3) by extensions ['ros']
[2.427s] Level 1:colcon.colcon_core.package_identification:_identify(Teensy 4.1/Teensy_Slave_V3) by extension 'ros'
[2.427s] Level 1:colcon.colcon_core.package_identification:_identify(Teensy 4.1/Teensy_Slave_V3) by extensions ['cmake', 'python']
[2.427s] Level 1:colcon.colcon_core.package_identification:_identify(Teensy 4.1/Teensy_Slave_V3) by extension 'cmake'
[2.427s] Level 1:colcon.colcon_core.package_identification:_identify(Teensy 4.1/Teensy_Slave_V3) by extension 'python'
[2.427s] Level 1:colcon.colcon_core.package_identification:_identify(Teensy 4.1/Teensy_Slave_V3) by extensions ['python_setup_py']
[2.427s] Level 1:colcon.colcon_core.package_identification:_identify(Teensy 4.1/Teensy_Slave_V3) by extension 'python_setup_py'
[2.427s] Level 1:colcon.colcon_core.package_identification:_identify(build) by extensions ['ignore', 'ignore_ament_install']
[2.427s] Level 1:colcon.colcon_core.package_identification:_identify(build) by extension 'ignore'
[2.427s] Level 1:colcon.colcon_core.package_identification:_identify(build) ignored
[2.428s] Level 1:colcon.colcon_core.package_identification:_identify(install) by extensions ['ignore', 'ignore_ament_install']
[2.428s] Level 1:colcon.colcon_core.package_identification:_identify(install) by extension 'ignore'
[2.428s] Level 1:colcon.colcon_core.package_identification:_identify(install) ignored
[2.428s] Level 1:colcon.colcon_core.package_identification:_identify(log) by extensions ['ignore', 'ignore_ament_install']
[2.428s] Level 1:colcon.colcon_core.package_identification:_identify(log) by extension 'ignore'
[2.429s] Level 1:colcon.colcon_core.package_identification:_identify(log) ignored
[2.429s] Level 1:colcon.colcon_core.package_identification:_identify(src) by extensions ['ignore', 'ignore_ament_install']
[2.429s] Level 1:colcon.colcon_core.package_identification:_identify(src) by extension 'ignore'
[2.429s] Level 1:colcon.colcon_core.package_identification:_identify(src) by extension 'ignore_ament_install'
[2.429s] Level 1:colcon.colcon_core.package_identification:_identify(src) by extensions ['colcon_pkg']
[2.429s] Level 1:colcon.colcon_core.package_identification:_identify(src) by extension 'colcon_pkg'
[2.429s] Level 1:colcon.colcon_core.package_identification:_identify(src) by extensions ['colcon_meta']
[2.429s] Level 1:colcon.colcon_core.package_identification:_identify(src) by extension 'colcon_meta'
[2.429s] Level 1:colcon.colcon_core.package_identification:_identify(src) by extensions ['ros']
[2.429s] Level 1:colcon.colcon_core.package_identification:_identify(src) by extension 'ros'
[2.429s] Level 1:colcon.colcon_core.package_identification:_identify(src) by extensions ['cmake', 'python']
[2.429s] Level 1:colcon.colcon_core.package_identification:_identify(src) by extension 'cmake'
[2.429s] Level 1:colcon.colcon_core.package_identification:_identify(src) by extension 'python'
[2.429s] Level 1:colcon.colcon_core.package_identification:_identify(src) by extensions ['python_setup_py']
[2.430s] Level 1:colcon.colcon_core.package_identification:_identify(src) by extension 'python_setup_py'
[2.430s] Level 1:colcon.colcon_core.package_identification:_identify(src/manipulator) by extensions ['ignore', 'ignore_ament_install']
[2.430s] Level 1:colcon.colcon_core.package_identification:_identify(src/manipulator) by extension 'ignore'
[2.430s] Level 1:colcon.colcon_core.package_identification:_identify(src/manipulator) by extension 'ignore_ament_install'
[2.430s] Level 1:colcon.colcon_core.package_identification:_identify(src/manipulator) by extensions ['colcon_pkg']
[2.430s] Level 1:colcon.colcon_core.package_identification:_identify(src/manipulator) by extension 'colcon_pkg'
[2.430s] Level 1:colcon.colcon_core.package_identification:_identify(src/manipulator) by extensions ['colcon_meta']
[2.430s] Level 1:colcon.colcon_core.package_identification:_identify(src/manipulator) by extension 'colcon_meta'
[2.430s] Level 1:colcon.colcon_core.package_identification:_identify(src/manipulator) by extensions ['ros']
[2.430s] Level 1:colcon.colcon_core.package_identification:_identify(src/manipulator) by extension 'ros'
[2.436s] DEBUG:colcon.colcon_core.package_identification:Package 'src/manipulator' with type 'ros.ament_cmake' and name 'manipulator'
[2.437s] Level 1:colcon.colcon_core.package_identification:_identify(src/manipulator_hardware) by extensions ['ignore', 'ignore_ament_install']
[2.437s] Level 1:colcon.colcon_core.package_identification:_identify(src/manipulator_hardware) by extension 'ignore'
[2.437s] Level 1:colcon.colcon_core.package_identification:_identify(src/manipulator_hardware) by extension 'ignore_ament_install'
[2.437s] Level 1:colcon.colcon_core.package_identification:_identify(src/manipulator_hardware) by extensions ['colcon_pkg']
[2.438s] Level 1:colcon.colcon_core.package_identification:_identify(src/manipulator_hardware) by extension 'colcon_pkg'
[2.438s] Level 1:colcon.colcon_core.package_identification:_identify(src/manipulator_hardware) by extensions ['colcon_meta']
[2.438s] Level 1:colcon.colcon_core.package_identification:_identify(src/manipulator_hardware) by extension 'colcon_meta'
[2.438s] Level 1:colcon.colcon_core.package_identification:_identify(src/manipulator_hardware) by extensions ['ros']
[2.438s] Level 1:colcon.colcon_core.package_identification:_identify(src/manipulator_hardware) by extension 'ros'
[2.440s] DEBUG:colcon.colcon_core.package_identification:Package 'src/manipulator_hardware' with type 'ros.ament_python' and name 'manipulator_hardware'
[2.440s] Level 1:colcon.colcon_core.package_identification:_identify(src/manipulator_test_manager) by extensions ['ignore', 'ignore_ament_install']
[2.440s] Level 1:colcon.colcon_core.package_identification:_identify(src/manipulator_test_manager) by extension 'ignore'
[2.441s] Level 1:colcon.colcon_core.package_identification:_identify(src/manipulator_test_manager) by extension 'ignore_ament_install'
[2.441s] Level 1:colcon.colcon_core.package_identification:_identify(src/manipulator_test_manager) by extensions ['colcon_pkg']
[2.441s] Level 1:colcon.colcon_core.package_identification:_identify(src/manipulator_test_manager) by extension 'colcon_pkg'
[2.441s] Level 1:colcon.colcon_core.package_identification:_identify(src/manipulator_test_manager) by extensions ['colcon_meta']
[2.441s] Level 1:colcon.colcon_core.package_identification:_identify(src/manipulator_test_manager) by extension 'colcon_meta'
[2.441s] Level 1:colcon.colcon_core.package_identification:_identify(src/manipulator_test_manager) by extensions ['ros']
[2.441s] Level 1:colcon.colcon_core.package_identification:_identify(src/manipulator_test_manager) by extension 'ros'
[2.443s] DEBUG:colcon.colcon_core.package_identification:Package 'src/manipulator_test_manager' with type 'ros.ament_python' and name 'manipulator_test_manager'
[2.443s] Level 1:colcon.colcon_core.package_identification:_identify(src/mimic_controller) by extensions ['ignore', 'ignore_ament_install']
[2.444s] Level 1:colcon.colcon_core.package_identification:_identify(src/mimic_controller) by extension 'ignore'
[2.444s] Level 1:colcon.colcon_core.package_identification:_identify(src/mimic_controller) by extension 'ignore_ament_install'
[2.444s] Level 1:colcon.colcon_core.package_identification:_identify(src/mimic_controller) by extensions ['colcon_pkg']
[2.444s] Level 1:colcon.colcon_core.package_identification:_identify(src/mimic_controller) by extension 'colcon_pkg'
[2.444s] Level 1:colcon.colcon_core.package_identification:_identify(src/mimic_controller) by extensions ['colcon_meta']
[2.444s] Level 1:colcon.colcon_core.package_identification:_identify(src/mimic_controller) by extension 'colcon_meta'
[2.444s] Level 1:colcon.colcon_core.package_identification:_identify(src/mimic_controller) by extensions ['ros']
[2.444s] Level 1:colcon.colcon_core.package_identification:_identify(src/mimic_controller) by extension 'ros'
[2.445s] DEBUG:colcon.colcon_core.package_identification:Package 'src/mimic_controller' with type 'ros.ament_python' and name 'mimic_controller'
[2.446s] Level 1:colcon.colcon_core.package_identification:_identify(src/moveit_config) by extensions ['ignore', 'ignore_ament_install']
[2.446s] Level 1:colcon.colcon_core.package_identification:_identify(src/moveit_config) by extension 'ignore'
[2.446s] Level 1:colcon.colcon_core.package_identification:_identify(src/moveit_config) by extension 'ignore_ament_install'
[2.446s] Level 1:colcon.colcon_core.package_identification:_identify(src/moveit_config) by extensions ['colcon_pkg']
[2.446s] Level 1:colcon.colcon_core.package_identification:_identify(src/moveit_config) by extension 'colcon_pkg'
[2.446s] Level 1:colcon.colcon_core.package_identification:_identify(src/moveit_config) by extensions ['colcon_meta']
[2.446s] Level 1:colcon.colcon_core.package_identification:_identify(src/moveit_config) by extension 'colcon_meta'
[2.446s] Level 1:colcon.colcon_core.package_identification:_identify(src/moveit_config) by extensions ['ros']
[2.446s] Level 1:colcon.colcon_core.package_identification:_identify(src/moveit_config) by extension 'ros'
[2.447s] DEBUG:colcon.colcon_core.package_identification:Package 'src/moveit_config' with type 'ros.ament_cmake' and name 'moveit_config'
[2.447s] Level 1:colcon.colcon_core.package_identification:_identify(src/stm32_interface_pkg) by extensions ['ignore', 'ignore_ament_install']
[2.448s] Level 1:colcon.colcon_core.package_identification:_identify(src/stm32_interface_pkg) by extension 'ignore'
[2.448s] Level 1:colcon.colcon_core.package_identification:_identify(src/stm32_interface_pkg) by extension 'ignore_ament_install'
[2.448s] Level 1:colcon.colcon_core.package_identification:_identify(src/stm32_interface_pkg) by extensions ['colcon_pkg']
[2.448s] Level 1:colcon.colcon_core.package_identification:_identify(src/stm32_interface_pkg) by extension 'colcon_pkg'
[2.448s] Level 1:colcon.colcon_core.package_identification:_identify(src/stm32_interface_pkg) by extensions ['colcon_meta']
[2.448s] Level 1:colcon.colcon_core.package_identification:_identify(src/stm32_interface_pkg) by extension 'colcon_meta'
[2.448s] Level 1:colcon.colcon_core.package_identification:_identify(src/stm32_interface_pkg) by extensions ['ros']
[2.448s] Level 1:colcon.colcon_core.package_identification:_identify(src/stm32_interface_pkg) by extension 'ros'
[2.449s] DEBUG:colcon.colcon_core.package_identification:Package 'src/stm32_interface_pkg' with type 'ros.ament_python' and name 'stm32_interface_pkg'
[2.449s] Level 1:colcon.colcon_core.package_discovery:discover_packages(recursive) using defaults
[2.450s] Level 1:colcon.colcon_core.package_discovery:discover_packages(ignore) discover
[2.450s] Level 1:colcon.colcon_core.package_discovery:discover_packages(ignore) using defaults
[2.450s] Level 1:colcon.colcon_core.package_discovery:discover_packages(path) discover
[2.450s] Level 1:colcon.colcon_core.package_discovery:discover_packages(path) using defaults
[2.533s] Level 1:colcon.colcon_core.package_discovery:discover_packages(prefix_path) check parameters
[2.533s] Level 1:colcon.colcon_core.package_discovery:discover_packages(prefix_path) discover
[2.540s] DEBUG:colcon.colcon_installed_package_information.package_discovery:Found 365 installed packages in /opt/ros/humble
[2.543s] Level 1:colcon.colcon_core.package_discovery:discover_packages(prefix_path) using defaults
[2.613s] Level 5:colcon.colcon_core.verb:set package 'manipulator' build argument 'cmake_args' from command line to 'None'
[2.613s] Level 5:colcon.colcon_core.verb:set package 'manipulator' build argument 'cmake_target' from command line to 'None'
[2.613s] Level 5:colcon.colcon_core.verb:set package 'manipulator' build argument 'cmake_target_skip_unavailable' from command line to 'False'
[2.613s] Level 5:colcon.colcon_core.verb:set package 'manipulator' build argument 'cmake_clean_cache' from command line to 'False'
[2.613s] Level 5:colcon.colcon_core.verb:set package 'manipulator' build argument 'cmake_clean_first' from command line to 'False'
[2.613s] Level 5:colcon.colcon_core.verb:set package 'manipulator' build argument 'cmake_force_configure' from command line to 'False'
[2.613s] Level 5:colcon.colcon_core.verb:set package 'manipulator' build argument 'ament_cmake_args' from command line to 'None'
[2.613s] Level 5:colcon.colcon_core.verb:set package 'manipulator' build argument 'catkin_cmake_args' from command line to 'None'
[2.613s] Level 5:colcon.colcon_core.verb:set package 'manipulator' build argument 'catkin_skip_building_tests' from command line to 'False'
[2.613s] DEBUG:colcon.colcon_core.verb:Building package 'manipulator' with the following arguments: {'ament_cmake_args': None, 'build_base': '/home/bgb_6342/manipulator_ws/build/manipulator', 'catkin_cmake_args': None, 'catkin_skip_building_tests': False, 'cmake_args': None, 'cmake_clean_cache': False, 'cmake_clean_first': False, 'cmake_force_configure': False, 'cmake_target': None, 'cmake_target_skip_unavailable': False, 'install_base': '/home/bgb_6342/manipulator_ws/install/manipulator', 'merge_install': False, 'path': '/home/bgb_6342/manipulator_ws/src/manipulator', 'symlink_install': True, 'test_result_base': None}
[2.614s] Level 5:colcon.colcon_core.verb:set package 'manipulator_hardware' build argument 'cmake_args' from command line to 'None'
[2.614s] Level 5:colcon.colcon_core.verb:set package 'manipulator_hardware' build argument 'cmake_target' from command line to 'None'
[2.614s] Level 5:colcon.colcon_core.verb:set package 'manipulator_hardware' build argument 'cmake_target_skip_unavailable' from command line to 'False'
[2.614s] Level 5:colcon.colcon_core.verb:set package 'manipulator_hardware' build argument 'cmake_clean_cache' from command line to 'False'
[2.614s] Level 5:colcon.colcon_core.verb:set package 'manipulator_hardware' build argument 'cmake_clean_first' from command line to 'False'
[2.614s] Level 5:colcon.colcon_core.verb:set package 'manipulator_hardware' build argument 'cmake_force_configure' from command line to 'False'
[2.614s] Level 5:colcon.colcon_core.verb:set package 'manipulator_hardware' build argument 'ament_cmake_args' from command line to 'None'
[2.614s] Level 5:colcon.colcon_core.verb:set package 'manipulator_hardware' build argument 'catkin_cmake_args' from command line to 'None'
[2.614s] Level 5:colcon.colcon_core.verb:set package 'manipulator_hardware' build argument 'catkin_skip_building_tests' from command line to 'False'
[2.614s] DEBUG:colcon.colcon_core.verb:Building package 'manipulator_hardware' with the following arguments: {'ament_cmake_args': None, 'build_base': '/home/bgb_6342/manipulator_ws/build/manipulator_hardware', 'catkin_cmake_args': None, 'catkin_skip_building_tests': False, 'cmake_args': None, 'cmake_clean_cache': False, 'cmake_clean_first': False, 'cmake_force_configure': False, 'cmake_target': None, 'cmake_target_skip_unavailable': False, 'install_base': '/home/bgb_6342/manipulator_ws/install/manipulator_hardware', 'merge_install': False, 'path': '/home/bgb_6342/manipulator_ws/src/manipulator_hardware', 'symlink_install': True, 'test_result_base': None}
[2.614s] Level 5:colcon.colcon_core.verb:set package 'manipulator_test_manager' build argument 'cmake_args' from command line to 'None'
[2.614s] Level 5:colcon.colcon_core.verb:set package 'manipulator_test_manager' build argument 'cmake_target' from command line to 'None'
[2.614s] Level 5:colcon.colcon_core.verb:set package 'manipulator_test_manager' build argument 'cmake_target_skip_unavailable' from command line to 'False'
[2.614s] Level 5:colcon.colcon_core.verb:set package 'manipulator_test_manager' build argument 'cmake_clean_cache' from command line to 'False'
[2.614s] Level 5:colcon.colcon_core.verb:set package 'manipulator_test_manager' build argument 'cmake_clean_first' from command line to 'False'
[2.614s] Level 5:colcon.colcon_core.verb:set package 'manipulator_test_manager' build argument 'cmake_force_configure' from command line to 'False'
[2.615s] Level 5:colcon.colcon_core.verb:set package 'manipulator_test_manager' build argument 'ament_cmake_args' from command line to 'None'
[2.615s] Level 5:colcon.colcon_core.verb:set package 'manipulator_test_manager' build argument 'catkin_cmake_args' from command line to 'None'
[2.615s] Level 5:colcon.colcon_core.verb:set package 'manipulator_test_manager' build argument 'catkin_skip_building_tests' from command line to 'False'
[2.615s] DEBUG:colcon.colcon_core.verb:Building package 'manipulator_test_manager' with the following arguments: {'ament_cmake_args': None, 'build_base': '/home/bgb_6342/manipulator_ws/build/manipulator_test_manager', 'catkin_cmake_args': None, 'catkin_skip_building_tests': False, 'cmake_args': None, 'cmake_clean_cache': False, 'cmake_clean_first': False, 'cmake_force_configure': False, 'cmake_target': None, 'cmake_target_skip_unavailable': False, 'install_base': '/home/bgb_6342/manipulator_ws/install/manipulator_test_manager', 'merge_install': False, 'path': '/home/bgb_6342/manipulator_ws/src/manipulator_test_manager', 'symlink_install': True, 'test_result_base': None}
[2.615s] Level 5:colcon.colcon_core.verb:set package 'mimic_controller' build argument 'cmake_args' from command line to 'None'
[2.615s] Level 5:colcon.colcon_core.verb:set package 'mimic_controller' build argument 'cmake_target' from command line to 'None'
[2.615s] Level 5:colcon.colcon_core.verb:set package 'mimic_controller' build argument 'cmake_target_skip_unavailable' from command line to 'False'
[2.615s] Level 5:colcon.colcon_core.verb:set package 'mimic_controller' build argument 'cmake_clean_cache' from command line to 'False'
[2.615s] Level 5:colcon.colcon_core.verb:set package 'mimic_controller' build argument 'cmake_clean_first' from command line to 'False'
[2.615s] Level 5:colcon.colcon_core.verb:set package 'mimic_controller' build argument 'cmake_force_configure' from command line to 'False'
[2.615s] Level 5:colcon.colcon_core.verb:set package 'mimic_controller' build argument 'ament_cmake_args' from command line to 'None'
[2.615s] Level 5:colcon.colcon_core.verb:set package 'mimic_controller' build argument 'catkin_cmake_args' from command line to 'None'
[2.615s] Level 5:colcon.colcon_core.verb:set package 'mimic_controller' build argument 'catkin_skip_building_tests' from command line to 'False'
[2.615s] DEBUG:colcon.colcon_core.verb:Building package 'mimic_controller' with the following arguments: {'ament_cmake_args': None, 'build_base': '/home/bgb_6342/manipulator_ws/build/mimic_controller', 'catkin_cmake_args': None, 'catkin_skip_building_tests': False, 'cmake_args': None, 'cmake_clean_cache': False, 'cmake_clean_first': False, 'cmake_force_configure': False, 'cmake_target': None, 'cmake_target_skip_unavailable': False, 'install_base': '/home/bgb_6342/manipulator_ws/install/mimic_controller', 'merge_install': False, 'path': '/home/bgb_6342/manipulator_ws/src/mimic_controller', 'symlink_install': True, 'test_result_base': None}
[2.616s] Level 5:colcon.colcon_core.verb:set package 'stm32_interface_pkg' build argument 'cmake_args' from command line to 'None'
[2.616s] Level 5:colcon.colcon_core.verb:set package 'stm32_interface_pkg' build argument 'cmake_target' from command line to 'None'
[2.616s] Level 5:colcon.colcon_core.verb:set package 'stm32_interface_pkg' build argument 'cmake_target_skip_unavailable' from command line to 'False'
[2.616s] Level 5:colcon.colcon_core.verb:set package 'stm32_interface_pkg' build argument 'cmake_clean_cache' from command line to 'False'
[2.616s] Level 5:colcon.colcon_core.verb:set package 'stm32_interface_pkg' build argument 'cmake_clean_first' from command line to 'False'
[2.616s] Level 5:colcon.colcon_core.verb:set package 'stm32_interface_pkg' build argument 'cmake_force_configure' from command line to 'False'
[2.616s] Level 5:colcon.colcon_core.verb:set package 'stm32_interface_pkg' build argument 'ament_cmake_args' from command line to 'None'
[2.616s] Level 5:colcon.colcon_core.verb:set package 'stm32_interface_pkg' build argument 'catkin_cmake_args' from command line to 'None'
[2.616s] Level 5:colcon.colcon_core.verb:set package 'stm32_interface_pkg' build argument 'catkin_skip_building_tests' from command line to 'False'
[2.616s] DEBUG:colcon.colcon_core.verb:Building package 'stm32_interface_pkg' with the following arguments: {'ament_cmake_args': None, 'build_base': '/home/bgb_6342/manipulator_ws/build/stm32_interface_pkg', 'catkin_cmake_args': None, 'catkin_skip_building_tests': False, 'cmake_args': None, 'cmake_clean_cache': False, 'cmake_clean_first': False, 'cmake_force_configure': False, 'cmake_target': None, 'cmake_target_skip_unavailable': False, 'install_base': '/home/bgb_6342/manipulator_ws/install/stm32_interface_pkg', 'merge_install': False, 'path': '/home/bgb_6342/manipulator_ws/src/stm32_interface_pkg', 'symlink_install': True, 'test_result_base': None}
[2.616s] Level 5:colcon.colcon_core.verb:set package 'moveit_config' build argument 'cmake_args' from command line to 'None'
[2.617s] Level 5:colcon.colcon_core.verb:set package 'moveit_config' build argument 'cmake_target' from command line to 'None'
[2.617s] Level 5:colcon.colcon_core.verb:set package 'moveit_config' build argument 'cmake_target_skip_unavailable' from command line to 'False'
[2.617s] Level 5:colcon.colcon_core.verb:set package 'moveit_config' build argument 'cmake_clean_cache' from command line to 'False'
[2.617s] Level 5:colcon.colcon_core.verb:set package 'moveit_config' build argument 'cmake_clean_first' from command line to 'False'
[2.617s] Level 5:colcon.colcon_core.verb:set package 'moveit_config' build argument 'cmake_force_configure' from command line to 'False'
[2.617s] Level 5:colcon.colcon_core.verb:set package 'moveit_config' build argument 'ament_cmake_args' from command line to 'None'
[2.617s] Level 5:colcon.colcon_core.verb:set package 'moveit_config' build argument 'catkin_cmake_args' from command line to 'None'
[2.617s] Level 5:colcon.colcon_core.verb:set package 'moveit_config' build argument 'catkin_skip_building_tests' from command line to 'False'
[2.617s] DEBUG:colcon.colcon_core.verb:Building package 'moveit_config' with the following arguments: {'ament_cmake_args': None, 'build_base': '/home/bgb_6342/manipulator_ws/build/moveit_config', 'catkin_cmake_args': None, 'catkin_skip_building_tests': False, 'cmake_args': None, 'cmake_clean_cache': False, 'cmake_clean_first': False, 'cmake_force_configure': False, 'cmake_target': None, 'cmake_target_skip_unavailable': False, 'install_base': '/home/bgb_6342/manipulator_ws/install/moveit_config', 'merge_install': False, 'path': '/home/bgb_6342/manipulator_ws/src/moveit_config', 'symlink_install': True, 'test_result_base': None}
[2.617s] INFO:colcon.colcon_core.executor:Executing jobs using 'parallel' executor
[2.619s] DEBUG:colcon.colcon_parallel_executor.executor.parallel:run_until_complete
[2.619s] INFO:colcon.colcon_ros.task.ament_cmake.build:Building ROS package in '/home/bgb_6342/manipulator_ws/src/manipulator' with build type 'ament_cmake'
[2.620s] INFO:colcon.colcon_cmake.task.cmake.build:Building CMake package in '/home/bgb_6342/manipulator_ws/src/manipulator'
[2.632s] INFO:colcon.colcon_core.plugin_system:Skipping extension 'colcon_core.shell.bat': Not used on non-Windows systems
[2.632s] INFO:colcon.colcon_core.shell:Skip shell extension 'powershell' for command environment: Not usable outside of PowerShell
[2.632s] DEBUG:colcon.colcon_core.shell:Skip shell extension 'dsv' for command environment
[2.640s] INFO:colcon.colcon_ros.task.ament_python.build:Building ROS package in '/home/bgb_6342/manipulator_ws/src/manipulator_hardware' with build type 'ament_python'
[2.641s] Level 1:colcon.colcon_core.shell:create_environment_hook('manipulator_hardware', 'ament_prefix_path')
[2.641s] INFO:colcon.colcon_core.shell:Creating environment hook '/home/bgb_6342/manipulator_ws/install/manipulator_hardware/share/manipulator_hardware/hook/ament_prefix_path.ps1'
[2.645s] INFO:colcon.colcon_core.shell:Creating environment descriptor '/home/bgb_6342/manipulator_ws/install/manipulator_hardware/share/manipulator_hardware/hook/ament_prefix_path.dsv'
[2.646s] INFO:colcon.colcon_core.shell:Creating environment hook '/home/bgb_6342/manipulator_ws/install/manipulator_hardware/share/manipulator_hardware/hook/ament_prefix_path.sh'
[2.657s] INFO:colcon.colcon_core.shell:Skip shell extension 'powershell' for command environment: Not usable outside of PowerShell
[2.657s] DEBUG:colcon.colcon_core.shell:Skip shell extension 'dsv' for command environment
[2.662s] INFO:colcon.colcon_ros.task.ament_python.build:Building ROS package in '/home/bgb_6342/manipulator_ws/src/manipulator_test_manager' with build type 'ament_python'
[2.662s] Level 1:colcon.colcon_core.shell:create_environment_hook('manipulator_test_manager', 'ament_prefix_path')
[2.664s] INFO:colcon.colcon_core.shell:Creating environment hook '/home/bgb_6342/manipulator_ws/install/manipulator_test_manager/share/manipulator_test_manager/hook/ament_prefix_path.ps1'
[2.665s] INFO:colcon.colcon_core.shell:Creating environment descriptor '/home/bgb_6342/manipulator_ws/install/manipulator_test_manager/share/manipulator_test_manager/hook/ament_prefix_path.dsv'
[2.666s] INFO:colcon.colcon_core.shell:Creating environment hook '/home/bgb_6342/manipulator_ws/install/manipulator_test_manager/share/manipulator_test_manager/hook/ament_prefix_path.sh'
[2.667s] INFO:colcon.colcon_core.shell:Skip shell extension 'powershell' for command environment: Not usable outside of PowerShell
[2.667s] DEBUG:colcon.colcon_core.shell:Skip shell extension 'dsv' for command environment
[2.672s] INFO:colcon.colcon_ros.task.ament_python.build:Building ROS package in '/home/bgb_6342/manipulator_ws/src/mimic_controller' with build type 'ament_python'
[2.672s] Level 1:colcon.colcon_core.shell:create_environment_hook('mimic_controller', 'ament_prefix_path')
[2.672s] INFO:colcon.colcon_core.shell:Creating environment hook '/home/bgb_6342/manipulator_ws/install/mimic_controller/share/mimic_controller/hook/ament_prefix_path.ps1'
[2.673s] INFO:colcon.colcon_core.shell:Creating environment descriptor '/home/bgb_6342/manipulator_ws/install/mimic_controller/share/mimic_controller/hook/ament_prefix_path.dsv'
[2.674s] INFO:colcon.colcon_core.shell:Creating environment hook '/home/bgb_6342/manipulator_ws/install/mimic_controller/share/mimic_controller/hook/ament_prefix_path.sh'
[2.680s] INFO:colcon.colcon_core.shell:Skip shell extension 'powershell' for command environment: Not usable outside of PowerShell
[2.680s] DEBUG:colcon.colcon_core.shell:Skip shell extension 'dsv' for command environment
[2.703s] DEBUG:colcon.colcon_core.event_handler.log_command:Invoking command in '/home/bgb_6342/manipulator_ws/build/manipulator': CMAKE_PREFIX_PATH=/opt/ros/humble /usr/bin/cmake --build /home/bgb_6342/manipulator_ws/build/manipulator -- -j4 -l4
[3.163s] INFO:colcon.colcon_core.task.python.build:Building Python package in '/home/bgb_6342/manipulator_ws/src/manipulator_hardware'
[3.164s] INFO:colcon.colcon_core.shell:Skip shell extension 'powershell' for command environment: Not usable outside of PowerShell
[3.164s] DEBUG:colcon.colcon_core.shell:Skip shell extension 'dsv' for command environment
[3.587s] INFO:colcon.colcon_core.task.python.build:Building Python package in '/home/bgb_6342/manipulator_ws/src/manipulator_test_manager'
[3.588s] INFO:colcon.colcon_core.shell:Skip shell extension 'powershell' for command environment: Not usable outside of PowerShell
[3.588s] DEBUG:colcon.colcon_core.shell:Skip shell extension 'dsv' for command environment
[3.993s] INFO:colcon.colcon_core.task.python.build:Building Python package in '/home/bgb_6342/manipulator_ws/src/mimic_controller'
[3.993s] INFO:colcon.colcon_core.shell:Skip shell extension 'powershell' for command environment: Not usable outside of PowerShell
[3.993s] DEBUG:colcon.colcon_core.shell:Skip shell extension 'dsv' for command environment
[4.002s] DEBUG:colcon.colcon_core.event_handler.log_command:Invoked command in '/home/bgb_6342/manipulator_ws/build/manipulator' returned '0': CMAKE_PREFIX_PATH=/opt/ros/humble /usr/bin/cmake --build /home/bgb_6342/manipulator_ws/build/manipulator -- -j4 -l4
[4.020s] DEBUG:colcon.colcon_core.event_handler.log_command:Invoking command in '/home/bgb_6342/manipulator_ws/build/manipulator': CMAKE_PREFIX_PATH=/opt/ros/humble /usr/bin/cmake --install /home/bgb_6342/manipulator_ws/build/manipulator
[4.133s] Level 1:colcon.colcon_core.environment:create_environment_scripts_only(manipulator)
[4.135s] DEBUG:colcon.colcon_core.event_handler.log_command:Invoked command in '/home/bgb_6342/manipulator_ws/build/manipulator' returned '0': CMAKE_PREFIX_PATH=/opt/ros/humble /usr/bin/cmake --install /home/bgb_6342/manipulator_ws/build/manipulator
[4.226s] Level 1:colcon.colcon_core.environment:checking '/home/bgb_6342/manipulator_ws/install/manipulator' for CMake module files
[4.226s] Level 1:colcon.colcon_core.environment:checking '/home/bgb_6342/manipulator_ws/install/manipulator' for CMake config files
[4.228s] Level 1:colcon.colcon_core.shell:create_environment_hook('manipulator', 'cmake_prefix_path')
[4.230s] INFO:colcon.colcon_core.shell:Creating environment hook '/home/bgb_6342/manipulator_ws/install/manipulator/share/manipulator/hook/cmake_prefix_path.ps1'
[4.232s] INFO:colcon.colcon_core.shell:Creating environment descriptor '/home/bgb_6342/manipulator_ws/install/manipulator/share/manipulator/hook/cmake_prefix_path.dsv'
[4.232s] INFO:colcon.colcon_core.shell:Creating environment hook '/home/bgb_6342/manipulator_ws/install/manipulator/share/manipulator/hook/cmake_prefix_path.sh'
[4.233s] Level 1:colcon.colcon_core.environment:checking '/home/bgb_6342/manipulator_ws/install/manipulator/lib'
[4.234s] Level 1:colcon.colcon_core.environment:checking '/home/bgb_6342/manipulator_ws/install/manipulator/bin'
[4.234s] Level 1:colcon.colcon_core.environment:checking '/home/bgb_6342/manipulator_ws/install/manipulator/lib/pkgconfig/manipulator.pc'
[4.234s] Level 1:colcon.colcon_core.environment:checking '/home/bgb_6342/manipulator_ws/install/manipulator/lib/python3.10/site-packages'
[4.234s] Level 1:colcon.colcon_core.environment:checking '/home/bgb_6342/manipulator_ws/install/manipulator/bin'
[4.235s] INFO:colcon.colcon_core.shell:Creating package script '/home/bgb_6342/manipulator_ws/install/manipulator/share/manipulator/package.ps1'
[4.247s] INFO:colcon.colcon_core.shell:Creating package descriptor '/home/bgb_6342/manipulator_ws/install/manipulator/share/manipulator/package.dsv'
[4.249s] INFO:colcon.colcon_core.shell:Creating package script '/home/bgb_6342/manipulator_ws/install/manipulator/share/manipulator/package.sh'
[4.251s] INFO:colcon.colcon_core.shell:Creating package script '/home/bgb_6342/manipulator_ws/install/manipulator/share/manipulator/package.bash'
[4.257s] INFO:colcon.colcon_core.shell:Creating package script '/home/bgb_6342/manipulator_ws/install/manipulator/share/manipulator/package.zsh'
[4.269s] Level 1:colcon.colcon_core.environment:create_file_with_runtime_dependencies(/home/bgb_6342/manipulator_ws/install/manipulator/share/colcon-core/packages/manipulator)
[4.271s] Level 1:colcon.colcon_core.environment:create_environment_scripts_only(manipulator)
[4.271s] Level 1:colcon.colcon_core.environment:checking '/home/bgb_6342/manipulator_ws/install/manipulator' for CMake module files
[4.272s] Level 1:colcon.colcon_core.environment:checking '/home/bgb_6342/manipulator_ws/install/manipulator' for CMake config files
[4.273s] Level 1:colcon.colcon_core.shell:create_environment_hook('manipulator', 'cmake_prefix_path')
[4.273s] INFO:colcon.colcon_core.shell:Creating environment hook '/home/bgb_6342/manipulator_ws/install/manipulator/share/manipulator/hook/cmake_prefix_path.ps1'
[4.281s] INFO:colcon.colcon_core.shell:Creating environment descriptor '/home/bgb_6342/manipulator_ws/install/manipulator/share/manipulator/hook/cmake_prefix_path.dsv'
[4.283s] INFO:colcon.colcon_core.shell:Creating environment hook '/home/bgb_6342/manipulator_ws/install/manipulator/share/manipulator/hook/cmake_prefix_path.sh'
[4.284s] Level 1:colcon.colcon_core.environment:checking '/home/bgb_6342/manipulator_ws/install/manipulator/lib'
[4.284s] Level 1:colcon.colcon_core.environment:checking '/home/bgb_6342/manipulator_ws/install/manipulator/bin'
[4.284s] Level 1:colcon.colcon_core.environment:checking '/home/bgb_6342/manipulator_ws/install/manipulator/lib/pkgconfig/manipulator.pc'
[4.284s] Level 1:colcon.colcon_core.environment:checking '/home/bgb_6342/manipulator_ws/install/manipulator/lib/python3.10/site-packages'
[4.284s] Level 1:colcon.colcon_core.environment:checking '/home/bgb_6342/manipulator_ws/install/manipulator/bin'
[4.285s] INFO:colcon.colcon_core.shell:Creating package script '/home/bgb_6342/manipulator_ws/install/manipulator/share/manipulator/package.ps1'
[4.285s] INFO:colcon.colcon_core.shell:Creating package descriptor '/home/bgb_6342/manipulator_ws/install/manipulator/share/manipulator/package.dsv'
[4.286s] INFO:colcon.colcon_core.shell:Creating package script '/home/bgb_6342/manipulator_ws/install/manipulator/share/manipulator/package.sh'
[4.286s] INFO:colcon.colcon_core.shell:Creating package script '/home/bgb_6342/manipulator_ws/install/manipulator/share/manipulator/package.bash'
[4.287s] INFO:colcon.colcon_core.shell:Creating package script '/home/bgb_6342/manipulator_ws/install/manipulator/share/manipulator/package.zsh'
[4.287s] Level 1:colcon.colcon_core.environment:create_file_with_runtime_dependencies(/home/bgb_6342/manipulator_ws/install/manipulator/share/colcon-core/packages/manipulator)
[4.289s] INFO:colcon.colcon_ros.task.ament_python.build:Building ROS package in '/home/bgb_6342/manipulator_ws/src/stm32_interface_pkg' with build type 'ament_python'
[4.289s] Level 1:colcon.colcon_core.shell:create_environment_hook('stm32_interface_pkg', 'ament_prefix_path')
[4.289s] INFO:colcon.colcon_core.shell:Creating environment hook '/home/bgb_6342/manipulator_ws/install/stm32_interface_pkg/share/stm32_interface_pkg/hook/ament_prefix_path.ps1'
[4.296s] INFO:colcon.colcon_core.shell:Creating environment descriptor '/home/bgb_6342/manipulator_ws/install/stm32_interface_pkg/share/stm32_interface_pkg/hook/ament_prefix_path.dsv'
[4.300s] INFO:colcon.colcon_core.shell:Creating environment hook '/home/bgb_6342/manipulator_ws/install/stm32_interface_pkg/share/stm32_interface_pkg/hook/ament_prefix_path.sh'
[4.302s] INFO:colcon.colcon_core.shell:Skip shell extension 'powershell' for command environment: Not usable outside of PowerShell
[4.302s] DEBUG:colcon.colcon_core.shell:Skip shell extension 'dsv' for command environment
[4.882s] INFO:colcon.colcon_core.task.python.build:Building Python package in '/home/bgb_6342/manipulator_ws/src/stm32_interface_pkg'
[4.883s] INFO:colcon.colcon_core.shell:Skip shell extension 'powershell' for command environment: Not usable outside of PowerShell
[4.883s] DEBUG:colcon.colcon_core.shell:Skip shell extension 'dsv' for command environment
[5.217s] DEBUG:colcon.colcon_core.event_handler.log_command:Invoking command in '/home/bgb_6342/manipulator_ws/build/manipulator_test_manager': PYTHONPATH=/home/bgb_6342/manipulator_ws/build/manipulator_test_manager/prefix_override:/usr/lib/python3/dist-packages/colcon_core/task/python/colcon_distutils_commands:/home/bgb_6342/manipulator_ws/install/manipulator_test_manager/lib/python3.10/site-packages:${PYTHONPATH} /usr/bin/python3 -W ignore:setup.py install is deprecated -W ignore:easy_install command is deprecated setup.py develop --editable --build-directory /home/bgb_6342/manipulator_ws/build/manipulator_test_manager/build --no-deps symlink_data
[5.233s] DEBUG:colcon.colcon_core.event_handler.log_command:Invoking command in '/home/bgb_6342/manipulator_ws/build/mimic_controller': PYTHONPATH=/home/bgb_6342/manipulator_ws/build/mimic_controller/prefix_override:/usr/lib/python3/dist-packages/colcon_core/task/python/colcon_distutils_commands:/home/bgb_6342/manipulator_ws/install/mimic_controller/lib/python3.10/site-packages:${PYTHONPATH} /usr/bin/python3 -W ignore:setup.py install is deprecated -W ignore:easy_install command is deprecated setup.py develop --editable --build-directory /home/bgb_6342/manipulator_ws/build/mimic_controller/build --no-deps symlink_data
[5.236s] DEBUG:colcon.colcon_core.event_handler.log_command:Invoking command in '/home/bgb_6342/manipulator_ws/build/manipulator_hardware': PYTHONPATH=/home/bgb_6342/manipulator_ws/build/manipulator_hardware/prefix_override:/usr/lib/python3/dist-packages/colcon_core/task/python/colcon_distutils_commands:/home/bgb_6342/manipulator_ws/install/manipulator_hardware/lib/python3.10/site-packages:${PYTHONPATH} /usr/bin/python3 -W ignore:setup.py install is deprecated -W ignore:easy_install command is deprecated setup.py develop --editable --build-directory /home/bgb_6342/manipulator_ws/build/manipulator_hardware/build --no-deps symlink_data
[5.663s] DEBUG:colcon.colcon_core.event_handler.log_command:Invoking command in '/home/bgb_6342/manipulator_ws/build/stm32_interface_pkg': PYTHONPATH=/home/bgb_6342/manipulator_ws/build/stm32_interface_pkg/prefix_override:/usr/lib/python3/dist-packages/colcon_core/task/python/colcon_distutils_commands:/home/bgb_6342/manipulator_ws/install/stm32_interface_pkg/lib/python3.10/site-packages:${PYTHONPATH} /usr/bin/python3 -W ignore:setup.py install is deprecated -W ignore:easy_install command is deprecated setup.py develop --editable --build-directory /home/bgb_6342/manipulator_ws/build/stm32_interface_pkg/build --no-deps symlink_data
[6.119s] Level 1:colcon.colcon_core.shell:create_environment_hook('manipulator_hardware', 'pythonpath_develop')
[6.120s] INFO:colcon.colcon_core.shell:Creating environment hook '/home/bgb_6342/manipulator_ws/build/manipulator_hardware/share/manipulator_hardware/hook/pythonpath_develop.ps1'
[6.120s] DEBUG:colcon.colcon_core.event_handler.log_command:Invoked command in '/home/bgb_6342/manipulator_ws/build/manipulator_hardware' returned '0': PYTHONPATH=/home/bgb_6342/manipulator_ws/build/manipulator_hardware/prefix_override:/usr/lib/python3/dist-packages/colcon_core/task/python/colcon_distutils_commands:/home/bgb_6342/manipulator_ws/install/manipulator_hardware/lib/python3.10/site-packages:${PYTHONPATH} /usr/bin/python3 -W ignore:setup.py install is deprecated -W ignore:easy_install command is deprecated setup.py develop --editable --build-directory /home/bgb_6342/manipulator_ws/build/manipulator_hardware/build --no-deps symlink_data
[6.121s] INFO:colcon.colcon_core.shell:Creating environment descriptor '/home/bgb_6342/manipulator_ws/build/manipulator_hardware/share/manipulator_hardware/hook/pythonpath_develop.dsv'
[6.122s] INFO:colcon.colcon_core.shell:Creating environment hook '/home/bgb_6342/manipulator_ws/build/manipulator_hardware/share/manipulator_hardware/hook/pythonpath_develop.sh'
[6.123s] Level 1:colcon.colcon_core.environment:checking '/home/bgb_6342/manipulator_ws/install/manipulator_hardware' for CMake module files
[6.124s] Level 1:colcon.colcon_core.environment:checking '/home/bgb_6342/manipulator_ws/install/manipulator_hardware' for CMake config files
[6.127s] Level 1:colcon.colcon_core.environment:checking '/home/bgb_6342/manipulator_ws/install/manipulator_hardware/lib'
[6.127s] Level 1:colcon.colcon_core.environment:checking '/home/bgb_6342/manipulator_ws/install/manipulator_hardware/bin'
[6.127s] Level 1:colcon.colcon_core.environment:checking '/home/bgb_6342/manipulator_ws/install/manipulator_hardware/lib/pkgconfig/manipulator_hardware.pc'
[6.128s] Level 1:colcon.colcon_core.environment:checking '/home/bgb_6342/manipulator_ws/install/manipulator_hardware/lib/python3.10/site-packages'
[6.128s] Level 1:colcon.colcon_core.shell:create_environment_hook('manipulator_hardware', 'pythonpath')
[6.128s] INFO:colcon.colcon_core.shell:Creating environment hook '/home/bgb_6342/manipulator_ws/install/manipulator_hardware/share/manipulator_hardware/hook/pythonpath.ps1'
[6.128s] INFO:colcon.colcon_core.shell:Creating environment descriptor '/home/bgb_6342/manipulator_ws/install/manipulator_hardware/share/manipulator_hardware/hook/pythonpath.dsv'
[6.130s] INFO:colcon.colcon_core.shell:Creating environment hook '/home/bgb_6342/manipulator_ws/install/manipulator_hardware/share/manipulator_hardware/hook/pythonpath.sh'
[6.131s] Level 1:colcon.colcon_core.environment:checking '/home/bgb_6342/manipulator_ws/install/manipulator_hardware/bin'
[6.131s] Level 1:colcon.colcon_core.environment:create_environment_scripts_only(manipulator_hardware)
[6.132s] INFO:colcon.colcon_core.shell:Creating package script '/home/bgb_6342/manipulator_ws/install/manipulator_hardware/share/manipulator_hardware/package.ps1'
[6.133s] INFO:colcon.colcon_core.shell:Creating package descriptor '/home/bgb_6342/manipulator_ws/install/manipulator_hardware/share/manipulator_hardware/package.dsv'
[6.133s] INFO:colcon.colcon_core.shell:Creating package script '/home/bgb_6342/manipulator_ws/install/manipulator_hardware/share/manipulator_hardware/package.sh'
[6.134s] INFO:colcon.colcon_core.shell:Creating package script '/home/bgb_6342/manipulator_ws/install/manipulator_hardware/share/manipulator_hardware/package.bash'
[6.135s] INFO:colcon.colcon_core.shell:Creating package script '/home/bgb_6342/manipulator_ws/install/manipulator_hardware/share/manipulator_hardware/package.zsh'
[6.135s] Level 1:colcon.colcon_core.environment:create_file_with_runtime_dependencies(/home/bgb_6342/manipulator_ws/install/manipulator_hardware/share/colcon-core/packages/manipulator_hardware)
[6.136s] INFO:colcon.colcon_ros.task.ament_cmake.build:Building ROS package in '/home/bgb_6342/manipulator_ws/src/moveit_config' with build type 'ament_cmake'
[6.137s] INFO:colcon.colcon_cmake.task.cmake.build:Building CMake package in '/home/bgb_6342/manipulator_ws/src/moveit_config'
[6.139s] INFO:colcon.colcon_core.shell:Skip shell extension 'powershell' for command environment: Not usable outside of PowerShell
[6.139s] DEBUG:colcon.colcon_core.shell:Skip shell extension 'dsv' for command environment
[6.165s] Level 1:colcon.colcon_core.shell:create_environment_hook('mimic_controller', 'pythonpath_develop')
[6.166s] INFO:colcon.colcon_core.shell:Creating environment hook '/home/bgb_6342/manipulator_ws/build/mimic_controller/share/mimic_controller/hook/pythonpath_develop.ps1'
[6.167s] DEBUG:colcon.colcon_core.event_handler.log_command:Invoked command in '/home/bgb_6342/manipulator_ws/build/mimic_controller' returned '0': PYTHONPATH=/home/bgb_6342/manipulator_ws/build/mimic_controller/prefix_override:/usr/lib/python3/dist-packages/colcon_core/task/python/colcon_distutils_commands:/home/bgb_6342/manipulator_ws/install/mimic_controller/lib/python3.10/site-packages:${PYTHONPATH} /usr/bin/python3 -W ignore:setup.py install is deprecated -W ignore:easy_install command is deprecated setup.py develop --editable --build-directory /home/bgb_6342/manipulator_ws/build/mimic_controller/build --no-deps symlink_data
[6.167s] INFO:colcon.colcon_core.shell:Creating environment descriptor '/home/bgb_6342/manipulator_ws/build/mimic_controller/share/mimic_controller/hook/pythonpath_develop.dsv'
[6.168s] INFO:colcon.colcon_core.shell:Creating environment hook '/home/bgb_6342/manipulator_ws/build/mimic_controller/share/mimic_controller/hook/pythonpath_develop.sh'
[6.169s] Level 1:colcon.colcon_core.environment:checking '/home/bgb_6342/manipulator_ws/install/mimic_controller' for CMake module files
[6.169s] Level 1:colcon.colcon_core.environment:checking '/home/bgb_6342/manipulator_ws/install/mimic_controller' for CMake config files
[6.170s] Level 1:colcon.colcon_core.environment:checking '/home/bgb_6342/manipulator_ws/install/mimic_controller/lib'
[6.170s] Level 1:colcon.colcon_core.environment:checking '/home/bgb_6342/manipulator_ws/install/mimic_controller/bin'
[6.171s] Level 1:colcon.colcon_core.environment:checking '/home/bgb_6342/manipulator_ws/install/mimic_controller/lib/pkgconfig/mimic_controller.pc'
[6.171s] Level 1:colcon.colcon_core.environment:checking '/home/bgb_6342/manipulator_ws/install/mimic_controller/lib/python3.10/site-packages'
[6.171s] Level 1:colcon.colcon_core.shell:create_environment_hook('mimic_controller', 'pythonpath')
[6.171s] INFO:colcon.colcon_core.shell:Creating environment hook '/home/bgb_6342/manipulator_ws/install/mimic_controller/share/mimic_controller/hook/pythonpath.ps1'
[6.172s] INFO:colcon.colcon_core.shell:Creating environment descriptor '/home/bgb_6342/manipulator_ws/install/mimic_controller/share/mimic_controller/hook/pythonpath.dsv'
[6.183s] INFO:colcon.colcon_core.shell:Creating environment hook '/home/bgb_6342/manipulator_ws/install/mimic_controller/share/mimic_controller/hook/pythonpath.sh'
[6.184s] Level 1:colcon.colcon_core.environment:checking '/home/bgb_6342/manipulator_ws/install/mimic_controller/bin'
[6.184s] Level 1:colcon.colcon_core.environment:create_environment_scripts_only(mimic_controller)
[6.184s] INFO:colcon.colcon_core.shell:Creating package script '/home/bgb_6342/manipulator_ws/install/mimic_controller/share/mimic_controller/package.ps1'
[6.185s] INFO:colcon.colcon_core.shell:Creating package descriptor '/home/bgb_6342/manipulator_ws/install/mimic_controller/share/mimic_controller/package.dsv'
[6.186s] INFO:colcon.colcon_core.shell:Creating package script '/home/bgb_6342/manipulator_ws/install/mimic_controller/share/mimic_controller/package.sh'
[6.187s] INFO:colcon.colcon_core.shell:Creating package script '/home/bgb_6342/manipulator_ws/install/mimic_controller/share/mimic_controller/package.bash'
[6.187s] INFO:colcon.colcon_core.shell:Creating package script '/home/bgb_6342/manipulator_ws/install/mimic_controller/share/mimic_controller/package.zsh'
[6.188s] Level 1:colcon.colcon_core.environment:create_file_with_runtime_dependencies(/home/bgb_6342/manipulator_ws/install/mimic_controller/share/colcon-core/packages/mimic_controller)
[6.214s] Level 1:colcon.colcon_core.shell:create_environment_hook('manipulator_test_manager', 'pythonpath_develop')
[6.214s] INFO:colcon.colcon_core.shell:Creating environment hook '/home/bgb_6342/manipulator_ws/build/manipulator_test_manager/share/manipulator_test_manager/hook/pythonpath_develop.ps1'
[6.216s] INFO:colcon.colcon_core.shell:Creating environment descriptor '/home/bgb_6342/manipulator_ws/build/manipulator_test_manager/share/manipulator_test_manager/hook/pythonpath_develop.dsv'
[6.216s] INFO:colcon.colcon_core.shell:Creating environment hook '/home/bgb_6342/manipulator_ws/build/manipulator_test_manager/share/manipulator_test_manager/hook/pythonpath_develop.sh'
[6.218s] Level 1:colcon.colcon_core.environment:checking '/home/bgb_6342/manipulator_ws/install/manipulator_test_manager' for CMake module files
[6.218s] DEBUG:colcon.colcon_core.event_handler.log_command:Invoked command in '/home/bgb_6342/manipulator_ws/build/manipulator_test_manager' returned '0': PYTHONPATH=/home/bgb_6342/manipulator_ws/build/manipulator_test_manager/prefix_override:/usr/lib/python3/dist-packages/colcon_core/task/python/colcon_distutils_commands:/home/bgb_6342/manipulator_ws/install/manipulator_test_manager/lib/python3.10/site-packages:${PYTHONPATH} /usr/bin/python3 -W ignore:setup.py install is deprecated -W ignore:easy_install command is deprecated setup.py develop --editable --build-directory /home/bgb_6342/manipulator_ws/build/manipulator_test_manager/build --no-deps symlink_data
[6.219s] Level 1:colcon.colcon_core.environment:checking '/home/bgb_6342/manipulator_ws/install/manipulator_test_manager' for CMake config files
[6.219s] Level 1:colcon.colcon_core.environment:checking '/home/bgb_6342/manipulator_ws/install/manipulator_test_manager/lib'
[6.219s] Level 1:colcon.colcon_core.environment:checking '/home/bgb_6342/manipulator_ws/install/manipulator_test_manager/bin'
[6.219s] Level 1:colcon.colcon_core.environment:checking '/home/bgb_6342/manipulator_ws/install/manipulator_test_manager/lib/pkgconfig/manipulator_test_manager.pc'
[6.220s] Level 1:colcon.colcon_core.environment:checking '/home/bgb_6342/manipulator_ws/install/manipulator_test_manager/lib/python3.10/site-packages'
[6.220s] Level 1:colcon.colcon_core.shell:create_environment_hook('manipulator_test_manager', 'pythonpath')
[6.220s] INFO:colcon.colcon_core.shell:Creating environment hook '/home/bgb_6342/manipulator_ws/install/manipulator_test_manager/share/manipulator_test_manager/hook/pythonpath.ps1'
[6.221s] INFO:colcon.colcon_core.shell:Creating environment descriptor '/home/bgb_6342/manipulator_ws/install/manipulator_test_manager/share/manipulator_test_manager/hook/pythonpath.dsv'
[6.222s] INFO:colcon.colcon_core.shell:Creating environment hook '/home/bgb_6342/manipulator_ws/install/manipulator_test_manager/share/manipulator_test_manager/hook/pythonpath.sh'
[6.227s] Level 1:colcon.colcon_core.environment:checking '/home/bgb_6342/manipulator_ws/install/manipulator_test_manager/bin'
[6.228s] Level 1:colcon.colcon_core.environment:create_environment_scripts_only(manipulator_test_manager)
[6.229s] INFO:colcon.colcon_core.shell:Creating package script '/home/bgb_6342/manipulator_ws/install/manipulator_test_manager/share/manipulator_test_manager/package.ps1'
[6.230s] INFO:colcon.colcon_core.shell:Creating package descriptor '/home/bgb_6342/manipulator_ws/install/manipulator_test_manager/share/manipulator_test_manager/package.dsv'
[6.230s] INFO:colcon.colcon_core.shell:Creating package script '/home/bgb_6342/manipulator_ws/install/manipulator_test_manager/share/manipulator_test_manager/package.sh'
[6.231s] INFO:colcon.colcon_core.shell:Creating package script '/home/bgb_6342/manipulator_ws/install/manipulator_test_manager/share/manipulator_test_manager/package.bash'
[6.231s] INFO:colcon.colcon_core.shell:Creating package script '/home/bgb_6342/manipulator_ws/install/manipulator_test_manager/share/manipulator_test_manager/package.zsh'
[6.232s] Level 1:colcon.colcon_core.environment:create_file_with_runtime_dependencies(/home/bgb_6342/manipulator_ws/install/manipulator_test_manager/share/colcon-core/packages/manipulator_test_manager)
[6.261s] DEBUG:colcon.colcon_core.event_handler.log_command:Invoking command in '/home/bgb_6342/manipulator_ws/build/moveit_config': AMENT_PREFIX_PATH=/home/bgb_6342/manipulator_ws/install/manipulator:${AMENT_PREFIX_PATH} CMAKE_PREFIX_PATH=/home/bgb_6342/manipulator_ws/install/manipulator:/opt/ros/humble /usr/bin/cmake --build /home/bgb_6342/manipulator_ws/build/moveit_config -- -j4 -l4
[6.326s] DEBUG:colcon.colcon_core.event_handler.log_command:Invoked command in '/home/bgb_6342/manipulator_ws/build/moveit_config' returned '0': AMENT_PREFIX_PATH=/home/bgb_6342/manipulator_ws/install/manipulator:${AMENT_PREFIX_PATH} CMAKE_PREFIX_PATH=/home/bgb_6342/manipulator_ws/install/manipulator:/opt/ros/humble /usr/bin/cmake --build /home/bgb_6342/manipulator_ws/build/moveit_config -- -j4 -l4
[6.330s] DEBUG:colcon.colcon_core.event_handler.log_command:Invoking command in '/home/bgb_6342/manipulator_ws/build/moveit_config': AMENT_PREFIX_PATH=/home/bgb_6342/manipulator_ws/install/manipulator:${AMENT_PREFIX_PATH} CMAKE_PREFIX_PATH=/home/bgb_6342/manipulator_ws/install/manipulator:/opt/ros/humble /usr/bin/cmake --install /home/bgb_6342/manipulator_ws/build/moveit_config
[6.378s] Level 1:colcon.colcon_core.environment:create_environment_scripts_only(moveit_config)
[6.379s] Level 1:colcon.colcon_core.environment:checking '/home/bgb_6342/manipulator_ws/install/moveit_config' for CMake module files
[6.380s] DEBUG:colcon.colcon_core.event_handler.log_command:Invoked command in '/home/bgb_6342/manipulator_ws/build/moveit_config' returned '0': AMENT_PREFIX_PATH=/home/bgb_6342/manipulator_ws/install/manipulator:${AMENT_PREFIX_PATH} CMAKE_PREFIX_PATH=/home/bgb_6342/manipulator_ws/install/manipulator:/opt/ros/humble /usr/bin/cmake --install /home/bgb_6342/manipulator_ws/build/moveit_config
[6.381s] Level 1:colcon.colcon_core.environment:checking '/home/bgb_6342/manipulator_ws/install/moveit_config' for CMake config files
[6.382s] Level 1:colcon.colcon_core.shell:create_environment_hook('moveit_config', 'cmake_prefix_path')
[6.382s] INFO:colcon.colcon_core.shell:Creating environment hook '/home/bgb_6342/manipulator_ws/install/moveit_config/share/moveit_config/hook/cmake_prefix_path.ps1'
[6.383s] INFO:colcon.colcon_core.shell:Creating environment descriptor '/home/bgb_6342/manipulator_ws/install/moveit_config/share/moveit_config/hook/cmake_prefix_path.dsv'
[6.383s] INFO:colcon.colcon_core.shell:Creating environment hook '/home/bgb_6342/manipulator_ws/install/moveit_config/share/moveit_config/hook/cmake_prefix_path.sh'
[6.384s] Level 1:colcon.colcon_core.environment:checking '/home/bgb_6342/manipulator_ws/install/moveit_config/bin'
[6.384s] Level 1:colcon.colcon_core.environment:checking '/home/bgb_6342/manipulator_ws/install/moveit_config/lib/pkgconfig/moveit_config.pc'
[6.384s] Level 1:colcon.colcon_core.environment:checking '/home/bgb_6342/manipulator_ws/install/moveit_config/lib/python3.10/site-packages'
[6.385s] Level 1:colcon.colcon_core.environment:checking '/home/bgb_6342/manipulator_ws/install/moveit_config/bin'
[6.385s] INFO:colcon.colcon_core.shell:Creating package script '/home/bgb_6342/manipulator_ws/install/moveit_config/share/moveit_config/package.ps1'
[6.386s] INFO:colcon.colcon_core.shell:Creating package descriptor '/home/bgb_6342/manipulator_ws/install/moveit_config/share/moveit_config/package.dsv'
[6.386s] INFO:colcon.colcon_core.shell:Creating package script '/home/bgb_6342/manipulator_ws/install/moveit_config/share/moveit_config/package.sh'
[6.387s] INFO:colcon.colcon_core.shell:Creating package script '/home/bgb_6342/manipulator_ws/install/moveit_config/share/moveit_config/package.bash'
[6.387s] INFO:colcon.colcon_core.shell:Creating package script '/home/bgb_6342/manipulator_ws/install/moveit_config/share/moveit_config/package.zsh'
[6.388s] Level 1:colcon.colcon_core.environment:create_file_with_runtime_dependencies(/home/bgb_6342/manipulator_ws/install/moveit_config/share/colcon-core/packages/moveit_config)
[6.389s] Level 1:colcon.colcon_core.environment:create_environment_scripts_only(moveit_config)
[6.389s] Level 1:colcon.colcon_core.environment:checking '/home/bgb_6342/manipulator_ws/install/moveit_config' for CMake module files
[6.390s] Level 1:colcon.colcon_core.environment:checking '/home/bgb_6342/manipulator_ws/install/moveit_config' for CMake config files
[6.391s] Level 1:colcon.colcon_core.shell:create_environment_hook('moveit_config', 'cmake_prefix_path')
[6.391s] INFO:colcon.colcon_core.shell:Creating environment hook '/home/bgb_6342/manipulator_ws/install/moveit_config/share/moveit_config/hook/cmake_prefix_path.ps1'
[6.391s] INFO:colcon.colcon_core.shell:Creating environment descriptor '/home/bgb_6342/manipulator_ws/install/moveit_config/share/moveit_config/hook/cmake_prefix_path.dsv'
[6.392s] INFO:colcon.colcon_core.shell:Creating environment hook '/home/bgb_6342/manipulator_ws/install/moveit_config/share/moveit_config/hook/cmake_prefix_path.sh'
[6.393s] Level 1:colcon.colcon_core.environment:checking '/home/bgb_6342/manipulator_ws/install/moveit_config/bin'
[6.393s] Level 1:colcon.colcon_core.environment:checking '/home/bgb_6342/manipulator_ws/install/moveit_config/lib/pkgconfig/moveit_config.pc'
[6.393s] Level 1:colcon.colcon_core.environment:checking '/home/bgb_6342/manipulator_ws/install/moveit_config/lib/python3.10/site-packages'
[6.393s] Level 1:colcon.colcon_core.environment:checking '/home/bgb_6342/manipulator_ws/install/moveit_config/bin'
[6.394s] INFO:colcon.colcon_core.shell:Creating package script '/home/bgb_6342/manipulator_ws/install/moveit_config/share/moveit_config/package.ps1'
[6.396s] INFO:colcon.colcon_core.shell:Creating package descriptor '/home/bgb_6342/manipulator_ws/install/moveit_config/share/moveit_config/package.dsv'
[6.401s] INFO:colcon.colcon_core.shell:Creating package script '/home/bgb_6342/manipulator_ws/install/moveit_config/share/moveit_config/package.sh'
[6.403s] INFO:colcon.colcon_core.shell:Creating package script '/home/bgb_6342/manipulator_ws/install/moveit_config/share/moveit_config/package.bash'
[6.403s] INFO:colcon.colcon_core.shell:Creating package script '/home/bgb_6342/manipulator_ws/install/moveit_config/share/moveit_config/package.zsh'
[6.404s] Level 1:colcon.colcon_core.environment:create_file_with_runtime_dependencies(/home/bgb_6342/manipulator_ws/install/moveit_config/share/colcon-core/packages/moveit_config)
[6.580s] Level 1:colcon.colcon_core.shell:create_environment_hook('stm32_interface_pkg', 'pythonpath_develop')
[6.581s] INFO:colcon.colcon_core.shell:Creating environment hook '/home/bgb_6342/manipulator_ws/build/stm32_interface_pkg/share/stm32_interface_pkg/hook/pythonpath_develop.ps1'
[6.581s] DEBUG:colcon.colcon_core.event_handler.log_command:Invoked command in '/home/bgb_6342/manipulator_ws/build/stm32_interface_pkg' returned '0': PYTHONPATH=/home/bgb_6342/manipulator_ws/build/stm32_interface_pkg/prefix_override:/usr/lib/python3/dist-packages/colcon_core/task/python/colcon_distutils_commands:/home/bgb_6342/manipulator_ws/install/stm32_interface_pkg/lib/python3.10/site-packages:${PYTHONPATH} /usr/bin/python3 -W ignore:setup.py install is deprecated -W ignore:easy_install command is deprecated setup.py develop --editable --build-directory /home/bgb_6342/manipulator_ws/build/stm32_interface_pkg/build --no-deps symlink_data
[6.582s] INFO:colcon.colcon_core.shell:Creating environment descriptor '/home/bgb_6342/manipulator_ws/build/stm32_interface_pkg/share/stm32_interface_pkg/hook/pythonpath_develop.dsv'
[6.583s] INFO:colcon.colcon_core.shell:Creating environment hook '/home/bgb_6342/manipulator_ws/build/stm32_interface_pkg/share/stm32_interface_pkg/hook/pythonpath_develop.sh'
[6.583s] Level 1:colcon.colcon_core.environment:checking '/home/bgb_6342/manipulator_ws/install/stm32_interface_pkg' for CMake module files
[6.584s] Level 1:colcon.colcon_core.environment:checking '/home/bgb_6342/manipulator_ws/install/stm32_interface_pkg' for CMake config files
[6.585s] Level 1:colcon.colcon_core.environment:checking '/home/bgb_6342/manipulator_ws/install/stm32_interface_pkg/lib'
[6.585s] Level 1:colcon.colcon_core.environment:checking '/home/bgb_6342/manipulator_ws/install/stm32_interface_pkg/bin'
[6.585s] Level 1:colcon.colcon_core.environment:checking '/home/bgb_6342/manipulator_ws/install/stm32_interface_pkg/lib/pkgconfig/stm32_interface_pkg.pc'
[6.585s] Level 1:colcon.colcon_core.environment:checking '/home/bgb_6342/manipulator_ws/install/stm32_interface_pkg/lib/python3.10/site-packages'
[6.585s] Level 1:colcon.colcon_core.shell:create_environment_hook('stm32_interface_pkg', 'pythonpath')
[6.586s] INFO:colcon.colcon_core.shell:Creating environment hook '/home/bgb_6342/manipulator_ws/install/stm32_interface_pkg/share/stm32_interface_pkg/hook/pythonpath.ps1'
[6.586s] INFO:colcon.colcon_core.shell:Creating environment descriptor '/home/bgb_6342/manipulator_ws/install/stm32_interface_pkg/share/stm32_interface_pkg/hook/pythonpath.dsv'
[6.589s] INFO:colcon.colcon_core.shell:Creating environment hook '/home/bgb_6342/manipulator_ws/install/stm32_interface_pkg/share/stm32_interface_pkg/hook/pythonpath.sh'
[6.593s] Level 1:colcon.colcon_core.environment:checking '/home/bgb_6342/manipulator_ws/install/stm32_interface_pkg/bin'
[6.593s] Level 1:colcon.colcon_core.environment:create_environment_scripts_only(stm32_interface_pkg)
[6.594s] INFO:colcon.colcon_core.shell:Creating package script '/home/bgb_6342/manipulator_ws/install/stm32_interface_pkg/share/stm32_interface_pkg/package.ps1'
[6.595s] INFO:colcon.colcon_core.shell:Creating package descriptor '/home/bgb_6342/manipulator_ws/install/stm32_interface_pkg/share/stm32_interface_pkg/package.dsv'
[6.596s] INFO:colcon.colcon_core.shell:Creating package script '/home/bgb_6342/manipulator_ws/install/stm32_interface_pkg/share/stm32_interface_pkg/package.sh'
[6.597s] INFO:colcon.colcon_core.shell:Creating package script '/home/bgb_6342/manipulator_ws/install/stm32_interface_pkg/share/stm32_interface_pkg/package.bash'
[6.597s] INFO:colcon.colcon_core.shell:Creating package script '/home/bgb_6342/manipulator_ws/install/stm32_interface_pkg/share/stm32_interface_pkg/package.zsh'
[6.598s] Level 1:colcon.colcon_core.environment:create_file_with_runtime_dependencies(/home/bgb_6342/manipulator_ws/install/stm32_interface_pkg/share/colcon-core/packages/stm32_interface_pkg)
[6.598s] DEBUG:colcon.colcon_parallel_executor.executor.parallel:closing loop
[6.599s] DEBUG:colcon.colcon_parallel_executor.executor.parallel:loop closed
[6.600s] DEBUG:colcon.colcon_parallel_executor.executor.parallel:run_until_complete finished with '0'
[6.600s] DEBUG:colcon.colcon_core.event_reactor:joining thread
[6.659s] INFO:colcon.colcon_core.plugin_system:Skipping extension 'colcon_notification.desktop_notification.notify_send': Could not find 'notify-send'
[6.659s] INFO:colcon.colcon_core.plugin_system:Skipping extension 'colcon_notification.desktop_notification.terminal_notifier': Not used on non-Darwin systems
[6.659s] INFO:colcon.colcon_core.plugin_system:Skipping extension 'colcon_notification.desktop_notification.win32': Not used on non-Windows systems
[6.659s] INFO:colcon.colcon_notification.desktop_notification:Sending desktop notification using 'notify2'
[6.661s] DEBUG:colcon.colcon_notification.desktop_notification.notify2:Failed to initialize notify2: org.freedesktop.DBus.Error.ServiceUnknown: The name org.freedesktop.Notifications was not provided by any .service files
[6.661s] DEBUG:colcon.colcon_core.event_reactor:joined thread
[6.661s] INFO:colcon.colcon_core.shell:Creating prefix script '/home/bgb_6342/manipulator_ws/install/local_setup.ps1'
[6.663s] INFO:colcon.colcon_core.shell:Creating prefix util module '/home/bgb_6342/manipulator_ws/install/_local_setup_util_ps1.py'
[6.669s] INFO:colcon.colcon_core.shell:Creating prefix chain script '/home/bgb_6342/manipulator_ws/install/setup.ps1'
[6.670s] INFO:colcon.colcon_core.shell:Creating prefix script '/home/bgb_6342/manipulator_ws/install/local_setup.sh'
[6.680s] INFO:colcon.colcon_core.shell:Creating prefix util module '/home/bgb_6342/manipulator_ws/install/_local_setup_util_sh.py'
[6.681s] INFO:colcon.colcon_core.shell:Creating prefix chain script '/home/bgb_6342/manipulator_ws/install/setup.sh'
[6.683s] INFO:colcon.colcon_core.shell:Creating prefix script '/home/bgb_6342/manipulator_ws/install/local_setup.bash'
[6.697s] INFO:colcon.colcon_core.shell:Creating prefix chain script '/home/bgb_6342/manipulator_ws/install/setup.bash'
[6.700s] INFO:colcon.colcon_core.shell:Creating prefix script '/home/bgb_6342/manipulator_ws/install/local_setup.zsh'
[6.709s] INFO:colcon.colcon_core.shell:Creating prefix chain script '/home/bgb_6342/manipulator_ws/install/setup.zsh'
