[0.081s] Invoking command in '/home/bgb_6342/manipulator_ws/build/manipulator': CMAKE_PREFIX_PATH=/opt/ros/humble /usr/bin/cmake --build /home/bgb_6342/manipulator_ws/build/manipulator -- -j4 -l4
[1.592s] Invoked command in '/home/bgb_6342/manipulator_ws/build/manipulator' returned '0': CMAKE_PREFIX_PATH=/opt/ros/humble /usr/bin/cmake --build /home/bgb_6342/manipulator_ws/build/manipulator -- -j4 -l4
[1.609s] Invoking command in '/home/bgb_6342/manipulator_ws/build/manipulator': CMAKE_PREFIX_PATH=/opt/ros/humble /usr/bin/cmake --install /home/bgb_6342/manipulator_ws/build/manipulator
[1.621s] -- Install configuration: ""
[1.633s] -- Execute custom install script
[1.638s] -- Up-to-date symlink: /home/bgb_6342/manipulator_ws/install/manipulator/share/manipulator/launch/display.launch.py
[1.638s] -- Up-to-date symlink: /home/bgb_6342/manipulator_ws/install/manipulator/share/manipulator/launch/launch_sim.launch.py
[1.648s] -- Up-to-date symlink: /home/bgb_6342/manipulator_ws/install/manipulator/share/manipulator/urdf/inertial_macros.xacro
[1.649s] -- Up-to-date symlink: /home/bgb_6342/manipulator_ws/install/manipulator/share/manipulator/urdf/minimal_test.urdf
[1.649s] -- Up-to-date symlink: /home/bgb_6342/manipulator_ws/install/manipulator/share/manipulator/urdf/model.urdf
[1.649s] -- Up-to-date symlink: /home/bgb_6342/manipulator_ws/install/manipulator/share/manipulator/urdf/model.urdf.xacro
[1.650s] -- Up-to-date symlink: /home/bgb_6342/manipulator_ws/install/manipulator/share/manipulator/config/output.log
[1.650s] -- Up-to-date symlink: /home/bgb_6342/manipulator_ws/install/manipulator/share/manipulator/config/ros2_controllers.yaml
[1.650s] -- Up-to-date symlink: /home/bgb_6342/manipulator_ws/install/manipulator/share/ament_index/resource_index/package_run_dependencies/manipulator
[1.651s] -- Up-to-date symlink: /home/bgb_6342/manipulator_ws/install/manipulator/share/ament_index/resource_index/parent_prefix_path/manipulator
[1.658s] -- Up-to-date symlink: /home/bgb_6342/manipulator_ws/install/manipulator/share/manipulator/environment/ament_prefix_path.sh
[1.658s] -- Up-to-date symlink: /home/bgb_6342/manipulator_ws/install/manipulator/share/manipulator/environment/ament_prefix_path.dsv
[1.659s] -- Up-to-date symlink: /home/bgb_6342/manipulator_ws/install/manipulator/share/manipulator/environment/path.sh
[1.659s] -- Up-to-date symlink: /home/bgb_6342/manipulator_ws/install/manipulator/share/manipulator/environment/path.dsv
[1.659s] -- Up-to-date symlink: /home/bgb_6342/manipulator_ws/install/manipulator/share/manipulator/local_setup.bash
[1.665s] -- Up-to-date symlink: /home/bgb_6342/manipulator_ws/install/manipulator/share/manipulator/local_setup.sh
[1.666s] -- Up-to-date symlink: /home/bgb_6342/manipulator_ws/install/manipulator/share/manipulator/local_setup.zsh
[1.667s] -- Up-to-date symlink: /home/bgb_6342/manipulator_ws/install/manipulator/share/manipulator/local_setup.dsv
[1.667s] -- Symlinking: /home/bgb_6342/manipulator_ws/install/manipulator/share/manipulator/package.dsv
[1.681s] -- Up-to-date symlink: /home/bgb_6342/manipulator_ws/install/manipulator/share/ament_index/resource_index/packages/manipulator
[1.681s] -- Up-to-date symlink: /home/bgb_6342/manipulator_ws/install/manipulator/share/manipulator/cmake/manipulatorConfig.cmake
[1.681s] -- Up-to-date symlink: /home/bgb_6342/manipulator_ws/install/manipulator/share/manipulator/cmake/manipulatorConfig-version.cmake
[1.681s] -- Up-to-date symlink: /home/bgb_6342/manipulator_ws/install/manipulator/share/manipulator/package.xml
[1.688s] Invoked command in '/home/bgb_6342/manipulator_ws/build/manipulator' returned '0': CMAKE_PREFIX_PATH=/opt/ros/humble /usr/bin/cmake --install /home/bgb_6342/manipulator_ws/build/manipulator
