[0.306s] DEBUG:colcon:Command line arguments: ['/usr/bin/colcon', 'build', '--symlink-install']
[0.306s] DEBUG:colcon:Parsed command line arguments: Namespace(log_base=None, log_level=None, verb_name='build', build_base='build', install_base='install', merge_install=False, symlink_install=True, test_result_base=None, continue_on_error=False, executor='parallel', parallel_workers=4, event_handlers=None, ignore_user_meta=False, metas=['./colcon.meta'], base_paths=['.'], packages_ignore=None, packages_ignore_regex=None, paths=None, packages_up_to=None, packages_up_to_regex=None, packages_above=None, packages_above_and_dependencies=None, packages_above_depth=None, packages_select_by_dep=None, packages_skip_by_dep=None, packages_skip_up_to=None, packages_select_build_failed=False, packages_skip_build_finished=False, packages_select_test_failures=False, packages_skip_test_passed=False, packages_select=None, packages_skip=None, packages_select_regex=None, packages_skip_regex=None, packages_start=None, packages_end=None, allow_overriding=[], cmake_args=None, cmake_target=None, cmake_target_skip_unavailable=False, cmake_clean_cache=False, cmake_clean_first=False, cmake_force_configure=False, ament_cmake_args=None, catkin_cmake_args=None, catkin_skip_building_tests=False, mixin_files=None, mixin=None, verb_parser=<colcon_mixin.mixin.mixin_argument.MixinArgumentDecorator object at 0x72af63453820>, verb_extension=<colcon_core.verb.build.BuildVerb object at 0x72af634532e0>, main=<bound method BuildVerb.main of <colcon_core.verb.build.BuildVerb object at 0x72af634532e0>>, mixin_verb=('build',))
[0.560s] Level 1:colcon.colcon_core.package_discovery:discover_packages(colcon_meta) check parameters
[0.560s] Level 1:colcon.colcon_core.package_discovery:discover_packages(recursive) check parameters
[0.560s] Level 1:colcon.colcon_core.package_discovery:discover_packages(ignore) check parameters
[0.560s] Level 1:colcon.colcon_core.package_discovery:discover_packages(path) check parameters
[0.560s] Level 1:colcon.colcon_core.package_discovery:discover_packages(colcon_meta) discover
[0.560s] Level 1:colcon.colcon_core.package_discovery:discover_packages(recursive) discover
[0.560s] INFO:colcon.colcon_core.package_discovery:Crawling recursively for packages in '/home/bgb_6342/manipulator_ws'
[0.560s] Level 1:colcon.colcon_core.package_identification:_identify(.) by extensions ['ignore', 'ignore_ament_install']
[0.560s] Level 1:colcon.colcon_core.package_identification:_identify(.) by extension 'ignore'
[0.561s] Level 1:colcon.colcon_core.package_identification:_identify(.) by extension 'ignore_ament_install'
[0.561s] Level 1:colcon.colcon_core.package_identification:_identify(.) by extensions ['colcon_pkg']
[0.561s] Level 1:colcon.colcon_core.package_identification:_identify(.) by extension 'colcon_pkg'
[0.561s] Level 1:colcon.colcon_core.package_identification:_identify(.) by extensions ['colcon_meta']
[0.561s] Level 1:colcon.colcon_core.package_identification:_identify(.) by extension 'colcon_meta'
[0.561s] Level 1:colcon.colcon_core.package_identification:_identify(.) by extensions ['ros']
[0.561s] Level 1:colcon.colcon_core.package_identification:_identify(.) by extension 'ros'
[0.576s] Level 1:colcon.colcon_core.package_identification:_identify(.) by extensions ['cmake', 'python']
[0.576s] Level 1:colcon.colcon_core.package_identification:_identify(.) by extension 'cmake'
[0.576s] Level 1:colcon.colcon_core.package_identification:_identify(.) by extension 'python'
[0.576s] Level 1:colcon.colcon_core.package_identification:_identify(.) by extensions ['python_setup_py']
[0.577s] Level 1:colcon.colcon_core.package_identification:_identify(.) by extension 'python_setup_py'
[0.577s] Level 1:colcon.colcon_core.package_identification:_identify(Robotic_Arm_Arduino) by extensions ['ignore', 'ignore_ament_install']
[0.577s] Level 1:colcon.colcon_core.package_identification:_identify(Robotic_Arm_Arduino) by extension 'ignore'
[0.577s] Level 1:colcon.colcon_core.package_identification:_identify(Robotic_Arm_Arduino) by extension 'ignore_ament_install'
[0.578s] Level 1:colcon.colcon_core.package_identification:_identify(Robotic_Arm_Arduino) by extensions ['colcon_pkg']
[0.578s] Level 1:colcon.colcon_core.package_identification:_identify(Robotic_Arm_Arduino) by extension 'colcon_pkg'
[0.578s] Level 1:colcon.colcon_core.package_identification:_identify(Robotic_Arm_Arduino) by extensions ['colcon_meta']
[0.578s] Level 1:colcon.colcon_core.package_identification:_identify(Robotic_Arm_Arduino) by extension 'colcon_meta'
[0.578s] Level 1:colcon.colcon_core.package_identification:_identify(Robotic_Arm_Arduino) by extensions ['ros']
[0.578s] Level 1:colcon.colcon_core.package_identification:_identify(Robotic_Arm_Arduino) by extension 'ros'
[0.578s] Level 1:colcon.colcon_core.package_identification:_identify(Robotic_Arm_Arduino) by extensions ['cmake', 'python']
[0.578s] Level 1:colcon.colcon_core.package_identification:_identify(Robotic_Arm_Arduino) by extension 'cmake'
[0.578s] Level 1:colcon.colcon_core.package_identification:_identify(Robotic_Arm_Arduino) by extension 'python'
[0.578s] Level 1:colcon.colcon_core.package_identification:_identify(Robotic_Arm_Arduino) by extensions ['python_setup_py']
[0.578s] Level 1:colcon.colcon_core.package_identification:_identify(Robotic_Arm_Arduino) by extension 'python_setup_py'
[0.578s] Level 1:colcon.colcon_core.package_identification:_identify(Robotic_Arm_Arduino/Joint_Level_Module) by extensions ['ignore', 'ignore_ament_install']
[0.579s] Level 1:colcon.colcon_core.package_identification:_identify(Robotic_Arm_Arduino/Joint_Level_Module) by extension 'ignore'
[0.579s] Level 1:colcon.colcon_core.package_identification:_identify(Robotic_Arm_Arduino/Joint_Level_Module) by extension 'ignore_ament_install'
[0.579s] Level 1:colcon.colcon_core.package_identification:_identify(Robotic_Arm_Arduino/Joint_Level_Module) by extensions ['colcon_pkg']
[0.579s] Level 1:colcon.colcon_core.package_identification:_identify(Robotic_Arm_Arduino/Joint_Level_Module) by extension 'colcon_pkg'
[0.579s] Level 1:colcon.colcon_core.package_identification:_identify(Robotic_Arm_Arduino/Joint_Level_Module) by extensions ['colcon_meta']
[0.579s] Level 1:colcon.colcon_core.package_identification:_identify(Robotic_Arm_Arduino/Joint_Level_Module) by extension 'colcon_meta'
[0.579s] Level 1:colcon.colcon_core.package_identification:_identify(Robotic_Arm_Arduino/Joint_Level_Module) by extensions ['ros']
[0.579s] Level 1:colcon.colcon_core.package_identification:_identify(Robotic_Arm_Arduino/Joint_Level_Module) by extension 'ros'
[0.580s] Level 1:colcon.colcon_core.package_identification:_identify(Robotic_Arm_Arduino/Joint_Level_Module) by extensions ['cmake', 'python']
[0.580s] Level 1:colcon.colcon_core.package_identification:_identify(Robotic_Arm_Arduino/Joint_Level_Module) by extension 'cmake'
[0.580s] Level 1:colcon.colcon_core.package_identification:_identify(Robotic_Arm_Arduino/Joint_Level_Module) by extension 'python'
[0.580s] Level 1:colcon.colcon_core.package_identification:_identify(Robotic_Arm_Arduino/Joint_Level_Module) by extensions ['python_setup_py']
[0.580s] Level 1:colcon.colcon_core.package_identification:_identify(Robotic_Arm_Arduino/Joint_Level_Module) by extension 'python_setup_py'
[0.580s] Level 1:colcon.colcon_core.package_identification:_identify(Robotic_Arm_Arduino/Joint_Level_Test_Master) by extensions ['ignore', 'ignore_ament_install']
[0.580s] Level 1:colcon.colcon_core.package_identification:_identify(Robotic_Arm_Arduino/Joint_Level_Test_Master) by extension 'ignore'
[0.580s] Level 1:colcon.colcon_core.package_identification:_identify(Robotic_Arm_Arduino/Joint_Level_Test_Master) by extension 'ignore_ament_install'
[0.581s] Level 1:colcon.colcon_core.package_identification:_identify(Robotic_Arm_Arduino/Joint_Level_Test_Master) by extensions ['colcon_pkg']
[0.581s] Level 1:colcon.colcon_core.package_identification:_identify(Robotic_Arm_Arduino/Joint_Level_Test_Master) by extension 'colcon_pkg'
[0.581s] Level 1:colcon.colcon_core.package_identification:_identify(Robotic_Arm_Arduino/Joint_Level_Test_Master) by extensions ['colcon_meta']
[0.581s] Level 1:colcon.colcon_core.package_identification:_identify(Robotic_Arm_Arduino/Joint_Level_Test_Master) by extension 'colcon_meta'
[0.581s] Level 1:colcon.colcon_core.package_identification:_identify(Robotic_Arm_Arduino/Joint_Level_Test_Master) by extensions ['ros']
[0.581s] Level 1:colcon.colcon_core.package_identification:_identify(Robotic_Arm_Arduino/Joint_Level_Test_Master) by extension 'ros'
[0.581s] Level 1:colcon.colcon_core.package_identification:_identify(Robotic_Arm_Arduino/Joint_Level_Test_Master) by extensions ['cmake', 'python']
[0.581s] Level 1:colcon.colcon_core.package_identification:_identify(Robotic_Arm_Arduino/Joint_Level_Test_Master) by extension 'cmake'
[0.581s] Level 1:colcon.colcon_core.package_identification:_identify(Robotic_Arm_Arduino/Joint_Level_Test_Master) by extension 'python'
[0.582s] Level 1:colcon.colcon_core.package_identification:_identify(Robotic_Arm_Arduino/Joint_Level_Test_Master) by extensions ['python_setup_py']
[0.582s] Level 1:colcon.colcon_core.package_identification:_identify(Robotic_Arm_Arduino/Joint_Level_Test_Master) by extension 'python_setup_py'
[0.582s] Level 1:colcon.colcon_core.package_identification:_identify(STM32) by extensions ['ignore', 'ignore_ament_install']
[0.582s] Level 1:colcon.colcon_core.package_identification:_identify(STM32) by extension 'ignore'
[0.582s] Level 1:colcon.colcon_core.package_identification:_identify(STM32) by extension 'ignore_ament_install'
[0.582s] Level 1:colcon.colcon_core.package_identification:_identify(STM32) by extensions ['colcon_pkg']
[0.582s] Level 1:colcon.colcon_core.package_identification:_identify(STM32) by extension 'colcon_pkg'
[0.582s] Level 1:colcon.colcon_core.package_identification:_identify(STM32) by extensions ['colcon_meta']
[0.582s] Level 1:colcon.colcon_core.package_identification:_identify(STM32) by extension 'colcon_meta'
[0.582s] Level 1:colcon.colcon_core.package_identification:_identify(STM32) by extensions ['ros']
[0.582s] Level 1:colcon.colcon_core.package_identification:_identify(STM32) by extension 'ros'
[0.583s] Level 1:colcon.colcon_core.package_identification:_identify(STM32) by extensions ['cmake', 'python']
[0.583s] Level 1:colcon.colcon_core.package_identification:_identify(STM32) by extension 'cmake'
[0.583s] Level 1:colcon.colcon_core.package_identification:_identify(STM32) by extension 'python'
[0.583s] Level 1:colcon.colcon_core.package_identification:_identify(STM32) by extensions ['python_setup_py']
[0.583s] Level 1:colcon.colcon_core.package_identification:_identify(STM32) by extension 'python_setup_py'
[0.583s] Level 1:colcon.colcon_core.package_identification:_identify(Teensy 4.1) by extensions ['ignore', 'ignore_ament_install']
[0.583s] Level 1:colcon.colcon_core.package_identification:_identify(Teensy 4.1) by extension 'ignore'
[0.583s] Level 1:colcon.colcon_core.package_identification:_identify(Teensy 4.1) by extension 'ignore_ament_install'
[0.583s] Level 1:colcon.colcon_core.package_identification:_identify(Teensy 4.1) by extensions ['colcon_pkg']
[0.583s] Level 1:colcon.colcon_core.package_identification:_identify(Teensy 4.1) by extension 'colcon_pkg'
[0.583s] Level 1:colcon.colcon_core.package_identification:_identify(Teensy 4.1) by extensions ['colcon_meta']
[0.583s] Level 1:colcon.colcon_core.package_identification:_identify(Teensy 4.1) by extension 'colcon_meta'
[0.583s] Level 1:colcon.colcon_core.package_identification:_identify(Teensy 4.1) by extensions ['ros']
[0.583s] Level 1:colcon.colcon_core.package_identification:_identify(Teensy 4.1) by extension 'ros'
[0.584s] Level 1:colcon.colcon_core.package_identification:_identify(Teensy 4.1) by extensions ['cmake', 'python']
[0.584s] Level 1:colcon.colcon_core.package_identification:_identify(Teensy 4.1) by extension 'cmake'
[0.584s] Level 1:colcon.colcon_core.package_identification:_identify(Teensy 4.1) by extension 'python'
[0.584s] Level 1:colcon.colcon_core.package_identification:_identify(Teensy 4.1) by extensions ['python_setup_py']
[0.584s] Level 1:colcon.colcon_core.package_identification:_identify(Teensy 4.1) by extension 'python_setup_py'
[0.584s] Level 1:colcon.colcon_core.package_identification:_identify(Teensy 4.1/Teensy_Controller) by extensions ['ignore', 'ignore_ament_install']
[0.584s] Level 1:colcon.colcon_core.package_identification:_identify(Teensy 4.1/Teensy_Controller) by extension 'ignore'
[0.584s] Level 1:colcon.colcon_core.package_identification:_identify(Teensy 4.1/Teensy_Controller) by extension 'ignore_ament_install'
[0.584s] Level 1:colcon.colcon_core.package_identification:_identify(Teensy 4.1/Teensy_Controller) by extensions ['colcon_pkg']
[0.584s] Level 1:colcon.colcon_core.package_identification:_identify(Teensy 4.1/Teensy_Controller) by extension 'colcon_pkg'
[0.584s] Level 1:colcon.colcon_core.package_identification:_identify(Teensy 4.1/Teensy_Controller) by extensions ['colcon_meta']
[0.585s] Level 1:colcon.colcon_core.package_identification:_identify(Teensy 4.1/Teensy_Controller) by extension 'colcon_meta'
[0.585s] Level 1:colcon.colcon_core.package_identification:_identify(Teensy 4.1/Teensy_Controller) by extensions ['ros']
[0.585s] Level 1:colcon.colcon_core.package_identification:_identify(Teensy 4.1/Teensy_Controller) by extension 'ros'
[0.585s] Level 1:colcon.colcon_core.package_identification:_identify(Teensy 4.1/Teensy_Controller) by extensions ['cmake', 'python']
[0.585s] Level 1:colcon.colcon_core.package_identification:_identify(Teensy 4.1/Teensy_Controller) by extension 'cmake'
[0.585s] Level 1:colcon.colcon_core.package_identification:_identify(Teensy 4.1/Teensy_Controller) by extension 'python'
[0.585s] Level 1:colcon.colcon_core.package_identification:_identify(Teensy 4.1/Teensy_Controller) by extensions ['python_setup_py']
[0.585s] Level 1:colcon.colcon_core.package_identification:_identify(Teensy 4.1/Teensy_Controller) by extension 'python_setup_py'
[0.585s] Level 1:colcon.colcon_core.package_identification:_identify(build) by extensions ['ignore', 'ignore_ament_install']
[0.585s] Level 1:colcon.colcon_core.package_identification:_identify(build) by extension 'ignore'
[0.585s] Level 1:colcon.colcon_core.package_identification:_identify(build) ignored
[0.586s] Level 1:colcon.colcon_core.package_identification:_identify(install) by extensions ['ignore', 'ignore_ament_install']
[0.586s] Level 1:colcon.colcon_core.package_identification:_identify(install) by extension 'ignore'
[0.586s] Level 1:colcon.colcon_core.package_identification:_identify(install) ignored
[0.586s] Level 1:colcon.colcon_core.package_identification:_identify(log) by extensions ['ignore', 'ignore_ament_install']
[0.586s] Level 1:colcon.colcon_core.package_identification:_identify(log) by extension 'ignore'
[0.586s] Level 1:colcon.colcon_core.package_identification:_identify(log) ignored
[0.586s] Level 1:colcon.colcon_core.package_identification:_identify(src) by extensions ['ignore', 'ignore_ament_install']
[0.587s] Level 1:colcon.colcon_core.package_identification:_identify(src) by extension 'ignore'
[0.587s] Level 1:colcon.colcon_core.package_identification:_identify(src) by extension 'ignore_ament_install'
[0.587s] Level 1:colcon.colcon_core.package_identification:_identify(src) by extensions ['colcon_pkg']
[0.587s] Level 1:colcon.colcon_core.package_identification:_identify(src) by extension 'colcon_pkg'
[0.587s] Level 1:colcon.colcon_core.package_identification:_identify(src) by extensions ['colcon_meta']
[0.587s] Level 1:colcon.colcon_core.package_identification:_identify(src) by extension 'colcon_meta'
[0.587s] Level 1:colcon.colcon_core.package_identification:_identify(src) by extensions ['ros']
[0.587s] Level 1:colcon.colcon_core.package_identification:_identify(src) by extension 'ros'
[0.587s] Level 1:colcon.colcon_core.package_identification:_identify(src) by extensions ['cmake', 'python']
[0.587s] Level 1:colcon.colcon_core.package_identification:_identify(src) by extension 'cmake'
[0.587s] Level 1:colcon.colcon_core.package_identification:_identify(src) by extension 'python'
[0.587s] Level 1:colcon.colcon_core.package_identification:_identify(src) by extensions ['python_setup_py']
[0.587s] Level 1:colcon.colcon_core.package_identification:_identify(src) by extension 'python_setup_py'
[0.587s] Level 1:colcon.colcon_core.package_identification:_identify(src/manipulator) by extensions ['ignore', 'ignore_ament_install']
[0.588s] Level 1:colcon.colcon_core.package_identification:_identify(src/manipulator) by extension 'ignore'
[0.588s] Level 1:colcon.colcon_core.package_identification:_identify(src/manipulator) by extension 'ignore_ament_install'
[0.588s] Level 1:colcon.colcon_core.package_identification:_identify(src/manipulator) by extensions ['colcon_pkg']
[0.588s] Level 1:colcon.colcon_core.package_identification:_identify(src/manipulator) by extension 'colcon_pkg'
[0.588s] Level 1:colcon.colcon_core.package_identification:_identify(src/manipulator) by extensions ['colcon_meta']
[0.588s] Level 1:colcon.colcon_core.package_identification:_identify(src/manipulator) by extension 'colcon_meta'
[0.588s] Level 1:colcon.colcon_core.package_identification:_identify(src/manipulator) by extensions ['ros']
[0.588s] Level 1:colcon.colcon_core.package_identification:_identify(src/manipulator) by extension 'ros'
[0.591s] DEBUG:colcon.colcon_core.package_identification:Package 'src/manipulator' with type 'ros.ament_cmake' and name 'manipulator'
[0.592s] Level 1:colcon.colcon_core.package_identification:_identify(src/manipulator_hardware) by extensions ['ignore', 'ignore_ament_install']
[0.592s] Level 1:colcon.colcon_core.package_identification:_identify(src/manipulator_hardware) by extension 'ignore'
[0.592s] Level 1:colcon.colcon_core.package_identification:_identify(src/manipulator_hardware) by extension 'ignore_ament_install'
[0.592s] Level 1:colcon.colcon_core.package_identification:_identify(src/manipulator_hardware) by extensions ['colcon_pkg']
[0.592s] Level 1:colcon.colcon_core.package_identification:_identify(src/manipulator_hardware) by extension 'colcon_pkg'
[0.593s] Level 1:colcon.colcon_core.package_identification:_identify(src/manipulator_hardware) by extensions ['colcon_meta']
[0.593s] Level 1:colcon.colcon_core.package_identification:_identify(src/manipulator_hardware) by extension 'colcon_meta'
[0.593s] Level 1:colcon.colcon_core.package_identification:_identify(src/manipulator_hardware) by extensions ['ros']
[0.593s] Level 1:colcon.colcon_core.package_identification:_identify(src/manipulator_hardware) by extension 'ros'
[0.594s] DEBUG:colcon.colcon_core.package_identification:Package 'src/manipulator_hardware' with type 'ros.ament_python' and name 'manipulator_hardware'
[0.594s] Level 1:colcon.colcon_core.package_identification:_identify(src/manipulator_test_manager) by extensions ['ignore', 'ignore_ament_install']
[0.594s] Level 1:colcon.colcon_core.package_identification:_identify(src/manipulator_test_manager) by extension 'ignore'
[0.595s] Level 1:colcon.colcon_core.package_identification:_identify(src/manipulator_test_manager) by extension 'ignore_ament_install'
[0.595s] Level 1:colcon.colcon_core.package_identification:_identify(src/manipulator_test_manager) by extensions ['colcon_pkg']
[0.595s] Level 1:colcon.colcon_core.package_identification:_identify(src/manipulator_test_manager) by extension 'colcon_pkg'
[0.595s] Level 1:colcon.colcon_core.package_identification:_identify(src/manipulator_test_manager) by extensions ['colcon_meta']
[0.595s] Level 1:colcon.colcon_core.package_identification:_identify(src/manipulator_test_manager) by extension 'colcon_meta'
[0.595s] Level 1:colcon.colcon_core.package_identification:_identify(src/manipulator_test_manager) by extensions ['ros']
[0.595s] Level 1:colcon.colcon_core.package_identification:_identify(src/manipulator_test_manager) by extension 'ros'
[0.596s] DEBUG:colcon.colcon_core.package_identification:Package 'src/manipulator_test_manager' with type 'ros.ament_python' and name 'manipulator_test_manager'
[0.596s] Level 1:colcon.colcon_core.package_identification:_identify(src/mimic_controller) by extensions ['ignore', 'ignore_ament_install']
[0.596s] Level 1:colcon.colcon_core.package_identification:_identify(src/mimic_controller) by extension 'ignore'
[0.596s] Level 1:colcon.colcon_core.package_identification:_identify(src/mimic_controller) by extension 'ignore_ament_install'
[0.597s] Level 1:colcon.colcon_core.package_identification:_identify(src/mimic_controller) by extensions ['colcon_pkg']
[0.597s] Level 1:colcon.colcon_core.package_identification:_identify(src/mimic_controller) by extension 'colcon_pkg'
[0.597s] Level 1:colcon.colcon_core.package_identification:_identify(src/mimic_controller) by extensions ['colcon_meta']
[0.597s] Level 1:colcon.colcon_core.package_identification:_identify(src/mimic_controller) by extension 'colcon_meta'
[0.597s] Level 1:colcon.colcon_core.package_identification:_identify(src/mimic_controller) by extensions ['ros']
[0.597s] Level 1:colcon.colcon_core.package_identification:_identify(src/mimic_controller) by extension 'ros'
[0.597s] DEBUG:colcon.colcon_core.package_identification:Package 'src/mimic_controller' with type 'ros.ament_python' and name 'mimic_controller'
[0.598s] Level 1:colcon.colcon_core.package_identification:_identify(src/moveit_config) by extensions ['ignore', 'ignore_ament_install']
[0.598s] Level 1:colcon.colcon_core.package_identification:_identify(src/moveit_config) by extension 'ignore'
[0.598s] Level 1:colcon.colcon_core.package_identification:_identify(src/moveit_config) by extension 'ignore_ament_install'
[0.598s] Level 1:colcon.colcon_core.package_identification:_identify(src/moveit_config) by extensions ['colcon_pkg']
[0.598s] Level 1:colcon.colcon_core.package_identification:_identify(src/moveit_config) by extension 'colcon_pkg'
[0.598s] Level 1:colcon.colcon_core.package_identification:_identify(src/moveit_config) by extensions ['colcon_meta']
[0.598s] Level 1:colcon.colcon_core.package_identification:_identify(src/moveit_config) by extension 'colcon_meta'
[0.598s] Level 1:colcon.colcon_core.package_identification:_identify(src/moveit_config) by extensions ['ros']
[0.598s] Level 1:colcon.colcon_core.package_identification:_identify(src/moveit_config) by extension 'ros'
[0.599s] DEBUG:colcon.colcon_core.package_identification:Package 'src/moveit_config' with type 'ros.ament_cmake' and name 'moveit_config'
[0.599s] Level 1:colcon.colcon_core.package_identification:_identify(src/stm32_interface_pkg) by extensions ['ignore', 'ignore_ament_install']
[0.599s] Level 1:colcon.colcon_core.package_identification:_identify(src/stm32_interface_pkg) by extension 'ignore'
[0.599s] Level 1:colcon.colcon_core.package_identification:_identify(src/stm32_interface_pkg) by extension 'ignore_ament_install'
[0.599s] Level 1:colcon.colcon_core.package_identification:_identify(src/stm32_interface_pkg) by extensions ['colcon_pkg']
[0.600s] Level 1:colcon.colcon_core.package_identification:_identify(src/stm32_interface_pkg) by extension 'colcon_pkg'
[0.600s] Level 1:colcon.colcon_core.package_identification:_identify(src/stm32_interface_pkg) by extensions ['colcon_meta']
[0.600s] Level 1:colcon.colcon_core.package_identification:_identify(src/stm32_interface_pkg) by extension 'colcon_meta'
[0.600s] Level 1:colcon.colcon_core.package_identification:_identify(src/stm32_interface_pkg) by extensions ['ros']
[0.600s] Level 1:colcon.colcon_core.package_identification:_identify(src/stm32_interface_pkg) by extension 'ros'
[0.600s] DEBUG:colcon.colcon_core.package_identification:Package 'src/stm32_interface_pkg' with type 'ros.ament_python' and name 'stm32_interface_pkg'
[0.600s] Level 1:colcon.colcon_core.package_discovery:discover_packages(recursive) using defaults
[0.601s] Level 1:colcon.colcon_core.package_discovery:discover_packages(ignore) discover
[0.601s] Level 1:colcon.colcon_core.package_discovery:discover_packages(ignore) using defaults
[0.601s] Level 1:colcon.colcon_core.package_discovery:discover_packages(path) discover
[0.601s] Level 1:colcon.colcon_core.package_discovery:discover_packages(path) using defaults
[0.645s] Level 1:colcon.colcon_core.package_discovery:discover_packages(prefix_path) check parameters
[0.645s] Level 1:colcon.colcon_core.package_discovery:discover_packages(prefix_path) discover
[0.648s] DEBUG:colcon.colcon_installed_package_information.package_discovery:Found 6 installed packages in /home/bgb_6342/manipulator_ws/install
[0.650s] DEBUG:colcon.colcon_installed_package_information.package_discovery:Found 365 installed packages in /opt/ros/humble
[0.654s] Level 1:colcon.colcon_core.package_discovery:discover_packages(prefix_path) using defaults
[0.729s] Level 5:colcon.colcon_core.verb:set package 'manipulator' build argument 'cmake_args' from command line to 'None'
[0.729s] Level 5:colcon.colcon_core.verb:set package 'manipulator' build argument 'cmake_target' from command line to 'None'
[0.729s] Level 5:colcon.colcon_core.verb:set package 'manipulator' build argument 'cmake_target_skip_unavailable' from command line to 'False'
[0.729s] Level 5:colcon.colcon_core.verb:set package 'manipulator' build argument 'cmake_clean_cache' from command line to 'False'
[0.729s] Level 5:colcon.colcon_core.verb:set package 'manipulator' build argument 'cmake_clean_first' from command line to 'False'
[0.729s] Level 5:colcon.colcon_core.verb:set package 'manipulator' build argument 'cmake_force_configure' from command line to 'False'
[0.729s] Level 5:colcon.colcon_core.verb:set package 'manipulator' build argument 'ament_cmake_args' from command line to 'None'
[0.729s] Level 5:colcon.colcon_core.verb:set package 'manipulator' build argument 'catkin_cmake_args' from command line to 'None'
[0.729s] Level 5:colcon.colcon_core.verb:set package 'manipulator' build argument 'catkin_skip_building_tests' from command line to 'False'
[0.729s] DEBUG:colcon.colcon_core.verb:Building package 'manipulator' with the following arguments: {'ament_cmake_args': None, 'build_base': '/home/bgb_6342/manipulator_ws/build/manipulator', 'catkin_cmake_args': None, 'catkin_skip_building_tests': False, 'cmake_args': None, 'cmake_clean_cache': False, 'cmake_clean_first': False, 'cmake_force_configure': False, 'cmake_target': None, 'cmake_target_skip_unavailable': False, 'install_base': '/home/bgb_6342/manipulator_ws/install/manipulator', 'merge_install': False, 'path': '/home/bgb_6342/manipulator_ws/src/manipulator', 'symlink_install': True, 'test_result_base': None}
[0.730s] Level 5:colcon.colcon_core.verb:set package 'manipulator_hardware' build argument 'cmake_args' from command line to 'None'
[0.730s] Level 5:colcon.colcon_core.verb:set package 'manipulator_hardware' build argument 'cmake_target' from command line to 'None'
[0.730s] Level 5:colcon.colcon_core.verb:set package 'manipulator_hardware' build argument 'cmake_target_skip_unavailable' from command line to 'False'
[0.730s] Level 5:colcon.colcon_core.verb:set package 'manipulator_hardware' build argument 'cmake_clean_cache' from command line to 'False'
[0.730s] Level 5:colcon.colcon_core.verb:set package 'manipulator_hardware' build argument 'cmake_clean_first' from command line to 'False'
[0.730s] Level 5:colcon.colcon_core.verb:set package 'manipulator_hardware' build argument 'cmake_force_configure' from command line to 'False'
[0.730s] Level 5:colcon.colcon_core.verb:set package 'manipulator_hardware' build argument 'ament_cmake_args' from command line to 'None'
[0.730s] Level 5:colcon.colcon_core.verb:set package 'manipulator_hardware' build argument 'catkin_cmake_args' from command line to 'None'
[0.730s] Level 5:colcon.colcon_core.verb:set package 'manipulator_hardware' build argument 'catkin_skip_building_tests' from command line to 'False'
[0.730s] DEBUG:colcon.colcon_core.verb:Building package 'manipulator_hardware' with the following arguments: {'ament_cmake_args': None, 'build_base': '/home/bgb_6342/manipulator_ws/build/manipulator_hardware', 'catkin_cmake_args': None, 'catkin_skip_building_tests': False, 'cmake_args': None, 'cmake_clean_cache': False, 'cmake_clean_first': False, 'cmake_force_configure': False, 'cmake_target': None, 'cmake_target_skip_unavailable': False, 'install_base': '/home/bgb_6342/manipulator_ws/install/manipulator_hardware', 'merge_install': False, 'path': '/home/bgb_6342/manipulator_ws/src/manipulator_hardware', 'symlink_install': True, 'test_result_base': None}
[0.731s] Level 5:colcon.colcon_core.verb:set package 'manipulator_test_manager' build argument 'cmake_args' from command line to 'None'
[0.731s] Level 5:colcon.colcon_core.verb:set package 'manipulator_test_manager' build argument 'cmake_target' from command line to 'None'
[0.731s] Level 5:colcon.colcon_core.verb:set package 'manipulator_test_manager' build argument 'cmake_target_skip_unavailable' from command line to 'False'
[0.731s] Level 5:colcon.colcon_core.verb:set package 'manipulator_test_manager' build argument 'cmake_clean_cache' from command line to 'False'
[0.731s] Level 5:colcon.colcon_core.verb:set package 'manipulator_test_manager' build argument 'cmake_clean_first' from command line to 'False'
[0.731s] Level 5:colcon.colcon_core.verb:set package 'manipulator_test_manager' build argument 'cmake_force_configure' from command line to 'False'
[0.731s] Level 5:colcon.colcon_core.verb:set package 'manipulator_test_manager' build argument 'ament_cmake_args' from command line to 'None'
[0.731s] Level 5:colcon.colcon_core.verb:set package 'manipulator_test_manager' build argument 'catkin_cmake_args' from command line to 'None'
[0.731s] Level 5:colcon.colcon_core.verb:set package 'manipulator_test_manager' build argument 'catkin_skip_building_tests' from command line to 'False'
[0.731s] DEBUG:colcon.colcon_core.verb:Building package 'manipulator_test_manager' with the following arguments: {'ament_cmake_args': None, 'build_base': '/home/bgb_6342/manipulator_ws/build/manipulator_test_manager', 'catkin_cmake_args': None, 'catkin_skip_building_tests': False, 'cmake_args': None, 'cmake_clean_cache': False, 'cmake_clean_first': False, 'cmake_force_configure': False, 'cmake_target': None, 'cmake_target_skip_unavailable': False, 'install_base': '/home/bgb_6342/manipulator_ws/install/manipulator_test_manager', 'merge_install': False, 'path': '/home/bgb_6342/manipulator_ws/src/manipulator_test_manager', 'symlink_install': True, 'test_result_base': None}
[0.732s] Level 5:colcon.colcon_core.verb:set package 'mimic_controller' build argument 'cmake_args' from command line to 'None'
[0.732s] Level 5:colcon.colcon_core.verb:set package 'mimic_controller' build argument 'cmake_target' from command line to 'None'
[0.732s] Level 5:colcon.colcon_core.verb:set package 'mimic_controller' build argument 'cmake_target_skip_unavailable' from command line to 'False'
[0.732s] Level 5:colcon.colcon_core.verb:set package 'mimic_controller' build argument 'cmake_clean_cache' from command line to 'False'
[0.732s] Level 5:colcon.colcon_core.verb:set package 'mimic_controller' build argument 'cmake_clean_first' from command line to 'False'
[0.732s] Level 5:colcon.colcon_core.verb:set package 'mimic_controller' build argument 'cmake_force_configure' from command line to 'False'
[0.732s] Level 5:colcon.colcon_core.verb:set package 'mimic_controller' build argument 'ament_cmake_args' from command line to 'None'
[0.732s] Level 5:colcon.colcon_core.verb:set package 'mimic_controller' build argument 'catkin_cmake_args' from command line to 'None'
[0.732s] Level 5:colcon.colcon_core.verb:set package 'mimic_controller' build argument 'catkin_skip_building_tests' from command line to 'False'
[0.732s] DEBUG:colcon.colcon_core.verb:Building package 'mimic_controller' with the following arguments: {'ament_cmake_args': None, 'build_base': '/home/bgb_6342/manipulator_ws/build/mimic_controller', 'catkin_cmake_args': None, 'catkin_skip_building_tests': False, 'cmake_args': None, 'cmake_clean_cache': False, 'cmake_clean_first': False, 'cmake_force_configure': False, 'cmake_target': None, 'cmake_target_skip_unavailable': False, 'install_base': '/home/bgb_6342/manipulator_ws/install/mimic_controller', 'merge_install': False, 'path': '/home/bgb_6342/manipulator_ws/src/mimic_controller', 'symlink_install': True, 'test_result_base': None}
[0.732s] Level 5:colcon.colcon_core.verb:set package 'stm32_interface_pkg' build argument 'cmake_args' from command line to 'None'
[0.732s] Level 5:colcon.colcon_core.verb:set package 'stm32_interface_pkg' build argument 'cmake_target' from command line to 'None'
[0.732s] Level 5:colcon.colcon_core.verb:set package 'stm32_interface_pkg' build argument 'cmake_target_skip_unavailable' from command line to 'False'
[0.733s] Level 5:colcon.colcon_core.verb:set package 'stm32_interface_pkg' build argument 'cmake_clean_cache' from command line to 'False'
[0.733s] Level 5:colcon.colcon_core.verb:set package 'stm32_interface_pkg' build argument 'cmake_clean_first' from command line to 'False'
[0.733s] Level 5:colcon.colcon_core.verb:set package 'stm32_interface_pkg' build argument 'cmake_force_configure' from command line to 'False'
[0.733s] Level 5:colcon.colcon_core.verb:set package 'stm32_interface_pkg' build argument 'ament_cmake_args' from command line to 'None'
[0.733s] Level 5:colcon.colcon_core.verb:set package 'stm32_interface_pkg' build argument 'catkin_cmake_args' from command line to 'None'
[0.733s] Level 5:colcon.colcon_core.verb:set package 'stm32_interface_pkg' build argument 'catkin_skip_building_tests' from command line to 'False'
[0.733s] DEBUG:colcon.colcon_core.verb:Building package 'stm32_interface_pkg' with the following arguments: {'ament_cmake_args': None, 'build_base': '/home/bgb_6342/manipulator_ws/build/stm32_interface_pkg', 'catkin_cmake_args': None, 'catkin_skip_building_tests': False, 'cmake_args': None, 'cmake_clean_cache': False, 'cmake_clean_first': False, 'cmake_force_configure': False, 'cmake_target': None, 'cmake_target_skip_unavailable': False, 'install_base': '/home/bgb_6342/manipulator_ws/install/stm32_interface_pkg', 'merge_install': False, 'path': '/home/bgb_6342/manipulator_ws/src/stm32_interface_pkg', 'symlink_install': True, 'test_result_base': None}
[0.733s] Level 5:colcon.colcon_core.verb:set package 'moveit_config' build argument 'cmake_args' from command line to 'None'
[0.733s] Level 5:colcon.colcon_core.verb:set package 'moveit_config' build argument 'cmake_target' from command line to 'None'
[0.733s] Level 5:colcon.colcon_core.verb:set package 'moveit_config' build argument 'cmake_target_skip_unavailable' from command line to 'False'
[0.733s] Level 5:colcon.colcon_core.verb:set package 'moveit_config' build argument 'cmake_clean_cache' from command line to 'False'
[0.733s] Level 5:colcon.colcon_core.verb:set package 'moveit_config' build argument 'cmake_clean_first' from command line to 'False'
[0.733s] Level 5:colcon.colcon_core.verb:set package 'moveit_config' build argument 'cmake_force_configure' from command line to 'False'
[0.733s] Level 5:colcon.colcon_core.verb:set package 'moveit_config' build argument 'ament_cmake_args' from command line to 'None'
[0.733s] Level 5:colcon.colcon_core.verb:set package 'moveit_config' build argument 'catkin_cmake_args' from command line to 'None'
[0.734s] Level 5:colcon.colcon_core.verb:set package 'moveit_config' build argument 'catkin_skip_building_tests' from command line to 'False'
[0.734s] DEBUG:colcon.colcon_core.verb:Building package 'moveit_config' with the following arguments: {'ament_cmake_args': None, 'build_base': '/home/bgb_6342/manipulator_ws/build/moveit_config', 'catkin_cmake_args': None, 'catkin_skip_building_tests': False, 'cmake_args': None, 'cmake_clean_cache': False, 'cmake_clean_first': False, 'cmake_force_configure': False, 'cmake_target': None, 'cmake_target_skip_unavailable': False, 'install_base': '/home/bgb_6342/manipulator_ws/install/moveit_config', 'merge_install': False, 'path': '/home/bgb_6342/manipulator_ws/src/moveit_config', 'symlink_install': True, 'test_result_base': None}
[0.734s] INFO:colcon.colcon_core.executor:Executing jobs using 'parallel' executor
[0.735s] DEBUG:colcon.colcon_parallel_executor.executor.parallel:run_until_complete
[0.736s] INFO:colcon.colcon_ros.task.ament_cmake.build:Building ROS package in '/home/bgb_6342/manipulator_ws/src/manipulator' with build type 'ament_cmake'
[0.736s] INFO:colcon.colcon_cmake.task.cmake.build:Building CMake package in '/home/bgb_6342/manipulator_ws/src/manipulator'
[0.741s] INFO:colcon.colcon_core.plugin_system:Skipping extension 'colcon_core.shell.bat': Not used on non-Windows systems
[0.741s] INFO:colcon.colcon_core.shell:Skip shell extension 'powershell' for command environment: Not usable outside of PowerShell
[0.741s] DEBUG:colcon.colcon_core.shell:Skip shell extension 'dsv' for command environment
[0.747s] INFO:colcon.colcon_ros.task.ament_python.build:Building ROS package in '/home/bgb_6342/manipulator_ws/src/manipulator_hardware' with build type 'ament_python'
[0.748s] Level 1:colcon.colcon_core.shell:create_environment_hook('manipulator_hardware', 'ament_prefix_path')
[0.749s] INFO:colcon.colcon_core.shell:Creating environment hook '/home/bgb_6342/manipulator_ws/install/manipulator_hardware/share/manipulator_hardware/hook/ament_prefix_path.ps1'
[0.750s] INFO:colcon.colcon_core.shell:Creating environment descriptor '/home/bgb_6342/manipulator_ws/install/manipulator_hardware/share/manipulator_hardware/hook/ament_prefix_path.dsv'
[0.756s] INFO:colcon.colcon_core.shell:Creating environment hook '/home/bgb_6342/manipulator_ws/install/manipulator_hardware/share/manipulator_hardware/hook/ament_prefix_path.sh'
[0.758s] INFO:colcon.colcon_core.shell:Skip shell extension 'powershell' for command environment: Not usable outside of PowerShell
[0.759s] DEBUG:colcon.colcon_core.shell:Skip shell extension 'dsv' for command environment
[0.764s] INFO:colcon.colcon_ros.task.ament_python.build:Building ROS package in '/home/bgb_6342/manipulator_ws/src/manipulator_test_manager' with build type 'ament_python'
[0.765s] Level 1:colcon.colcon_core.shell:create_environment_hook('manipulator_test_manager', 'ament_prefix_path')
[0.765s] INFO:colcon.colcon_core.shell:Creating environment hook '/home/bgb_6342/manipulator_ws/install/manipulator_test_manager/share/manipulator_test_manager/hook/ament_prefix_path.ps1'
[0.766s] INFO:colcon.colcon_core.shell:Creating environment descriptor '/home/bgb_6342/manipulator_ws/install/manipulator_test_manager/share/manipulator_test_manager/hook/ament_prefix_path.dsv'
[0.767s] INFO:colcon.colcon_core.shell:Creating environment hook '/home/bgb_6342/manipulator_ws/install/manipulator_test_manager/share/manipulator_test_manager/hook/ament_prefix_path.sh'
[0.770s] INFO:colcon.colcon_core.shell:Skip shell extension 'powershell' for command environment: Not usable outside of PowerShell
[0.770s] DEBUG:colcon.colcon_core.shell:Skip shell extension 'dsv' for command environment
[0.776s] INFO:colcon.colcon_ros.task.ament_python.build:Building ROS package in '/home/bgb_6342/manipulator_ws/src/mimic_controller' with build type 'ament_python'
[0.777s] Level 1:colcon.colcon_core.shell:create_environment_hook('mimic_controller', 'ament_prefix_path')
[0.777s] INFO:colcon.colcon_core.shell:Creating environment hook '/home/bgb_6342/manipulator_ws/install/mimic_controller/share/mimic_controller/hook/ament_prefix_path.ps1'
[0.778s] INFO:colcon.colcon_core.shell:Creating environment descriptor '/home/bgb_6342/manipulator_ws/install/mimic_controller/share/mimic_controller/hook/ament_prefix_path.dsv'
[0.779s] INFO:colcon.colcon_core.shell:Creating environment hook '/home/bgb_6342/manipulator_ws/install/mimic_controller/share/mimic_controller/hook/ament_prefix_path.sh'
[0.781s] INFO:colcon.colcon_core.shell:Skip shell extension 'powershell' for command environment: Not usable outside of PowerShell
[0.781s] DEBUG:colcon.colcon_core.shell:Skip shell extension 'dsv' for command environment
[0.799s] DEBUG:colcon.colcon_core.event_handler.log_command:Invoking command in '/home/bgb_6342/manipulator_ws/build/manipulator': CMAKE_PREFIX_PATH=${CMAKE_PREFIX_PATH}:/home/bgb_6342/manipulator_ws/install/stm32_interface_pkg:/home/bgb_6342/manipulator_ws/install/mimic_controller:/home/bgb_6342/manipulator_ws/install/manipulator_test_manager:/home/bgb_6342/manipulator_ws/install/manipulator_hardware:/opt/ros/humble /usr/bin/cmake --build /home/bgb_6342/manipulator_ws/build/manipulator -- -j4 -l4
[1.199s] INFO:colcon.colcon_core.task.python.build:Building Python package in '/home/bgb_6342/manipulator_ws/src/manipulator_hardware'
[1.199s] INFO:colcon.colcon_core.shell:Skip shell extension 'powershell' for command environment: Not usable outside of PowerShell
[1.199s] DEBUG:colcon.colcon_core.shell:Skip shell extension 'dsv' for command environment
[1.579s] INFO:colcon.colcon_core.task.python.build:Building Python package in '/home/bgb_6342/manipulator_ws/src/manipulator_test_manager'
[1.580s] INFO:colcon.colcon_core.shell:Skip shell extension 'powershell' for command environment: Not usable outside of PowerShell
[1.580s] DEBUG:colcon.colcon_core.shell:Skip shell extension 'dsv' for command environment
[1.974s] INFO:colcon.colcon_core.task.python.build:Building Python package in '/home/bgb_6342/manipulator_ws/src/mimic_controller'
[1.975s] INFO:colcon.colcon_core.shell:Skip shell extension 'powershell' for command environment: Not usable outside of PowerShell
[1.975s] DEBUG:colcon.colcon_core.shell:Skip shell extension 'dsv' for command environment
[1.982s] DEBUG:colcon.colcon_core.event_handler.log_command:Invoked command in '/home/bgb_6342/manipulator_ws/build/manipulator' returned '0': CMAKE_PREFIX_PATH=${CMAKE_PREFIX_PATH}:/home/bgb_6342/manipulator_ws/install/stm32_interface_pkg:/home/bgb_6342/manipulator_ws/install/mimic_controller:/home/bgb_6342/manipulator_ws/install/manipulator_test_manager:/home/bgb_6342/manipulator_ws/install/manipulator_hardware:/opt/ros/humble /usr/bin/cmake --build /home/bgb_6342/manipulator_ws/build/manipulator -- -j4 -l4
[1.997s] DEBUG:colcon.colcon_core.event_handler.log_command:Invoking command in '/home/bgb_6342/manipulator_ws/build/manipulator': CMAKE_PREFIX_PATH=${CMAKE_PREFIX_PATH}:/home/bgb_6342/manipulator_ws/install/stm32_interface_pkg:/home/bgb_6342/manipulator_ws/install/mimic_controller:/home/bgb_6342/manipulator_ws/install/manipulator_test_manager:/home/bgb_6342/manipulator_ws/install/manipulator_hardware:/opt/ros/humble /usr/bin/cmake --install /home/bgb_6342/manipulator_ws/build/manipulator
[2.041s] Level 1:colcon.colcon_core.environment:create_environment_scripts_only(manipulator)
[2.046s] DEBUG:colcon.colcon_core.event_handler.log_command:Invoked command in '/home/bgb_6342/manipulator_ws/build/manipulator' returned '0': CMAKE_PREFIX_PATH=${CMAKE_PREFIX_PATH}:/home/bgb_6342/manipulator_ws/install/stm32_interface_pkg:/home/bgb_6342/manipulator_ws/install/mimic_controller:/home/bgb_6342/manipulator_ws/install/manipulator_test_manager:/home/bgb_6342/manipulator_ws/install/manipulator_hardware:/opt/ros/humble /usr/bin/cmake --install /home/bgb_6342/manipulator_ws/build/manipulator
[2.047s] Level 1:colcon.colcon_core.environment:checking '/home/bgb_6342/manipulator_ws/install/manipulator' for CMake module files
[2.047s] Level 1:colcon.colcon_core.environment:checking '/home/bgb_6342/manipulator_ws/install/manipulator' for CMake config files
[2.048s] Level 1:colcon.colcon_core.shell:create_environment_hook('manipulator', 'cmake_prefix_path')
[2.048s] INFO:colcon.colcon_core.shell:Creating environment hook '/home/bgb_6342/manipulator_ws/install/manipulator/share/manipulator/hook/cmake_prefix_path.ps1'
[2.048s] INFO:colcon.colcon_core.shell:Creating environment descriptor '/home/bgb_6342/manipulator_ws/install/manipulator/share/manipulator/hook/cmake_prefix_path.dsv'
[2.049s] INFO:colcon.colcon_core.shell:Creating environment hook '/home/bgb_6342/manipulator_ws/install/manipulator/share/manipulator/hook/cmake_prefix_path.sh'
[2.050s] Level 1:colcon.colcon_core.environment:checking '/home/bgb_6342/manipulator_ws/install/manipulator/bin'
[2.050s] Level 1:colcon.colcon_core.environment:checking '/home/bgb_6342/manipulator_ws/install/manipulator/lib/pkgconfig/manipulator.pc'
[2.050s] Level 1:colcon.colcon_core.environment:checking '/home/bgb_6342/manipulator_ws/install/manipulator/lib/python3.10/site-packages'
[2.051s] Level 1:colcon.colcon_core.environment:checking '/home/bgb_6342/manipulator_ws/install/manipulator/bin'
[2.051s] INFO:colcon.colcon_core.shell:Creating package script '/home/bgb_6342/manipulator_ws/install/manipulator/share/manipulator/package.ps1'
[2.053s] INFO:colcon.colcon_core.shell:Creating package descriptor '/home/bgb_6342/manipulator_ws/install/manipulator/share/manipulator/package.dsv'
[2.054s] INFO:colcon.colcon_core.shell:Creating package script '/home/bgb_6342/manipulator_ws/install/manipulator/share/manipulator/package.sh'
[2.055s] INFO:colcon.colcon_core.shell:Creating package script '/home/bgb_6342/manipulator_ws/install/manipulator/share/manipulator/package.bash'
[2.056s] INFO:colcon.colcon_core.shell:Creating package script '/home/bgb_6342/manipulator_ws/install/manipulator/share/manipulator/package.zsh'
[2.056s] Level 1:colcon.colcon_core.environment:create_file_with_runtime_dependencies(/home/bgb_6342/manipulator_ws/install/manipulator/share/colcon-core/packages/manipulator)
[2.057s] Level 1:colcon.colcon_core.environment:create_environment_scripts_only(manipulator)
[2.058s] Level 1:colcon.colcon_core.environment:checking '/home/bgb_6342/manipulator_ws/install/manipulator' for CMake module files
[2.062s] Level 1:colcon.colcon_core.environment:checking '/home/bgb_6342/manipulator_ws/install/manipulator' for CMake config files
[2.063s] Level 1:colcon.colcon_core.shell:create_environment_hook('manipulator', 'cmake_prefix_path')
[2.063s] INFO:colcon.colcon_core.shell:Creating environment hook '/home/bgb_6342/manipulator_ws/install/manipulator/share/manipulator/hook/cmake_prefix_path.ps1'
[2.064s] INFO:colcon.colcon_core.shell:Creating environment descriptor '/home/bgb_6342/manipulator_ws/install/manipulator/share/manipulator/hook/cmake_prefix_path.dsv'
[2.065s] INFO:colcon.colcon_core.shell:Creating environment hook '/home/bgb_6342/manipulator_ws/install/manipulator/share/manipulator/hook/cmake_prefix_path.sh'
[2.066s] Level 1:colcon.colcon_core.environment:checking '/home/bgb_6342/manipulator_ws/install/manipulator/bin'
[2.066s] Level 1:colcon.colcon_core.environment:checking '/home/bgb_6342/manipulator_ws/install/manipulator/lib/pkgconfig/manipulator.pc'
[2.067s] Level 1:colcon.colcon_core.environment:checking '/home/bgb_6342/manipulator_ws/install/manipulator/lib/python3.10/site-packages'
[2.067s] Level 1:colcon.colcon_core.environment:checking '/home/bgb_6342/manipulator_ws/install/manipulator/bin'
[2.068s] INFO:colcon.colcon_core.shell:Creating package script '/home/bgb_6342/manipulator_ws/install/manipulator/share/manipulator/package.ps1'
[2.069s] INFO:colcon.colcon_core.shell:Creating package descriptor '/home/bgb_6342/manipulator_ws/install/manipulator/share/manipulator/package.dsv'
[2.070s] INFO:colcon.colcon_core.shell:Creating package script '/home/bgb_6342/manipulator_ws/install/manipulator/share/manipulator/package.sh'
[2.071s] INFO:colcon.colcon_core.shell:Creating package script '/home/bgb_6342/manipulator_ws/install/manipulator/share/manipulator/package.bash'
[2.072s] INFO:colcon.colcon_core.shell:Creating package script '/home/bgb_6342/manipulator_ws/install/manipulator/share/manipulator/package.zsh'
[2.073s] Level 1:colcon.colcon_core.environment:create_file_with_runtime_dependencies(/home/bgb_6342/manipulator_ws/install/manipulator/share/colcon-core/packages/manipulator)
[2.074s] INFO:colcon.colcon_ros.task.ament_python.build:Building ROS package in '/home/bgb_6342/manipulator_ws/src/stm32_interface_pkg' with build type 'ament_python'
[2.075s] Level 1:colcon.colcon_core.shell:create_environment_hook('stm32_interface_pkg', 'ament_prefix_path')
[2.075s] INFO:colcon.colcon_core.shell:Creating environment hook '/home/bgb_6342/manipulator_ws/install/stm32_interface_pkg/share/stm32_interface_pkg/hook/ament_prefix_path.ps1'
[2.076s] INFO:colcon.colcon_core.shell:Creating environment descriptor '/home/bgb_6342/manipulator_ws/install/stm32_interface_pkg/share/stm32_interface_pkg/hook/ament_prefix_path.dsv'
[2.076s] INFO:colcon.colcon_core.shell:Creating environment hook '/home/bgb_6342/manipulator_ws/install/stm32_interface_pkg/share/stm32_interface_pkg/hook/ament_prefix_path.sh'
[2.078s] INFO:colcon.colcon_core.shell:Skip shell extension 'powershell' for command environment: Not usable outside of PowerShell
[2.078s] DEBUG:colcon.colcon_core.shell:Skip shell extension 'dsv' for command environment
[2.561s] INFO:colcon.colcon_core.task.python.build:Building Python package in '/home/bgb_6342/manipulator_ws/src/stm32_interface_pkg'
[2.562s] INFO:colcon.colcon_core.shell:Skip shell extension 'powershell' for command environment: Not usable outside of PowerShell
[2.562s] DEBUG:colcon.colcon_core.shell:Skip shell extension 'dsv' for command environment
[2.675s] DEBUG:colcon.colcon_core.event_handler.log_command:Invoking command in '/home/bgb_6342/manipulator_ws/build/mimic_controller': PYTHONPATH=/home/bgb_6342/manipulator_ws/build/mimic_controller/prefix_override:/usr/lib/python3/dist-packages/colcon_core/task/python/colcon_distutils_commands:/home/bgb_6342/manipulator_ws/install/mimic_controller/lib/python3.10/site-packages:${PYTHONPATH} /usr/bin/python3 -W ignore:setup.py install is deprecated -W ignore:easy_install command is deprecated setup.py develop --editable --build-directory /home/bgb_6342/manipulator_ws/build/mimic_controller/build --no-deps symlink_data
[2.681s] DEBUG:colcon.colcon_core.event_handler.log_command:Invoking command in '/home/bgb_6342/manipulator_ws/build/manipulator_test_manager': PYTHONPATH=/home/bgb_6342/manipulator_ws/build/manipulator_test_manager/prefix_override:/usr/lib/python3/dist-packages/colcon_core/task/python/colcon_distutils_commands:/home/bgb_6342/manipulator_ws/install/manipulator_test_manager/lib/python3.10/site-packages:${PYTHONPATH} /usr/bin/python3 -W ignore:setup.py install is deprecated -W ignore:easy_install command is deprecated setup.py develop --editable --build-directory /home/bgb_6342/manipulator_ws/build/manipulator_test_manager/build --no-deps symlink_data
[2.691s] DEBUG:colcon.colcon_core.event_handler.log_command:Invoking command in '/home/bgb_6342/manipulator_ws/build/manipulator_hardware': PYTHONPATH=/home/bgb_6342/manipulator_ws/build/manipulator_hardware/prefix_override:/usr/lib/python3/dist-packages/colcon_core/task/python/colcon_distutils_commands:/home/bgb_6342/manipulator_ws/install/manipulator_hardware/lib/python3.10/site-packages:${PYTHONPATH} /usr/bin/python3 -W ignore:setup.py install is deprecated -W ignore:easy_install command is deprecated setup.py develop --editable --build-directory /home/bgb_6342/manipulator_ws/build/manipulator_hardware/build --no-deps symlink_data
[3.230s] DEBUG:colcon.colcon_core.event_handler.log_command:Invoking command in '/home/bgb_6342/manipulator_ws/build/stm32_interface_pkg': PYTHONPATH=/home/bgb_6342/manipulator_ws/build/stm32_interface_pkg/prefix_override:/usr/lib/python3/dist-packages/colcon_core/task/python/colcon_distutils_commands:/home/bgb_6342/manipulator_ws/install/stm32_interface_pkg/lib/python3.10/site-packages:${PYTHONPATH} /usr/bin/python3 -W ignore:setup.py install is deprecated -W ignore:easy_install command is deprecated setup.py develop --editable --build-directory /home/bgb_6342/manipulator_ws/build/stm32_interface_pkg/build --no-deps symlink_data
[3.502s] Level 1:colcon.colcon_core.shell:create_environment_hook('mimic_controller', 'pythonpath_develop')
[3.502s] INFO:colcon.colcon_core.shell:Creating environment hook '/home/bgb_6342/manipulator_ws/build/mimic_controller/share/mimic_controller/hook/pythonpath_develop.ps1'
[3.503s] INFO:colcon.colcon_core.shell:Creating environment descriptor '/home/bgb_6342/manipulator_ws/build/mimic_controller/share/mimic_controller/hook/pythonpath_develop.dsv'
[3.503s] INFO:colcon.colcon_core.shell:Creating environment hook '/home/bgb_6342/manipulator_ws/build/mimic_controller/share/mimic_controller/hook/pythonpath_develop.sh'
[3.504s] Level 1:colcon.colcon_core.environment:checking '/home/bgb_6342/manipulator_ws/install/mimic_controller' for CMake module files
[3.505s] Level 1:colcon.colcon_core.environment:checking '/home/bgb_6342/manipulator_ws/install/mimic_controller' for CMake config files
[3.506s] DEBUG:colcon.colcon_core.event_handler.log_command:Invoked command in '/home/bgb_6342/manipulator_ws/build/mimic_controller' returned '0': PYTHONPATH=/home/bgb_6342/manipulator_ws/build/mimic_controller/prefix_override:/usr/lib/python3/dist-packages/colcon_core/task/python/colcon_distutils_commands:/home/bgb_6342/manipulator_ws/install/mimic_controller/lib/python3.10/site-packages:${PYTHONPATH} /usr/bin/python3 -W ignore:setup.py install is deprecated -W ignore:easy_install command is deprecated setup.py develop --editable --build-directory /home/bgb_6342/manipulator_ws/build/mimic_controller/build --no-deps symlink_data
[3.507s] Level 1:colcon.colcon_core.environment:checking '/home/bgb_6342/manipulator_ws/install/mimic_controller/lib'
[3.509s] Level 1:colcon.colcon_core.environment:checking '/home/bgb_6342/manipulator_ws/install/mimic_controller/bin'
[3.509s] Level 1:colcon.colcon_core.environment:checking '/home/bgb_6342/manipulator_ws/install/mimic_controller/lib/pkgconfig/mimic_controller.pc'
[3.510s] Level 1:colcon.colcon_core.environment:checking '/home/bgb_6342/manipulator_ws/install/mimic_controller/lib/python3.10/site-packages'
[3.510s] Level 1:colcon.colcon_core.shell:create_environment_hook('mimic_controller', 'pythonpath')
[3.510s] INFO:colcon.colcon_core.shell:Creating environment hook '/home/bgb_6342/manipulator_ws/install/mimic_controller/share/mimic_controller/hook/pythonpath.ps1'
[3.511s] INFO:colcon.colcon_core.shell:Creating environment descriptor '/home/bgb_6342/manipulator_ws/install/mimic_controller/share/mimic_controller/hook/pythonpath.dsv'
[3.512s] INFO:colcon.colcon_core.shell:Creating environment hook '/home/bgb_6342/manipulator_ws/install/mimic_controller/share/mimic_controller/hook/pythonpath.sh'
[3.513s] Level 1:colcon.colcon_core.environment:checking '/home/bgb_6342/manipulator_ws/install/mimic_controller/bin'
[3.514s] Level 1:colcon.colcon_core.environment:create_environment_scripts_only(mimic_controller)
[3.517s] INFO:colcon.colcon_core.shell:Creating package script '/home/bgb_6342/manipulator_ws/install/mimic_controller/share/mimic_controller/package.ps1'
[3.519s] INFO:colcon.colcon_core.shell:Creating package descriptor '/home/bgb_6342/manipulator_ws/install/mimic_controller/share/mimic_controller/package.dsv'
[3.520s] INFO:colcon.colcon_core.shell:Creating package script '/home/bgb_6342/manipulator_ws/install/mimic_controller/share/mimic_controller/package.sh'
[3.522s] INFO:colcon.colcon_core.shell:Creating package script '/home/bgb_6342/manipulator_ws/install/mimic_controller/share/mimic_controller/package.bash'
[3.523s] INFO:colcon.colcon_core.shell:Creating package script '/home/bgb_6342/manipulator_ws/install/mimic_controller/share/mimic_controller/package.zsh'
[3.524s] Level 1:colcon.colcon_core.environment:create_file_with_runtime_dependencies(/home/bgb_6342/manipulator_ws/install/mimic_controller/share/colcon-core/packages/mimic_controller)
[3.525s] INFO:colcon.colcon_ros.task.ament_cmake.build:Building ROS package in '/home/bgb_6342/manipulator_ws/src/moveit_config' with build type 'ament_cmake'
[3.526s] INFO:colcon.colcon_cmake.task.cmake.build:Building CMake package in '/home/bgb_6342/manipulator_ws/src/moveit_config'
[3.526s] INFO:colcon.colcon_core.shell:Skip shell extension 'powershell' for command environment: Not usable outside of PowerShell
[3.526s] DEBUG:colcon.colcon_core.shell:Skip shell extension 'dsv' for command environment
[3.543s] Level 1:colcon.colcon_core.shell:create_environment_hook('manipulator_test_manager', 'pythonpath_develop')
[3.543s] DEBUG:colcon.colcon_core.event_handler.log_command:Invoked command in '/home/bgb_6342/manipulator_ws/build/manipulator_test_manager' returned '0': PYTHONPATH=/home/bgb_6342/manipulator_ws/build/manipulator_test_manager/prefix_override:/usr/lib/python3/dist-packages/colcon_core/task/python/colcon_distutils_commands:/home/bgb_6342/manipulator_ws/install/manipulator_test_manager/lib/python3.10/site-packages:${PYTHONPATH} /usr/bin/python3 -W ignore:setup.py install is deprecated -W ignore:easy_install command is deprecated setup.py develop --editable --build-directory /home/bgb_6342/manipulator_ws/build/manipulator_test_manager/build --no-deps symlink_data
[3.544s] INFO:colcon.colcon_core.shell:Creating environment hook '/home/bgb_6342/manipulator_ws/build/manipulator_test_manager/share/manipulator_test_manager/hook/pythonpath_develop.ps1'
[3.545s] INFO:colcon.colcon_core.shell:Creating environment descriptor '/home/bgb_6342/manipulator_ws/build/manipulator_test_manager/share/manipulator_test_manager/hook/pythonpath_develop.dsv'
[3.546s] INFO:colcon.colcon_core.shell:Creating environment hook '/home/bgb_6342/manipulator_ws/build/manipulator_test_manager/share/manipulator_test_manager/hook/pythonpath_develop.sh'
[3.548s] Level 1:colcon.colcon_core.environment:checking '/home/bgb_6342/manipulator_ws/install/manipulator_test_manager' for CMake module files
[3.548s] Level 1:colcon.colcon_core.environment:checking '/home/bgb_6342/manipulator_ws/install/manipulator_test_manager' for CMake config files
[3.555s] Level 1:colcon.colcon_core.environment:checking '/home/bgb_6342/manipulator_ws/install/manipulator_test_manager/lib'
[3.557s] Level 1:colcon.colcon_core.environment:checking '/home/bgb_6342/manipulator_ws/install/manipulator_test_manager/bin'
[3.557s] Level 1:colcon.colcon_core.environment:checking '/home/bgb_6342/manipulator_ws/install/manipulator_test_manager/lib/pkgconfig/manipulator_test_manager.pc'
[3.558s] Level 1:colcon.colcon_core.environment:checking '/home/bgb_6342/manipulator_ws/install/manipulator_test_manager/lib/python3.10/site-packages'
[3.558s] Level 1:colcon.colcon_core.shell:create_environment_hook('manipulator_test_manager', 'pythonpath')
[3.559s] INFO:colcon.colcon_core.shell:Creating environment hook '/home/bgb_6342/manipulator_ws/install/manipulator_test_manager/share/manipulator_test_manager/hook/pythonpath.ps1'
[3.560s] INFO:colcon.colcon_core.shell:Creating environment descriptor '/home/bgb_6342/manipulator_ws/install/manipulator_test_manager/share/manipulator_test_manager/hook/pythonpath.dsv'
[3.560s] INFO:colcon.colcon_core.shell:Creating environment hook '/home/bgb_6342/manipulator_ws/install/manipulator_test_manager/share/manipulator_test_manager/hook/pythonpath.sh'
[3.562s] Level 1:colcon.colcon_core.environment:checking '/home/bgb_6342/manipulator_ws/install/manipulator_test_manager/bin'
[3.562s] Level 1:colcon.colcon_core.environment:create_environment_scripts_only(manipulator_test_manager)
[3.562s] INFO:colcon.colcon_core.shell:Creating package script '/home/bgb_6342/manipulator_ws/install/manipulator_test_manager/share/manipulator_test_manager/package.ps1'
[3.563s] INFO:colcon.colcon_core.shell:Creating package descriptor '/home/bgb_6342/manipulator_ws/install/manipulator_test_manager/share/manipulator_test_manager/package.dsv'
[3.564s] INFO:colcon.colcon_core.shell:Creating package script '/home/bgb_6342/manipulator_ws/install/manipulator_test_manager/share/manipulator_test_manager/package.sh'
[3.565s] INFO:colcon.colcon_core.shell:Creating package script '/home/bgb_6342/manipulator_ws/install/manipulator_test_manager/share/manipulator_test_manager/package.bash'
[3.567s] INFO:colcon.colcon_core.shell:Creating package script '/home/bgb_6342/manipulator_ws/install/manipulator_test_manager/share/manipulator_test_manager/package.zsh'
[3.568s] Level 1:colcon.colcon_core.environment:create_file_with_runtime_dependencies(/home/bgb_6342/manipulator_ws/install/manipulator_test_manager/share/colcon-core/packages/manipulator_test_manager)
[3.571s] Level 1:colcon.colcon_core.shell:create_environment_hook('manipulator_hardware', 'pythonpath_develop')
[3.571s] INFO:colcon.colcon_core.shell:Creating environment hook '/home/bgb_6342/manipulator_ws/build/manipulator_hardware/share/manipulator_hardware/hook/pythonpath_develop.ps1'
[3.573s] DEBUG:colcon.colcon_core.event_handler.log_command:Invoked command in '/home/bgb_6342/manipulator_ws/build/manipulator_hardware' returned '0': PYTHONPATH=/home/bgb_6342/manipulator_ws/build/manipulator_hardware/prefix_override:/usr/lib/python3/dist-packages/colcon_core/task/python/colcon_distutils_commands:/home/bgb_6342/manipulator_ws/install/manipulator_hardware/lib/python3.10/site-packages:${PYTHONPATH} /usr/bin/python3 -W ignore:setup.py install is deprecated -W ignore:easy_install command is deprecated setup.py develop --editable --build-directory /home/bgb_6342/manipulator_ws/build/manipulator_hardware/build --no-deps symlink_data
[3.573s] INFO:colcon.colcon_core.shell:Creating environment descriptor '/home/bgb_6342/manipulator_ws/build/manipulator_hardware/share/manipulator_hardware/hook/pythonpath_develop.dsv'
[3.574s] INFO:colcon.colcon_core.shell:Creating environment hook '/home/bgb_6342/manipulator_ws/build/manipulator_hardware/share/manipulator_hardware/hook/pythonpath_develop.sh'
[3.575s] Level 1:colcon.colcon_core.environment:checking '/home/bgb_6342/manipulator_ws/install/manipulator_hardware' for CMake module files
[3.575s] Level 1:colcon.colcon_core.environment:checking '/home/bgb_6342/manipulator_ws/install/manipulator_hardware' for CMake config files
[3.576s] Level 1:colcon.colcon_core.environment:checking '/home/bgb_6342/manipulator_ws/install/manipulator_hardware/lib'
[3.576s] Level 1:colcon.colcon_core.environment:checking '/home/bgb_6342/manipulator_ws/install/manipulator_hardware/bin'
[3.576s] Level 1:colcon.colcon_core.environment:checking '/home/bgb_6342/manipulator_ws/install/manipulator_hardware/lib/pkgconfig/manipulator_hardware.pc'
[3.576s] Level 1:colcon.colcon_core.environment:checking '/home/bgb_6342/manipulator_ws/install/manipulator_hardware/lib/python3.10/site-packages'
[3.576s] Level 1:colcon.colcon_core.shell:create_environment_hook('manipulator_hardware', 'pythonpath')
[3.577s] INFO:colcon.colcon_core.shell:Creating environment hook '/home/bgb_6342/manipulator_ws/install/manipulator_hardware/share/manipulator_hardware/hook/pythonpath.ps1'
[3.578s] INFO:colcon.colcon_core.shell:Creating environment descriptor '/home/bgb_6342/manipulator_ws/install/manipulator_hardware/share/manipulator_hardware/hook/pythonpath.dsv'
[3.582s] INFO:colcon.colcon_core.shell:Creating environment hook '/home/bgb_6342/manipulator_ws/install/manipulator_hardware/share/manipulator_hardware/hook/pythonpath.sh'
[3.588s] Level 1:colcon.colcon_core.environment:checking '/home/bgb_6342/manipulator_ws/install/manipulator_hardware/bin'
[3.589s] Level 1:colcon.colcon_core.environment:create_environment_scripts_only(manipulator_hardware)
[3.590s] INFO:colcon.colcon_core.shell:Creating package script '/home/bgb_6342/manipulator_ws/install/manipulator_hardware/share/manipulator_hardware/package.ps1'
[3.591s] INFO:colcon.colcon_core.shell:Creating package descriptor '/home/bgb_6342/manipulator_ws/install/manipulator_hardware/share/manipulator_hardware/package.dsv'
[3.592s] INFO:colcon.colcon_core.shell:Creating package script '/home/bgb_6342/manipulator_ws/install/manipulator_hardware/share/manipulator_hardware/package.sh'
[3.593s] INFO:colcon.colcon_core.shell:Creating package script '/home/bgb_6342/manipulator_ws/install/manipulator_hardware/share/manipulator_hardware/package.bash'
[3.593s] INFO:colcon.colcon_core.shell:Creating package script '/home/bgb_6342/manipulator_ws/install/manipulator_hardware/share/manipulator_hardware/package.zsh'
[3.595s] Level 1:colcon.colcon_core.environment:create_file_with_runtime_dependencies(/home/bgb_6342/manipulator_ws/install/manipulator_hardware/share/colcon-core/packages/manipulator_hardware)
[3.641s] DEBUG:colcon.colcon_core.event_handler.log_command:Invoking command in '/home/bgb_6342/manipulator_ws/build/moveit_config': CMAKE_PREFIX_PATH=/home/bgb_6342/manipulator_ws/install/manipulator:/home/bgb_6342/manipulator_ws/install/moveit_config:/home/bgb_6342/manipulator_ws/install/stm32_interface_pkg:/home/bgb_6342/manipulator_ws/install/mimic_controller:/home/bgb_6342/manipulator_ws/install/manipulator_test_manager:/home/bgb_6342/manipulator_ws/install/manipulator_hardware:/opt/ros/humble /usr/bin/cmake --build /home/bgb_6342/manipulator_ws/build/moveit_config -- -j4 -l4
[3.700s] DEBUG:colcon.colcon_core.event_handler.log_command:Invoked command in '/home/bgb_6342/manipulator_ws/build/moveit_config' returned '0': CMAKE_PREFIX_PATH=/home/bgb_6342/manipulator_ws/install/manipulator:/home/bgb_6342/manipulator_ws/install/moveit_config:/home/bgb_6342/manipulator_ws/install/stm32_interface_pkg:/home/bgb_6342/manipulator_ws/install/mimic_controller:/home/bgb_6342/manipulator_ws/install/manipulator_test_manager:/home/bgb_6342/manipulator_ws/install/manipulator_hardware:/opt/ros/humble /usr/bin/cmake --build /home/bgb_6342/manipulator_ws/build/moveit_config -- -j4 -l4
[3.702s] DEBUG:colcon.colcon_core.event_handler.log_command:Invoking command in '/home/bgb_6342/manipulator_ws/build/moveit_config': CMAKE_PREFIX_PATH=/home/bgb_6342/manipulator_ws/install/manipulator:/home/bgb_6342/manipulator_ws/install/moveit_config:/home/bgb_6342/manipulator_ws/install/stm32_interface_pkg:/home/bgb_6342/manipulator_ws/install/mimic_controller:/home/bgb_6342/manipulator_ws/install/manipulator_test_manager:/home/bgb_6342/manipulator_ws/install/manipulator_hardware:/opt/ros/humble /usr/bin/cmake --install /home/bgb_6342/manipulator_ws/build/moveit_config
[3.740s] Level 1:colcon.colcon_core.environment:create_environment_scripts_only(moveit_config)
[3.740s] Level 1:colcon.colcon_core.environment:checking '/home/bgb_6342/manipulator_ws/install/moveit_config' for CMake module files
[3.741s] DEBUG:colcon.colcon_core.event_handler.log_command:Invoked command in '/home/bgb_6342/manipulator_ws/build/moveit_config' returned '0': CMAKE_PREFIX_PATH=/home/bgb_6342/manipulator_ws/install/manipulator:/home/bgb_6342/manipulator_ws/install/moveit_config:/home/bgb_6342/manipulator_ws/install/stm32_interface_pkg:/home/bgb_6342/manipulator_ws/install/mimic_controller:/home/bgb_6342/manipulator_ws/install/manipulator_test_manager:/home/bgb_6342/manipulator_ws/install/manipulator_hardware:/opt/ros/humble /usr/bin/cmake --install /home/bgb_6342/manipulator_ws/build/moveit_config
[3.742s] Level 1:colcon.colcon_core.environment:checking '/home/bgb_6342/manipulator_ws/install/moveit_config' for CMake config files
[3.743s] Level 1:colcon.colcon_core.shell:create_environment_hook('moveit_config', 'cmake_prefix_path')
[3.743s] INFO:colcon.colcon_core.shell:Creating environment hook '/home/bgb_6342/manipulator_ws/install/moveit_config/share/moveit_config/hook/cmake_prefix_path.ps1'
[3.744s] INFO:colcon.colcon_core.shell:Creating environment descriptor '/home/bgb_6342/manipulator_ws/install/moveit_config/share/moveit_config/hook/cmake_prefix_path.dsv'
[3.744s] INFO:colcon.colcon_core.shell:Creating environment hook '/home/bgb_6342/manipulator_ws/install/moveit_config/share/moveit_config/hook/cmake_prefix_path.sh'
[3.745s] Level 1:colcon.colcon_core.environment:checking '/home/bgb_6342/manipulator_ws/install/moveit_config/bin'
[3.746s] Level 1:colcon.colcon_core.environment:checking '/home/bgb_6342/manipulator_ws/install/moveit_config/lib/pkgconfig/moveit_config.pc'
[3.746s] Level 1:colcon.colcon_core.environment:checking '/home/bgb_6342/manipulator_ws/install/moveit_config/lib/python3.10/site-packages'
[3.746s] Level 1:colcon.colcon_core.environment:checking '/home/bgb_6342/manipulator_ws/install/moveit_config/bin'
[3.747s] INFO:colcon.colcon_core.shell:Creating package script '/home/bgb_6342/manipulator_ws/install/moveit_config/share/moveit_config/package.ps1'
[3.747s] INFO:colcon.colcon_core.shell:Creating package descriptor '/home/bgb_6342/manipulator_ws/install/moveit_config/share/moveit_config/package.dsv'
[3.748s] INFO:colcon.colcon_core.shell:Creating package script '/home/bgb_6342/manipulator_ws/install/moveit_config/share/moveit_config/package.sh'
[3.749s] INFO:colcon.colcon_core.shell:Creating package script '/home/bgb_6342/manipulator_ws/install/moveit_config/share/moveit_config/package.bash'
[3.749s] INFO:colcon.colcon_core.shell:Creating package script '/home/bgb_6342/manipulator_ws/install/moveit_config/share/moveit_config/package.zsh'
[3.750s] Level 1:colcon.colcon_core.environment:create_file_with_runtime_dependencies(/home/bgb_6342/manipulator_ws/install/moveit_config/share/colcon-core/packages/moveit_config)
[3.750s] Level 1:colcon.colcon_core.environment:create_environment_scripts_only(moveit_config)
[3.751s] Level 1:colcon.colcon_core.environment:checking '/home/bgb_6342/manipulator_ws/install/moveit_config' for CMake module files
[3.751s] Level 1:colcon.colcon_core.environment:checking '/home/bgb_6342/manipulator_ws/install/moveit_config' for CMake config files
[3.752s] Level 1:colcon.colcon_core.shell:create_environment_hook('moveit_config', 'cmake_prefix_path')
[3.752s] INFO:colcon.colcon_core.shell:Creating environment hook '/home/bgb_6342/manipulator_ws/install/moveit_config/share/moveit_config/hook/cmake_prefix_path.ps1'
[3.753s] INFO:colcon.colcon_core.shell:Creating environment descriptor '/home/bgb_6342/manipulator_ws/install/moveit_config/share/moveit_config/hook/cmake_prefix_path.dsv'
[3.754s] INFO:colcon.colcon_core.shell:Creating environment hook '/home/bgb_6342/manipulator_ws/install/moveit_config/share/moveit_config/hook/cmake_prefix_path.sh'
[3.754s] Level 1:colcon.colcon_core.environment:checking '/home/bgb_6342/manipulator_ws/install/moveit_config/bin'
[3.755s] Level 1:colcon.colcon_core.environment:checking '/home/bgb_6342/manipulator_ws/install/moveit_config/lib/pkgconfig/moveit_config.pc'
[3.755s] Level 1:colcon.colcon_core.environment:checking '/home/bgb_6342/manipulator_ws/install/moveit_config/lib/python3.10/site-packages'
[3.755s] Level 1:colcon.colcon_core.environment:checking '/home/bgb_6342/manipulator_ws/install/moveit_config/bin'
[3.755s] INFO:colcon.colcon_core.shell:Creating package script '/home/bgb_6342/manipulator_ws/install/moveit_config/share/moveit_config/package.ps1'
[3.756s] INFO:colcon.colcon_core.shell:Creating package descriptor '/home/bgb_6342/manipulator_ws/install/moveit_config/share/moveit_config/package.dsv'
[3.757s] INFO:colcon.colcon_core.shell:Creating package script '/home/bgb_6342/manipulator_ws/install/moveit_config/share/moveit_config/package.sh'
[3.757s] INFO:colcon.colcon_core.shell:Creating package script '/home/bgb_6342/manipulator_ws/install/moveit_config/share/moveit_config/package.bash'
[3.758s] INFO:colcon.colcon_core.shell:Creating package script '/home/bgb_6342/manipulator_ws/install/moveit_config/share/moveit_config/package.zsh'
[3.759s] Level 1:colcon.colcon_core.environment:create_file_with_runtime_dependencies(/home/bgb_6342/manipulator_ws/install/moveit_config/share/colcon-core/packages/moveit_config)
[4.034s] Level 1:colcon.colcon_core.shell:create_environment_hook('stm32_interface_pkg', 'pythonpath_develop')
[4.034s] INFO:colcon.colcon_core.shell:Creating environment hook '/home/bgb_6342/manipulator_ws/build/stm32_interface_pkg/share/stm32_interface_pkg/hook/pythonpath_develop.ps1'
[4.035s] DEBUG:colcon.colcon_core.event_handler.log_command:Invoked command in '/home/bgb_6342/manipulator_ws/build/stm32_interface_pkg' returned '0': PYTHONPATH=/home/bgb_6342/manipulator_ws/build/stm32_interface_pkg/prefix_override:/usr/lib/python3/dist-packages/colcon_core/task/python/colcon_distutils_commands:/home/bgb_6342/manipulator_ws/install/stm32_interface_pkg/lib/python3.10/site-packages:${PYTHONPATH} /usr/bin/python3 -W ignore:setup.py install is deprecated -W ignore:easy_install command is deprecated setup.py develop --editable --build-directory /home/bgb_6342/manipulator_ws/build/stm32_interface_pkg/build --no-deps symlink_data
[4.036s] INFO:colcon.colcon_core.shell:Creating environment descriptor '/home/bgb_6342/manipulator_ws/build/stm32_interface_pkg/share/stm32_interface_pkg/hook/pythonpath_develop.dsv'
[4.036s] INFO:colcon.colcon_core.shell:Creating environment hook '/home/bgb_6342/manipulator_ws/build/stm32_interface_pkg/share/stm32_interface_pkg/hook/pythonpath_develop.sh'
[4.037s] Level 1:colcon.colcon_core.environment:checking '/home/bgb_6342/manipulator_ws/install/stm32_interface_pkg' for CMake module files
[4.037s] Level 1:colcon.colcon_core.environment:checking '/home/bgb_6342/manipulator_ws/install/stm32_interface_pkg' for CMake config files
[4.038s] Level 1:colcon.colcon_core.environment:checking '/home/bgb_6342/manipulator_ws/install/stm32_interface_pkg/lib'
[4.038s] Level 1:colcon.colcon_core.environment:checking '/home/bgb_6342/manipulator_ws/install/stm32_interface_pkg/bin'
[4.038s] Level 1:colcon.colcon_core.environment:checking '/home/bgb_6342/manipulator_ws/install/stm32_interface_pkg/lib/pkgconfig/stm32_interface_pkg.pc'
[4.039s] Level 1:colcon.colcon_core.environment:checking '/home/bgb_6342/manipulator_ws/install/stm32_interface_pkg/lib/python3.10/site-packages'
[4.039s] Level 1:colcon.colcon_core.shell:create_environment_hook('stm32_interface_pkg', 'pythonpath')
[4.039s] INFO:colcon.colcon_core.shell:Creating environment hook '/home/bgb_6342/manipulator_ws/install/stm32_interface_pkg/share/stm32_interface_pkg/hook/pythonpath.ps1'
[4.039s] INFO:colcon.colcon_core.shell:Creating environment descriptor '/home/bgb_6342/manipulator_ws/install/stm32_interface_pkg/share/stm32_interface_pkg/hook/pythonpath.dsv'
[4.040s] INFO:colcon.colcon_core.shell:Creating environment hook '/home/bgb_6342/manipulator_ws/install/stm32_interface_pkg/share/stm32_interface_pkg/hook/pythonpath.sh'
[4.040s] Level 1:colcon.colcon_core.environment:checking '/home/bgb_6342/manipulator_ws/install/stm32_interface_pkg/bin'
[4.041s] Level 1:colcon.colcon_core.environment:create_environment_scripts_only(stm32_interface_pkg)
[4.041s] INFO:colcon.colcon_core.shell:Creating package script '/home/bgb_6342/manipulator_ws/install/stm32_interface_pkg/share/stm32_interface_pkg/package.ps1'
[4.042s] INFO:colcon.colcon_core.shell:Creating package descriptor '/home/bgb_6342/manipulator_ws/install/stm32_interface_pkg/share/stm32_interface_pkg/package.dsv'
[4.042s] INFO:colcon.colcon_core.shell:Creating package script '/home/bgb_6342/manipulator_ws/install/stm32_interface_pkg/share/stm32_interface_pkg/package.sh'
[4.043s] INFO:colcon.colcon_core.shell:Creating package script '/home/bgb_6342/manipulator_ws/install/stm32_interface_pkg/share/stm32_interface_pkg/package.bash'
[4.044s] INFO:colcon.colcon_core.shell:Creating package script '/home/bgb_6342/manipulator_ws/install/stm32_interface_pkg/share/stm32_interface_pkg/package.zsh'
[4.044s] Level 1:colcon.colcon_core.environment:create_file_with_runtime_dependencies(/home/bgb_6342/manipulator_ws/install/stm32_interface_pkg/share/colcon-core/packages/stm32_interface_pkg)
[4.045s] DEBUG:colcon.colcon_parallel_executor.executor.parallel:closing loop
[4.045s] DEBUG:colcon.colcon_parallel_executor.executor.parallel:loop closed
[4.046s] DEBUG:colcon.colcon_parallel_executor.executor.parallel:run_until_complete finished with '0'
[4.046s] DEBUG:colcon.colcon_core.event_reactor:joining thread
[4.094s] INFO:colcon.colcon_core.plugin_system:Skipping extension 'colcon_notification.desktop_notification.notify_send': Could not find 'notify-send'
[4.094s] INFO:colcon.colcon_core.plugin_system:Skipping extension 'colcon_notification.desktop_notification.terminal_notifier': Not used on non-Darwin systems
[4.094s] INFO:colcon.colcon_core.plugin_system:Skipping extension 'colcon_notification.desktop_notification.win32': Not used on non-Windows systems
[4.094s] INFO:colcon.colcon_notification.desktop_notification:Sending desktop notification using 'notify2'
[4.095s] DEBUG:colcon.colcon_notification.desktop_notification.notify2:Failed to initialize notify2: org.freedesktop.DBus.Error.ServiceUnknown: The name org.freedesktop.Notifications was not provided by any .service files
[4.096s] DEBUG:colcon.colcon_core.event_reactor:joined thread
[4.096s] INFO:colcon.colcon_core.shell:Creating prefix script '/home/bgb_6342/manipulator_ws/install/local_setup.ps1'
[4.097s] INFO:colcon.colcon_core.shell:Creating prefix util module '/home/bgb_6342/manipulator_ws/install/_local_setup_util_ps1.py'
[4.099s] INFO:colcon.colcon_core.shell:Creating prefix chain script '/home/bgb_6342/manipulator_ws/install/setup.ps1'
[4.101s] INFO:colcon.colcon_core.shell:Creating prefix script '/home/bgb_6342/manipulator_ws/install/local_setup.sh'
[4.102s] INFO:colcon.colcon_core.shell:Creating prefix util module '/home/bgb_6342/manipulator_ws/install/_local_setup_util_sh.py'
[4.103s] INFO:colcon.colcon_core.shell:Creating prefix chain script '/home/bgb_6342/manipulator_ws/install/setup.sh'
[4.105s] INFO:colcon.colcon_core.shell:Creating prefix script '/home/bgb_6342/manipulator_ws/install/local_setup.bash'
[4.106s] INFO:colcon.colcon_core.shell:Creating prefix chain script '/home/bgb_6342/manipulator_ws/install/setup.bash'
[4.108s] INFO:colcon.colcon_core.shell:Creating prefix script '/home/bgb_6342/manipulator_ws/install/local_setup.zsh'
[4.109s] INFO:colcon.colcon_core.shell:Creating prefix chain script '/home/bgb_6342/manipulator_ws/install/setup.zsh'
