[0.365s] DEBUG:colcon:Command line arguments: ['/usr/bin/colcon', 'build', '--symlink-install']
[0.366s] DEBUG:colcon:Parsed command line arguments: Namespace(log_base=None, log_level=None, verb_name='build', build_base='build', install_base='install', merge_install=False, symlink_install=True, test_result_base=None, continue_on_error=False, executor='parallel', parallel_workers=4, event_handlers=None, ignore_user_meta=False, metas=['./colcon.meta'], base_paths=['.'], packages_ignore=None, packages_ignore_regex=None, paths=None, packages_up_to=None, packages_up_to_regex=None, packages_above=None, packages_above_and_dependencies=None, packages_above_depth=None, packages_select_by_dep=None, packages_skip_by_dep=None, packages_skip_up_to=None, packages_select_build_failed=False, packages_skip_build_finished=False, packages_select_test_failures=False, packages_skip_test_passed=False, packages_select=None, packages_skip=None, packages_select_regex=None, packages_skip_regex=None, packages_start=None, packages_end=None, allow_overriding=[], cmake_args=None, cmake_target=None, cmake_target_skip_unavailable=False, cmake_clean_cache=False, cmake_clean_first=False, cmake_force_configure=False, ament_cmake_args=None, catkin_cmake_args=None, catkin_skip_building_tests=False, mixin_files=None, mixin=None, verb_parser=<colcon_mixin.mixin.mixin_argument.MixinArgumentDecorator object at 0x7245b6c49c90>, verb_extension=<colcon_core.verb.build.BuildVerb object at 0x7245b6c49750>, main=<bound method BuildVerb.main of <colcon_core.verb.build.BuildVerb object at 0x7245b6c49750>>, mixin_verb=('build',))
[0.753s] Level 1:colcon.colcon_core.package_discovery:discover_packages(colcon_meta) check parameters
[0.753s] Level 1:colcon.colcon_core.package_discovery:discover_packages(recursive) check parameters
[0.753s] Level 1:colcon.colcon_core.package_discovery:discover_packages(ignore) check parameters
[0.753s] Level 1:colcon.colcon_core.package_discovery:discover_packages(path) check parameters
[0.753s] Level 1:colcon.colcon_core.package_discovery:discover_packages(colcon_meta) discover
[0.753s] Level 1:colcon.colcon_core.package_discovery:discover_packages(recursive) discover
[0.753s] INFO:colcon.colcon_core.package_discovery:Crawling recursively for packages in '/home/bgb_6342/manipulator_ws'
[0.753s] Level 1:colcon.colcon_core.package_identification:_identify(.) by extensions ['ignore', 'ignore_ament_install']
[0.754s] Level 1:colcon.colcon_core.package_identification:_identify(.) by extension 'ignore'
[0.754s] Level 1:colcon.colcon_core.package_identification:_identify(.) by extension 'ignore_ament_install'
[0.754s] Level 1:colcon.colcon_core.package_identification:_identify(.) by extensions ['colcon_pkg']
[0.754s] Level 1:colcon.colcon_core.package_identification:_identify(.) by extension 'colcon_pkg'
[0.754s] Level 1:colcon.colcon_core.package_identification:_identify(.) by extensions ['colcon_meta']
[0.754s] Level 1:colcon.colcon_core.package_identification:_identify(.) by extension 'colcon_meta'
[0.754s] Level 1:colcon.colcon_core.package_identification:_identify(.) by extensions ['ros']
[0.754s] Level 1:colcon.colcon_core.package_identification:_identify(.) by extension 'ros'
[0.774s] Level 1:colcon.colcon_core.package_identification:_identify(.) by extensions ['cmake', 'python']
[0.774s] Level 1:colcon.colcon_core.package_identification:_identify(.) by extension 'cmake'
[0.774s] Level 1:colcon.colcon_core.package_identification:_identify(.) by extension 'python'
[0.774s] Level 1:colcon.colcon_core.package_identification:_identify(.) by extensions ['python_setup_py']
[0.775s] Level 1:colcon.colcon_core.package_identification:_identify(.) by extension 'python_setup_py'
[0.775s] Level 1:colcon.colcon_core.package_identification:_identify(build) by extensions ['ignore', 'ignore_ament_install']
[0.775s] Level 1:colcon.colcon_core.package_identification:_identify(build) by extension 'ignore'
[0.775s] Level 1:colcon.colcon_core.package_identification:_identify(build) ignored
[0.775s] Level 1:colcon.colcon_core.package_identification:_identify(install) by extensions ['ignore', 'ignore_ament_install']
[0.775s] Level 1:colcon.colcon_core.package_identification:_identify(install) by extension 'ignore'
[0.775s] Level 1:colcon.colcon_core.package_identification:_identify(install) ignored
[0.776s] Level 1:colcon.colcon_core.package_identification:_identify(log) by extensions ['ignore', 'ignore_ament_install']
[0.776s] Level 1:colcon.colcon_core.package_identification:_identify(log) by extension 'ignore'
[0.776s] Level 1:colcon.colcon_core.package_identification:_identify(log) ignored
[0.776s] Level 1:colcon.colcon_core.package_identification:_identify(src) by extensions ['ignore', 'ignore_ament_install']
[0.776s] Level 1:colcon.colcon_core.package_identification:_identify(src) by extension 'ignore'
[0.776s] Level 1:colcon.colcon_core.package_identification:_identify(src) by extension 'ignore_ament_install'
[0.776s] Level 1:colcon.colcon_core.package_identification:_identify(src) by extensions ['colcon_pkg']
[0.776s] Level 1:colcon.colcon_core.package_identification:_identify(src) by extension 'colcon_pkg'
[0.777s] Level 1:colcon.colcon_core.package_identification:_identify(src) by extensions ['colcon_meta']
[0.777s] Level 1:colcon.colcon_core.package_identification:_identify(src) by extension 'colcon_meta'
[0.777s] Level 1:colcon.colcon_core.package_identification:_identify(src) by extensions ['ros']
[0.777s] Level 1:colcon.colcon_core.package_identification:_identify(src) by extension 'ros'
[0.777s] Level 1:colcon.colcon_core.package_identification:_identify(src) by extensions ['cmake', 'python']
[0.777s] Level 1:colcon.colcon_core.package_identification:_identify(src) by extension 'cmake'
[0.777s] Level 1:colcon.colcon_core.package_identification:_identify(src) by extension 'python'
[0.777s] Level 1:colcon.colcon_core.package_identification:_identify(src) by extensions ['python_setup_py']
[0.777s] Level 1:colcon.colcon_core.package_identification:_identify(src) by extension 'python_setup_py'
[0.777s] Level 1:colcon.colcon_core.package_identification:_identify(src/manipulator) by extensions ['ignore', 'ignore_ament_install']
[0.777s] Level 1:colcon.colcon_core.package_identification:_identify(src/manipulator) by extension 'ignore'
[0.777s] Level 1:colcon.colcon_core.package_identification:_identify(src/manipulator) by extension 'ignore_ament_install'
[0.778s] Level 1:colcon.colcon_core.package_identification:_identify(src/manipulator) by extensions ['colcon_pkg']
[0.778s] Level 1:colcon.colcon_core.package_identification:_identify(src/manipulator) by extension 'colcon_pkg'
[0.778s] Level 1:colcon.colcon_core.package_identification:_identify(src/manipulator) by extensions ['colcon_meta']
[0.778s] Level 1:colcon.colcon_core.package_identification:_identify(src/manipulator) by extension 'colcon_meta'
[0.778s] Level 1:colcon.colcon_core.package_identification:_identify(src/manipulator) by extensions ['ros']
[0.778s] Level 1:colcon.colcon_core.package_identification:_identify(src/manipulator) by extension 'ros'
[0.785s] DEBUG:colcon.colcon_core.package_identification:Package 'src/manipulator' with type 'ros.ament_cmake' and name 'manipulator'
[0.785s] Level 1:colcon.colcon_core.package_identification:_identify(src/mimic_controller) by extensions ['ignore', 'ignore_ament_install']
[0.785s] Level 1:colcon.colcon_core.package_identification:_identify(src/mimic_controller) by extension 'ignore'
[0.786s] Level 1:colcon.colcon_core.package_identification:_identify(src/mimic_controller) by extension 'ignore_ament_install'
[0.786s] Level 1:colcon.colcon_core.package_identification:_identify(src/mimic_controller) by extensions ['colcon_pkg']
[0.786s] Level 1:colcon.colcon_core.package_identification:_identify(src/mimic_controller) by extension 'colcon_pkg'
[0.786s] Level 1:colcon.colcon_core.package_identification:_identify(src/mimic_controller) by extensions ['colcon_meta']
[0.786s] Level 1:colcon.colcon_core.package_identification:_identify(src/mimic_controller) by extension 'colcon_meta'
[0.786s] Level 1:colcon.colcon_core.package_identification:_identify(src/mimic_controller) by extensions ['ros']
[0.786s] Level 1:colcon.colcon_core.package_identification:_identify(src/mimic_controller) by extension 'ros'
[0.788s] DEBUG:colcon.colcon_core.package_identification:Package 'src/mimic_controller' with type 'ros.ament_python' and name 'mimic_controller'
[0.788s] Level 1:colcon.colcon_core.package_identification:_identify(src/moveit_config) by extensions ['ignore', 'ignore_ament_install']
[0.788s] Level 1:colcon.colcon_core.package_identification:_identify(src/moveit_config) by extension 'ignore'
[0.788s] Level 1:colcon.colcon_core.package_identification:_identify(src/moveit_config) by extension 'ignore_ament_install'
[0.789s] Level 1:colcon.colcon_core.package_identification:_identify(src/moveit_config) by extensions ['colcon_pkg']
[0.789s] Level 1:colcon.colcon_core.package_identification:_identify(src/moveit_config) by extension 'colcon_pkg'
[0.789s] Level 1:colcon.colcon_core.package_identification:_identify(src/moveit_config) by extensions ['colcon_meta']
[0.789s] Level 1:colcon.colcon_core.package_identification:_identify(src/moveit_config) by extension 'colcon_meta'
[0.789s] Level 1:colcon.colcon_core.package_identification:_identify(src/moveit_config) by extensions ['ros']
[0.789s] Level 1:colcon.colcon_core.package_identification:_identify(src/moveit_config) by extension 'ros'
[0.791s] DEBUG:colcon.colcon_core.package_identification:Package 'src/moveit_config' with type 'ros.ament_cmake' and name 'moveit_config'
[0.792s] Level 1:colcon.colcon_core.package_identification:_identify(src/stm32_interface_pkg) by extensions ['ignore', 'ignore_ament_install']
[0.792s] Level 1:colcon.colcon_core.package_identification:_identify(src/stm32_interface_pkg) by extension 'ignore'
[0.792s] Level 1:colcon.colcon_core.package_identification:_identify(src/stm32_interface_pkg) by extension 'ignore_ament_install'
[0.792s] Level 1:colcon.colcon_core.package_identification:_identify(src/stm32_interface_pkg) by extensions ['colcon_pkg']
[0.792s] Level 1:colcon.colcon_core.package_identification:_identify(src/stm32_interface_pkg) by extension 'colcon_pkg'
[0.792s] Level 1:colcon.colcon_core.package_identification:_identify(src/stm32_interface_pkg) by extensions ['colcon_meta']
[0.792s] Level 1:colcon.colcon_core.package_identification:_identify(src/stm32_interface_pkg) by extension 'colcon_meta'
[0.792s] Level 1:colcon.colcon_core.package_identification:_identify(src/stm32_interface_pkg) by extensions ['ros']
[0.792s] Level 1:colcon.colcon_core.package_identification:_identify(src/stm32_interface_pkg) by extension 'ros'
[0.793s] DEBUG:colcon.colcon_core.package_identification:Package 'src/stm32_interface_pkg' with type 'ros.ament_python' and name 'stm32_interface_pkg'
[0.793s] Level 1:colcon.colcon_core.package_discovery:discover_packages(recursive) using defaults
[0.793s] Level 1:colcon.colcon_core.package_discovery:discover_packages(ignore) discover
[0.793s] Level 1:colcon.colcon_core.package_discovery:discover_packages(ignore) using defaults
[0.793s] Level 1:colcon.colcon_core.package_discovery:discover_packages(path) discover
[0.793s] Level 1:colcon.colcon_core.package_discovery:discover_packages(path) using defaults
[0.854s] Level 1:colcon.colcon_core.package_discovery:discover_packages(prefix_path) check parameters
[0.854s] Level 1:colcon.colcon_core.package_discovery:discover_packages(prefix_path) discover
[0.861s] DEBUG:colcon.colcon_installed_package_information.package_discovery:Found 364 installed packages in /opt/ros/humble
[0.863s] Level 1:colcon.colcon_core.package_discovery:discover_packages(prefix_path) using defaults
[0.920s] Level 5:colcon.colcon_core.verb:set package 'manipulator' build argument 'cmake_args' from command line to 'None'
[0.920s] Level 5:colcon.colcon_core.verb:set package 'manipulator' build argument 'cmake_target' from command line to 'None'
[0.920s] Level 5:colcon.colcon_core.verb:set package 'manipulator' build argument 'cmake_target_skip_unavailable' from command line to 'False'
[0.921s] Level 5:colcon.colcon_core.verb:set package 'manipulator' build argument 'cmake_clean_cache' from command line to 'False'
[0.921s] Level 5:colcon.colcon_core.verb:set package 'manipulator' build argument 'cmake_clean_first' from command line to 'False'
[0.921s] Level 5:colcon.colcon_core.verb:set package 'manipulator' build argument 'cmake_force_configure' from command line to 'False'
[0.921s] Level 5:colcon.colcon_core.verb:set package 'manipulator' build argument 'ament_cmake_args' from command line to 'None'
[0.921s] Level 5:colcon.colcon_core.verb:set package 'manipulator' build argument 'catkin_cmake_args' from command line to 'None'
[0.921s] Level 5:colcon.colcon_core.verb:set package 'manipulator' build argument 'catkin_skip_building_tests' from command line to 'False'
[0.921s] DEBUG:colcon.colcon_core.verb:Building package 'manipulator' with the following arguments: {'ament_cmake_args': None, 'build_base': '/home/bgb_6342/manipulator_ws/build/manipulator', 'catkin_cmake_args': None, 'catkin_skip_building_tests': False, 'cmake_args': None, 'cmake_clean_cache': False, 'cmake_clean_first': False, 'cmake_force_configure': False, 'cmake_target': None, 'cmake_target_skip_unavailable': False, 'install_base': '/home/bgb_6342/manipulator_ws/install/manipulator', 'merge_install': False, 'path': '/home/bgb_6342/manipulator_ws/src/manipulator', 'symlink_install': True, 'test_result_base': None}
[0.922s] Level 5:colcon.colcon_core.verb:set package 'mimic_controller' build argument 'cmake_args' from command line to 'None'
[0.922s] Level 5:colcon.colcon_core.verb:set package 'mimic_controller' build argument 'cmake_target' from command line to 'None'
[0.922s] Level 5:colcon.colcon_core.verb:set package 'mimic_controller' build argument 'cmake_target_skip_unavailable' from command line to 'False'
[0.922s] Level 5:colcon.colcon_core.verb:set package 'mimic_controller' build argument 'cmake_clean_cache' from command line to 'False'
[0.923s] Level 5:colcon.colcon_core.verb:set package 'mimic_controller' build argument 'cmake_clean_first' from command line to 'False'
[0.923s] Level 5:colcon.colcon_core.verb:set package 'mimic_controller' build argument 'cmake_force_configure' from command line to 'False'
[0.923s] Level 5:colcon.colcon_core.verb:set package 'mimic_controller' build argument 'ament_cmake_args' from command line to 'None'
[0.923s] Level 5:colcon.colcon_core.verb:set package 'mimic_controller' build argument 'catkin_cmake_args' from command line to 'None'
[0.923s] Level 5:colcon.colcon_core.verb:set package 'mimic_controller' build argument 'catkin_skip_building_tests' from command line to 'False'
[0.923s] DEBUG:colcon.colcon_core.verb:Building package 'mimic_controller' with the following arguments: {'ament_cmake_args': None, 'build_base': '/home/bgb_6342/manipulator_ws/build/mimic_controller', 'catkin_cmake_args': None, 'catkin_skip_building_tests': False, 'cmake_args': None, 'cmake_clean_cache': False, 'cmake_clean_first': False, 'cmake_force_configure': False, 'cmake_target': None, 'cmake_target_skip_unavailable': False, 'install_base': '/home/bgb_6342/manipulator_ws/install/mimic_controller', 'merge_install': False, 'path': '/home/bgb_6342/manipulator_ws/src/mimic_controller', 'symlink_install': True, 'test_result_base': None}
[0.924s] Level 5:colcon.colcon_core.verb:set package 'stm32_interface_pkg' build argument 'cmake_args' from command line to 'None'
[0.925s] Level 5:colcon.colcon_core.verb:set package 'stm32_interface_pkg' build argument 'cmake_target' from command line to 'None'
[0.925s] Level 5:colcon.colcon_core.verb:set package 'stm32_interface_pkg' build argument 'cmake_target_skip_unavailable' from command line to 'False'
[0.925s] Level 5:colcon.colcon_core.verb:set package 'stm32_interface_pkg' build argument 'cmake_clean_cache' from command line to 'False'
[0.925s] Level 5:colcon.colcon_core.verb:set package 'stm32_interface_pkg' build argument 'cmake_clean_first' from command line to 'False'
[0.926s] Level 5:colcon.colcon_core.verb:set package 'stm32_interface_pkg' build argument 'cmake_force_configure' from command line to 'False'
[0.926s] Level 5:colcon.colcon_core.verb:set package 'stm32_interface_pkg' build argument 'ament_cmake_args' from command line to 'None'
[0.926s] Level 5:colcon.colcon_core.verb:set package 'stm32_interface_pkg' build argument 'catkin_cmake_args' from command line to 'None'
[0.926s] Level 5:colcon.colcon_core.verb:set package 'stm32_interface_pkg' build argument 'catkin_skip_building_tests' from command line to 'False'
[0.926s] DEBUG:colcon.colcon_core.verb:Building package 'stm32_interface_pkg' with the following arguments: {'ament_cmake_args': None, 'build_base': '/home/bgb_6342/manipulator_ws/build/stm32_interface_pkg', 'catkin_cmake_args': None, 'catkin_skip_building_tests': False, 'cmake_args': None, 'cmake_clean_cache': False, 'cmake_clean_first': False, 'cmake_force_configure': False, 'cmake_target': None, 'cmake_target_skip_unavailable': False, 'install_base': '/home/bgb_6342/manipulator_ws/install/stm32_interface_pkg', 'merge_install': False, 'path': '/home/bgb_6342/manipulator_ws/src/stm32_interface_pkg', 'symlink_install': True, 'test_result_base': None}
[0.926s] Level 5:colcon.colcon_core.verb:set package 'moveit_config' build argument 'cmake_args' from command line to 'None'
[0.927s] Level 5:colcon.colcon_core.verb:set package 'moveit_config' build argument 'cmake_target' from command line to 'None'
[0.927s] Level 5:colcon.colcon_core.verb:set package 'moveit_config' build argument 'cmake_target_skip_unavailable' from command line to 'False'
[0.927s] Level 5:colcon.colcon_core.verb:set package 'moveit_config' build argument 'cmake_clean_cache' from command line to 'False'
[0.927s] Level 5:colcon.colcon_core.verb:set package 'moveit_config' build argument 'cmake_clean_first' from command line to 'False'
[0.928s] Level 5:colcon.colcon_core.verb:set package 'moveit_config' build argument 'cmake_force_configure' from command line to 'False'
[0.928s] Level 5:colcon.colcon_core.verb:set package 'moveit_config' build argument 'ament_cmake_args' from command line to 'None'
[0.928s] Level 5:colcon.colcon_core.verb:set package 'moveit_config' build argument 'catkin_cmake_args' from command line to 'None'
[0.928s] Level 5:colcon.colcon_core.verb:set package 'moveit_config' build argument 'catkin_skip_building_tests' from command line to 'False'
[0.928s] DEBUG:colcon.colcon_core.verb:Building package 'moveit_config' with the following arguments: {'ament_cmake_args': None, 'build_base': '/home/bgb_6342/manipulator_ws/build/moveit_config', 'catkin_cmake_args': None, 'catkin_skip_building_tests': False, 'cmake_args': None, 'cmake_clean_cache': False, 'cmake_clean_first': False, 'cmake_force_configure': False, 'cmake_target': None, 'cmake_target_skip_unavailable': False, 'install_base': '/home/bgb_6342/manipulator_ws/install/moveit_config', 'merge_install': False, 'path': '/home/bgb_6342/manipulator_ws/src/moveit_config', 'symlink_install': True, 'test_result_base': None}
[0.929s] INFO:colcon.colcon_core.executor:Executing jobs using 'parallel' executor
[0.931s] DEBUG:colcon.colcon_parallel_executor.executor.parallel:run_until_complete
[0.932s] INFO:colcon.colcon_ros.task.ament_cmake.build:Building ROS package in '/home/bgb_6342/manipulator_ws/src/manipulator' with build type 'ament_cmake'
[0.933s] INFO:colcon.colcon_cmake.task.cmake.build:Building CMake package in '/home/bgb_6342/manipulator_ws/src/manipulator'
[0.945s] INFO:colcon.colcon_core.plugin_system:Skipping extension 'colcon_core.shell.bat': Not used on non-Windows systems
[0.946s] INFO:colcon.colcon_core.shell:Skip shell extension 'powershell' for command environment: Not usable outside of PowerShell
[0.946s] DEBUG:colcon.colcon_core.shell:Skip shell extension 'dsv' for command environment
[0.953s] INFO:colcon.colcon_ros.task.ament_python.build:Building ROS package in '/home/bgb_6342/manipulator_ws/src/mimic_controller' with build type 'ament_python'
[0.953s] Level 1:colcon.colcon_core.shell:create_environment_hook('mimic_controller', 'ament_prefix_path')
[0.954s] INFO:colcon.colcon_core.shell:Creating environment hook '/home/bgb_6342/manipulator_ws/install/mimic_controller/share/mimic_controller/hook/ament_prefix_path.ps1'
[0.956s] INFO:colcon.colcon_core.shell:Creating environment descriptor '/home/bgb_6342/manipulator_ws/install/mimic_controller/share/mimic_controller/hook/ament_prefix_path.dsv'
[0.957s] INFO:colcon.colcon_core.shell:Creating environment hook '/home/bgb_6342/manipulator_ws/install/mimic_controller/share/mimic_controller/hook/ament_prefix_path.sh'
[0.960s] INFO:colcon.colcon_core.shell:Skip shell extension 'powershell' for command environment: Not usable outside of PowerShell
[0.960s] DEBUG:colcon.colcon_core.shell:Skip shell extension 'dsv' for command environment
[0.969s] INFO:colcon.colcon_ros.task.ament_python.build:Building ROS package in '/home/bgb_6342/manipulator_ws/src/stm32_interface_pkg' with build type 'ament_python'
[0.969s] Level 1:colcon.colcon_core.shell:create_environment_hook('stm32_interface_pkg', 'ament_prefix_path')
[0.971s] INFO:colcon.colcon_core.shell:Creating environment hook '/home/bgb_6342/manipulator_ws/install/stm32_interface_pkg/share/stm32_interface_pkg/hook/ament_prefix_path.ps1'
[0.971s] INFO:colcon.colcon_core.shell:Creating environment descriptor '/home/bgb_6342/manipulator_ws/install/stm32_interface_pkg/share/stm32_interface_pkg/hook/ament_prefix_path.dsv'
[0.972s] INFO:colcon.colcon_core.shell:Creating environment hook '/home/bgb_6342/manipulator_ws/install/stm32_interface_pkg/share/stm32_interface_pkg/hook/ament_prefix_path.sh'
[0.974s] INFO:colcon.colcon_core.shell:Skip shell extension 'powershell' for command environment: Not usable outside of PowerShell
[0.974s] DEBUG:colcon.colcon_core.shell:Skip shell extension 'dsv' for command environment
[0.995s] DEBUG:colcon.colcon_core.event_handler.log_command:Invoking command in '/home/bgb_6342/manipulator_ws/build/manipulator': CMAKE_PREFIX_PATH=/opt/ros/humble /usr/bin/cmake --build /home/bgb_6342/manipulator_ws/build/manipulator -- -j4 -l4
[1.380s] INFO:colcon.colcon_core.task.python.build:Building Python package in '/home/bgb_6342/manipulator_ws/src/mimic_controller'
[1.380s] INFO:colcon.colcon_core.shell:Skip shell extension 'powershell' for command environment: Not usable outside of PowerShell
[1.380s] DEBUG:colcon.colcon_core.shell:Skip shell extension 'dsv' for command environment
[1.721s] INFO:colcon.colcon_core.task.python.build:Building Python package in '/home/bgb_6342/manipulator_ws/src/stm32_interface_pkg'
[1.722s] INFO:colcon.colcon_core.shell:Skip shell extension 'powershell' for command environment: Not usable outside of PowerShell
[1.722s] DEBUG:colcon.colcon_core.shell:Skip shell extension 'dsv' for command environment
[1.727s] DEBUG:colcon.colcon_core.event_handler.log_command:Invoked command in '/home/bgb_6342/manipulator_ws/build/manipulator' returned '0': CMAKE_PREFIX_PATH=/opt/ros/humble /usr/bin/cmake --build /home/bgb_6342/manipulator_ws/build/manipulator -- -j4 -l4
[1.746s] DEBUG:colcon.colcon_core.event_handler.log_command:Invoking command in '/home/bgb_6342/manipulator_ws/build/manipulator': CMAKE_PREFIX_PATH=/opt/ros/humble /usr/bin/cmake --install /home/bgb_6342/manipulator_ws/build/manipulator
[1.813s] Level 1:colcon.colcon_core.environment:create_environment_scripts_only(manipulator)
[1.813s] DEBUG:colcon.colcon_core.event_handler.log_command:Invoked command in '/home/bgb_6342/manipulator_ws/build/manipulator' returned '0': CMAKE_PREFIX_PATH=/opt/ros/humble /usr/bin/cmake --install /home/bgb_6342/manipulator_ws/build/manipulator
[1.824s] Level 1:colcon.colcon_core.environment:checking '/home/bgb_6342/manipulator_ws/install/manipulator' for CMake module files
[1.825s] Level 1:colcon.colcon_core.environment:checking '/home/bgb_6342/manipulator_ws/install/manipulator' for CMake config files
[1.826s] Level 1:colcon.colcon_core.shell:create_environment_hook('manipulator', 'cmake_prefix_path')
[1.826s] INFO:colcon.colcon_core.shell:Creating environment hook '/home/bgb_6342/manipulator_ws/install/manipulator/share/manipulator/hook/cmake_prefix_path.ps1'
[1.827s] INFO:colcon.colcon_core.shell:Creating environment descriptor '/home/bgb_6342/manipulator_ws/install/manipulator/share/manipulator/hook/cmake_prefix_path.dsv'
[1.827s] INFO:colcon.colcon_core.shell:Creating environment hook '/home/bgb_6342/manipulator_ws/install/manipulator/share/manipulator/hook/cmake_prefix_path.sh'
[1.829s] Level 1:colcon.colcon_core.environment:checking '/home/bgb_6342/manipulator_ws/install/manipulator/bin'
[1.830s] Level 1:colcon.colcon_core.environment:checking '/home/bgb_6342/manipulator_ws/install/manipulator/lib/pkgconfig/manipulator.pc'
[1.830s] Level 1:colcon.colcon_core.environment:checking '/home/bgb_6342/manipulator_ws/install/manipulator/lib/python3.10/site-packages'
[1.830s] Level 1:colcon.colcon_core.environment:checking '/home/bgb_6342/manipulator_ws/install/manipulator/bin'
[1.831s] INFO:colcon.colcon_core.shell:Creating package script '/home/bgb_6342/manipulator_ws/install/manipulator/share/manipulator/package.ps1'
[1.832s] INFO:colcon.colcon_core.shell:Creating package descriptor '/home/bgb_6342/manipulator_ws/install/manipulator/share/manipulator/package.dsv'
[1.834s] INFO:colcon.colcon_core.shell:Creating package script '/home/bgb_6342/manipulator_ws/install/manipulator/share/manipulator/package.sh'
[1.836s] INFO:colcon.colcon_core.shell:Creating package script '/home/bgb_6342/manipulator_ws/install/manipulator/share/manipulator/package.bash'
[1.838s] INFO:colcon.colcon_core.shell:Creating package script '/home/bgb_6342/manipulator_ws/install/manipulator/share/manipulator/package.zsh'
[1.840s] Level 1:colcon.colcon_core.environment:create_file_with_runtime_dependencies(/home/bgb_6342/manipulator_ws/install/manipulator/share/colcon-core/packages/manipulator)
[1.843s] Level 1:colcon.colcon_core.environment:create_environment_scripts_only(manipulator)
[1.849s] Level 1:colcon.colcon_core.environment:checking '/home/bgb_6342/manipulator_ws/install/manipulator' for CMake module files
[1.850s] Level 1:colcon.colcon_core.environment:checking '/home/bgb_6342/manipulator_ws/install/manipulator' for CMake config files
[1.852s] Level 1:colcon.colcon_core.shell:create_environment_hook('manipulator', 'cmake_prefix_path')
[1.853s] INFO:colcon.colcon_core.shell:Creating environment hook '/home/bgb_6342/manipulator_ws/install/manipulator/share/manipulator/hook/cmake_prefix_path.ps1'
[1.853s] INFO:colcon.colcon_core.shell:Creating environment descriptor '/home/bgb_6342/manipulator_ws/install/manipulator/share/manipulator/hook/cmake_prefix_path.dsv'
[1.854s] INFO:colcon.colcon_core.shell:Creating environment hook '/home/bgb_6342/manipulator_ws/install/manipulator/share/manipulator/hook/cmake_prefix_path.sh'
[1.855s] Level 1:colcon.colcon_core.environment:checking '/home/bgb_6342/manipulator_ws/install/manipulator/bin'
[1.855s] Level 1:colcon.colcon_core.environment:checking '/home/bgb_6342/manipulator_ws/install/manipulator/lib/pkgconfig/manipulator.pc'
[1.855s] Level 1:colcon.colcon_core.environment:checking '/home/bgb_6342/manipulator_ws/install/manipulator/lib/python3.10/site-packages'
[1.856s] Level 1:colcon.colcon_core.environment:checking '/home/bgb_6342/manipulator_ws/install/manipulator/bin'
[1.856s] INFO:colcon.colcon_core.shell:Creating package script '/home/bgb_6342/manipulator_ws/install/manipulator/share/manipulator/package.ps1'
[1.857s] INFO:colcon.colcon_core.shell:Creating package descriptor '/home/bgb_6342/manipulator_ws/install/manipulator/share/manipulator/package.dsv'
[1.857s] INFO:colcon.colcon_core.shell:Creating package script '/home/bgb_6342/manipulator_ws/install/manipulator/share/manipulator/package.sh'
[1.858s] INFO:colcon.colcon_core.shell:Creating package script '/home/bgb_6342/manipulator_ws/install/manipulator/share/manipulator/package.bash'
[1.859s] INFO:colcon.colcon_core.shell:Creating package script '/home/bgb_6342/manipulator_ws/install/manipulator/share/manipulator/package.zsh'
[1.862s] Level 1:colcon.colcon_core.environment:create_file_with_runtime_dependencies(/home/bgb_6342/manipulator_ws/install/manipulator/share/colcon-core/packages/manipulator)
[1.863s] INFO:colcon.colcon_ros.task.ament_cmake.build:Building ROS package in '/home/bgb_6342/manipulator_ws/src/moveit_config' with build type 'ament_cmake'
[1.863s] INFO:colcon.colcon_cmake.task.cmake.build:Building CMake package in '/home/bgb_6342/manipulator_ws/src/moveit_config'
[1.864s] INFO:colcon.colcon_core.shell:Skip shell extension 'powershell' for command environment: Not usable outside of PowerShell
[1.864s] DEBUG:colcon.colcon_core.shell:Skip shell extension 'dsv' for command environment
[1.918s] DEBUG:colcon.colcon_core.event_handler.log_command:Invoking command in '/home/bgb_6342/manipulator_ws/build/moveit_config': AMENT_PREFIX_PATH=/home/bgb_6342/manipulator_ws/install/manipulator:${AMENT_PREFIX_PATH} CMAKE_PREFIX_PATH=/home/bgb_6342/manipulator_ws/install/manipulator:/opt/ros/humble /usr/bin/cmake --build /home/bgb_6342/manipulator_ws/build/moveit_config -- -j4 -l4
[1.992s] DEBUG:colcon.colcon_core.event_handler.log_command:Invoked command in '/home/bgb_6342/manipulator_ws/build/moveit_config' returned '0': AMENT_PREFIX_PATH=/home/bgb_6342/manipulator_ws/install/manipulator:${AMENT_PREFIX_PATH} CMAKE_PREFIX_PATH=/home/bgb_6342/manipulator_ws/install/manipulator:/opt/ros/humble /usr/bin/cmake --build /home/bgb_6342/manipulator_ws/build/moveit_config -- -j4 -l4
[1.995s] DEBUG:colcon.colcon_core.event_handler.log_command:Invoking command in '/home/bgb_6342/manipulator_ws/build/moveit_config': AMENT_PREFIX_PATH=/home/bgb_6342/manipulator_ws/install/manipulator:${AMENT_PREFIX_PATH} CMAKE_PREFIX_PATH=/home/bgb_6342/manipulator_ws/install/manipulator:/opt/ros/humble /usr/bin/cmake --install /home/bgb_6342/manipulator_ws/build/moveit_config
[2.055s] Level 1:colcon.colcon_core.environment:create_environment_scripts_only(moveit_config)
[2.056s] Level 1:colcon.colcon_core.environment:checking '/home/bgb_6342/manipulator_ws/install/moveit_config' for CMake module files
[2.057s] Level 1:colcon.colcon_core.environment:checking '/home/bgb_6342/manipulator_ws/install/moveit_config' for CMake config files
[2.057s] Level 1:colcon.colcon_core.shell:create_environment_hook('moveit_config', 'cmake_prefix_path')
[2.057s] INFO:colcon.colcon_core.shell:Creating environment hook '/home/bgb_6342/manipulator_ws/install/moveit_config/share/moveit_config/hook/cmake_prefix_path.ps1'
[2.058s] INFO:colcon.colcon_core.shell:Creating environment descriptor '/home/bgb_6342/manipulator_ws/install/moveit_config/share/moveit_config/hook/cmake_prefix_path.dsv'
[2.059s] INFO:colcon.colcon_core.shell:Creating environment hook '/home/bgb_6342/manipulator_ws/install/moveit_config/share/moveit_config/hook/cmake_prefix_path.sh'
[2.060s] Level 1:colcon.colcon_core.environment:checking '/home/bgb_6342/manipulator_ws/install/moveit_config/bin'
[2.060s] Level 1:colcon.colcon_core.environment:checking '/home/bgb_6342/manipulator_ws/install/moveit_config/lib/pkgconfig/moveit_config.pc'
[2.060s] Level 1:colcon.colcon_core.environment:checking '/home/bgb_6342/manipulator_ws/install/moveit_config/lib/python3.10/site-packages'
[2.060s] Level 1:colcon.colcon_core.environment:checking '/home/bgb_6342/manipulator_ws/install/moveit_config/bin'
[2.061s] INFO:colcon.colcon_core.shell:Creating package script '/home/bgb_6342/manipulator_ws/install/moveit_config/share/moveit_config/package.ps1'
[2.061s] INFO:colcon.colcon_core.shell:Creating package descriptor '/home/bgb_6342/manipulator_ws/install/moveit_config/share/moveit_config/package.dsv'
[2.059s] DEBUG:colcon.colcon_core.event_handler.log_command:Invoked command in '/home/bgb_6342/manipulator_ws/build/moveit_config' returned '0': AMENT_PREFIX_PATH=/home/bgb_6342/manipulator_ws/install/manipulator:${AMENT_PREFIX_PATH} CMAKE_PREFIX_PATH=/home/bgb_6342/manipulator_ws/install/manipulator:/opt/ros/humble /usr/bin/cmake --install /home/bgb_6342/manipulator_ws/build/moveit_config
[2.062s] INFO:colcon.colcon_core.shell:Creating package script '/home/bgb_6342/manipulator_ws/install/moveit_config/share/moveit_config/package.sh'
[2.063s] INFO:colcon.colcon_core.shell:Creating package script '/home/bgb_6342/manipulator_ws/install/moveit_config/share/moveit_config/package.bash'
[2.063s] INFO:colcon.colcon_core.shell:Creating package script '/home/bgb_6342/manipulator_ws/install/moveit_config/share/moveit_config/package.zsh'
[2.064s] Level 1:colcon.colcon_core.environment:create_file_with_runtime_dependencies(/home/bgb_6342/manipulator_ws/install/moveit_config/share/colcon-core/packages/moveit_config)
[2.065s] Level 1:colcon.colcon_core.environment:create_environment_scripts_only(moveit_config)
[2.065s] Level 1:colcon.colcon_core.environment:checking '/home/bgb_6342/manipulator_ws/install/moveit_config' for CMake module files
[2.065s] Level 1:colcon.colcon_core.environment:checking '/home/bgb_6342/manipulator_ws/install/moveit_config' for CMake config files
[2.066s] Level 1:colcon.colcon_core.shell:create_environment_hook('moveit_config', 'cmake_prefix_path')
[2.066s] INFO:colcon.colcon_core.shell:Creating environment hook '/home/bgb_6342/manipulator_ws/install/moveit_config/share/moveit_config/hook/cmake_prefix_path.ps1'
[2.067s] INFO:colcon.colcon_core.shell:Creating environment descriptor '/home/bgb_6342/manipulator_ws/install/moveit_config/share/moveit_config/hook/cmake_prefix_path.dsv'
[2.067s] INFO:colcon.colcon_core.shell:Creating environment hook '/home/bgb_6342/manipulator_ws/install/moveit_config/share/moveit_config/hook/cmake_prefix_path.sh'
[2.069s] Level 1:colcon.colcon_core.environment:checking '/home/bgb_6342/manipulator_ws/install/moveit_config/bin'
[2.069s] Level 1:colcon.colcon_core.environment:checking '/home/bgb_6342/manipulator_ws/install/moveit_config/lib/pkgconfig/moveit_config.pc'
[2.069s] Level 1:colcon.colcon_core.environment:checking '/home/bgb_6342/manipulator_ws/install/moveit_config/lib/python3.10/site-packages'
[2.069s] Level 1:colcon.colcon_core.environment:checking '/home/bgb_6342/manipulator_ws/install/moveit_config/bin'
[2.070s] INFO:colcon.colcon_core.shell:Creating package script '/home/bgb_6342/manipulator_ws/install/moveit_config/share/moveit_config/package.ps1'
[2.071s] INFO:colcon.colcon_core.shell:Creating package descriptor '/home/bgb_6342/manipulator_ws/install/moveit_config/share/moveit_config/package.dsv'
[2.072s] INFO:colcon.colcon_core.shell:Creating package script '/home/bgb_6342/manipulator_ws/install/moveit_config/share/moveit_config/package.sh'
[2.073s] INFO:colcon.colcon_core.shell:Creating package script '/home/bgb_6342/manipulator_ws/install/moveit_config/share/moveit_config/package.bash'
[2.074s] INFO:colcon.colcon_core.shell:Creating package script '/home/bgb_6342/manipulator_ws/install/moveit_config/share/moveit_config/package.zsh'
[2.074s] Level 1:colcon.colcon_core.environment:create_file_with_runtime_dependencies(/home/bgb_6342/manipulator_ws/install/moveit_config/share/colcon-core/packages/moveit_config)
[2.508s] DEBUG:colcon.colcon_core.event_handler.log_command:Invoking command in '/home/bgb_6342/manipulator_ws/build/stm32_interface_pkg': PYTHONPATH=/home/bgb_6342/manipulator_ws/build/stm32_interface_pkg/prefix_override:/usr/lib/python3/dist-packages/colcon_core/task/python/colcon_distutils_commands:/home/bgb_6342/manipulator_ws/install/stm32_interface_pkg/lib/python3.10/site-packages:${PYTHONPATH} /usr/bin/python3 -W ignore:setup.py install is deprecated -W ignore:easy_install command is deprecated setup.py develop --editable --build-directory /home/bgb_6342/manipulator_ws/build/stm32_interface_pkg/build --no-deps symlink_data
[2.520s] DEBUG:colcon.colcon_core.event_handler.log_command:Invoking command in '/home/bgb_6342/manipulator_ws/build/mimic_controller': PYTHONPATH=/home/bgb_6342/manipulator_ws/build/mimic_controller/prefix_override:/usr/lib/python3/dist-packages/colcon_core/task/python/colcon_distutils_commands:/home/bgb_6342/manipulator_ws/install/mimic_controller/lib/python3.10/site-packages:${PYTHONPATH} /usr/bin/python3 -W ignore:setup.py install is deprecated -W ignore:easy_install command is deprecated setup.py develop --editable --build-directory /home/bgb_6342/manipulator_ws/build/mimic_controller/build --no-deps symlink_data
[3.128s] Level 1:colcon.colcon_core.shell:create_environment_hook('stm32_interface_pkg', 'pythonpath_develop')
[3.129s] INFO:colcon.colcon_core.shell:Creating environment hook '/home/bgb_6342/manipulator_ws/build/stm32_interface_pkg/share/stm32_interface_pkg/hook/pythonpath_develop.ps1'
[3.129s] DEBUG:colcon.colcon_core.event_handler.log_command:Invoked command in '/home/bgb_6342/manipulator_ws/build/stm32_interface_pkg' returned '0': PYTHONPATH=/home/bgb_6342/manipulator_ws/build/stm32_interface_pkg/prefix_override:/usr/lib/python3/dist-packages/colcon_core/task/python/colcon_distutils_commands:/home/bgb_6342/manipulator_ws/install/stm32_interface_pkg/lib/python3.10/site-packages:${PYTHONPATH} /usr/bin/python3 -W ignore:setup.py install is deprecated -W ignore:easy_install command is deprecated setup.py develop --editable --build-directory /home/bgb_6342/manipulator_ws/build/stm32_interface_pkg/build --no-deps symlink_data
[3.130s] INFO:colcon.colcon_core.shell:Creating environment descriptor '/home/bgb_6342/manipulator_ws/build/stm32_interface_pkg/share/stm32_interface_pkg/hook/pythonpath_develop.dsv'
[3.130s] INFO:colcon.colcon_core.shell:Creating environment hook '/home/bgb_6342/manipulator_ws/build/stm32_interface_pkg/share/stm32_interface_pkg/hook/pythonpath_develop.sh'
[3.131s] Level 1:colcon.colcon_core.environment:checking '/home/bgb_6342/manipulator_ws/install/stm32_interface_pkg' for CMake module files
[3.132s] Level 1:colcon.colcon_core.environment:checking '/home/bgb_6342/manipulator_ws/install/stm32_interface_pkg' for CMake config files
[3.133s] Level 1:colcon.colcon_core.environment:checking '/home/bgb_6342/manipulator_ws/install/stm32_interface_pkg/lib'
[3.133s] Level 1:colcon.colcon_core.environment:checking '/home/bgb_6342/manipulator_ws/install/stm32_interface_pkg/bin'
[3.133s] Level 1:colcon.colcon_core.environment:checking '/home/bgb_6342/manipulator_ws/install/stm32_interface_pkg/lib/pkgconfig/stm32_interface_pkg.pc'
[3.133s] Level 1:colcon.colcon_core.environment:checking '/home/bgb_6342/manipulator_ws/install/stm32_interface_pkg/lib/python3.10/site-packages'
[3.133s] Level 1:colcon.colcon_core.shell:create_environment_hook('stm32_interface_pkg', 'pythonpath')
[3.134s] INFO:colcon.colcon_core.shell:Creating environment hook '/home/bgb_6342/manipulator_ws/install/stm32_interface_pkg/share/stm32_interface_pkg/hook/pythonpath.ps1'
[3.134s] INFO:colcon.colcon_core.shell:Creating environment descriptor '/home/bgb_6342/manipulator_ws/install/stm32_interface_pkg/share/stm32_interface_pkg/hook/pythonpath.dsv'
[3.135s] INFO:colcon.colcon_core.shell:Creating environment hook '/home/bgb_6342/manipulator_ws/install/stm32_interface_pkg/share/stm32_interface_pkg/hook/pythonpath.sh'
[3.136s] Level 1:colcon.colcon_core.environment:checking '/home/bgb_6342/manipulator_ws/install/stm32_interface_pkg/bin'
[3.136s] Level 1:colcon.colcon_core.environment:create_environment_scripts_only(stm32_interface_pkg)
[3.136s] INFO:colcon.colcon_core.shell:Creating package script '/home/bgb_6342/manipulator_ws/install/stm32_interface_pkg/share/stm32_interface_pkg/package.ps1'
[3.137s] INFO:colcon.colcon_core.shell:Creating package descriptor '/home/bgb_6342/manipulator_ws/install/stm32_interface_pkg/share/stm32_interface_pkg/package.dsv'
[3.138s] INFO:colcon.colcon_core.shell:Creating package script '/home/bgb_6342/manipulator_ws/install/stm32_interface_pkg/share/stm32_interface_pkg/package.sh'
[3.139s] INFO:colcon.colcon_core.shell:Creating package script '/home/bgb_6342/manipulator_ws/install/stm32_interface_pkg/share/stm32_interface_pkg/package.bash'
[3.139s] INFO:colcon.colcon_core.shell:Creating package script '/home/bgb_6342/manipulator_ws/install/stm32_interface_pkg/share/stm32_interface_pkg/package.zsh'
[3.140s] Level 1:colcon.colcon_core.environment:create_file_with_runtime_dependencies(/home/bgb_6342/manipulator_ws/install/stm32_interface_pkg/share/colcon-core/packages/stm32_interface_pkg)
[3.142s] Level 1:colcon.colcon_core.shell:create_environment_hook('mimic_controller', 'pythonpath_develop')
[3.142s] INFO:colcon.colcon_core.shell:Creating environment hook '/home/bgb_6342/manipulator_ws/build/mimic_controller/share/mimic_controller/hook/pythonpath_develop.ps1'
[3.143s] DEBUG:colcon.colcon_core.event_handler.log_command:Invoked command in '/home/bgb_6342/manipulator_ws/build/mimic_controller' returned '0': PYTHONPATH=/home/bgb_6342/manipulator_ws/build/mimic_controller/prefix_override:/usr/lib/python3/dist-packages/colcon_core/task/python/colcon_distutils_commands:/home/bgb_6342/manipulator_ws/install/mimic_controller/lib/python3.10/site-packages:${PYTHONPATH} /usr/bin/python3 -W ignore:setup.py install is deprecated -W ignore:easy_install command is deprecated setup.py develop --editable --build-directory /home/bgb_6342/manipulator_ws/build/mimic_controller/build --no-deps symlink_data
[3.143s] INFO:colcon.colcon_core.shell:Creating environment descriptor '/home/bgb_6342/manipulator_ws/build/mimic_controller/share/mimic_controller/hook/pythonpath_develop.dsv'
[3.144s] INFO:colcon.colcon_core.shell:Creating environment hook '/home/bgb_6342/manipulator_ws/build/mimic_controller/share/mimic_controller/hook/pythonpath_develop.sh'
[3.145s] Level 1:colcon.colcon_core.environment:checking '/home/bgb_6342/manipulator_ws/install/mimic_controller' for CMake module files
[3.145s] Level 1:colcon.colcon_core.environment:checking '/home/bgb_6342/manipulator_ws/install/mimic_controller' for CMake config files
[3.146s] Level 1:colcon.colcon_core.environment:checking '/home/bgb_6342/manipulator_ws/install/mimic_controller/lib'
[3.146s] Level 1:colcon.colcon_core.environment:checking '/home/bgb_6342/manipulator_ws/install/mimic_controller/bin'
[3.146s] Level 1:colcon.colcon_core.environment:checking '/home/bgb_6342/manipulator_ws/install/mimic_controller/lib/pkgconfig/mimic_controller.pc'
[3.147s] Level 1:colcon.colcon_core.environment:checking '/home/bgb_6342/manipulator_ws/install/mimic_controller/lib/python3.10/site-packages'
[3.147s] Level 1:colcon.colcon_core.shell:create_environment_hook('mimic_controller', 'pythonpath')
[3.147s] INFO:colcon.colcon_core.shell:Creating environment hook '/home/bgb_6342/manipulator_ws/install/mimic_controller/share/mimic_controller/hook/pythonpath.ps1'
[3.148s] INFO:colcon.colcon_core.shell:Creating environment descriptor '/home/bgb_6342/manipulator_ws/install/mimic_controller/share/mimic_controller/hook/pythonpath.dsv'
[3.148s] INFO:colcon.colcon_core.shell:Creating environment hook '/home/bgb_6342/manipulator_ws/install/mimic_controller/share/mimic_controller/hook/pythonpath.sh'
[3.149s] Level 1:colcon.colcon_core.environment:checking '/home/bgb_6342/manipulator_ws/install/mimic_controller/bin'
[3.149s] Level 1:colcon.colcon_core.environment:create_environment_scripts_only(mimic_controller)
[3.150s] INFO:colcon.colcon_core.shell:Creating package script '/home/bgb_6342/manipulator_ws/install/mimic_controller/share/mimic_controller/package.ps1'
[3.151s] INFO:colcon.colcon_core.shell:Creating package descriptor '/home/bgb_6342/manipulator_ws/install/mimic_controller/share/mimic_controller/package.dsv'
[3.152s] INFO:colcon.colcon_core.shell:Creating package script '/home/bgb_6342/manipulator_ws/install/mimic_controller/share/mimic_controller/package.sh'
[3.152s] INFO:colcon.colcon_core.shell:Creating package script '/home/bgb_6342/manipulator_ws/install/mimic_controller/share/mimic_controller/package.bash'
[3.153s] INFO:colcon.colcon_core.shell:Creating package script '/home/bgb_6342/manipulator_ws/install/mimic_controller/share/mimic_controller/package.zsh'
[3.155s] Level 1:colcon.colcon_core.environment:create_file_with_runtime_dependencies(/home/bgb_6342/manipulator_ws/install/mimic_controller/share/colcon-core/packages/mimic_controller)
[3.157s] DEBUG:colcon.colcon_parallel_executor.executor.parallel:closing loop
[3.158s] DEBUG:colcon.colcon_parallel_executor.executor.parallel:loop closed
[3.158s] DEBUG:colcon.colcon_parallel_executor.executor.parallel:run_until_complete finished with '0'
[3.159s] DEBUG:colcon.colcon_core.event_reactor:joining thread
[3.201s] INFO:colcon.colcon_core.plugin_system:Skipping extension 'colcon_notification.desktop_notification.notify_send': Could not find 'notify-send'
[3.201s] INFO:colcon.colcon_core.plugin_system:Skipping extension 'colcon_notification.desktop_notification.terminal_notifier': Not used on non-Darwin systems
[3.202s] INFO:colcon.colcon_core.plugin_system:Skipping extension 'colcon_notification.desktop_notification.win32': Not used on non-Windows systems
[3.202s] INFO:colcon.colcon_notification.desktop_notification:Sending desktop notification using 'notify2'
[3.214s] DEBUG:colcon.colcon_notification.desktop_notification.notify2:Failed to initialize notify2: org.freedesktop.DBus.Error.ServiceUnknown: The name org.freedesktop.Notifications was not provided by any .service files
[3.214s] DEBUG:colcon.colcon_core.event_reactor:joined thread
[3.215s] INFO:colcon.colcon_core.shell:Creating prefix script '/home/bgb_6342/manipulator_ws/install/local_setup.ps1'
[3.216s] INFO:colcon.colcon_core.shell:Creating prefix util module '/home/bgb_6342/manipulator_ws/install/_local_setup_util_ps1.py'
[3.218s] INFO:colcon.colcon_core.shell:Creating prefix chain script '/home/bgb_6342/manipulator_ws/install/setup.ps1'
[3.219s] INFO:colcon.colcon_core.shell:Creating prefix script '/home/bgb_6342/manipulator_ws/install/local_setup.sh'
[3.220s] INFO:colcon.colcon_core.shell:Creating prefix util module '/home/bgb_6342/manipulator_ws/install/_local_setup_util_sh.py'
[3.221s] INFO:colcon.colcon_core.shell:Creating prefix chain script '/home/bgb_6342/manipulator_ws/install/setup.sh'
[3.222s] INFO:colcon.colcon_core.shell:Creating prefix script '/home/bgb_6342/manipulator_ws/install/local_setup.bash'
[3.223s] INFO:colcon.colcon_core.shell:Creating prefix chain script '/home/bgb_6342/manipulator_ws/install/setup.bash'
[3.224s] INFO:colcon.colcon_core.shell:Creating prefix script '/home/bgb_6342/manipulator_ws/install/local_setup.zsh'
[3.225s] INFO:colcon.colcon_core.shell:Creating prefix chain script '/home/bgb_6342/manipulator_ws/install/setup.zsh'
