[1.957s] Invoking command in '/home/bgb_6342/manipulator_ws/build/manipulator_hardware': PYTHONPATH=/home/bgb_6342/manipulator_ws/build/manipulator_hardware/prefix_override:/usr/lib/python3/dist-packages/colcon_core/task/python/colcon_distutils_commands:/home/bgb_6342/manipulator_ws/install/manipulator_hardware/lib/python3.10/site-packages:${PYTHONPATH} /usr/bin/python3 -W ignore:setup.py install is deprecated -W ignore:easy_install command is deprecated setup.py develop --uninstall --editable --build-directory /home/bgb_6342/manipulator_ws/build/manipulator_hardware/build
[2.415s] running develop
[2.717s] Removing /home/bgb_6342/manipulator_ws/install/manipulator_hardware/lib/python3.10/site-packages/manipulator-hardware.egg-link (link to .)
[2.779s] Invoked command in '/home/bgb_6342/manipulator_ws/build/manipulator_hardware' returned '0': PYTHONPATH=/home/bgb_6342/manipulator_ws/build/manipulator_hardware/prefix_override:/usr/lib/python3/dist-packages/colcon_core/task/python/colcon_distutils_commands:/home/bgb_6342/manipulator_ws/install/manipulator_hardware/lib/python3.10/site-packages:${PYTHONPATH} /usr/bin/python3 -W ignore:setup.py install is deprecated -W ignore:easy_install command is deprecated setup.py develop --uninstall --editable --build-directory /home/bgb_6342/manipulator_ws/build/manipulator_hardware/build
[2.782s] Invoking command in '/home/bgb_6342/manipulator_ws/src/manipulator_hardware': PYTHONPATH=/home/bgb_6342/manipulator_ws/build/manipulator_hardware/prefix_override:/usr/lib/python3/dist-packages/colcon_core/task/python/colcon_distutils_commands:/home/bgb_6342/manipulator_ws/install/manipulator_hardware/lib/python3.10/site-packages:${PYTHONPATH} /usr/bin/python3 -W ignore:setup.py install is deprecated -W ignore:easy_install command is deprecated setup.py egg_info --egg-base ../../build/manipulator_hardware build --build-base /home/bgb_6342/manipulator_ws/build/manipulator_hardware/build install --record /home/bgb_6342/manipulator_ws/build/manipulator_hardware/install.log --single-version-externally-managed install_data --force
[3.194s] running egg_info
[3.195s] writing ../../build/manipulator_hardware/manipulator_hardware.egg-info/PKG-INFO
[3.196s] writing dependency_links to ../../build/manipulator_hardware/manipulator_hardware.egg-info/dependency_links.txt
[3.196s] writing entry points to ../../build/manipulator_hardware/manipulator_hardware.egg-info/entry_points.txt
[3.196s] writing requirements to ../../build/manipulator_hardware/manipulator_hardware.egg-info/requires.txt
[3.198s] writing top-level names to ../../build/manipulator_hardware/manipulator_hardware.egg-info/top_level.txt
[3.199s] reading manifest file '../../build/manipulator_hardware/manipulator_hardware.egg-info/SOURCES.txt'
[3.200s] writing manifest file '../../build/manipulator_hardware/manipulator_hardware.egg-info/SOURCES.txt'
[3.200s] running build
[3.201s] running build_py
[3.201s] copying manipulator_hardware/__init__.py -> /home/bgb_6342/manipulator_ws/build/manipulator_hardware/build/lib/manipulator_hardware
[3.207s] copying manipulator_hardware/serial_bridge.py -> /home/bgb_6342/manipulator_ws/build/manipulator_hardware/build/lib/manipulator_hardware
[3.207s] running install
[3.207s] running install_lib
[3.207s] creating /home/bgb_6342/manipulator_ws/install/manipulator_hardware/lib/python3.10/site-packages/manipulator_hardware
[3.208s] copying /home/bgb_6342/manipulator_ws/build/manipulator_hardware/build/lib/manipulator_hardware/__init__.py -> /home/bgb_6342/manipulator_ws/install/manipulator_hardware/lib/python3.10/site-packages/manipulator_hardware
[3.212s] copying /home/bgb_6342/manipulator_ws/build/manipulator_hardware/build/lib/manipulator_hardware/serial_bridge.py -> /home/bgb_6342/manipulator_ws/install/manipulator_hardware/lib/python3.10/site-packages/manipulator_hardware
[3.213s] byte-compiling /home/bgb_6342/manipulator_ws/install/manipulator_hardware/lib/python3.10/site-packages/manipulator_hardware/__init__.py to __init__.cpython-310.pyc
[3.215s] byte-compiling /home/bgb_6342/manipulator_ws/install/manipulator_hardware/lib/python3.10/site-packages/manipulator_hardware/serial_bridge.py to serial_bridge.cpython-310.pyc
[3.217s] running install_data
[3.223s] copying resource/manipulator_hardware -> /home/bgb_6342/manipulator_ws/install/manipulator_hardware/share/ament_index/resource_index/packages
[3.223s] copying package.xml -> /home/bgb_6342/manipulator_ws/install/manipulator_hardware/share/manipulator_hardware
[3.223s] running install_egg_info
[3.223s] Copying ../../build/manipulator_hardware/manipulator_hardware.egg-info to /home/bgb_6342/manipulator_ws/install/manipulator_hardware/lib/python3.10/site-packages/manipulator_hardware-0.0.0-py3.10.egg-info
[3.230s] running install_scripts
[3.263s] Installing serial_bridge script to /home/bgb_6342/manipulator_ws/install/manipulator_hardware/lib/manipulator_hardware
[3.264s] writing list of installed files to '/home/bgb_6342/manipulator_ws/build/manipulator_hardware/install.log'
[3.347s] Invoked command in '/home/bgb_6342/manipulator_ws/src/manipulator_hardware' returned '0': PYTHONPATH=/home/bgb_6342/manipulator_ws/build/manipulator_hardware/prefix_override:/usr/lib/python3/dist-packages/colcon_core/task/python/colcon_distutils_commands:/home/bgb_6342/manipulator_ws/install/manipulator_hardware/lib/python3.10/site-packages:${PYTHONPATH} /usr/bin/python3 -W ignore:setup.py install is deprecated -W ignore:easy_install command is deprecated setup.py egg_info --egg-base ../../build/manipulator_hardware build --build-base /home/bgb_6342/manipulator_ws/build/manipulator_hardware/build install --record /home/bgb_6342/manipulator_ws/build/manipulator_hardware/install.log --single-version-externally-managed install_data --force
