[0.956s] Invoking command in '/home/bgb_6342/manipulator_ws/build/manipulator_hardware': PYTHONPATH=/home/bgb_6342/manipulator_ws/build/manipulator_hardware/prefix_override:/usr/lib/python3/dist-packages/colcon_core/task/python/colcon_distutils_commands:/home/bgb_6342/manipulator_ws/install/manipulator_hardware/lib/python3.10/site-packages:${PYTHONPATH} /usr/bin/python3 -W ignore:setup.py install is deprecated -W ignore:easy_install command is deprecated setup.py develop --uninstall --editable --build-directory /home/bgb_6342/manipulator_ws/build/manipulator_hardware/build
[1.338s] running develop
[1.582s] Removing /home/bgb_6342/manipulator_ws/install/manipulator_hardware/lib/python3.10/site-packages/manipulator-hardware.egg-link (link to .)
[1.621s] Invoked command in '/home/bgb_6342/manipulator_ws/build/manipulator_hardware' returned '0': PYTHONPATH=/home/bgb_6342/manipulator_ws/build/manipulator_hardware/prefix_override:/usr/lib/python3/dist-packages/colcon_core/task/python/colcon_distutils_commands:/home/bgb_6342/manipulator_ws/install/manipulator_hardware/lib/python3.10/site-packages:${PYTHONPATH} /usr/bin/python3 -W ignore:setup.py install is deprecated -W ignore:easy_install command is deprecated setup.py develop --uninstall --editable --build-directory /home/bgb_6342/manipulator_ws/build/manipulator_hardware/build
[1.624s] Invoking command in '/home/bgb_6342/manipulator_ws/src/manipulator_hardware': PYTHONPATH=/home/bgb_6342/manipulator_ws/build/manipulator_hardware/prefix_override:/usr/lib/python3/dist-packages/colcon_core/task/python/colcon_distutils_commands:/home/bgb_6342/manipulator_ws/install/manipulator_hardware/lib/python3.10/site-packages:${PYTHONPATH} /usr/bin/python3 -W ignore:setup.py install is deprecated -W ignore:easy_install command is deprecated setup.py egg_info --egg-base ../../build/manipulator_hardware build --build-base /home/bgb_6342/manipulator_ws/build/manipulator_hardware/build install --record /home/bgb_6342/manipulator_ws/build/manipulator_hardware/install.log --single-version-externally-managed install_data --force
[1.990s] running egg_info
[1.991s] writing ../../build/manipulator_hardware/manipulator_hardware.egg-info/PKG-INFO
[1.991s] writing dependency_links to ../../build/manipulator_hardware/manipulator_hardware.egg-info/dependency_links.txt
[1.991s] writing entry points to ../../build/manipulator_hardware/manipulator_hardware.egg-info/entry_points.txt
[1.992s] writing requirements to ../../build/manipulator_hardware/manipulator_hardware.egg-info/requires.txt
[1.992s] writing top-level names to ../../build/manipulator_hardware/manipulator_hardware.egg-info/top_level.txt
[1.995s] reading manifest file '../../build/manipulator_hardware/manipulator_hardware.egg-info/SOURCES.txt'
[1.996s] writing manifest file '../../build/manipulator_hardware/manipulator_hardware.egg-info/SOURCES.txt'
[1.996s] running build
[1.996s] running build_py
[1.996s] copying manipulator_hardware/serial_bridge.py -> /home/bgb_6342/manipulator_ws/build/manipulator_hardware/build/lib/manipulator_hardware
[1.997s] running install
[1.997s] running install_lib
[1.999s] creating /home/bgb_6342/manipulator_ws/install/manipulator_hardware/lib/python3.10/site-packages/manipulator_hardware
[2.000s] copying /home/bgb_6342/manipulator_ws/build/manipulator_hardware/build/lib/manipulator_hardware/__init__.py -> /home/bgb_6342/manipulator_ws/install/manipulator_hardware/lib/python3.10/site-packages/manipulator_hardware
[2.000s] copying /home/bgb_6342/manipulator_ws/build/manipulator_hardware/build/lib/manipulator_hardware/serial_bridge.py -> /home/bgb_6342/manipulator_ws/install/manipulator_hardware/lib/python3.10/site-packages/manipulator_hardware
[2.001s] byte-compiling /home/bgb_6342/manipulator_ws/install/manipulator_hardware/lib/python3.10/site-packages/manipulator_hardware/__init__.py to __init__.cpython-310.pyc
[2.002s] byte-compiling /home/bgb_6342/manipulator_ws/install/manipulator_hardware/lib/python3.10/site-packages/manipulator_hardware/serial_bridge.py to serial_bridge.cpython-310.pyc
[2.004s] running install_data
[2.004s] copying resource/manipulator_hardware -> /home/bgb_6342/manipulator_ws/install/manipulator_hardware/share/ament_index/resource_index/packages
[2.004s] copying package.xml -> /home/bgb_6342/manipulator_ws/install/manipulator_hardware/share/manipulator_hardware
[2.004s] running install_egg_info
[2.007s] Copying ../../build/manipulator_hardware/manipulator_hardware.egg-info to /home/bgb_6342/manipulator_ws/install/manipulator_hardware/lib/python3.10/site-packages/manipulator_hardware-0.0.0-py3.10.egg-info
[2.009s] running install_scripts
[2.041s] Installing serial_bridge script to /home/bgb_6342/manipulator_ws/install/manipulator_hardware/lib/manipulator_hardware
[2.041s] writing list of installed files to '/home/bgb_6342/manipulator_ws/build/manipulator_hardware/install.log'
[2.072s] Invoked command in '/home/bgb_6342/manipulator_ws/src/manipulator_hardware' returned '0': PYTHONPATH=/home/bgb_6342/manipulator_ws/build/manipulator_hardware/prefix_override:/usr/lib/python3/dist-packages/colcon_core/task/python/colcon_distutils_commands:/home/bgb_6342/manipulator_ws/install/manipulator_hardware/lib/python3.10/site-packages:${PYTHONPATH} /usr/bin/python3 -W ignore:setup.py install is deprecated -W ignore:easy_install command is deprecated setup.py egg_info --egg-base ../../build/manipulator_hardware build --build-base /home/bgb_6342/manipulator_ws/build/manipulator_hardware/build install --record /home/bgb_6342/manipulator_ws/build/manipulator_hardware/install.log --single-version-externally-managed install_data --force
