[2.024s] Invoking command in '/home/bgb_6342/manipulator_ws/build/stm32_interface_pkg': PYTHONPATH=/home/bgb_6342/manipulator_ws/build/stm32_interface_pkg/prefix_override:/usr/lib/python3/dist-packages/colcon_core/task/python/colcon_distutils_commands:/home/bgb_6342/manipulator_ws/install/stm32_interface_pkg/lib/python3.10/site-packages:${PYTHONPATH} /usr/bin/python3 -W ignore:setup.py install is deprecated -W ignore:easy_install command is deprecated setup.py develop --uninstall --editable --build-directory /home/bgb_6342/manipulator_ws/build/stm32_interface_pkg/build
[2.440s] running develop
[2.674s] Removing /home/bgb_6342/manipulator_ws/install/stm32_interface_pkg/lib/python3.10/site-packages/stm32-interface-pkg.egg-link (link to .)
[2.723s] Invoked command in '/home/bgb_6342/manipulator_ws/build/stm32_interface_pkg' returned '0': PYTHONPATH=/home/bgb_6342/manipulator_ws/build/stm32_interface_pkg/prefix_override:/usr/lib/python3/dist-packages/colcon_core/task/python/colcon_distutils_commands:/home/bgb_6342/manipulator_ws/install/stm32_interface_pkg/lib/python3.10/site-packages:${PYTHONPATH} /usr/bin/python3 -W ignore:setup.py install is deprecated -W ignore:easy_install command is deprecated setup.py develop --uninstall --editable --build-directory /home/bgb_6342/manipulator_ws/build/stm32_interface_pkg/build
[2.725s] Invoking command in '/home/bgb_6342/manipulator_ws/src/stm32_interface_pkg': PYTHONPATH=/home/bgb_6342/manipulator_ws/build/stm32_interface_pkg/prefix_override:/usr/lib/python3/dist-packages/colcon_core/task/python/colcon_distutils_commands:/home/bgb_6342/manipulator_ws/install/stm32_interface_pkg/lib/python3.10/site-packages:${PYTHONPATH} /usr/bin/python3 -W ignore:setup.py install is deprecated -W ignore:easy_install command is deprecated setup.py egg_info --egg-base ../../build/stm32_interface_pkg build --build-base /home/bgb_6342/manipulator_ws/build/stm32_interface_pkg/build install --record /home/bgb_6342/manipulator_ws/build/stm32_interface_pkg/install.log --single-version-externally-managed install_data --force
[3.144s] running egg_info
[3.145s] writing ../../build/stm32_interface_pkg/stm32_interface_pkg.egg-info/PKG-INFO
[3.146s] writing dependency_links to ../../build/stm32_interface_pkg/stm32_interface_pkg.egg-info/dependency_links.txt
[3.146s] writing entry points to ../../build/stm32_interface_pkg/stm32_interface_pkg.egg-info/entry_points.txt
[3.146s] writing requirements to ../../build/stm32_interface_pkg/stm32_interface_pkg.egg-info/requires.txt
[3.146s] writing top-level names to ../../build/stm32_interface_pkg/stm32_interface_pkg.egg-info/top_level.txt
[3.148s] reading manifest file '../../build/stm32_interface_pkg/stm32_interface_pkg.egg-info/SOURCES.txt'
[3.149s] writing manifest file '../../build/stm32_interface_pkg/stm32_interface_pkg.egg-info/SOURCES.txt'
[3.149s] running build
[3.149s] running build_py
[3.150s] copying stm32_interface_pkg/stm32_uart_node.py -> /home/bgb_6342/manipulator_ws/build/stm32_interface_pkg/build/lib/stm32_interface_pkg
[3.151s] running install
[3.151s] running install_lib
[3.152s] creating /home/bgb_6342/manipulator_ws/install/stm32_interface_pkg/lib/python3.10/site-packages/stm32_interface_pkg
[3.153s] copying /home/bgb_6342/manipulator_ws/build/stm32_interface_pkg/build/lib/stm32_interface_pkg/__init__.py -> /home/bgb_6342/manipulator_ws/install/stm32_interface_pkg/lib/python3.10/site-packages/stm32_interface_pkg
[3.153s] copying /home/bgb_6342/manipulator_ws/build/stm32_interface_pkg/build/lib/stm32_interface_pkg/stm32_uart_node.py -> /home/bgb_6342/manipulator_ws/install/stm32_interface_pkg/lib/python3.10/site-packages/stm32_interface_pkg
[3.153s] byte-compiling /home/bgb_6342/manipulator_ws/install/stm32_interface_pkg/lib/python3.10/site-packages/stm32_interface_pkg/__init__.py to __init__.cpython-310.pyc
[3.154s] byte-compiling /home/bgb_6342/manipulator_ws/install/stm32_interface_pkg/lib/python3.10/site-packages/stm32_interface_pkg/stm32_uart_node.py to stm32_uart_node.cpython-310.pyc
[3.156s] running install_data
[3.156s] copying resource/stm32_interface_pkg -> /home/bgb_6342/manipulator_ws/install/stm32_interface_pkg/share/ament_index/resource_index/packages
[3.156s] copying package.xml -> /home/bgb_6342/manipulator_ws/install/stm32_interface_pkg/share/stm32_interface_pkg
[3.157s] copying launch/uart.launch.py -> /home/bgb_6342/manipulator_ws/install/stm32_interface_pkg/share/stm32_interface_pkg/launch
[3.157s] running install_egg_info
[3.161s] Copying ../../build/stm32_interface_pkg/stm32_interface_pkg.egg-info to /home/bgb_6342/manipulator_ws/install/stm32_interface_pkg/lib/python3.10/site-packages/stm32_interface_pkg-0.0.0-py3.10.egg-info
[3.163s] running install_scripts
[3.187s] Installing stm32_uart_node script to /home/bgb_6342/manipulator_ws/install/stm32_interface_pkg/lib/stm32_interface_pkg
[3.187s] writing list of installed files to '/home/bgb_6342/manipulator_ws/build/stm32_interface_pkg/install.log'
[3.234s] Invoked command in '/home/bgb_6342/manipulator_ws/src/stm32_interface_pkg' returned '0': PYTHONPATH=/home/bgb_6342/manipulator_ws/build/stm32_interface_pkg/prefix_override:/usr/lib/python3/dist-packages/colcon_core/task/python/colcon_distutils_commands:/home/bgb_6342/manipulator_ws/install/stm32_interface_pkg/lib/python3.10/site-packages:${PYTHONPATH} /usr/bin/python3 -W ignore:setup.py install is deprecated -W ignore:easy_install command is deprecated setup.py egg_info --egg-base ../../build/stm32_interface_pkg build --build-base /home/bgb_6342/manipulator_ws/build/stm32_interface_pkg/build install --record /home/bgb_6342/manipulator_ws/build/stm32_interface_pkg/install.log --single-version-externally-managed install_data --force
