[0.270s] DEBUG:colcon:Command line arguments: ['/usr/bin/colcon', 'build', '--symlink-install']
[0.271s] DEBUG:colcon:Parsed command line arguments: Namespace(log_base=None, log_level=None, verb_name='build', build_base='build', install_base='install', merge_install=False, symlink_install=True, test_result_base=None, continue_on_error=False, executor='parallel', parallel_workers=4, event_handlers=None, ignore_user_meta=False, metas=['./colcon.meta'], base_paths=['.'], packages_ignore=None, packages_ignore_regex=None, paths=None, packages_up_to=None, packages_up_to_regex=None, packages_above=None, packages_above_and_dependencies=None, packages_above_depth=None, packages_select_by_dep=None, packages_skip_by_dep=None, packages_skip_up_to=None, packages_select_build_failed=False, packages_skip_build_finished=False, packages_select_test_failures=False, packages_skip_test_passed=False, packages_select=None, packages_skip=None, packages_select_regex=None, packages_skip_regex=None, packages_start=None, packages_end=None, allow_overriding=[], cmake_args=None, cmake_target=None, cmake_target_skip_unavailable=False, cmake_clean_cache=False, cmake_clean_first=False, cmake_force_configure=False, ament_cmake_args=None, catkin_cmake_args=None, catkin_skip_building_tests=False, mixin_files=None, mixin=None, verb_parser=<colcon_mixin.mixin.mixin_argument.MixinArgumentDecorator object at 0x720acdbf77f0>, verb_extension=<colcon_core.verb.build.BuildVerb object at 0x720acdbf72b0>, main=<bound method BuildVerb.main of <colcon_core.verb.build.BuildVerb object at 0x720acdbf72b0>>, mixin_verb=('build',))
[0.525s] Level 1:colcon.colcon_core.package_discovery:discover_packages(colcon_meta) check parameters
[0.525s] Level 1:colcon.colcon_core.package_discovery:discover_packages(recursive) check parameters
[0.525s] Level 1:colcon.colcon_core.package_discovery:discover_packages(ignore) check parameters
[0.525s] Level 1:colcon.colcon_core.package_discovery:discover_packages(path) check parameters
[0.525s] Level 1:colcon.colcon_core.package_discovery:discover_packages(colcon_meta) discover
[0.526s] Level 1:colcon.colcon_core.package_discovery:discover_packages(recursive) discover
[0.526s] INFO:colcon.colcon_core.package_discovery:Crawling recursively for packages in '/home/bgb_6342/manipulator_ws'
[0.526s] Level 1:colcon.colcon_core.package_identification:_identify(.) by extensions ['ignore', 'ignore_ament_install']
[0.526s] Level 1:colcon.colcon_core.package_identification:_identify(.) by extension 'ignore'
[0.527s] Level 1:colcon.colcon_core.package_identification:_identify(.) by extension 'ignore_ament_install'
[0.527s] Level 1:colcon.colcon_core.package_identification:_identify(.) by extensions ['colcon_pkg']
[0.527s] Level 1:colcon.colcon_core.package_identification:_identify(.) by extension 'colcon_pkg'
[0.527s] Level 1:colcon.colcon_core.package_identification:_identify(.) by extensions ['colcon_meta']
[0.527s] Level 1:colcon.colcon_core.package_identification:_identify(.) by extension 'colcon_meta'
[0.528s] Level 1:colcon.colcon_core.package_identification:_identify(.) by extensions ['ros']
[0.528s] Level 1:colcon.colcon_core.package_identification:_identify(.) by extension 'ros'
[0.544s] Level 1:colcon.colcon_core.package_identification:_identify(.) by extensions ['cmake', 'python']
[0.544s] Level 1:colcon.colcon_core.package_identification:_identify(.) by extension 'cmake'
[0.544s] Level 1:colcon.colcon_core.package_identification:_identify(.) by extension 'python'
[0.544s] Level 1:colcon.colcon_core.package_identification:_identify(.) by extensions ['python_setup_py']
[0.544s] Level 1:colcon.colcon_core.package_identification:_identify(.) by extension 'python_setup_py'
[0.544s] Level 1:colcon.colcon_core.package_identification:_identify(Robotic_Arm_Arduino) by extensions ['ignore', 'ignore_ament_install']
[0.544s] Level 1:colcon.colcon_core.package_identification:_identify(Robotic_Arm_Arduino) by extension 'ignore'
[0.545s] Level 1:colcon.colcon_core.package_identification:_identify(Robotic_Arm_Arduino) by extension 'ignore_ament_install'
[0.545s] Level 1:colcon.colcon_core.package_identification:_identify(Robotic_Arm_Arduino) by extensions ['colcon_pkg']
[0.545s] Level 1:colcon.colcon_core.package_identification:_identify(Robotic_Arm_Arduino) by extension 'colcon_pkg'
[0.545s] Level 1:colcon.colcon_core.package_identification:_identify(Robotic_Arm_Arduino) by extensions ['colcon_meta']
[0.545s] Level 1:colcon.colcon_core.package_identification:_identify(Robotic_Arm_Arduino) by extension 'colcon_meta'
[0.545s] Level 1:colcon.colcon_core.package_identification:_identify(Robotic_Arm_Arduino) by extensions ['ros']
[0.545s] Level 1:colcon.colcon_core.package_identification:_identify(Robotic_Arm_Arduino) by extension 'ros'
[0.545s] Level 1:colcon.colcon_core.package_identification:_identify(Robotic_Arm_Arduino) by extensions ['cmake', 'python']
[0.545s] Level 1:colcon.colcon_core.package_identification:_identify(Robotic_Arm_Arduino) by extension 'cmake'
[0.545s] Level 1:colcon.colcon_core.package_identification:_identify(Robotic_Arm_Arduino) by extension 'python'
[0.545s] Level 1:colcon.colcon_core.package_identification:_identify(Robotic_Arm_Arduino) by extensions ['python_setup_py']
[0.546s] Level 1:colcon.colcon_core.package_identification:_identify(Robotic_Arm_Arduino) by extension 'python_setup_py'
[0.547s] Level 1:colcon.colcon_core.package_identification:_identify(Robotic_Arm_Arduino/Joint_Level_Module) by extensions ['ignore', 'ignore_ament_install']
[0.547s] Level 1:colcon.colcon_core.package_identification:_identify(Robotic_Arm_Arduino/Joint_Level_Module) by extension 'ignore'
[0.548s] Level 1:colcon.colcon_core.package_identification:_identify(Robotic_Arm_Arduino/Joint_Level_Module) by extension 'ignore_ament_install'
[0.548s] Level 1:colcon.colcon_core.package_identification:_identify(Robotic_Arm_Arduino/Joint_Level_Module) by extensions ['colcon_pkg']
[0.548s] Level 1:colcon.colcon_core.package_identification:_identify(Robotic_Arm_Arduino/Joint_Level_Module) by extension 'colcon_pkg'
[0.548s] Level 1:colcon.colcon_core.package_identification:_identify(Robotic_Arm_Arduino/Joint_Level_Module) by extensions ['colcon_meta']
[0.549s] Level 1:colcon.colcon_core.package_identification:_identify(Robotic_Arm_Arduino/Joint_Level_Module) by extension 'colcon_meta'
[0.549s] Level 1:colcon.colcon_core.package_identification:_identify(Robotic_Arm_Arduino/Joint_Level_Module) by extensions ['ros']
[0.550s] Level 1:colcon.colcon_core.package_identification:_identify(Robotic_Arm_Arduino/Joint_Level_Module) by extension 'ros'
[0.551s] Level 1:colcon.colcon_core.package_identification:_identify(Robotic_Arm_Arduino/Joint_Level_Module) by extensions ['cmake', 'python']
[0.551s] Level 1:colcon.colcon_core.package_identification:_identify(Robotic_Arm_Arduino/Joint_Level_Module) by extension 'cmake'
[0.551s] Level 1:colcon.colcon_core.package_identification:_identify(Robotic_Arm_Arduino/Joint_Level_Module) by extension 'python'
[0.551s] Level 1:colcon.colcon_core.package_identification:_identify(Robotic_Arm_Arduino/Joint_Level_Module) by extensions ['python_setup_py']
[0.551s] Level 1:colcon.colcon_core.package_identification:_identify(Robotic_Arm_Arduino/Joint_Level_Module) by extension 'python_setup_py'
[0.551s] Level 1:colcon.colcon_core.package_identification:_identify(Robotic_Arm_Arduino/Joint_Level_Test_Master) by extensions ['ignore', 'ignore_ament_install']
[0.552s] Level 1:colcon.colcon_core.package_identification:_identify(Robotic_Arm_Arduino/Joint_Level_Test_Master) by extension 'ignore'
[0.552s] Level 1:colcon.colcon_core.package_identification:_identify(Robotic_Arm_Arduino/Joint_Level_Test_Master) by extension 'ignore_ament_install'
[0.552s] Level 1:colcon.colcon_core.package_identification:_identify(Robotic_Arm_Arduino/Joint_Level_Test_Master) by extensions ['colcon_pkg']
[0.552s] Level 1:colcon.colcon_core.package_identification:_identify(Robotic_Arm_Arduino/Joint_Level_Test_Master) by extension 'colcon_pkg'
[0.552s] Level 1:colcon.colcon_core.package_identification:_identify(Robotic_Arm_Arduino/Joint_Level_Test_Master) by extensions ['colcon_meta']
[0.552s] Level 1:colcon.colcon_core.package_identification:_identify(Robotic_Arm_Arduino/Joint_Level_Test_Master) by extension 'colcon_meta'
[0.552s] Level 1:colcon.colcon_core.package_identification:_identify(Robotic_Arm_Arduino/Joint_Level_Test_Master) by extensions ['ros']
[0.553s] Level 1:colcon.colcon_core.package_identification:_identify(Robotic_Arm_Arduino/Joint_Level_Test_Master) by extension 'ros'
[0.553s] Level 1:colcon.colcon_core.package_identification:_identify(Robotic_Arm_Arduino/Joint_Level_Test_Master) by extensions ['cmake', 'python']
[0.553s] Level 1:colcon.colcon_core.package_identification:_identify(Robotic_Arm_Arduino/Joint_Level_Test_Master) by extension 'cmake'
[0.553s] Level 1:colcon.colcon_core.package_identification:_identify(Robotic_Arm_Arduino/Joint_Level_Test_Master) by extension 'python'
[0.553s] Level 1:colcon.colcon_core.package_identification:_identify(Robotic_Arm_Arduino/Joint_Level_Test_Master) by extensions ['python_setup_py']
[0.553s] Level 1:colcon.colcon_core.package_identification:_identify(Robotic_Arm_Arduino/Joint_Level_Test_Master) by extension 'python_setup_py'
[0.553s] Level 1:colcon.colcon_core.package_identification:_identify(STM32) by extensions ['ignore', 'ignore_ament_install']
[0.553s] Level 1:colcon.colcon_core.package_identification:_identify(STM32) by extension 'ignore'
[0.554s] Level 1:colcon.colcon_core.package_identification:_identify(STM32) by extension 'ignore_ament_install'
[0.554s] Level 1:colcon.colcon_core.package_identification:_identify(STM32) by extensions ['colcon_pkg']
[0.554s] Level 1:colcon.colcon_core.package_identification:_identify(STM32) by extension 'colcon_pkg'
[0.554s] Level 1:colcon.colcon_core.package_identification:_identify(STM32) by extensions ['colcon_meta']
[0.554s] Level 1:colcon.colcon_core.package_identification:_identify(STM32) by extension 'colcon_meta'
[0.554s] Level 1:colcon.colcon_core.package_identification:_identify(STM32) by extensions ['ros']
[0.554s] Level 1:colcon.colcon_core.package_identification:_identify(STM32) by extension 'ros'
[0.554s] Level 1:colcon.colcon_core.package_identification:_identify(STM32) by extensions ['cmake', 'python']
[0.554s] Level 1:colcon.colcon_core.package_identification:_identify(STM32) by extension 'cmake'
[0.554s] Level 1:colcon.colcon_core.package_identification:_identify(STM32) by extension 'python'
[0.554s] Level 1:colcon.colcon_core.package_identification:_identify(STM32) by extensions ['python_setup_py']
[0.555s] Level 1:colcon.colcon_core.package_identification:_identify(STM32) by extension 'python_setup_py'
[0.555s] Level 1:colcon.colcon_core.package_identification:_identify(Teensy 4.1) by extensions ['ignore', 'ignore_ament_install']
[0.555s] Level 1:colcon.colcon_core.package_identification:_identify(Teensy 4.1) by extension 'ignore'
[0.555s] Level 1:colcon.colcon_core.package_identification:_identify(Teensy 4.1) by extension 'ignore_ament_install'
[0.555s] Level 1:colcon.colcon_core.package_identification:_identify(Teensy 4.1) by extensions ['colcon_pkg']
[0.555s] Level 1:colcon.colcon_core.package_identification:_identify(Teensy 4.1) by extension 'colcon_pkg'
[0.555s] Level 1:colcon.colcon_core.package_identification:_identify(Teensy 4.1) by extensions ['colcon_meta']
[0.555s] Level 1:colcon.colcon_core.package_identification:_identify(Teensy 4.1) by extension 'colcon_meta'
[0.555s] Level 1:colcon.colcon_core.package_identification:_identify(Teensy 4.1) by extensions ['ros']
[0.556s] Level 1:colcon.colcon_core.package_identification:_identify(Teensy 4.1) by extension 'ros'
[0.556s] Level 1:colcon.colcon_core.package_identification:_identify(Teensy 4.1) by extensions ['cmake', 'python']
[0.556s] Level 1:colcon.colcon_core.package_identification:_identify(Teensy 4.1) by extension 'cmake'
[0.556s] Level 1:colcon.colcon_core.package_identification:_identify(Teensy 4.1) by extension 'python'
[0.556s] Level 1:colcon.colcon_core.package_identification:_identify(Teensy 4.1) by extensions ['python_setup_py']
[0.556s] Level 1:colcon.colcon_core.package_identification:_identify(Teensy 4.1) by extension 'python_setup_py'
[0.556s] Level 1:colcon.colcon_core.package_identification:_identify(Teensy 4.1/Teensy_Controller) by extensions ['ignore', 'ignore_ament_install']
[0.556s] Level 1:colcon.colcon_core.package_identification:_identify(Teensy 4.1/Teensy_Controller) by extension 'ignore'
[0.556s] Level 1:colcon.colcon_core.package_identification:_identify(Teensy 4.1/Teensy_Controller) by extension 'ignore_ament_install'
[0.556s] Level 1:colcon.colcon_core.package_identification:_identify(Teensy 4.1/Teensy_Controller) by extensions ['colcon_pkg']
[0.556s] Level 1:colcon.colcon_core.package_identification:_identify(Teensy 4.1/Teensy_Controller) by extension 'colcon_pkg'
[0.556s] Level 1:colcon.colcon_core.package_identification:_identify(Teensy 4.1/Teensy_Controller) by extensions ['colcon_meta']
[0.556s] Level 1:colcon.colcon_core.package_identification:_identify(Teensy 4.1/Teensy_Controller) by extension 'colcon_meta'
[0.557s] Level 1:colcon.colcon_core.package_identification:_identify(Teensy 4.1/Teensy_Controller) by extensions ['ros']
[0.557s] Level 1:colcon.colcon_core.package_identification:_identify(Teensy 4.1/Teensy_Controller) by extension 'ros'
[0.557s] Level 1:colcon.colcon_core.package_identification:_identify(Teensy 4.1/Teensy_Controller) by extensions ['cmake', 'python']
[0.557s] Level 1:colcon.colcon_core.package_identification:_identify(Teensy 4.1/Teensy_Controller) by extension 'cmake'
[0.557s] Level 1:colcon.colcon_core.package_identification:_identify(Teensy 4.1/Teensy_Controller) by extension 'python'
[0.557s] Level 1:colcon.colcon_core.package_identification:_identify(Teensy 4.1/Teensy_Controller) by extensions ['python_setup_py']
[0.557s] Level 1:colcon.colcon_core.package_identification:_identify(Teensy 4.1/Teensy_Controller) by extension 'python_setup_py'
[0.557s] Level 1:colcon.colcon_core.package_identification:_identify(build) by extensions ['ignore', 'ignore_ament_install']
[0.557s] Level 1:colcon.colcon_core.package_identification:_identify(build) by extension 'ignore'
[0.557s] Level 1:colcon.colcon_core.package_identification:_identify(build) ignored
[0.557s] Level 1:colcon.colcon_core.package_identification:_identify(install) by extensions ['ignore', 'ignore_ament_install']
[0.558s] Level 1:colcon.colcon_core.package_identification:_identify(install) by extension 'ignore'
[0.558s] Level 1:colcon.colcon_core.package_identification:_identify(install) ignored
[0.558s] Level 1:colcon.colcon_core.package_identification:_identify(log) by extensions ['ignore', 'ignore_ament_install']
[0.558s] Level 1:colcon.colcon_core.package_identification:_identify(log) by extension 'ignore'
[0.558s] Level 1:colcon.colcon_core.package_identification:_identify(log) ignored
[0.558s] Level 1:colcon.colcon_core.package_identification:_identify(src) by extensions ['ignore', 'ignore_ament_install']
[0.558s] Level 1:colcon.colcon_core.package_identification:_identify(src) by extension 'ignore'
[0.559s] Level 1:colcon.colcon_core.package_identification:_identify(src) by extension 'ignore_ament_install'
[0.559s] Level 1:colcon.colcon_core.package_identification:_identify(src) by extensions ['colcon_pkg']
[0.559s] Level 1:colcon.colcon_core.package_identification:_identify(src) by extension 'colcon_pkg'
[0.559s] Level 1:colcon.colcon_core.package_identification:_identify(src) by extensions ['colcon_meta']
[0.559s] Level 1:colcon.colcon_core.package_identification:_identify(src) by extension 'colcon_meta'
[0.559s] Level 1:colcon.colcon_core.package_identification:_identify(src) by extensions ['ros']
[0.559s] Level 1:colcon.colcon_core.package_identification:_identify(src) by extension 'ros'
[0.559s] Level 1:colcon.colcon_core.package_identification:_identify(src) by extensions ['cmake', 'python']
[0.559s] Level 1:colcon.colcon_core.package_identification:_identify(src) by extension 'cmake'
[0.559s] Level 1:colcon.colcon_core.package_identification:_identify(src) by extension 'python'
[0.559s] Level 1:colcon.colcon_core.package_identification:_identify(src) by extensions ['python_setup_py']
[0.559s] Level 1:colcon.colcon_core.package_identification:_identify(src) by extension 'python_setup_py'
[0.559s] Level 1:colcon.colcon_core.package_identification:_identify(src/manipulator) by extensions ['ignore', 'ignore_ament_install']
[0.560s] Level 1:colcon.colcon_core.package_identification:_identify(src/manipulator) by extension 'ignore'
[0.560s] Level 1:colcon.colcon_core.package_identification:_identify(src/manipulator) by extension 'ignore_ament_install'
[0.560s] Level 1:colcon.colcon_core.package_identification:_identify(src/manipulator) by extensions ['colcon_pkg']
[0.560s] Level 1:colcon.colcon_core.package_identification:_identify(src/manipulator) by extension 'colcon_pkg'
[0.560s] Level 1:colcon.colcon_core.package_identification:_identify(src/manipulator) by extensions ['colcon_meta']
[0.560s] Level 1:colcon.colcon_core.package_identification:_identify(src/manipulator) by extension 'colcon_meta'
[0.560s] Level 1:colcon.colcon_core.package_identification:_identify(src/manipulator) by extensions ['ros']
[0.560s] Level 1:colcon.colcon_core.package_identification:_identify(src/manipulator) by extension 'ros'
[0.566s] DEBUG:colcon.colcon_core.package_identification:Package 'src/manipulator' with type 'ros.ament_cmake' and name 'manipulator'
[0.567s] Level 1:colcon.colcon_core.package_identification:_identify(src/manipulator_hardware) by extensions ['ignore', 'ignore_ament_install']
[0.568s] Level 1:colcon.colcon_core.package_identification:_identify(src/manipulator_hardware) by extension 'ignore'
[0.568s] Level 1:colcon.colcon_core.package_identification:_identify(src/manipulator_hardware) by extension 'ignore_ament_install'
[0.568s] Level 1:colcon.colcon_core.package_identification:_identify(src/manipulator_hardware) by extensions ['colcon_pkg']
[0.568s] Level 1:colcon.colcon_core.package_identification:_identify(src/manipulator_hardware) by extension 'colcon_pkg'
[0.568s] Level 1:colcon.colcon_core.package_identification:_identify(src/manipulator_hardware) by extensions ['colcon_meta']
[0.568s] Level 1:colcon.colcon_core.package_identification:_identify(src/manipulator_hardware) by extension 'colcon_meta'
[0.568s] Level 1:colcon.colcon_core.package_identification:_identify(src/manipulator_hardware) by extensions ['ros']
[0.568s] Level 1:colcon.colcon_core.package_identification:_identify(src/manipulator_hardware) by extension 'ros'
[0.570s] DEBUG:colcon.colcon_core.package_identification:Package 'src/manipulator_hardware' with type 'ros.ament_python' and name 'manipulator_hardware'
[0.570s] Level 1:colcon.colcon_core.package_identification:_identify(src/manipulator_test_manager) by extensions ['ignore', 'ignore_ament_install']
[0.570s] Level 1:colcon.colcon_core.package_identification:_identify(src/manipulator_test_manager) by extension 'ignore'
[0.570s] Level 1:colcon.colcon_core.package_identification:_identify(src/manipulator_test_manager) by extension 'ignore_ament_install'
[0.570s] Level 1:colcon.colcon_core.package_identification:_identify(src/manipulator_test_manager) by extensions ['colcon_pkg']
[0.570s] Level 1:colcon.colcon_core.package_identification:_identify(src/manipulator_test_manager) by extension 'colcon_pkg'
[0.570s] Level 1:colcon.colcon_core.package_identification:_identify(src/manipulator_test_manager) by extensions ['colcon_meta']
[0.570s] Level 1:colcon.colcon_core.package_identification:_identify(src/manipulator_test_manager) by extension 'colcon_meta'
[0.571s] Level 1:colcon.colcon_core.package_identification:_identify(src/manipulator_test_manager) by extensions ['ros']
[0.571s] Level 1:colcon.colcon_core.package_identification:_identify(src/manipulator_test_manager) by extension 'ros'
[0.572s] DEBUG:colcon.colcon_core.package_identification:Package 'src/manipulator_test_manager' with type 'ros.ament_python' and name 'manipulator_test_manager'
[0.572s] Level 1:colcon.colcon_core.package_identification:_identify(src/mimic_controller) by extensions ['ignore', 'ignore_ament_install']
[0.572s] Level 1:colcon.colcon_core.package_identification:_identify(src/mimic_controller) by extension 'ignore'
[0.572s] Level 1:colcon.colcon_core.package_identification:_identify(src/mimic_controller) by extension 'ignore_ament_install'
[0.572s] Level 1:colcon.colcon_core.package_identification:_identify(src/mimic_controller) by extensions ['colcon_pkg']
[0.572s] Level 1:colcon.colcon_core.package_identification:_identify(src/mimic_controller) by extension 'colcon_pkg'
[0.572s] Level 1:colcon.colcon_core.package_identification:_identify(src/mimic_controller) by extensions ['colcon_meta']
[0.572s] Level 1:colcon.colcon_core.package_identification:_identify(src/mimic_controller) by extension 'colcon_meta'
[0.572s] Level 1:colcon.colcon_core.package_identification:_identify(src/mimic_controller) by extensions ['ros']
[0.572s] Level 1:colcon.colcon_core.package_identification:_identify(src/mimic_controller) by extension 'ros'
[0.573s] DEBUG:colcon.colcon_core.package_identification:Package 'src/mimic_controller' with type 'ros.ament_python' and name 'mimic_controller'
[0.573s] Level 1:colcon.colcon_core.package_identification:_identify(src/moveit_config) by extensions ['ignore', 'ignore_ament_install']
[0.574s] Level 1:colcon.colcon_core.package_identification:_identify(src/moveit_config) by extension 'ignore'
[0.574s] Level 1:colcon.colcon_core.package_identification:_identify(src/moveit_config) by extension 'ignore_ament_install'
[0.574s] Level 1:colcon.colcon_core.package_identification:_identify(src/moveit_config) by extensions ['colcon_pkg']
[0.574s] Level 1:colcon.colcon_core.package_identification:_identify(src/moveit_config) by extension 'colcon_pkg'
[0.574s] Level 1:colcon.colcon_core.package_identification:_identify(src/moveit_config) by extensions ['colcon_meta']
[0.574s] Level 1:colcon.colcon_core.package_identification:_identify(src/moveit_config) by extension 'colcon_meta'
[0.574s] Level 1:colcon.colcon_core.package_identification:_identify(src/moveit_config) by extensions ['ros']
[0.574s] Level 1:colcon.colcon_core.package_identification:_identify(src/moveit_config) by extension 'ros'
[0.575s] DEBUG:colcon.colcon_core.package_identification:Package 'src/moveit_config' with type 'ros.ament_cmake' and name 'moveit_config'
[0.575s] Level 1:colcon.colcon_core.package_identification:_identify(src/stm32_interface_pkg) by extensions ['ignore', 'ignore_ament_install']
[0.576s] Level 1:colcon.colcon_core.package_identification:_identify(src/stm32_interface_pkg) by extension 'ignore'
[0.576s] Level 1:colcon.colcon_core.package_identification:_identify(src/stm32_interface_pkg) by extension 'ignore_ament_install'
[0.576s] Level 1:colcon.colcon_core.package_identification:_identify(src/stm32_interface_pkg) by extensions ['colcon_pkg']
[0.576s] Level 1:colcon.colcon_core.package_identification:_identify(src/stm32_interface_pkg) by extension 'colcon_pkg'
[0.576s] Level 1:colcon.colcon_core.package_identification:_identify(src/stm32_interface_pkg) by extensions ['colcon_meta']
[0.576s] Level 1:colcon.colcon_core.package_identification:_identify(src/stm32_interface_pkg) by extension 'colcon_meta'
[0.576s] Level 1:colcon.colcon_core.package_identification:_identify(src/stm32_interface_pkg) by extensions ['ros']
[0.576s] Level 1:colcon.colcon_core.package_identification:_identify(src/stm32_interface_pkg) by extension 'ros'
[0.577s] DEBUG:colcon.colcon_core.package_identification:Package 'src/stm32_interface_pkg' with type 'ros.ament_python' and name 'stm32_interface_pkg'
[0.577s] Level 1:colcon.colcon_core.package_discovery:discover_packages(recursive) using defaults
[0.577s] Level 1:colcon.colcon_core.package_discovery:discover_packages(ignore) discover
[0.577s] Level 1:colcon.colcon_core.package_discovery:discover_packages(ignore) using defaults
[0.577s] Level 1:colcon.colcon_core.package_discovery:discover_packages(path) discover
[0.577s] Level 1:colcon.colcon_core.package_discovery:discover_packages(path) using defaults
[0.623s] Level 1:colcon.colcon_core.package_discovery:discover_packages(prefix_path) check parameters
[0.623s] Level 1:colcon.colcon_core.package_discovery:discover_packages(prefix_path) discover
[0.626s] DEBUG:colcon.colcon_installed_package_information.package_discovery:Found 6 installed packages in /home/bgb_6342/manipulator_ws/install
[0.629s] DEBUG:colcon.colcon_installed_package_information.package_discovery:Found 365 installed packages in /opt/ros/humble
[0.632s] Level 1:colcon.colcon_core.package_discovery:discover_packages(prefix_path) using defaults
[0.697s] Level 5:colcon.colcon_core.verb:set package 'manipulator' build argument 'cmake_args' from command line to 'None'
[0.697s] Level 5:colcon.colcon_core.verb:set package 'manipulator' build argument 'cmake_target' from command line to 'None'
[0.697s] Level 5:colcon.colcon_core.verb:set package 'manipulator' build argument 'cmake_target_skip_unavailable' from command line to 'False'
[0.697s] Level 5:colcon.colcon_core.verb:set package 'manipulator' build argument 'cmake_clean_cache' from command line to 'False'
[0.697s] Level 5:colcon.colcon_core.verb:set package 'manipulator' build argument 'cmake_clean_first' from command line to 'False'
[0.697s] Level 5:colcon.colcon_core.verb:set package 'manipulator' build argument 'cmake_force_configure' from command line to 'False'
[0.697s] Level 5:colcon.colcon_core.verb:set package 'manipulator' build argument 'ament_cmake_args' from command line to 'None'
[0.697s] Level 5:colcon.colcon_core.verb:set package 'manipulator' build argument 'catkin_cmake_args' from command line to 'None'
[0.697s] Level 5:colcon.colcon_core.verb:set package 'manipulator' build argument 'catkin_skip_building_tests' from command line to 'False'
[0.697s] DEBUG:colcon.colcon_core.verb:Building package 'manipulator' with the following arguments: {'ament_cmake_args': None, 'build_base': '/home/bgb_6342/manipulator_ws/build/manipulator', 'catkin_cmake_args': None, 'catkin_skip_building_tests': False, 'cmake_args': None, 'cmake_clean_cache': False, 'cmake_clean_first': False, 'cmake_force_configure': False, 'cmake_target': None, 'cmake_target_skip_unavailable': False, 'install_base': '/home/bgb_6342/manipulator_ws/install/manipulator', 'merge_install': False, 'path': '/home/bgb_6342/manipulator_ws/src/manipulator', 'symlink_install': True, 'test_result_base': None}
[0.697s] Level 5:colcon.colcon_core.verb:set package 'manipulator_hardware' build argument 'cmake_args' from command line to 'None'
[0.698s] Level 5:colcon.colcon_core.verb:set package 'manipulator_hardware' build argument 'cmake_target' from command line to 'None'
[0.698s] Level 5:colcon.colcon_core.verb:set package 'manipulator_hardware' build argument 'cmake_target_skip_unavailable' from command line to 'False'
[0.698s] Level 5:colcon.colcon_core.verb:set package 'manipulator_hardware' build argument 'cmake_clean_cache' from command line to 'False'
[0.698s] Level 5:colcon.colcon_core.verb:set package 'manipulator_hardware' build argument 'cmake_clean_first' from command line to 'False'
[0.698s] Level 5:colcon.colcon_core.verb:set package 'manipulator_hardware' build argument 'cmake_force_configure' from command line to 'False'
[0.698s] Level 5:colcon.colcon_core.verb:set package 'manipulator_hardware' build argument 'ament_cmake_args' from command line to 'None'
[0.698s] Level 5:colcon.colcon_core.verb:set package 'manipulator_hardware' build argument 'catkin_cmake_args' from command line to 'None'
[0.698s] Level 5:colcon.colcon_core.verb:set package 'manipulator_hardware' build argument 'catkin_skip_building_tests' from command line to 'False'
[0.698s] DEBUG:colcon.colcon_core.verb:Building package 'manipulator_hardware' with the following arguments: {'ament_cmake_args': None, 'build_base': '/home/bgb_6342/manipulator_ws/build/manipulator_hardware', 'catkin_cmake_args': None, 'catkin_skip_building_tests': False, 'cmake_args': None, 'cmake_clean_cache': False, 'cmake_clean_first': False, 'cmake_force_configure': False, 'cmake_target': None, 'cmake_target_skip_unavailable': False, 'install_base': '/home/bgb_6342/manipulator_ws/install/manipulator_hardware', 'merge_install': False, 'path': '/home/bgb_6342/manipulator_ws/src/manipulator_hardware', 'symlink_install': True, 'test_result_base': None}
[0.698s] Level 5:colcon.colcon_core.verb:set package 'manipulator_test_manager' build argument 'cmake_args' from command line to 'None'
[0.698s] Level 5:colcon.colcon_core.verb:set package 'manipulator_test_manager' build argument 'cmake_target' from command line to 'None'
[0.698s] Level 5:colcon.colcon_core.verb:set package 'manipulator_test_manager' build argument 'cmake_target_skip_unavailable' from command line to 'False'
[0.698s] Level 5:colcon.colcon_core.verb:set package 'manipulator_test_manager' build argument 'cmake_clean_cache' from command line to 'False'
[0.698s] Level 5:colcon.colcon_core.verb:set package 'manipulator_test_manager' build argument 'cmake_clean_first' from command line to 'False'
[0.698s] Level 5:colcon.colcon_core.verb:set package 'manipulator_test_manager' build argument 'cmake_force_configure' from command line to 'False'
[0.699s] Level 5:colcon.colcon_core.verb:set package 'manipulator_test_manager' build argument 'ament_cmake_args' from command line to 'None'
[0.699s] Level 5:colcon.colcon_core.verb:set package 'manipulator_test_manager' build argument 'catkin_cmake_args' from command line to 'None'
[0.699s] Level 5:colcon.colcon_core.verb:set package 'manipulator_test_manager' build argument 'catkin_skip_building_tests' from command line to 'False'
[0.699s] DEBUG:colcon.colcon_core.verb:Building package 'manipulator_test_manager' with the following arguments: {'ament_cmake_args': None, 'build_base': '/home/bgb_6342/manipulator_ws/build/manipulator_test_manager', 'catkin_cmake_args': None, 'catkin_skip_building_tests': False, 'cmake_args': None, 'cmake_clean_cache': False, 'cmake_clean_first': False, 'cmake_force_configure': False, 'cmake_target': None, 'cmake_target_skip_unavailable': False, 'install_base': '/home/bgb_6342/manipulator_ws/install/manipulator_test_manager', 'merge_install': False, 'path': '/home/bgb_6342/manipulator_ws/src/manipulator_test_manager', 'symlink_install': True, 'test_result_base': None}
[0.700s] Level 5:colcon.colcon_core.verb:set package 'mimic_controller' build argument 'cmake_args' from command line to 'None'
[0.700s] Level 5:colcon.colcon_core.verb:set package 'mimic_controller' build argument 'cmake_target' from command line to 'None'
[0.700s] Level 5:colcon.colcon_core.verb:set package 'mimic_controller' build argument 'cmake_target_skip_unavailable' from command line to 'False'
[0.700s] Level 5:colcon.colcon_core.verb:set package 'mimic_controller' build argument 'cmake_clean_cache' from command line to 'False'
[0.700s] Level 5:colcon.colcon_core.verb:set package 'mimic_controller' build argument 'cmake_clean_first' from command line to 'False'
[0.700s] Level 5:colcon.colcon_core.verb:set package 'mimic_controller' build argument 'cmake_force_configure' from command line to 'False'
[0.700s] Level 5:colcon.colcon_core.verb:set package 'mimic_controller' build argument 'ament_cmake_args' from command line to 'None'
[0.700s] Level 5:colcon.colcon_core.verb:set package 'mimic_controller' build argument 'catkin_cmake_args' from command line to 'None'
[0.700s] Level 5:colcon.colcon_core.verb:set package 'mimic_controller' build argument 'catkin_skip_building_tests' from command line to 'False'
[0.700s] DEBUG:colcon.colcon_core.verb:Building package 'mimic_controller' with the following arguments: {'ament_cmake_args': None, 'build_base': '/home/bgb_6342/manipulator_ws/build/mimic_controller', 'catkin_cmake_args': None, 'catkin_skip_building_tests': False, 'cmake_args': None, 'cmake_clean_cache': False, 'cmake_clean_first': False, 'cmake_force_configure': False, 'cmake_target': None, 'cmake_target_skip_unavailable': False, 'install_base': '/home/bgb_6342/manipulator_ws/install/mimic_controller', 'merge_install': False, 'path': '/home/bgb_6342/manipulator_ws/src/mimic_controller', 'symlink_install': True, 'test_result_base': None}
[0.701s] Level 5:colcon.colcon_core.verb:set package 'stm32_interface_pkg' build argument 'cmake_args' from command line to 'None'
[0.701s] Level 5:colcon.colcon_core.verb:set package 'stm32_interface_pkg' build argument 'cmake_target' from command line to 'None'
[0.701s] Level 5:colcon.colcon_core.verb:set package 'stm32_interface_pkg' build argument 'cmake_target_skip_unavailable' from command line to 'False'
[0.701s] Level 5:colcon.colcon_core.verb:set package 'stm32_interface_pkg' build argument 'cmake_clean_cache' from command line to 'False'
[0.701s] Level 5:colcon.colcon_core.verb:set package 'stm32_interface_pkg' build argument 'cmake_clean_first' from command line to 'False'
[0.701s] Level 5:colcon.colcon_core.verb:set package 'stm32_interface_pkg' build argument 'cmake_force_configure' from command line to 'False'
[0.701s] Level 5:colcon.colcon_core.verb:set package 'stm32_interface_pkg' build argument 'ament_cmake_args' from command line to 'None'
[0.701s] Level 5:colcon.colcon_core.verb:set package 'stm32_interface_pkg' build argument 'catkin_cmake_args' from command line to 'None'
[0.701s] Level 5:colcon.colcon_core.verb:set package 'stm32_interface_pkg' build argument 'catkin_skip_building_tests' from command line to 'False'
[0.701s] DEBUG:colcon.colcon_core.verb:Building package 'stm32_interface_pkg' with the following arguments: {'ament_cmake_args': None, 'build_base': '/home/bgb_6342/manipulator_ws/build/stm32_interface_pkg', 'catkin_cmake_args': None, 'catkin_skip_building_tests': False, 'cmake_args': None, 'cmake_clean_cache': False, 'cmake_clean_first': False, 'cmake_force_configure': False, 'cmake_target': None, 'cmake_target_skip_unavailable': False, 'install_base': '/home/bgb_6342/manipulator_ws/install/stm32_interface_pkg', 'merge_install': False, 'path': '/home/bgb_6342/manipulator_ws/src/stm32_interface_pkg', 'symlink_install': True, 'test_result_base': None}
[0.702s] Level 5:colcon.colcon_core.verb:set package 'moveit_config' build argument 'cmake_args' from command line to 'None'
[0.702s] Level 5:colcon.colcon_core.verb:set package 'moveit_config' build argument 'cmake_target' from command line to 'None'
[0.702s] Level 5:colcon.colcon_core.verb:set package 'moveit_config' build argument 'cmake_target_skip_unavailable' from command line to 'False'
[0.702s] Level 5:colcon.colcon_core.verb:set package 'moveit_config' build argument 'cmake_clean_cache' from command line to 'False'
[0.702s] Level 5:colcon.colcon_core.verb:set package 'moveit_config' build argument 'cmake_clean_first' from command line to 'False'
[0.702s] Level 5:colcon.colcon_core.verb:set package 'moveit_config' build argument 'cmake_force_configure' from command line to 'False'
[0.702s] Level 5:colcon.colcon_core.verb:set package 'moveit_config' build argument 'ament_cmake_args' from command line to 'None'
[0.702s] Level 5:colcon.colcon_core.verb:set package 'moveit_config' build argument 'catkin_cmake_args' from command line to 'None'
[0.702s] Level 5:colcon.colcon_core.verb:set package 'moveit_config' build argument 'catkin_skip_building_tests' from command line to 'False'
[0.702s] DEBUG:colcon.colcon_core.verb:Building package 'moveit_config' with the following arguments: {'ament_cmake_args': None, 'build_base': '/home/bgb_6342/manipulator_ws/build/moveit_config', 'catkin_cmake_args': None, 'catkin_skip_building_tests': False, 'cmake_args': None, 'cmake_clean_cache': False, 'cmake_clean_first': False, 'cmake_force_configure': False, 'cmake_target': None, 'cmake_target_skip_unavailable': False, 'install_base': '/home/bgb_6342/manipulator_ws/install/moveit_config', 'merge_install': False, 'path': '/home/bgb_6342/manipulator_ws/src/moveit_config', 'symlink_install': True, 'test_result_base': None}
[0.702s] INFO:colcon.colcon_core.executor:Executing jobs using 'parallel' executor
[0.704s] DEBUG:colcon.colcon_parallel_executor.executor.parallel:run_until_complete
[0.704s] INFO:colcon.colcon_ros.task.ament_cmake.build:Building ROS package in '/home/bgb_6342/manipulator_ws/src/manipulator' with build type 'ament_cmake'
[0.705s] INFO:colcon.colcon_cmake.task.cmake.build:Building CMake package in '/home/bgb_6342/manipulator_ws/src/manipulator'
[0.708s] INFO:colcon.colcon_core.plugin_system:Skipping extension 'colcon_core.shell.bat': Not used on non-Windows systems
[0.709s] INFO:colcon.colcon_core.shell:Skip shell extension 'powershell' for command environment: Not usable outside of PowerShell
[0.709s] DEBUG:colcon.colcon_core.shell:Skip shell extension 'dsv' for command environment
[0.716s] INFO:colcon.colcon_ros.task.ament_python.build:Building ROS package in '/home/bgb_6342/manipulator_ws/src/manipulator_hardware' with build type 'ament_python'
[0.717s] Level 1:colcon.colcon_core.shell:create_environment_hook('manipulator_hardware', 'ament_prefix_path')
[0.717s] INFO:colcon.colcon_core.shell:Creating environment hook '/home/bgb_6342/manipulator_ws/install/manipulator_hardware/share/manipulator_hardware/hook/ament_prefix_path.ps1'
[0.722s] INFO:colcon.colcon_core.shell:Creating environment descriptor '/home/bgb_6342/manipulator_ws/install/manipulator_hardware/share/manipulator_hardware/hook/ament_prefix_path.dsv'
[0.723s] INFO:colcon.colcon_core.shell:Creating environment hook '/home/bgb_6342/manipulator_ws/install/manipulator_hardware/share/manipulator_hardware/hook/ament_prefix_path.sh'
[0.725s] INFO:colcon.colcon_core.shell:Skip shell extension 'powershell' for command environment: Not usable outside of PowerShell
[0.725s] DEBUG:colcon.colcon_core.shell:Skip shell extension 'dsv' for command environment
[0.733s] INFO:colcon.colcon_ros.task.ament_python.build:Building ROS package in '/home/bgb_6342/manipulator_ws/src/manipulator_test_manager' with build type 'ament_python'
[0.733s] Level 1:colcon.colcon_core.shell:create_environment_hook('manipulator_test_manager', 'ament_prefix_path')
[0.733s] INFO:colcon.colcon_core.shell:Creating environment hook '/home/bgb_6342/manipulator_ws/install/manipulator_test_manager/share/manipulator_test_manager/hook/ament_prefix_path.ps1'
[0.735s] INFO:colcon.colcon_core.shell:Creating environment descriptor '/home/bgb_6342/manipulator_ws/install/manipulator_test_manager/share/manipulator_test_manager/hook/ament_prefix_path.dsv'
[0.736s] INFO:colcon.colcon_core.shell:Creating environment hook '/home/bgb_6342/manipulator_ws/install/manipulator_test_manager/share/manipulator_test_manager/hook/ament_prefix_path.sh'
[0.739s] INFO:colcon.colcon_core.shell:Skip shell extension 'powershell' for command environment: Not usable outside of PowerShell
[0.739s] DEBUG:colcon.colcon_core.shell:Skip shell extension 'dsv' for command environment
[0.745s] INFO:colcon.colcon_ros.task.ament_python.build:Building ROS package in '/home/bgb_6342/manipulator_ws/src/mimic_controller' with build type 'ament_python'
[0.746s] Level 1:colcon.colcon_core.shell:create_environment_hook('mimic_controller', 'ament_prefix_path')
[0.750s] INFO:colcon.colcon_core.shell:Creating environment hook '/home/bgb_6342/manipulator_ws/install/mimic_controller/share/mimic_controller/hook/ament_prefix_path.ps1'
[0.750s] INFO:colcon.colcon_core.shell:Creating environment descriptor '/home/bgb_6342/manipulator_ws/install/mimic_controller/share/mimic_controller/hook/ament_prefix_path.dsv'
[0.751s] INFO:colcon.colcon_core.shell:Creating environment hook '/home/bgb_6342/manipulator_ws/install/mimic_controller/share/mimic_controller/hook/ament_prefix_path.sh'
[0.753s] INFO:colcon.colcon_core.shell:Skip shell extension 'powershell' for command environment: Not usable outside of PowerShell
[0.753s] DEBUG:colcon.colcon_core.shell:Skip shell extension 'dsv' for command environment
[0.772s] DEBUG:colcon.colcon_core.event_handler.log_command:Invoking command in '/home/bgb_6342/manipulator_ws/build/manipulator': CMAKE_PREFIX_PATH=${CMAKE_PREFIX_PATH}:/home/bgb_6342/manipulator_ws/install/stm32_interface_pkg:/home/bgb_6342/manipulator_ws/install/mimic_controller:/home/bgb_6342/manipulator_ws/install/manipulator_test_manager:/home/bgb_6342/manipulator_ws/install/manipulator_hardware:/opt/ros/humble /usr/bin/cmake --build /home/bgb_6342/manipulator_ws/build/manipulator -- -j4 -l4
[1.179s] INFO:colcon.colcon_core.task.python.build:Building Python package in '/home/bgb_6342/manipulator_ws/src/manipulator_hardware'
[1.179s] INFO:colcon.colcon_core.shell:Skip shell extension 'powershell' for command environment: Not usable outside of PowerShell
[1.180s] DEBUG:colcon.colcon_core.shell:Skip shell extension 'dsv' for command environment
[1.593s] INFO:colcon.colcon_core.task.python.build:Building Python package in '/home/bgb_6342/manipulator_ws/src/manipulator_test_manager'
[1.593s] INFO:colcon.colcon_core.shell:Skip shell extension 'powershell' for command environment: Not usable outside of PowerShell
[1.593s] DEBUG:colcon.colcon_core.shell:Skip shell extension 'dsv' for command environment
[1.603s] DEBUG:colcon.colcon_core.event_handler.log_command:Invoked command in '/home/bgb_6342/manipulator_ws/build/manipulator' returned '0': CMAKE_PREFIX_PATH=${CMAKE_PREFIX_PATH}:/home/bgb_6342/manipulator_ws/install/stm32_interface_pkg:/home/bgb_6342/manipulator_ws/install/mimic_controller:/home/bgb_6342/manipulator_ws/install/manipulator_test_manager:/home/bgb_6342/manipulator_ws/install/manipulator_hardware:/opt/ros/humble /usr/bin/cmake --build /home/bgb_6342/manipulator_ws/build/manipulator -- -j4 -l4
[1.622s] DEBUG:colcon.colcon_core.event_handler.log_command:Invoking command in '/home/bgb_6342/manipulator_ws/build/manipulator': CMAKE_PREFIX_PATH=${CMAKE_PREFIX_PATH}:/home/bgb_6342/manipulator_ws/install/stm32_interface_pkg:/home/bgb_6342/manipulator_ws/install/mimic_controller:/home/bgb_6342/manipulator_ws/install/manipulator_test_manager:/home/bgb_6342/manipulator_ws/install/manipulator_hardware:/opt/ros/humble /usr/bin/cmake --install /home/bgb_6342/manipulator_ws/build/manipulator
[2.019s] INFO:colcon.colcon_core.task.python.build:Building Python package in '/home/bgb_6342/manipulator_ws/src/mimic_controller'
[2.019s] INFO:colcon.colcon_core.shell:Skip shell extension 'powershell' for command environment: Not usable outside of PowerShell
[2.019s] DEBUG:colcon.colcon_core.shell:Skip shell extension 'dsv' for command environment
[2.042s] Level 1:colcon.colcon_core.environment:create_environment_scripts_only(manipulator)
[2.043s] DEBUG:colcon.colcon_core.event_handler.log_command:Invoked command in '/home/bgb_6342/manipulator_ws/build/manipulator' returned '0': CMAKE_PREFIX_PATH=${CMAKE_PREFIX_PATH}:/home/bgb_6342/manipulator_ws/install/stm32_interface_pkg:/home/bgb_6342/manipulator_ws/install/mimic_controller:/home/bgb_6342/manipulator_ws/install/manipulator_test_manager:/home/bgb_6342/manipulator_ws/install/manipulator_hardware:/opt/ros/humble /usr/bin/cmake --install /home/bgb_6342/manipulator_ws/build/manipulator
[2.046s] Level 1:colcon.colcon_core.environment:checking '/home/bgb_6342/manipulator_ws/install/manipulator' for CMake module files
[2.048s] Level 1:colcon.colcon_core.environment:checking '/home/bgb_6342/manipulator_ws/install/manipulator' for CMake config files
[2.049s] Level 1:colcon.colcon_core.shell:create_environment_hook('manipulator', 'cmake_prefix_path')
[2.049s] INFO:colcon.colcon_core.shell:Creating environment hook '/home/bgb_6342/manipulator_ws/install/manipulator/share/manipulator/hook/cmake_prefix_path.ps1'
[2.050s] INFO:colcon.colcon_core.shell:Creating environment descriptor '/home/bgb_6342/manipulator_ws/install/manipulator/share/manipulator/hook/cmake_prefix_path.dsv'
[2.051s] INFO:colcon.colcon_core.shell:Creating environment hook '/home/bgb_6342/manipulator_ws/install/manipulator/share/manipulator/hook/cmake_prefix_path.sh'
[2.052s] Level 1:colcon.colcon_core.environment:checking '/home/bgb_6342/manipulator_ws/install/manipulator/lib'
[2.053s] Level 1:colcon.colcon_core.environment:checking '/home/bgb_6342/manipulator_ws/install/manipulator/bin'
[2.053s] Level 1:colcon.colcon_core.environment:checking '/home/bgb_6342/manipulator_ws/install/manipulator/lib/pkgconfig/manipulator.pc'
[2.053s] Level 1:colcon.colcon_core.environment:checking '/home/bgb_6342/manipulator_ws/install/manipulator/lib/python3.10/site-packages'
[2.054s] Level 1:colcon.colcon_core.environment:checking '/home/bgb_6342/manipulator_ws/install/manipulator/bin'
[2.054s] INFO:colcon.colcon_core.shell:Creating package script '/home/bgb_6342/manipulator_ws/install/manipulator/share/manipulator/package.ps1'
[2.056s] INFO:colcon.colcon_core.shell:Creating package descriptor '/home/bgb_6342/manipulator_ws/install/manipulator/share/manipulator/package.dsv'
[2.057s] INFO:colcon.colcon_core.shell:Creating package script '/home/bgb_6342/manipulator_ws/install/manipulator/share/manipulator/package.sh'
[2.058s] INFO:colcon.colcon_core.shell:Creating package script '/home/bgb_6342/manipulator_ws/install/manipulator/share/manipulator/package.bash'
[2.060s] INFO:colcon.colcon_core.shell:Creating package script '/home/bgb_6342/manipulator_ws/install/manipulator/share/manipulator/package.zsh'
[2.062s] Level 1:colcon.colcon_core.environment:create_file_with_runtime_dependencies(/home/bgb_6342/manipulator_ws/install/manipulator/share/colcon-core/packages/manipulator)
[2.065s] Level 1:colcon.colcon_core.environment:create_environment_scripts_only(manipulator)
[2.067s] Level 1:colcon.colcon_core.environment:checking '/home/bgb_6342/manipulator_ws/install/manipulator' for CMake module files
[2.068s] Level 1:colcon.colcon_core.environment:checking '/home/bgb_6342/manipulator_ws/install/manipulator' for CMake config files
[2.069s] Level 1:colcon.colcon_core.shell:create_environment_hook('manipulator', 'cmake_prefix_path')
[2.069s] INFO:colcon.colcon_core.shell:Creating environment hook '/home/bgb_6342/manipulator_ws/install/manipulator/share/manipulator/hook/cmake_prefix_path.ps1'
[2.070s] INFO:colcon.colcon_core.shell:Creating environment descriptor '/home/bgb_6342/manipulator_ws/install/manipulator/share/manipulator/hook/cmake_prefix_path.dsv'
[2.071s] INFO:colcon.colcon_core.shell:Creating environment hook '/home/bgb_6342/manipulator_ws/install/manipulator/share/manipulator/hook/cmake_prefix_path.sh'
[2.072s] Level 1:colcon.colcon_core.environment:checking '/home/bgb_6342/manipulator_ws/install/manipulator/lib'
[2.072s] Level 1:colcon.colcon_core.environment:checking '/home/bgb_6342/manipulator_ws/install/manipulator/bin'
[2.072s] Level 1:colcon.colcon_core.environment:checking '/home/bgb_6342/manipulator_ws/install/manipulator/lib/pkgconfig/manipulator.pc'
[2.072s] Level 1:colcon.colcon_core.environment:checking '/home/bgb_6342/manipulator_ws/install/manipulator/lib/python3.10/site-packages'
[2.073s] Level 1:colcon.colcon_core.environment:checking '/home/bgb_6342/manipulator_ws/install/manipulator/bin'
[2.073s] INFO:colcon.colcon_core.shell:Creating package script '/home/bgb_6342/manipulator_ws/install/manipulator/share/manipulator/package.ps1'
[2.074s] INFO:colcon.colcon_core.shell:Creating package descriptor '/home/bgb_6342/manipulator_ws/install/manipulator/share/manipulator/package.dsv'
[2.074s] INFO:colcon.colcon_core.shell:Creating package script '/home/bgb_6342/manipulator_ws/install/manipulator/share/manipulator/package.sh'
[2.075s] INFO:colcon.colcon_core.shell:Creating package script '/home/bgb_6342/manipulator_ws/install/manipulator/share/manipulator/package.bash'
[2.076s] INFO:colcon.colcon_core.shell:Creating package script '/home/bgb_6342/manipulator_ws/install/manipulator/share/manipulator/package.zsh'
[2.077s] Level 1:colcon.colcon_core.environment:create_file_with_runtime_dependencies(/home/bgb_6342/manipulator_ws/install/manipulator/share/colcon-core/packages/manipulator)
[2.077s] INFO:colcon.colcon_ros.task.ament_python.build:Building ROS package in '/home/bgb_6342/manipulator_ws/src/stm32_interface_pkg' with build type 'ament_python'
[2.077s] Level 1:colcon.colcon_core.shell:create_environment_hook('stm32_interface_pkg', 'ament_prefix_path')
[2.078s] INFO:colcon.colcon_core.shell:Creating environment hook '/home/bgb_6342/manipulator_ws/install/stm32_interface_pkg/share/stm32_interface_pkg/hook/ament_prefix_path.ps1'
[2.080s] INFO:colcon.colcon_core.shell:Creating environment descriptor '/home/bgb_6342/manipulator_ws/install/stm32_interface_pkg/share/stm32_interface_pkg/hook/ament_prefix_path.dsv'
[2.081s] INFO:colcon.colcon_core.shell:Creating environment hook '/home/bgb_6342/manipulator_ws/install/stm32_interface_pkg/share/stm32_interface_pkg/hook/ament_prefix_path.sh'
[2.082s] INFO:colcon.colcon_core.shell:Skip shell extension 'powershell' for command environment: Not usable outside of PowerShell
[2.082s] DEBUG:colcon.colcon_core.shell:Skip shell extension 'dsv' for command environment
[2.845s] INFO:colcon.colcon_core.task.python.build:Building Python package in '/home/bgb_6342/manipulator_ws/src/stm32_interface_pkg'
[2.845s] INFO:colcon.colcon_core.shell:Skip shell extension 'powershell' for command environment: Not usable outside of PowerShell
[2.845s] DEBUG:colcon.colcon_core.shell:Skip shell extension 'dsv' for command environment
[2.943s] DEBUG:colcon.colcon_core.event_handler.log_command:Invoking command in '/home/bgb_6342/manipulator_ws/build/manipulator_hardware': PYTHONPATH=/home/bgb_6342/manipulator_ws/build/manipulator_hardware/prefix_override:/usr/lib/python3/dist-packages/colcon_core/task/python/colcon_distutils_commands:/home/bgb_6342/manipulator_ws/install/manipulator_hardware/lib/python3.10/site-packages:${PYTHONPATH} /usr/bin/python3 -W ignore:setup.py install is deprecated -W ignore:easy_install command is deprecated setup.py develop --editable --build-directory /home/bgb_6342/manipulator_ws/build/manipulator_hardware/build --no-deps symlink_data
[3.027s] DEBUG:colcon.colcon_core.event_handler.log_command:Invoking command in '/home/bgb_6342/manipulator_ws/build/manipulator_test_manager': PYTHONPATH=/home/bgb_6342/manipulator_ws/build/manipulator_test_manager/prefix_override:/usr/lib/python3/dist-packages/colcon_core/task/python/colcon_distutils_commands:/home/bgb_6342/manipulator_ws/install/manipulator_test_manager/lib/python3.10/site-packages:${PYTHONPATH} /usr/bin/python3 -W ignore:setup.py install is deprecated -W ignore:easy_install command is deprecated setup.py develop --editable --build-directory /home/bgb_6342/manipulator_ws/build/manipulator_test_manager/build --no-deps symlink_data
[3.073s] DEBUG:colcon.colcon_core.event_handler.log_command:Invoking command in '/home/bgb_6342/manipulator_ws/build/mimic_controller': PYTHONPATH=/home/bgb_6342/manipulator_ws/build/mimic_controller/prefix_override:/usr/lib/python3/dist-packages/colcon_core/task/python/colcon_distutils_commands:/home/bgb_6342/manipulator_ws/install/mimic_controller/lib/python3.10/site-packages:${PYTHONPATH} /usr/bin/python3 -W ignore:setup.py install is deprecated -W ignore:easy_install command is deprecated setup.py develop --editable --build-directory /home/bgb_6342/manipulator_ws/build/mimic_controller/build --no-deps symlink_data
[3.576s] DEBUG:colcon.colcon_core.event_handler.log_command:Invoking command in '/home/bgb_6342/manipulator_ws/build/stm32_interface_pkg': PYTHONPATH=/home/bgb_6342/manipulator_ws/build/stm32_interface_pkg/prefix_override:/usr/lib/python3/dist-packages/colcon_core/task/python/colcon_distutils_commands:/home/bgb_6342/manipulator_ws/install/stm32_interface_pkg/lib/python3.10/site-packages:${PYTHONPATH} /usr/bin/python3 -W ignore:setup.py install is deprecated -W ignore:easy_install command is deprecated setup.py develop --editable --build-directory /home/bgb_6342/manipulator_ws/build/stm32_interface_pkg/build --no-deps symlink_data
[3.930s] Level 1:colcon.colcon_core.shell:create_environment_hook('manipulator_hardware', 'pythonpath_develop')
[3.931s] INFO:colcon.colcon_core.shell:Creating environment hook '/home/bgb_6342/manipulator_ws/build/manipulator_hardware/share/manipulator_hardware/hook/pythonpath_develop.ps1'
[3.931s] INFO:colcon.colcon_core.shell:Creating environment descriptor '/home/bgb_6342/manipulator_ws/build/manipulator_hardware/share/manipulator_hardware/hook/pythonpath_develop.dsv'
[3.932s] INFO:colcon.colcon_core.shell:Creating environment hook '/home/bgb_6342/manipulator_ws/build/manipulator_hardware/share/manipulator_hardware/hook/pythonpath_develop.sh'
[3.933s] Level 1:colcon.colcon_core.environment:checking '/home/bgb_6342/manipulator_ws/install/manipulator_hardware' for CMake module files
[3.934s] DEBUG:colcon.colcon_core.event_handler.log_command:Invoked command in '/home/bgb_6342/manipulator_ws/build/manipulator_hardware' returned '0': PYTHONPATH=/home/bgb_6342/manipulator_ws/build/manipulator_hardware/prefix_override:/usr/lib/python3/dist-packages/colcon_core/task/python/colcon_distutils_commands:/home/bgb_6342/manipulator_ws/install/manipulator_hardware/lib/python3.10/site-packages:${PYTHONPATH} /usr/bin/python3 -W ignore:setup.py install is deprecated -W ignore:easy_install command is deprecated setup.py develop --editable --build-directory /home/bgb_6342/manipulator_ws/build/manipulator_hardware/build --no-deps symlink_data
[3.935s] Level 1:colcon.colcon_core.environment:checking '/home/bgb_6342/manipulator_ws/install/manipulator_hardware' for CMake config files
[3.936s] Level 1:colcon.colcon_core.environment:checking '/home/bgb_6342/manipulator_ws/install/manipulator_hardware/lib'
[3.936s] Level 1:colcon.colcon_core.environment:checking '/home/bgb_6342/manipulator_ws/install/manipulator_hardware/bin'
[3.936s] Level 1:colcon.colcon_core.environment:checking '/home/bgb_6342/manipulator_ws/install/manipulator_hardware/lib/pkgconfig/manipulator_hardware.pc'
[3.936s] Level 1:colcon.colcon_core.environment:checking '/home/bgb_6342/manipulator_ws/install/manipulator_hardware/lib/python3.10/site-packages'
[3.936s] Level 1:colcon.colcon_core.shell:create_environment_hook('manipulator_hardware', 'pythonpath')
[3.937s] INFO:colcon.colcon_core.shell:Creating environment hook '/home/bgb_6342/manipulator_ws/install/manipulator_hardware/share/manipulator_hardware/hook/pythonpath.ps1'
[3.937s] INFO:colcon.colcon_core.shell:Creating environment descriptor '/home/bgb_6342/manipulator_ws/install/manipulator_hardware/share/manipulator_hardware/hook/pythonpath.dsv'
[3.938s] INFO:colcon.colcon_core.shell:Creating environment hook '/home/bgb_6342/manipulator_ws/install/manipulator_hardware/share/manipulator_hardware/hook/pythonpath.sh'
[3.940s] Level 1:colcon.colcon_core.environment:checking '/home/bgb_6342/manipulator_ws/install/manipulator_hardware/bin'
[3.940s] Level 1:colcon.colcon_core.environment:create_environment_scripts_only(manipulator_hardware)
[3.941s] INFO:colcon.colcon_core.shell:Creating package script '/home/bgb_6342/manipulator_ws/install/manipulator_hardware/share/manipulator_hardware/package.ps1'
[3.942s] INFO:colcon.colcon_core.shell:Creating package descriptor '/home/bgb_6342/manipulator_ws/install/manipulator_hardware/share/manipulator_hardware/package.dsv'
[3.943s] INFO:colcon.colcon_core.shell:Creating package script '/home/bgb_6342/manipulator_ws/install/manipulator_hardware/share/manipulator_hardware/package.sh'
[3.944s] INFO:colcon.colcon_core.shell:Creating package script '/home/bgb_6342/manipulator_ws/install/manipulator_hardware/share/manipulator_hardware/package.bash'
[3.955s] INFO:colcon.colcon_core.shell:Creating package script '/home/bgb_6342/manipulator_ws/install/manipulator_hardware/share/manipulator_hardware/package.zsh'
[3.957s] Level 1:colcon.colcon_core.environment:create_file_with_runtime_dependencies(/home/bgb_6342/manipulator_ws/install/manipulator_hardware/share/colcon-core/packages/manipulator_hardware)
[3.960s] INFO:colcon.colcon_ros.task.ament_cmake.build:Building ROS package in '/home/bgb_6342/manipulator_ws/src/moveit_config' with build type 'ament_cmake'
[3.960s] INFO:colcon.colcon_cmake.task.cmake.build:Building CMake package in '/home/bgb_6342/manipulator_ws/src/moveit_config'
[3.960s] INFO:colcon.colcon_core.shell:Skip shell extension 'powershell' for command environment: Not usable outside of PowerShell
[3.961s] DEBUG:colcon.colcon_core.shell:Skip shell extension 'dsv' for command environment
[4.020s] Level 1:colcon.colcon_core.shell:create_environment_hook('manipulator_test_manager', 'pythonpath_develop')
[4.021s] INFO:colcon.colcon_core.shell:Creating environment hook '/home/bgb_6342/manipulator_ws/build/manipulator_test_manager/share/manipulator_test_manager/hook/pythonpath_develop.ps1'
[4.021s] DEBUG:colcon.colcon_core.event_handler.log_command:Invoked command in '/home/bgb_6342/manipulator_ws/build/manipulator_test_manager' returned '0': PYTHONPATH=/home/bgb_6342/manipulator_ws/build/manipulator_test_manager/prefix_override:/usr/lib/python3/dist-packages/colcon_core/task/python/colcon_distutils_commands:/home/bgb_6342/manipulator_ws/install/manipulator_test_manager/lib/python3.10/site-packages:${PYTHONPATH} /usr/bin/python3 -W ignore:setup.py install is deprecated -W ignore:easy_install command is deprecated setup.py develop --editable --build-directory /home/bgb_6342/manipulator_ws/build/manipulator_test_manager/build --no-deps symlink_data
[4.022s] INFO:colcon.colcon_core.shell:Creating environment descriptor '/home/bgb_6342/manipulator_ws/build/manipulator_test_manager/share/manipulator_test_manager/hook/pythonpath_develop.dsv'
[4.023s] INFO:colcon.colcon_core.shell:Creating environment hook '/home/bgb_6342/manipulator_ws/build/manipulator_test_manager/share/manipulator_test_manager/hook/pythonpath_develop.sh'
[4.026s] Level 1:colcon.colcon_core.environment:checking '/home/bgb_6342/manipulator_ws/install/manipulator_test_manager' for CMake module files
[4.029s] Level 1:colcon.colcon_core.environment:checking '/home/bgb_6342/manipulator_ws/install/manipulator_test_manager' for CMake config files
[4.030s] Level 1:colcon.colcon_core.environment:checking '/home/bgb_6342/manipulator_ws/install/manipulator_test_manager/lib'
[4.030s] Level 1:colcon.colcon_core.environment:checking '/home/bgb_6342/manipulator_ws/install/manipulator_test_manager/bin'
[4.030s] Level 1:colcon.colcon_core.environment:checking '/home/bgb_6342/manipulator_ws/install/manipulator_test_manager/lib/pkgconfig/manipulator_test_manager.pc'
[4.030s] Level 1:colcon.colcon_core.environment:checking '/home/bgb_6342/manipulator_ws/install/manipulator_test_manager/lib/python3.10/site-packages'
[4.030s] Level 1:colcon.colcon_core.shell:create_environment_hook('manipulator_test_manager', 'pythonpath')
[4.031s] INFO:colcon.colcon_core.shell:Creating environment hook '/home/bgb_6342/manipulator_ws/install/manipulator_test_manager/share/manipulator_test_manager/hook/pythonpath.ps1'
[4.031s] INFO:colcon.colcon_core.shell:Creating environment descriptor '/home/bgb_6342/manipulator_ws/install/manipulator_test_manager/share/manipulator_test_manager/hook/pythonpath.dsv'
[4.033s] INFO:colcon.colcon_core.shell:Creating environment hook '/home/bgb_6342/manipulator_ws/install/manipulator_test_manager/share/manipulator_test_manager/hook/pythonpath.sh'
[4.035s] Level 1:colcon.colcon_core.environment:checking '/home/bgb_6342/manipulator_ws/install/manipulator_test_manager/bin'
[4.035s] Level 1:colcon.colcon_core.environment:create_environment_scripts_only(manipulator_test_manager)
[4.036s] INFO:colcon.colcon_core.shell:Creating package script '/home/bgb_6342/manipulator_ws/install/manipulator_test_manager/share/manipulator_test_manager/package.ps1'
[4.037s] INFO:colcon.colcon_core.shell:Creating package descriptor '/home/bgb_6342/manipulator_ws/install/manipulator_test_manager/share/manipulator_test_manager/package.dsv'
[4.037s] INFO:colcon.colcon_core.shell:Creating package script '/home/bgb_6342/manipulator_ws/install/manipulator_test_manager/share/manipulator_test_manager/package.sh'
[4.038s] INFO:colcon.colcon_core.shell:Creating package script '/home/bgb_6342/manipulator_ws/install/manipulator_test_manager/share/manipulator_test_manager/package.bash'
[4.039s] INFO:colcon.colcon_core.shell:Creating package script '/home/bgb_6342/manipulator_ws/install/manipulator_test_manager/share/manipulator_test_manager/package.zsh'
[4.040s] Level 1:colcon.colcon_core.environment:create_file_with_runtime_dependencies(/home/bgb_6342/manipulator_ws/install/manipulator_test_manager/share/colcon-core/packages/manipulator_test_manager)
[4.098s] Level 1:colcon.colcon_core.shell:create_environment_hook('mimic_controller', 'pythonpath_develop')
[4.101s] INFO:colcon.colcon_core.shell:Creating environment hook '/home/bgb_6342/manipulator_ws/build/mimic_controller/share/mimic_controller/hook/pythonpath_develop.ps1'
[4.101s] INFO:colcon.colcon_core.shell:Creating environment descriptor '/home/bgb_6342/manipulator_ws/build/mimic_controller/share/mimic_controller/hook/pythonpath_develop.dsv'
[4.099s] DEBUG:colcon.colcon_core.event_handler.log_command:Invoked command in '/home/bgb_6342/manipulator_ws/build/mimic_controller' returned '0': PYTHONPATH=/home/bgb_6342/manipulator_ws/build/mimic_controller/prefix_override:/usr/lib/python3/dist-packages/colcon_core/task/python/colcon_distutils_commands:/home/bgb_6342/manipulator_ws/install/mimic_controller/lib/python3.10/site-packages:${PYTHONPATH} /usr/bin/python3 -W ignore:setup.py install is deprecated -W ignore:easy_install command is deprecated setup.py develop --editable --build-directory /home/bgb_6342/manipulator_ws/build/mimic_controller/build --no-deps symlink_data
[4.102s] INFO:colcon.colcon_core.shell:Creating environment hook '/home/bgb_6342/manipulator_ws/build/mimic_controller/share/mimic_controller/hook/pythonpath_develop.sh'
[4.107s] Level 1:colcon.colcon_core.environment:checking '/home/bgb_6342/manipulator_ws/install/mimic_controller' for CMake module files
[4.107s] Level 1:colcon.colcon_core.environment:checking '/home/bgb_6342/manipulator_ws/install/mimic_controller' for CMake config files
[4.108s] Level 1:colcon.colcon_core.environment:checking '/home/bgb_6342/manipulator_ws/install/mimic_controller/lib'
[4.109s] Level 1:colcon.colcon_core.environment:checking '/home/bgb_6342/manipulator_ws/install/mimic_controller/bin'
[4.109s] Level 1:colcon.colcon_core.environment:checking '/home/bgb_6342/manipulator_ws/install/mimic_controller/lib/pkgconfig/mimic_controller.pc'
[4.109s] Level 1:colcon.colcon_core.environment:checking '/home/bgb_6342/manipulator_ws/install/mimic_controller/lib/python3.10/site-packages'
[4.109s] Level 1:colcon.colcon_core.shell:create_environment_hook('mimic_controller', 'pythonpath')
[4.109s] INFO:colcon.colcon_core.shell:Creating environment hook '/home/bgb_6342/manipulator_ws/install/mimic_controller/share/mimic_controller/hook/pythonpath.ps1'
[4.110s] INFO:colcon.colcon_core.shell:Creating environment descriptor '/home/bgb_6342/manipulator_ws/install/mimic_controller/share/mimic_controller/hook/pythonpath.dsv'
[4.111s] INFO:colcon.colcon_core.shell:Creating environment hook '/home/bgb_6342/manipulator_ws/install/mimic_controller/share/mimic_controller/hook/pythonpath.sh'
[4.112s] Level 1:colcon.colcon_core.environment:checking '/home/bgb_6342/manipulator_ws/install/mimic_controller/bin'
[4.112s] Level 1:colcon.colcon_core.environment:create_environment_scripts_only(mimic_controller)
[4.112s] INFO:colcon.colcon_core.shell:Creating package script '/home/bgb_6342/manipulator_ws/install/mimic_controller/share/mimic_controller/package.ps1'
[4.115s] INFO:colcon.colcon_core.shell:Creating package descriptor '/home/bgb_6342/manipulator_ws/install/mimic_controller/share/mimic_controller/package.dsv'
[4.116s] INFO:colcon.colcon_core.shell:Creating package script '/home/bgb_6342/manipulator_ws/install/mimic_controller/share/mimic_controller/package.sh'
[4.117s] INFO:colcon.colcon_core.shell:Creating package script '/home/bgb_6342/manipulator_ws/install/mimic_controller/share/mimic_controller/package.bash'
[4.118s] INFO:colcon.colcon_core.shell:Creating package script '/home/bgb_6342/manipulator_ws/install/mimic_controller/share/mimic_controller/package.zsh'
[4.119s] Level 1:colcon.colcon_core.environment:create_file_with_runtime_dependencies(/home/bgb_6342/manipulator_ws/install/mimic_controller/share/colcon-core/packages/mimic_controller)
[4.156s] DEBUG:colcon.colcon_core.event_handler.log_command:Invoking command in '/home/bgb_6342/manipulator_ws/build/moveit_config': CMAKE_PREFIX_PATH=/home/bgb_6342/manipulator_ws/install/manipulator:/home/bgb_6342/manipulator_ws/install/moveit_config:/home/bgb_6342/manipulator_ws/install/stm32_interface_pkg:/home/bgb_6342/manipulator_ws/install/mimic_controller:/home/bgb_6342/manipulator_ws/install/manipulator_test_manager:/home/bgb_6342/manipulator_ws/install/manipulator_hardware:/opt/ros/humble /usr/bin/cmake --build /home/bgb_6342/manipulator_ws/build/moveit_config -- -j4 -l4
[4.219s] DEBUG:colcon.colcon_core.event_handler.log_command:Invoked command in '/home/bgb_6342/manipulator_ws/build/moveit_config' returned '0': CMAKE_PREFIX_PATH=/home/bgb_6342/manipulator_ws/install/manipulator:/home/bgb_6342/manipulator_ws/install/moveit_config:/home/bgb_6342/manipulator_ws/install/stm32_interface_pkg:/home/bgb_6342/manipulator_ws/install/mimic_controller:/home/bgb_6342/manipulator_ws/install/manipulator_test_manager:/home/bgb_6342/manipulator_ws/install/manipulator_hardware:/opt/ros/humble /usr/bin/cmake --build /home/bgb_6342/manipulator_ws/build/moveit_config -- -j4 -l4
[4.221s] DEBUG:colcon.colcon_core.event_handler.log_command:Invoking command in '/home/bgb_6342/manipulator_ws/build/moveit_config': CMAKE_PREFIX_PATH=/home/bgb_6342/manipulator_ws/install/manipulator:/home/bgb_6342/manipulator_ws/install/moveit_config:/home/bgb_6342/manipulator_ws/install/stm32_interface_pkg:/home/bgb_6342/manipulator_ws/install/mimic_controller:/home/bgb_6342/manipulator_ws/install/manipulator_test_manager:/home/bgb_6342/manipulator_ws/install/manipulator_hardware:/opt/ros/humble /usr/bin/cmake --install /home/bgb_6342/manipulator_ws/build/moveit_config
[4.263s] Level 1:colcon.colcon_core.environment:create_environment_scripts_only(moveit_config)
[4.264s] DEBUG:colcon.colcon_core.event_handler.log_command:Invoked command in '/home/bgb_6342/manipulator_ws/build/moveit_config' returned '0': CMAKE_PREFIX_PATH=/home/bgb_6342/manipulator_ws/install/manipulator:/home/bgb_6342/manipulator_ws/install/moveit_config:/home/bgb_6342/manipulator_ws/install/stm32_interface_pkg:/home/bgb_6342/manipulator_ws/install/mimic_controller:/home/bgb_6342/manipulator_ws/install/manipulator_test_manager:/home/bgb_6342/manipulator_ws/install/manipulator_hardware:/opt/ros/humble /usr/bin/cmake --install /home/bgb_6342/manipulator_ws/build/moveit_config
[4.265s] Level 1:colcon.colcon_core.environment:checking '/home/bgb_6342/manipulator_ws/install/moveit_config' for CMake module files
[4.266s] Level 1:colcon.colcon_core.environment:checking '/home/bgb_6342/manipulator_ws/install/moveit_config' for CMake config files
[4.266s] Level 1:colcon.colcon_core.shell:create_environment_hook('moveit_config', 'cmake_prefix_path')
[4.266s] INFO:colcon.colcon_core.shell:Creating environment hook '/home/bgb_6342/manipulator_ws/install/moveit_config/share/moveit_config/hook/cmake_prefix_path.ps1'
[4.267s] INFO:colcon.colcon_core.shell:Creating environment descriptor '/home/bgb_6342/manipulator_ws/install/moveit_config/share/moveit_config/hook/cmake_prefix_path.dsv'
[4.268s] INFO:colcon.colcon_core.shell:Creating environment hook '/home/bgb_6342/manipulator_ws/install/moveit_config/share/moveit_config/hook/cmake_prefix_path.sh'
[4.268s] Level 1:colcon.colcon_core.environment:checking '/home/bgb_6342/manipulator_ws/install/moveit_config/bin'
[4.269s] Level 1:colcon.colcon_core.environment:checking '/home/bgb_6342/manipulator_ws/install/moveit_config/lib/pkgconfig/moveit_config.pc'
[4.269s] Level 1:colcon.colcon_core.environment:checking '/home/bgb_6342/manipulator_ws/install/moveit_config/lib/python3.10/site-packages'
[4.269s] Level 1:colcon.colcon_core.environment:checking '/home/bgb_6342/manipulator_ws/install/moveit_config/bin'
[4.270s] INFO:colcon.colcon_core.shell:Creating package script '/home/bgb_6342/manipulator_ws/install/moveit_config/share/moveit_config/package.ps1'
[4.270s] INFO:colcon.colcon_core.shell:Creating package descriptor '/home/bgb_6342/manipulator_ws/install/moveit_config/share/moveit_config/package.dsv'
[4.271s] INFO:colcon.colcon_core.shell:Creating package script '/home/bgb_6342/manipulator_ws/install/moveit_config/share/moveit_config/package.sh'
[4.272s] INFO:colcon.colcon_core.shell:Creating package script '/home/bgb_6342/manipulator_ws/install/moveit_config/share/moveit_config/package.bash'
[4.272s] INFO:colcon.colcon_core.shell:Creating package script '/home/bgb_6342/manipulator_ws/install/moveit_config/share/moveit_config/package.zsh'
[4.273s] Level 1:colcon.colcon_core.environment:create_file_with_runtime_dependencies(/home/bgb_6342/manipulator_ws/install/moveit_config/share/colcon-core/packages/moveit_config)
[4.274s] Level 1:colcon.colcon_core.environment:create_environment_scripts_only(moveit_config)
[4.274s] Level 1:colcon.colcon_core.environment:checking '/home/bgb_6342/manipulator_ws/install/moveit_config' for CMake module files
[4.276s] Level 1:colcon.colcon_core.environment:checking '/home/bgb_6342/manipulator_ws/install/moveit_config' for CMake config files
[4.277s] Level 1:colcon.colcon_core.shell:create_environment_hook('moveit_config', 'cmake_prefix_path')
[4.277s] INFO:colcon.colcon_core.shell:Creating environment hook '/home/bgb_6342/manipulator_ws/install/moveit_config/share/moveit_config/hook/cmake_prefix_path.ps1'
[4.278s] INFO:colcon.colcon_core.shell:Creating environment descriptor '/home/bgb_6342/manipulator_ws/install/moveit_config/share/moveit_config/hook/cmake_prefix_path.dsv'
[4.278s] INFO:colcon.colcon_core.shell:Creating environment hook '/home/bgb_6342/manipulator_ws/install/moveit_config/share/moveit_config/hook/cmake_prefix_path.sh'
[4.279s] Level 1:colcon.colcon_core.environment:checking '/home/bgb_6342/manipulator_ws/install/moveit_config/bin'
[4.279s] Level 1:colcon.colcon_core.environment:checking '/home/bgb_6342/manipulator_ws/install/moveit_config/lib/pkgconfig/moveit_config.pc'
[4.280s] Level 1:colcon.colcon_core.environment:checking '/home/bgb_6342/manipulator_ws/install/moveit_config/lib/python3.10/site-packages'
[4.280s] Level 1:colcon.colcon_core.environment:checking '/home/bgb_6342/manipulator_ws/install/moveit_config/bin'
[4.280s] INFO:colcon.colcon_core.shell:Creating package script '/home/bgb_6342/manipulator_ws/install/moveit_config/share/moveit_config/package.ps1'
[4.281s] INFO:colcon.colcon_core.shell:Creating package descriptor '/home/bgb_6342/manipulator_ws/install/moveit_config/share/moveit_config/package.dsv'
[4.282s] INFO:colcon.colcon_core.shell:Creating package script '/home/bgb_6342/manipulator_ws/install/moveit_config/share/moveit_config/package.sh'
[4.282s] INFO:colcon.colcon_core.shell:Creating package script '/home/bgb_6342/manipulator_ws/install/moveit_config/share/moveit_config/package.bash'
[4.283s] INFO:colcon.colcon_core.shell:Creating package script '/home/bgb_6342/manipulator_ws/install/moveit_config/share/moveit_config/package.zsh'
[4.284s] Level 1:colcon.colcon_core.environment:create_file_with_runtime_dependencies(/home/bgb_6342/manipulator_ws/install/moveit_config/share/colcon-core/packages/moveit_config)
[4.493s] Level 1:colcon.colcon_core.shell:create_environment_hook('stm32_interface_pkg', 'pythonpath_develop')
[4.493s] INFO:colcon.colcon_core.shell:Creating environment hook '/home/bgb_6342/manipulator_ws/build/stm32_interface_pkg/share/stm32_interface_pkg/hook/pythonpath_develop.ps1'
[4.494s] DEBUG:colcon.colcon_core.event_handler.log_command:Invoked command in '/home/bgb_6342/manipulator_ws/build/stm32_interface_pkg' returned '0': PYTHONPATH=/home/bgb_6342/manipulator_ws/build/stm32_interface_pkg/prefix_override:/usr/lib/python3/dist-packages/colcon_core/task/python/colcon_distutils_commands:/home/bgb_6342/manipulator_ws/install/stm32_interface_pkg/lib/python3.10/site-packages:${PYTHONPATH} /usr/bin/python3 -W ignore:setup.py install is deprecated -W ignore:easy_install command is deprecated setup.py develop --editable --build-directory /home/bgb_6342/manipulator_ws/build/stm32_interface_pkg/build --no-deps symlink_data
[4.494s] INFO:colcon.colcon_core.shell:Creating environment descriptor '/home/bgb_6342/manipulator_ws/build/stm32_interface_pkg/share/stm32_interface_pkg/hook/pythonpath_develop.dsv'
[4.495s] INFO:colcon.colcon_core.shell:Creating environment hook '/home/bgb_6342/manipulator_ws/build/stm32_interface_pkg/share/stm32_interface_pkg/hook/pythonpath_develop.sh'
[4.496s] Level 1:colcon.colcon_core.environment:checking '/home/bgb_6342/manipulator_ws/install/stm32_interface_pkg' for CMake module files
[4.496s] Level 1:colcon.colcon_core.environment:checking '/home/bgb_6342/manipulator_ws/install/stm32_interface_pkg' for CMake config files
[4.497s] Level 1:colcon.colcon_core.environment:checking '/home/bgb_6342/manipulator_ws/install/stm32_interface_pkg/lib'
[4.497s] Level 1:colcon.colcon_core.environment:checking '/home/bgb_6342/manipulator_ws/install/stm32_interface_pkg/bin'
[4.497s] Level 1:colcon.colcon_core.environment:checking '/home/bgb_6342/manipulator_ws/install/stm32_interface_pkg/lib/pkgconfig/stm32_interface_pkg.pc'
[4.498s] Level 1:colcon.colcon_core.environment:checking '/home/bgb_6342/manipulator_ws/install/stm32_interface_pkg/lib/python3.10/site-packages'
[4.498s] Level 1:colcon.colcon_core.shell:create_environment_hook('stm32_interface_pkg', 'pythonpath')
[4.498s] INFO:colcon.colcon_core.shell:Creating environment hook '/home/bgb_6342/manipulator_ws/install/stm32_interface_pkg/share/stm32_interface_pkg/hook/pythonpath.ps1'
[4.499s] INFO:colcon.colcon_core.shell:Creating environment descriptor '/home/bgb_6342/manipulator_ws/install/stm32_interface_pkg/share/stm32_interface_pkg/hook/pythonpath.dsv'
[4.499s] INFO:colcon.colcon_core.shell:Creating environment hook '/home/bgb_6342/manipulator_ws/install/stm32_interface_pkg/share/stm32_interface_pkg/hook/pythonpath.sh'
[4.500s] Level 1:colcon.colcon_core.environment:checking '/home/bgb_6342/manipulator_ws/install/stm32_interface_pkg/bin'
[4.500s] Level 1:colcon.colcon_core.environment:create_environment_scripts_only(stm32_interface_pkg)
[4.501s] INFO:colcon.colcon_core.shell:Creating package script '/home/bgb_6342/manipulator_ws/install/stm32_interface_pkg/share/stm32_interface_pkg/package.ps1'
[4.501s] INFO:colcon.colcon_core.shell:Creating package descriptor '/home/bgb_6342/manipulator_ws/install/stm32_interface_pkg/share/stm32_interface_pkg/package.dsv'
[4.502s] INFO:colcon.colcon_core.shell:Creating package script '/home/bgb_6342/manipulator_ws/install/stm32_interface_pkg/share/stm32_interface_pkg/package.sh'
[4.503s] INFO:colcon.colcon_core.shell:Creating package script '/home/bgb_6342/manipulator_ws/install/stm32_interface_pkg/share/stm32_interface_pkg/package.bash'
[4.504s] INFO:colcon.colcon_core.shell:Creating package script '/home/bgb_6342/manipulator_ws/install/stm32_interface_pkg/share/stm32_interface_pkg/package.zsh'
[4.504s] Level 1:colcon.colcon_core.environment:create_file_with_runtime_dependencies(/home/bgb_6342/manipulator_ws/install/stm32_interface_pkg/share/colcon-core/packages/stm32_interface_pkg)
[4.506s] DEBUG:colcon.colcon_parallel_executor.executor.parallel:closing loop
[4.506s] DEBUG:colcon.colcon_parallel_executor.executor.parallel:loop closed
[4.506s] DEBUG:colcon.colcon_parallel_executor.executor.parallel:run_until_complete finished with '0'
[4.506s] DEBUG:colcon.colcon_core.event_reactor:joining thread
[4.551s] INFO:colcon.colcon_core.plugin_system:Skipping extension 'colcon_notification.desktop_notification.notify_send': Could not find 'notify-send'
[4.551s] INFO:colcon.colcon_core.plugin_system:Skipping extension 'colcon_notification.desktop_notification.terminal_notifier': Not used on non-Darwin systems
[4.551s] INFO:colcon.colcon_core.plugin_system:Skipping extension 'colcon_notification.desktop_notification.win32': Not used on non-Windows systems
[4.551s] INFO:colcon.colcon_notification.desktop_notification:Sending desktop notification using 'notify2'
[4.553s] DEBUG:colcon.colcon_notification.desktop_notification.notify2:Failed to initialize notify2: org.freedesktop.DBus.Error.ServiceUnknown: The name org.freedesktop.Notifications was not provided by any .service files
[4.553s] DEBUG:colcon.colcon_core.event_reactor:joined thread
[4.553s] INFO:colcon.colcon_core.shell:Creating prefix script '/home/bgb_6342/manipulator_ws/install/local_setup.ps1'
[4.555s] INFO:colcon.colcon_core.shell:Creating prefix util module '/home/bgb_6342/manipulator_ws/install/_local_setup_util_ps1.py'
[4.556s] INFO:colcon.colcon_core.shell:Creating prefix chain script '/home/bgb_6342/manipulator_ws/install/setup.ps1'
[4.558s] INFO:colcon.colcon_core.shell:Creating prefix script '/home/bgb_6342/manipulator_ws/install/local_setup.sh'
[4.559s] INFO:colcon.colcon_core.shell:Creating prefix util module '/home/bgb_6342/manipulator_ws/install/_local_setup_util_sh.py'
[4.559s] INFO:colcon.colcon_core.shell:Creating prefix chain script '/home/bgb_6342/manipulator_ws/install/setup.sh'
[4.561s] INFO:colcon.colcon_core.shell:Creating prefix script '/home/bgb_6342/manipulator_ws/install/local_setup.bash'
[4.562s] INFO:colcon.colcon_core.shell:Creating prefix chain script '/home/bgb_6342/manipulator_ws/install/setup.bash'
[4.563s] INFO:colcon.colcon_core.shell:Creating prefix script '/home/bgb_6342/manipulator_ws/install/local_setup.zsh'
[4.564s] INFO:colcon.colcon_core.shell:Creating prefix chain script '/home/bgb_6342/manipulator_ws/install/setup.zsh'
