[1.209s] Invoking command in '/home/bgb_6342/manipulator_ws/build/stm32_interface_pkg': PYTHONPATH=/home/bgb_6342/manipulator_ws/build/stm32_interface_pkg/prefix_override:/usr/lib/python3/dist-packages/colcon_core/task/python/colcon_distutils_commands:/home/bgb_6342/manipulator_ws/install/stm32_interface_pkg/lib/python3.10/site-packages:${PYTHONPATH} /usr/bin/python3 -W ignore:setup.py install is deprecated -W ignore:easy_install command is deprecated setup.py develop --uninstall --editable --build-directory /home/bgb_6342/manipulator_ws/build/stm32_interface_pkg/build
[1.749s] running develop
[2.073s] Removing /home/bgb_6342/manipulator_ws/install/stm32_interface_pkg/lib/python3.10/site-packages/stm32-interface-pkg.egg-link (link to .)
[2.136s] Invoked command in '/home/bgb_6342/manipulator_ws/build/stm32_interface_pkg' returned '0': PYTHONPATH=/home/bgb_6342/manipulator_ws/build/stm32_interface_pkg/prefix_override:/usr/lib/python3/dist-packages/colcon_core/task/python/colcon_distutils_commands:/home/bgb_6342/manipulator_ws/install/stm32_interface_pkg/lib/python3.10/site-packages:${PYTHONPATH} /usr/bin/python3 -W ignore:setup.py install is deprecated -W ignore:easy_install command is deprecated setup.py develop --uninstall --editable --build-directory /home/bgb_6342/manipulator_ws/build/stm32_interface_pkg/build
[2.142s] Invoking command in '/home/bgb_6342/manipulator_ws/src/stm32_interface_pkg': PYTHONPATH=/home/bgb_6342/manipulator_ws/build/stm32_interface_pkg/prefix_override:/usr/lib/python3/dist-packages/colcon_core/task/python/colcon_distutils_commands:/home/bgb_6342/manipulator_ws/install/stm32_interface_pkg/lib/python3.10/site-packages:${PYTHONPATH} /usr/bin/python3 -W ignore:setup.py install is deprecated -W ignore:easy_install command is deprecated setup.py egg_info --egg-base ../../build/stm32_interface_pkg build --build-base /home/bgb_6342/manipulator_ws/build/stm32_interface_pkg/build install --record /home/bgb_6342/manipulator_ws/build/stm32_interface_pkg/install.log --single-version-externally-managed install_data --force
[2.565s] running egg_info
[2.566s] writing ../../build/stm32_interface_pkg/stm32_interface_pkg.egg-info/PKG-INFO
[2.567s] writing dependency_links to ../../build/stm32_interface_pkg/stm32_interface_pkg.egg-info/dependency_links.txt
[2.567s] writing entry points to ../../build/stm32_interface_pkg/stm32_interface_pkg.egg-info/entry_points.txt
[2.568s] writing requirements to ../../build/stm32_interface_pkg/stm32_interface_pkg.egg-info/requires.txt
[2.568s] writing top-level names to ../../build/stm32_interface_pkg/stm32_interface_pkg.egg-info/top_level.txt
[2.570s] reading manifest file '../../build/stm32_interface_pkg/stm32_interface_pkg.egg-info/SOURCES.txt'
[2.572s] writing manifest file '../../build/stm32_interface_pkg/stm32_interface_pkg.egg-info/SOURCES.txt'
[2.572s] running build
[2.572s] running build_py
[2.572s] copying stm32_interface_pkg/stm32_uart_node.py -> /home/bgb_6342/manipulator_ws/build/stm32_interface_pkg/build/lib/stm32_interface_pkg
[2.573s] running install
[2.574s] running install_lib
[2.575s] creating /home/bgb_6342/manipulator_ws/install/stm32_interface_pkg/lib/python3.10/site-packages/stm32_interface_pkg
[2.576s] copying /home/bgb_6342/manipulator_ws/build/stm32_interface_pkg/build/lib/stm32_interface_pkg/__init__.py -> /home/bgb_6342/manipulator_ws/install/stm32_interface_pkg/lib/python3.10/site-packages/stm32_interface_pkg
[2.576s] copying /home/bgb_6342/manipulator_ws/build/stm32_interface_pkg/build/lib/stm32_interface_pkg/stm32_uart_node.py -> /home/bgb_6342/manipulator_ws/install/stm32_interface_pkg/lib/python3.10/site-packages/stm32_interface_pkg
[2.579s] byte-compiling /home/bgb_6342/manipulator_ws/install/stm32_interface_pkg/lib/python3.10/site-packages/stm32_interface_pkg/__init__.py to __init__.cpython-310.pyc
[2.580s] byte-compiling /home/bgb_6342/manipulator_ws/install/stm32_interface_pkg/lib/python3.10/site-packages/stm32_interface_pkg/stm32_uart_node.py to stm32_uart_node.cpython-310.pyc
[2.582s] running install_data
[2.582s] copying resource/stm32_interface_pkg -> /home/bgb_6342/manipulator_ws/install/stm32_interface_pkg/share/ament_index/resource_index/packages
[2.583s] copying package.xml -> /home/bgb_6342/manipulator_ws/install/stm32_interface_pkg/share/stm32_interface_pkg
[2.585s] copying launch/uart.launch.py -> /home/bgb_6342/manipulator_ws/install/stm32_interface_pkg/share/stm32_interface_pkg/launch
[2.587s] running install_egg_info
[2.589s] Copying ../../build/stm32_interface_pkg/stm32_interface_pkg.egg-info to /home/bgb_6342/manipulator_ws/install/stm32_interface_pkg/lib/python3.10/site-packages/stm32_interface_pkg-0.0.0-py3.10.egg-info
[2.592s] running install_scripts
[2.624s] Installing stm32_uart_node script to /home/bgb_6342/manipulator_ws/install/stm32_interface_pkg/lib/stm32_interface_pkg
[2.625s] writing list of installed files to '/home/bgb_6342/manipulator_ws/build/stm32_interface_pkg/install.log'
[2.659s] Invoked command in '/home/bgb_6342/manipulator_ws/src/stm32_interface_pkg' returned '0': PYTHONPATH=/home/bgb_6342/manipulator_ws/build/stm32_interface_pkg/prefix_override:/usr/lib/python3/dist-packages/colcon_core/task/python/colcon_distutils_commands:/home/bgb_6342/manipulator_ws/install/stm32_interface_pkg/lib/python3.10/site-packages:${PYTHONPATH} /usr/bin/python3 -W ignore:setup.py install is deprecated -W ignore:easy_install command is deprecated setup.py egg_info --egg-base ../../build/stm32_interface_pkg build --build-base /home/bgb_6342/manipulator_ws/build/stm32_interface_pkg/build install --record /home/bgb_6342/manipulator_ws/build/stm32_interface_pkg/install.log --single-version-externally-managed install_data --force
