[0.091s] Invoking command in '/home/bgb_6342/manipulator_ws/build/moveit_config': CMAKE_PREFIX_PATH=/home/bgb_6342/manipulator_ws/install/manipulator:/home/bgb_6342/manipulator_ws/install/moveit_config:/home/bgb_6342/manipulator_ws/install/stm32_interface_pkg:/home/bgb_6342/manipulator_ws/install/mimic_controller:/home/bgb_6342/manipulator_ws/install/manipulator_test_manager:/home/bgb_6342/manipulator_ws/install/manipulator_hardware:/opt/ros/humble /usr/bin/cmake /home/bgb_6342/manipulator_ws/src/moveit_config -DCMAKE_INSTALL_PREFIX=/home/bgb_6342/manipulator_ws/install/moveit_config
[0.115s] -- Found ament_cmake: 1.3.11 (/opt/ros/humble/share/ament_cmake/cmake)
[0.302s] -- Override CMake install command with custom implementation using symlinks instead of copying resources
[0.406s] -- Configuring done
[0.422s] -- Generating done
[0.425s] -- Build files have been written to: /home/bgb_6342/manipulator_ws/build/moveit_config
[0.428s] Invoked command in '/home/bgb_6342/manipulator_ws/build/moveit_config' returned '0': CMAKE_PREFIX_PATH=/home/bgb_6342/manipulator_ws/install/manipulator:/home/bgb_6342/manipulator_ws/install/moveit_config:/home/bgb_6342/manipulator_ws/install/stm32_interface_pkg:/home/bgb_6342/manipulator_ws/install/mimic_controller:/home/bgb_6342/manipulator_ws/install/manipulator_test_manager:/home/bgb_6342/manipulator_ws/install/manipulator_hardware:/opt/ros/humble /usr/bin/cmake /home/bgb_6342/manipulator_ws/src/moveit_config -DCMAKE_INSTALL_PREFIX=/home/bgb_6342/manipulator_ws/install/moveit_config
[0.431s] Invoking command in '/home/bgb_6342/manipulator_ws/build/moveit_config': CMAKE_PREFIX_PATH=/home/bgb_6342/manipulator_ws/install/manipulator:/home/bgb_6342/manipulator_ws/install/moveit_config:/home/bgb_6342/manipulator_ws/install/stm32_interface_pkg:/home/bgb_6342/manipulator_ws/install/mimic_controller:/home/bgb_6342/manipulator_ws/install/manipulator_test_manager:/home/bgb_6342/manipulator_ws/install/manipulator_hardware:/opt/ros/humble /usr/bin/cmake --build /home/bgb_6342/manipulator_ws/build/moveit_config -- -j4 -l4
[0.490s] Invoked command in '/home/bgb_6342/manipulator_ws/build/moveit_config' returned '0': CMAKE_PREFIX_PATH=/home/bgb_6342/manipulator_ws/install/manipulator:/home/bgb_6342/manipulator_ws/install/moveit_config:/home/bgb_6342/manipulator_ws/install/stm32_interface_pkg:/home/bgb_6342/manipulator_ws/install/mimic_controller:/home/bgb_6342/manipulator_ws/install/manipulator_test_manager:/home/bgb_6342/manipulator_ws/install/manipulator_hardware:/opt/ros/humble /usr/bin/cmake --build /home/bgb_6342/manipulator_ws/build/moveit_config -- -j4 -l4
[0.493s] Invoking command in '/home/bgb_6342/manipulator_ws/build/moveit_config': CMAKE_PREFIX_PATH=/home/bgb_6342/manipulator_ws/install/manipulator:/home/bgb_6342/manipulator_ws/install/moveit_config:/home/bgb_6342/manipulator_ws/install/stm32_interface_pkg:/home/bgb_6342/manipulator_ws/install/mimic_controller:/home/bgb_6342/manipulator_ws/install/manipulator_test_manager:/home/bgb_6342/manipulator_ws/install/manipulator_hardware:/opt/ros/humble /usr/bin/cmake --install /home/bgb_6342/manipulator_ws/build/moveit_config
[0.503s] -- Install configuration: ""
[0.503s] -- Execute custom install script
[0.504s] -- Up-to-date symlink: /home/bgb_6342/manipulator_ws/install/moveit_config/share/ament_index/resource_index/package_run_dependencies/moveit_config
[0.504s] -- Up-to-date symlink: /home/bgb_6342/manipulator_ws/install/moveit_config/share/ament_index/resource_index/parent_prefix_path/moveit_config
[0.504s] -- Up-to-date symlink: /home/bgb_6342/manipulator_ws/install/moveit_config/share/moveit_config/environment/ament_prefix_path.sh
[0.504s] -- Up-to-date symlink: /home/bgb_6342/manipulator_ws/install/moveit_config/share/moveit_config/environment/ament_prefix_path.dsv
[0.505s] -- Up-to-date symlink: /home/bgb_6342/manipulator_ws/install/moveit_config/share/moveit_config/environment/path.sh
[0.505s] -- Up-to-date symlink: /home/bgb_6342/manipulator_ws/install/moveit_config/share/moveit_config/environment/path.dsv
[0.505s] -- Up-to-date symlink: /home/bgb_6342/manipulator_ws/install/moveit_config/share/moveit_config/local_setup.bash
[0.505s] -- Up-to-date symlink: /home/bgb_6342/manipulator_ws/install/moveit_config/share/moveit_config/local_setup.sh
[0.505s] -- Up-to-date symlink: /home/bgb_6342/manipulator_ws/install/moveit_config/share/moveit_config/local_setup.zsh
[0.505s] -- Up-to-date symlink: /home/bgb_6342/manipulator_ws/install/moveit_config/share/moveit_config/local_setup.dsv
[0.506s] -- Symlinking: /home/bgb_6342/manipulator_ws/install/moveit_config/share/moveit_config/package.dsv
[0.518s] -- Up-to-date symlink: /home/bgb_6342/manipulator_ws/install/moveit_config/share/ament_index/resource_index/packages/moveit_config
[0.519s] -- Up-to-date symlink: /home/bgb_6342/manipulator_ws/install/moveit_config/share/moveit_config/cmake/moveit_configConfig.cmake
[0.519s] -- Up-to-date symlink: /home/bgb_6342/manipulator_ws/install/moveit_config/share/moveit_config/cmake/moveit_configConfig-version.cmake
[0.519s] -- Up-to-date symlink: /home/bgb_6342/manipulator_ws/install/moveit_config/share/moveit_config/package.xml
[0.520s] -- Up-to-date symlink: /home/bgb_6342/manipulator_ws/install/moveit_config/share/moveit_config/launch/demo.launch.py
[0.520s] -- Up-to-date symlink: /home/bgb_6342/manipulator_ws/install/moveit_config/share/moveit_config/launch/move_group.launch.py
[0.521s] -- Up-to-date symlink: /home/bgb_6342/manipulator_ws/install/moveit_config/share/moveit_config/launch/moveit_rviz.launch.py
[0.521s] -- Up-to-date symlink: /home/bgb_6342/manipulator_ws/install/moveit_config/share/moveit_config/launch/rsp.launch.py
[0.521s] -- Up-to-date symlink: /home/bgb_6342/manipulator_ws/install/moveit_config/share/moveit_config/launch/setup_assistant.launch.py
[0.521s] -- Up-to-date symlink: /home/bgb_6342/manipulator_ws/install/moveit_config/share/moveit_config/launch/spawn_controllers.launch.py
[0.521s] -- Up-to-date symlink: /home/bgb_6342/manipulator_ws/install/moveit_config/share/moveit_config/launch/static_virtual_joint_tfs.launch.py
[0.522s] -- Up-to-date symlink: /home/bgb_6342/manipulator_ws/install/moveit_config/share/moveit_config/launch/warehouse_db.launch.py
[0.522s] -- Up-to-date symlink: /home/bgb_6342/manipulator_ws/install/moveit_config/share/moveit_config/config/five_dof_robot_manipulator.ros2_control.xacro
[0.522s] -- Up-to-date symlink: /home/bgb_6342/manipulator_ws/install/moveit_config/share/moveit_config/config/five_dof_robot_manipulator.srdf
[0.522s] -- Up-to-date symlink: /home/bgb_6342/manipulator_ws/install/moveit_config/share/moveit_config/config/five_dof_robot_manipulator.urdf.xacro
[0.522s] -- Up-to-date symlink: /home/bgb_6342/manipulator_ws/install/moveit_config/share/moveit_config/config/initial_positions.yaml
[0.523s] -- Up-to-date symlink: /home/bgb_6342/manipulator_ws/install/moveit_config/share/moveit_config/config/joint_limits.yaml
[0.523s] -- Up-to-date symlink: /home/bgb_6342/manipulator_ws/install/moveit_config/share/moveit_config/config/kinematics.yaml
[0.523s] -- Up-to-date symlink: /home/bgb_6342/manipulator_ws/install/moveit_config/share/moveit_config/config/moveit.rviz
[0.523s] -- Up-to-date symlink: /home/bgb_6342/manipulator_ws/install/moveit_config/share/moveit_config/config/moveit_controllers.yaml
[0.523s] -- Up-to-date symlink: /home/bgb_6342/manipulator_ws/install/moveit_config/share/moveit_config/config/ompl_planning.yaml
[0.523s] -- Up-to-date symlink: /home/bgb_6342/manipulator_ws/install/moveit_config/share/moveit_config/config/pilz_cartesian_limits.yaml
[0.524s] -- Up-to-date symlink: /home/bgb_6342/manipulator_ws/install/moveit_config/share/moveit_config/config/ros2_controllers.yaml
[0.524s] -- Up-to-date symlink: /home/bgb_6342/manipulator_ws/install/moveit_config/share/moveit_config/.setup_assistant
[0.532s] Invoked command in '/home/bgb_6342/manipulator_ws/build/moveit_config' returned '0': CMAKE_PREFIX_PATH=/home/bgb_6342/manipulator_ws/install/manipulator:/home/bgb_6342/manipulator_ws/install/moveit_config:/home/bgb_6342/manipulator_ws/install/stm32_interface_pkg:/home/bgb_6342/manipulator_ws/install/mimic_controller:/home/bgb_6342/manipulator_ws/install/manipulator_test_manager:/home/bgb_6342/manipulator_ws/install/manipulator_hardware:/opt/ros/humble /usr/bin/cmake --install /home/bgb_6342/manipulator_ws/build/moveit_config
