[2.371s] Invoking command in '/home/bgb_6342/manipulator_ws/src/manipulator_hardware': PYTHONPATH=/home/bgb_6342/manipulator_ws/build/manipulator_hardware/prefix_override:/usr/lib/python3/dist-packages/colcon_core/task/python/colcon_distutils_commands:/home/bgb_6342/manipulator_ws/install/manipulator_hardware/lib/python3.10/site-packages:${PYTHONPATH} /usr/bin/python3 -W ignore:setup.py install is deprecated -W ignore:easy_install command is deprecated setup.py egg_info --egg-base ../../build/manipulator_hardware build --build-base /home/bgb_6342/manipulator_ws/build/manipulator_hardware/build install --record /home/bgb_6342/manipulator_ws/build/manipulator_hardware/install.log --single-version-externally-managed install_data
[2.796s] running egg_info
[2.796s] writing ../../build/manipulator_hardware/manipulator_hardware.egg-info/PKG-INFO
[2.797s] writing dependency_links to ../../build/manipulator_hardware/manipulator_hardware.egg-info/dependency_links.txt
[2.798s] writing entry points to ../../build/manipulator_hardware/manipulator_hardware.egg-info/entry_points.txt
[2.799s] writing requirements to ../../build/manipulator_hardware/manipulator_hardware.egg-info/requires.txt
[2.804s] writing top-level names to ../../build/manipulator_hardware/manipulator_hardware.egg-info/top_level.txt
[2.804s] reading manifest file '../../build/manipulator_hardware/manipulator_hardware.egg-info/SOURCES.txt'
[2.808s] writing manifest file '../../build/manipulator_hardware/manipulator_hardware.egg-info/SOURCES.txt'
[2.809s] running build
[2.810s] running build_py
[2.813s] running install
[2.813s] running install_lib
[2.819s] running install_data
[2.819s] running install_egg_info
[2.828s] removing '/home/bgb_6342/manipulator_ws/install/manipulator_hardware/lib/python3.10/site-packages/manipulator_hardware-0.0.0-py3.10.egg-info' (and everything under it)
[2.828s] Copying ../../build/manipulator_hardware/manipulator_hardware.egg-info to /home/bgb_6342/manipulator_ws/install/manipulator_hardware/lib/python3.10/site-packages/manipulator_hardware-0.0.0-py3.10.egg-info
[2.836s] running install_scripts
[2.869s] Installing serial_bridge script to /home/bgb_6342/manipulator_ws/install/manipulator_hardware/lib/manipulator_hardware
[2.869s] writing list of installed files to '/home/bgb_6342/manipulator_ws/build/manipulator_hardware/install.log'
[2.930s] Invoked command in '/home/bgb_6342/manipulator_ws/src/manipulator_hardware' returned '0': PYTHONPATH=/home/bgb_6342/manipulator_ws/build/manipulator_hardware/prefix_override:/usr/lib/python3/dist-packages/colcon_core/task/python/colcon_distutils_commands:/home/bgb_6342/manipulator_ws/install/manipulator_hardware/lib/python3.10/site-packages:${PYTHONPATH} /usr/bin/python3 -W ignore:setup.py install is deprecated -W ignore:easy_install command is deprecated setup.py egg_info --egg-base ../../build/manipulator_hardware build --build-base /home/bgb_6342/manipulator_ws/build/manipulator_hardware/build install --record /home/bgb_6342/manipulator_ws/build/manipulator_hardware/install.log --single-version-externally-managed install_data
