[1.006s] Invoking command in '/home/bgb_6342/manipulator_ws/build/stm32_interface_pkg': PYTHONPATH=/home/bgb_6342/manipulator_ws/build/stm32_interface_pkg/prefix_override:/usr/lib/python3/dist-packages/colcon_core/task/python/colcon_distutils_commands:/home/bgb_6342/manipulator_ws/install/stm32_interface_pkg/lib/python3.10/site-packages:${PYTHONPATH} /usr/bin/python3 -W ignore:setup.py install is deprecated -W ignore:easy_install command is deprecated setup.py develop --editable --build-directory /home/bgb_6342/manipulator_ws/build/stm32_interface_pkg/build --no-deps symlink_data --force
[1.358s] running develop
[1.577s] running egg_info
[1.577s] writing stm32_interface_pkg.egg-info/PKG-INFO
[1.578s] writing dependency_links to stm32_interface_pkg.egg-info/dependency_links.txt
[1.578s] writing entry points to stm32_interface_pkg.egg-info/entry_points.txt
[1.579s] writing requirements to stm32_interface_pkg.egg-info/requires.txt
[1.580s] writing top-level names to stm32_interface_pkg.egg-info/top_level.txt
[1.583s] reading manifest file 'stm32_interface_pkg.egg-info/SOURCES.txt'
[1.584s] writing manifest file 'stm32_interface_pkg.egg-info/SOURCES.txt'
[1.586s] running build_ext
[1.587s] Creating /home/bgb_6342/manipulator_ws/install/stm32_interface_pkg/lib/python3.10/site-packages/stm32-interface-pkg.egg-link (link to .)
[1.587s] Installing stm32_uart_node script to /home/bgb_6342/manipulator_ws/install/stm32_interface_pkg/lib/stm32_interface_pkg
[1.588s] 
[1.588s] Installed /home/bgb_6342/manipulator_ws/build/stm32_interface_pkg
[1.588s] running symlink_data
[1.588s] symbolically linking /home/bgb_6342/manipulator_ws/build/stm32_interface_pkg/resource/stm32_interface_pkg -> /home/bgb_6342/manipulator_ws/install/stm32_interface_pkg/share/ament_index/resource_index/packages
[1.589s] symbolically linking /home/bgb_6342/manipulator_ws/build/stm32_interface_pkg/package.xml -> /home/bgb_6342/manipulator_ws/install/stm32_interface_pkg/share/stm32_interface_pkg
[1.590s] symbolically linking /home/bgb_6342/manipulator_ws/build/stm32_interface_pkg/launch/uart.launch.py -> /home/bgb_6342/manipulator_ws/install/stm32_interface_pkg/share/stm32_interface_pkg/launch
[1.641s] Invoked command in '/home/bgb_6342/manipulator_ws/build/stm32_interface_pkg' returned '0': PYTHONPATH=/home/bgb_6342/manipulator_ws/build/stm32_interface_pkg/prefix_override:/usr/lib/python3/dist-packages/colcon_core/task/python/colcon_distutils_commands:/home/bgb_6342/manipulator_ws/install/stm32_interface_pkg/lib/python3.10/site-packages:${PYTHONPATH} /usr/bin/python3 -W ignore:setup.py install is deprecated -W ignore:easy_install command is deprecated setup.py develop --editable --build-directory /home/bgb_6342/manipulator_ws/build/stm32_interface_pkg/build --no-deps symlink_data --force
